TpTrace Verbose: 0 : 2256, 1, 2024/07/19, 00:16:44.422, 2706897964821, vstest.console.dll, Version: 17.10.0-release-24203-04 Current process architecture: X64
TpTrace Verbose: 0 : 2256, 1, 2024/07/19, 00:16:44.428, 2706898025085, vstest.console.dll, Runtime location: C:\Program Files\dotnet\shared\Microsoft.NETCore.App\8.0.5
TpTrace Verbose: 0 : 2256, 1, 2024/07/19, 00:16:44.432, 2706898066602, vstest.console.dll, ArtifactProcessingPostProcessModeProcessorExecutor.Initialize: ArtifactProcessingMode.Collect
TpTrace Verbose: 0 : 2256, 1, 2024/07/19, 00:16:44.433, 2706898069241, vstest.console.dll, TestSessionCorrelationIdProcessorModeProcessorExecutor.Initialize: TestSessionCorrelationId '10324_282369b5-fd7e-4c35-8b9b-91a04a4b2643'
TpTrace Information: 0 : 2256, 1, 2024/07/19, 00:16:44.445, 2706898192217, vstest.console.dll, FilePatternParser: The given file C:\Users\PC\source\repos\ExerciseSeleniumWaits\SearchWithExplicitWait\bin\Debug\net6.0\fine-code-coverage\build-output\SearchWithExplicitWait.dll is a full path.
TpTrace Verbose: 0 : 2256, 1, 2024/07/19, 00:16:44.455, 2706898294497, vstest.console.dll, TestPluginCache.DiscoverTestExtensions: finding test extensions in assemblies ends with: RuntimeProvider.dll TPluginInfo: Microsoft.VisualStudio.TestPlatform.Common.ExtensionFramework.Utilities.TestRuntimePluginInformation TExtension: Microsoft.VisualStudio.TestPlatform.ObjectModel.Host.ITestRuntimeProvider
TpTrace Verbose: 0 : 2256, 1, 2024/07/19, 00:16:44.456, 2706898300631, vstest.console.dll, TestPluginCache.GetExtensionPaths: Filtered extension paths: 
TpTrace Verbose: 0 : 2256, 1, 2024/07/19, 00:16:44.456, 2706898302492, vstest.console.dll, TestPluginCache.GetExtensionPaths: Added default extension paths: C:\Program Files\dotnet\sdk\8.0.300\Extensions\Microsoft.Diagnostics.NETCore.Client.dll
C:\Program Files\dotnet\sdk\8.0.300\Extensions\Microsoft.TestPlatform.Extensions.BlameDataCollector.dll
C:\Program Files\dotnet\sdk\8.0.300\Extensions\Microsoft.TestPlatform.Extensions.EventLogCollector.dll
C:\Program Files\dotnet\sdk\8.0.300\Extensions\Microsoft.TestPlatform.TestHostRuntimeProvider.dll
C:\Program Files\dotnet\sdk\8.0.300\Extensions\Microsoft.VisualStudio.TestPlatform.Extensions.Html.TestLogger.dll
C:\Program Files\dotnet\sdk\8.0.300\Extensions\Microsoft.VisualStudio.TestPlatform.Extensions.Trx.TestLogger.dll
TpTrace Verbose: 0 : 2256, 1, 2024/07/19, 00:16:44.456, 2706898303855, vstest.console.dll, TestPluginCache.GetExtensionPaths: Added unfilterableExtensionPaths: 
TpTrace Information: 0 : 2256, 1, 2024/07/19, 00:16:44.457, 2706898316101, vstest.console.dll, AssemblyResolver.ctor: Creating AssemblyResolver with searchDirectories C:\Program Files\dotnet\sdk\8.0.300\Extensions,C:\Program Files\dotnet\sdk\8.0.300
TpTrace Verbose: 0 : 2256, 1, 2024/07/19, 00:16:44.460, 2706898344504, vstest.console.dll, TestPluginCache.DiscoverTestExtensions: Discovering the extensions using extension path.
TpTrace Verbose: 0 : 2256, 1, 2024/07/19, 00:16:44.460, 2706898347594, vstest.console.dll, TestPluginCache.GetExtensionPaths: Filtered extension paths: 
TpTrace Verbose: 0 : 2256, 1, 2024/07/19, 00:16:44.461, 2706898348817, vstest.console.dll, TestPluginCache.GetExtensionPaths: Added default extension paths: C:\Program Files\dotnet\sdk\8.0.300\Extensions\Microsoft.Diagnostics.NETCore.Client.dll
C:\Program Files\dotnet\sdk\8.0.300\Extensions\Microsoft.TestPlatform.Extensions.BlameDataCollector.dll
C:\Program Files\dotnet\sdk\8.0.300\Extensions\Microsoft.TestPlatform.Extensions.EventLogCollector.dll
C:\Program Files\dotnet\sdk\8.0.300\Extensions\Microsoft.TestPlatform.TestHostRuntimeProvider.dll
C:\Program Files\dotnet\sdk\8.0.300\Extensions\Microsoft.VisualStudio.TestPlatform.Extensions.Html.TestLogger.dll
C:\Program Files\dotnet\sdk\8.0.300\Extensions\Microsoft.VisualStudio.TestPlatform.Extensions.Trx.TestLogger.dll
TpTrace Verbose: 0 : 2256, 1, 2024/07/19, 00:16:44.461, 2706898349703, vstest.console.dll, TestPluginCache.GetExtensionPaths: Added unfilterableExtensionPaths: 
TpTrace Verbose: 0 : 2256, 1, 2024/07/19, 00:16:44.461, 2706898351343, vstest.console.dll, TestPluginCache.DiscoverTestExtensions: Discovering the extensions using allExtensionPaths: C:\Program Files\dotnet\sdk\8.0.300\Extensions\Microsoft.Diagnostics.NETCore.Client.dll
C:\Program Files\dotnet\sdk\8.0.300\Extensions\Microsoft.TestPlatform.Extensions.BlameDataCollector.dll
C:\Program Files\dotnet\sdk\8.0.300\Extensions\Microsoft.TestPlatform.Extensions.EventLogCollector.dll
C:\Program Files\dotnet\sdk\8.0.300\Extensions\Microsoft.TestPlatform.TestHostRuntimeProvider.dll
C:\Program Files\dotnet\sdk\8.0.300\Extensions\Microsoft.VisualStudio.TestPlatform.Extensions.Html.TestLogger.dll
C:\Program Files\dotnet\sdk\8.0.300\Extensions\Microsoft.VisualStudio.TestPlatform.Extensions.Trx.TestLogger.dll
TpTrace Information: 0 : 2256, 1, 2024/07/19, 00:16:44.461, 2706898355014, vstest.console.dll, AssemblyResolver.AddSearchDirectories: Adding more searchDirectories C:\Program Files\dotnet\sdk\8.0.300\Extensions,C:\Program Files\dotnet\sdk\8.0.300
TpTrace Information: 0 : 2256, 1, 2024/07/19, 00:16:44.461, 2706898356715, vstest.console.dll, AssemblyResolver.AddSearchDirectories: Adding more searchDirectories C:\Program Files\dotnet\sdk\8.0.300\Extensions,C:\Program Files\dotnet\sdk\8.0.300
TpTrace Information: 0 : 2256, 1, 2024/07/19, 00:16:44.461, 2706898357825, vstest.console.dll, AssemblyResolver.AddSearchDirectories: Adding more searchDirectories C:\Program Files\dotnet\sdk\8.0.300\Extensions,C:\Program Files\dotnet\sdk\8.0.300
TpTrace Information: 0 : 2256, 1, 2024/07/19, 00:16:44.462, 2706898358643, vstest.console.dll, AssemblyResolver.AddSearchDirectories: Adding more searchDirectories C:\Program Files\dotnet\sdk\8.0.300\Extensions,C:\Program Files\dotnet\sdk\8.0.300
TpTrace Information: 0 : 2256, 1, 2024/07/19, 00:16:44.462, 2706898359475, vstest.console.dll, AssemblyResolver.AddSearchDirectories: Adding more searchDirectories C:\Program Files\dotnet\sdk\8.0.300\Extensions,C:\Program Files\dotnet\sdk\8.0.300
TpTrace Information: 0 : 2256, 1, 2024/07/19, 00:16:44.462, 2706898360240, vstest.console.dll, AssemblyResolver.AddSearchDirectories: Adding more searchDirectories C:\Program Files\dotnet\sdk\8.0.300\Extensions,C:\Program Files\dotnet\sdk\8.0.300
TpTrace Information: 0 : 2256, 1, 2024/07/19, 00:16:44.463, 2706898369495, vstest.console.dll, AssemblyResolver.OnResolve: Microsoft.Diagnostics.NETCore.Client: Resolving assembly.
TpTrace Information: 0 : 2256, 1, 2024/07/19, 00:16:44.463, 2706898371115, vstest.console.dll, AssemblyResolver.OnResolve: Microsoft.Diagnostics.NETCore.Client: Searching in: 'C:\Program Files\dotnet\sdk\8.0.300\Extensions'.
TpTrace Information: 0 : 2256, 1, 2024/07/19, 00:16:44.478, 2706898526339, vstest.console.dll, AssemblyResolver.OnResolve: Microsoft.Diagnostics.NETCore.Client: Loading assembly 'C:\Program Files\dotnet\sdk\8.0.300\Extensions\Microsoft.Diagnostics.NETCore.Client.dll'.
TpTrace Information: 0 : 2256, 1, 2024/07/19, 00:16:44.480, 2706898541437, vstest.console.dll, AssemblyResolver.OnResolve: Resolved assembly: Microsoft.Diagnostics.NETCore.Client, from path: C:\Program Files\dotnet\sdk\8.0.300\Extensions\Microsoft.Diagnostics.NETCore.Client.dll
TpTrace Verbose: 0 : 2256, 1, 2024/07/19, 00:16:44.488, 2706898620739, vstest.console.dll, MetadataReaderExtensionsHelper: Discovering extensions inside assembly 'Microsoft.Diagnostics.NETCore.Client, Version=0.2.10.15101, Culture=neutral, PublicKeyToken=31bf3856ad364e35' file path 'C:\Program Files\dotnet\sdk\8.0.300\Extensions\Microsoft.Diagnostics.NETCore.Client.dll'
TpTrace Information: 0 : 2256, 1, 2024/07/19, 00:16:44.500, 2706898738108, vstest.console.dll, AssemblyResolver.OnResolve: Microsoft.Bcl.AsyncInterfaces: Resolving assembly.
TpTrace Information: 0 : 2256, 1, 2024/07/19, 00:16:44.500, 2706898740419, vstest.console.dll, AssemblyResolver.OnResolve: Microsoft.Bcl.AsyncInterfaces: Searching in: 'C:\Program Files\dotnet\sdk\8.0.300\Extensions'.
TpTrace Information: 0 : 2256, 1, 2024/07/19, 00:16:44.500, 2706898742924, vstest.console.dll, AssemblyResolver.OnResolve: Microsoft.Bcl.AsyncInterfaces: Assembly path does not exist: 'C:\Program Files\dotnet\sdk\8.0.300\Extensions\Microsoft.Bcl.AsyncInterfaces.dll', returning.
TpTrace Information: 0 : 2256, 1, 2024/07/19, 00:16:44.500, 2706898745852, vstest.console.dll, AssemblyResolver.OnResolve: Microsoft.Bcl.AsyncInterfaces: Assembly path does not exist: 'C:\Program Files\dotnet\sdk\8.0.300\Extensions\Microsoft.Bcl.AsyncInterfaces.exe', returning.
TpTrace Information: 0 : 2256, 1, 2024/07/19, 00:16:44.500, 2706898746738, vstest.console.dll, AssemblyResolver.OnResolve: Microsoft.Bcl.AsyncInterfaces: Searching in: 'C:\Program Files\dotnet\sdk\8.0.300'.
TpTrace Information: 0 : 2256, 1, 2024/07/19, 00:16:44.501, 2706898748208, vstest.console.dll, AssemblyResolver.OnResolve: Microsoft.Bcl.AsyncInterfaces: Assembly path does not exist: 'C:\Program Files\dotnet\sdk\8.0.300\Microsoft.Bcl.AsyncInterfaces.dll', returning.
TpTrace Information: 0 : 2256, 1, 2024/07/19, 00:16:44.501, 2706898749620, vstest.console.dll, AssemblyResolver.OnResolve: Microsoft.Bcl.AsyncInterfaces: Assembly path does not exist: 'C:\Program Files\dotnet\sdk\8.0.300\Microsoft.Bcl.AsyncInterfaces.exe', returning.
TpTrace Information: 0 : 2256, 1, 2024/07/19, 00:16:44.501, 2706898750304, vstest.console.dll, AssemblyResolver.OnResolve: Microsoft.Bcl.AsyncInterfaces: Failed to load assembly.
TpTrace Verbose: 0 : 2256, 1, 2024/07/19, 00:16:44.501, 2706898751089, vstest.console.dll, CurrentDomainAssemblyResolve: Resolving assembly 'Microsoft.Bcl.AsyncInterfaces'.
TpTrace Information: 0 : 2256, 1, 2024/07/19, 00:16:44.501, 2706898752376, vstest.console.dll, AssemblyResolver.OnResolve: Microsoft.Bcl.AsyncInterfaces: Resolving assembly.
TpTrace Information: 0 : 2256, 1, 2024/07/19, 00:16:44.501, 2706898753241, vstest.console.dll, AssemblyResolver.OnResolve: Microsoft.Bcl.AsyncInterfaces: Resolved from cache.
TpTrace Verbose: 0 : 2256, 1, 2024/07/19, 00:16:44.501, 2706898753887, vstest.console.dll, CurrentDomainAssemblyResolve: Resolving assembly 'Microsoft.Bcl.AsyncInterfaces'.
TpTrace Verbose: 0 : 2256, 1, 2024/07/19, 00:16:44.501, 2706898754652, vstest.console.dll, CurrentDomainAssemblyResolve: Failed to resolve assembly 'Microsoft.Bcl.AsyncInterfaces'.
TpTrace Verbose: 0 : 2256, 1, 2024/07/19, 00:16:44.503, 2706898772238, vstest.console.dll, CurrentDomainAssemblyResolve: Failed to resolve assembly 'Microsoft.Bcl.AsyncInterfaces'.
TpTrace Warning: 0 : 2256, 1, 2024/07/19, 00:16:44.526, 2706899002733, vstest.console.dll, TestPluginDiscoverer: Failed to get types from assembly 'Microsoft.Diagnostics.NETCore.Client, Version=0.2.10.15101, Culture=neutral, PublicKeyToken=31bf3856ad364e35'. Error: System.Reflection.ReflectionTypeLoadException: Unable to load one or more of the requested types.
Could not load file or assembly 'Microsoft.Bcl.AsyncInterfaces, Version=6.0.0.0, Culture=neutral, PublicKeyToken=cc7b13ffcd2ddd51'. The system cannot find the file specified.
   at System.Reflection.RuntimeModule.GetTypes(RuntimeModule module)
   at System.Reflection.RuntimeModule.GetTypes()
   at Microsoft.VisualStudio.TestPlatform.Common.ExtensionFramework.TestPluginDiscoverer.GetTestExtensionsFromAssembly[TPluginInfo,TExtension](Assembly assembly, Dictionary`2 pluginInfos, String filePath) in /_/src/Microsoft.TestPlatform.Common/ExtensionFramework/TestPluginDiscoverer.cs:line 158
System.IO.FileNotFoundException: Could not load file or assembly 'Microsoft.Bcl.AsyncInterfaces, Version=6.0.0.0, Culture=neutral, PublicKeyToken=cc7b13ffcd2ddd51'. The system cannot find the file specified.
File name: 'Microsoft.Bcl.AsyncInterfaces, Version=6.0.0.0, Culture=neutral, PublicKeyToken=cc7b13ffcd2ddd51'
 ---> System.IO.FileNotFoundException: Could not load file or assembly 'Microsoft.Bcl.AsyncInterfaces, Culture=neutral, PublicKeyToken=null'. The system cannot find the file specified.
File name: 'Microsoft.Bcl.AsyncInterfaces, Culture=neutral, PublicKeyToken=null'
   at System.Reflection.RuntimeAssembly.InternalLoad(AssemblyName assemblyName, StackCrawlMark& stackMark, AssemblyLoadContext assemblyLoadContext, RuntimeAssembly requestingAssembly, Boolean throwOnFileNotFound)
   at System.Reflection.Assembly.Load(AssemblyName assemblyRef)
   at Microsoft.VisualStudio.TestPlatform.Common.ExtensionFramework.TestPluginCache.CurrentDomainAssemblyResolve(Object sender, AssemblyResolveEventArgs args) in /_/src/Microsoft.TestPlatform.Common/ExtensionFramework/TestPluginCache.cs:line 513
   at System.Runtime.Loader.AssemblyLoadContext.GetFirstResolvedAssemblyFromResolvingEvent(AssemblyName assemblyName)
   at System.Runtime.Loader.AssemblyLoadContext.ResolveUsingEvent(AssemblyName assemblyName)
   at System.Runtime.Loader.AssemblyLoadContext.ResolveUsingResolvingEvent(IntPtr gchManagedAssemblyLoadContext, AssemblyName assemblyName)
TpTrace Warning: 0 : 2256, 1, 2024/07/19, 00:16:44.527, 2706899009561, vstest.console.dll, LoaderExceptions: System.IO.FileNotFoundException: Could not load file or assembly 'Microsoft.Bcl.AsyncInterfaces, Version=6.0.0.0, Culture=neutral, PublicKeyToken=cc7b13ffcd2ddd51'. The system cannot find the file specified.
File name: 'Microsoft.Bcl.AsyncInterfaces, Version=6.0.0.0, Culture=neutral, PublicKeyToken=cc7b13ffcd2ddd51'
 ---> System.IO.FileNotFoundException: Could not load file or assembly 'Microsoft.Bcl.AsyncInterfaces, Culture=neutral, PublicKeyToken=null'. The system cannot find the file specified.
File name: 'Microsoft.Bcl.AsyncInterfaces, Culture=neutral, PublicKeyToken=null'
   at System.Reflection.RuntimeAssembly.InternalLoad(AssemblyName assemblyName, StackCrawlMark& stackMark, AssemblyLoadContext assemblyLoadContext, RuntimeAssembly requestingAssembly, Boolean throwOnFileNotFound)
   at System.Reflection.Assembly.Load(AssemblyName assemblyRef)
   at Microsoft.VisualStudio.TestPlatform.Common.ExtensionFramework.TestPluginCache.CurrentDomainAssemblyResolve(Object sender, AssemblyResolveEventArgs args) in /_/src/Microsoft.TestPlatform.Common/ExtensionFramework/TestPluginCache.cs:line 513
   at System.Runtime.Loader.AssemblyLoadContext.GetFirstResolvedAssemblyFromResolvingEvent(AssemblyName assemblyName)
   at System.Runtime.Loader.AssemblyLoadContext.ResolveUsingEvent(AssemblyName assemblyName)
   at System.Runtime.Loader.AssemblyLoadContext.ResolveUsingResolvingEvent(IntPtr gchManagedAssemblyLoadContext, AssemblyName assemblyName)
TpTrace Information: 0 : 2256, 1, 2024/07/19, 00:16:44.527, 2706899011905, vstest.console.dll, AssemblyResolver.OnResolve: Microsoft.TestPlatform.Extensions.BlameDataCollector: Resolving assembly.
TpTrace Information: 0 : 2256, 1, 2024/07/19, 00:16:44.527, 2706899012693, vstest.console.dll, AssemblyResolver.OnResolve: Microsoft.TestPlatform.Extensions.BlameDataCollector: Searching in: 'C:\Program Files\dotnet\sdk\8.0.300\Extensions'.
TpTrace Information: 0 : 2256, 1, 2024/07/19, 00:16:44.528, 2706899022196, vstest.console.dll, AssemblyResolver.OnResolve: Microsoft.TestPlatform.Extensions.BlameDataCollector: Loading assembly 'C:\Program Files\dotnet\sdk\8.0.300\Extensions\Microsoft.TestPlatform.Extensions.BlameDataCollector.dll'.
TpTrace Information: 0 : 2256, 1, 2024/07/19, 00:16:44.529, 2706899031306, vstest.console.dll, AssemblyResolver.OnResolve: Resolved assembly: Microsoft.TestPlatform.Extensions.BlameDataCollector, from path: C:\Program Files\dotnet\sdk\8.0.300\Extensions\Microsoft.TestPlatform.Extensions.BlameDataCollector.dll
TpTrace Verbose: 0 : 2256, 1, 2024/07/19, 00:16:44.529, 2706899032905, vstest.console.dll, MetadataReaderExtensionsHelper: Discovering extensions inside assembly 'Microsoft.TestPlatform.Extensions.BlameDataCollector, Version=15.0.0.0, Culture=neutral, PublicKeyToken=b03f5f7f11d50a3a' file path 'C:\Program Files\dotnet\sdk\8.0.300\Extensions\Microsoft.TestPlatform.Extensions.BlameDataCollector.dll'
TpTrace Information: 0 : 2256, 1, 2024/07/19, 00:16:44.531, 2706899057002, vstest.console.dll, AssemblyResolver.OnResolve: Microsoft.TestPlatform.Extensions.EventLogCollector: Resolving assembly.
TpTrace Information: 0 : 2256, 1, 2024/07/19, 00:16:44.532, 2706899058554, vstest.console.dll, AssemblyResolver.OnResolve: Microsoft.TestPlatform.Extensions.EventLogCollector: Searching in: 'C:\Program Files\dotnet\sdk\8.0.300\Extensions'.
TpTrace Information: 0 : 2256, 1, 2024/07/19, 00:16:44.533, 2706899070411, vstest.console.dll, AssemblyResolver.OnResolve: Microsoft.TestPlatform.Extensions.EventLogCollector: Loading assembly 'C:\Program Files\dotnet\sdk\8.0.300\Extensions\Microsoft.TestPlatform.Extensions.EventLogCollector.dll'.
TpTrace Information: 0 : 2256, 1, 2024/07/19, 00:16:44.534, 2706899080987, vstest.console.dll, AssemblyResolver.OnResolve: Resolved assembly: Microsoft.TestPlatform.Extensions.EventLogCollector, from path: C:\Program Files\dotnet\sdk\8.0.300\Extensions\Microsoft.TestPlatform.Extensions.EventLogCollector.dll
TpTrace Verbose: 0 : 2256, 1, 2024/07/19, 00:16:44.534, 2706899082752, vstest.console.dll, MetadataReaderExtensionsHelper: Discovering extensions inside assembly 'Microsoft.TestPlatform.Extensions.EventLogCollector, Version=15.0.0.0, Culture=neutral, PublicKeyToken=b03f5f7f11d50a3a' file path 'C:\Program Files\dotnet\sdk\8.0.300\Extensions\Microsoft.TestPlatform.Extensions.EventLogCollector.dll'
TpTrace Information: 0 : 2256, 1, 2024/07/19, 00:16:44.539, 2706899135201, vstest.console.dll, AssemblyResolver.OnResolve: Microsoft.TestPlatform.TestHostRuntimeProvider: Resolving assembly.
TpTrace Information: 0 : 2256, 1, 2024/07/19, 00:16:44.539, 2706899137613, vstest.console.dll, AssemblyResolver.OnResolve: Microsoft.TestPlatform.TestHostRuntimeProvider: Searching in: 'C:\Program Files\dotnet\sdk\8.0.300\Extensions'.
TpTrace Information: 0 : 2256, 1, 2024/07/19, 00:16:44.541, 2706899149184, vstest.console.dll, AssemblyResolver.OnResolve: Microsoft.TestPlatform.TestHostRuntimeProvider: Loading assembly 'C:\Program Files\dotnet\sdk\8.0.300\Extensions\Microsoft.TestPlatform.TestHostRuntimeProvider.dll'.
TpTrace Information: 0 : 2256, 1, 2024/07/19, 00:16:44.542, 2706899163095, vstest.console.dll, AssemblyResolver.OnResolve: Resolved assembly: Microsoft.TestPlatform.TestHostRuntimeProvider, from path: C:\Program Files\dotnet\sdk\8.0.300\Extensions\Microsoft.TestPlatform.TestHostRuntimeProvider.dll
TpTrace Verbose: 0 : 2256, 1, 2024/07/19, 00:16:44.542, 2706899165377, vstest.console.dll, MetadataReaderExtensionsHelper: Discovering extensions inside assembly 'Microsoft.TestPlatform.TestHostRuntimeProvider, Version=15.0.0.0, Culture=neutral, PublicKeyToken=b03f5f7f11d50a3a' file path 'C:\Program Files\dotnet\sdk\8.0.300\Extensions\Microsoft.TestPlatform.TestHostRuntimeProvider.dll'
TpTrace Information: 0 : 2256, 1, 2024/07/19, 00:16:44.546, 2706899202745, vstest.console.dll, GetTestExtensionFromType: Register extension with identifier data 'HostProvider://DefaultTestHost' and type 'Microsoft.VisualStudio.TestPlatform.CrossPlatEngine.Hosting.DefaultTestHostManager, Microsoft.TestPlatform.TestHostRuntimeProvider, Version=15.0.0.0, Culture=neutral, PublicKeyToken=b03f5f7f11d50a3a' inside file 'C:\Program Files\dotnet\sdk\8.0.300\Extensions\Microsoft.TestPlatform.TestHostRuntimeProvider.dll'
TpTrace Information: 0 : 2256, 1, 2024/07/19, 00:16:44.547, 2706899208479, vstest.console.dll, GetTestExtensionFromType: Register extension with identifier data 'HostProvider://DotnetTestHost' and type 'Microsoft.VisualStudio.TestPlatform.CrossPlatEngine.Hosting.DotnetTestHostManager, Microsoft.TestPlatform.TestHostRuntimeProvider, Version=15.0.0.0, Culture=neutral, PublicKeyToken=b03f5f7f11d50a3a' inside file 'C:\Program Files\dotnet\sdk\8.0.300\Extensions\Microsoft.TestPlatform.TestHostRuntimeProvider.dll'
TpTrace Information: 0 : 2256, 1, 2024/07/19, 00:16:44.547, 2706899210378, vstest.console.dll, AssemblyResolver.OnResolve: Microsoft.VisualStudio.TestPlatform.Extensions.Html.TestLogger: Resolving assembly.
TpTrace Information: 0 : 2256, 1, 2024/07/19, 00:16:44.547, 2706899211313, vstest.console.dll, AssemblyResolver.OnResolve: Microsoft.VisualStudio.TestPlatform.Extensions.Html.TestLogger: Searching in: 'C:\Program Files\dotnet\sdk\8.0.300\Extensions'.
TpTrace Information: 0 : 2256, 1, 2024/07/19, 00:16:44.548, 2706899220897, vstest.console.dll, AssemblyResolver.OnResolve: Microsoft.VisualStudio.TestPlatform.Extensions.Html.TestLogger: Loading assembly 'C:\Program Files\dotnet\sdk\8.0.300\Extensions\Microsoft.VisualStudio.TestPlatform.Extensions.Html.TestLogger.dll'.
TpTrace Information: 0 : 2256, 1, 2024/07/19, 00:16:44.549, 2706899233585, vstest.console.dll, AssemblyResolver.OnResolve: Resolved assembly: Microsoft.VisualStudio.TestPlatform.Extensions.Html.TestLogger, from path: C:\Program Files\dotnet\sdk\8.0.300\Extensions\Microsoft.VisualStudio.TestPlatform.Extensions.Html.TestLogger.dll
TpTrace Verbose: 0 : 2256, 1, 2024/07/19, 00:16:44.549, 2706899236219, vstest.console.dll, MetadataReaderExtensionsHelper: Discovering extensions inside assembly 'Microsoft.VisualStudio.TestPlatform.Extensions.Html.TestLogger, Version=15.0.0.0, Culture=neutral, PublicKeyToken=b03f5f7f11d50a3a' file path 'C:\Program Files\dotnet\sdk\8.0.300\Extensions\Microsoft.VisualStudio.TestPlatform.Extensions.Html.TestLogger.dll'
TpTrace Information: 0 : 2256, 1, 2024/07/19, 00:16:44.552, 2706899260972, vstest.console.dll, AssemblyResolver.OnResolve: Microsoft.VisualStudio.TestPlatform.Extensions.Trx.TestLogger: Resolving assembly.
TpTrace Information: 0 : 2256, 1, 2024/07/19, 00:16:44.552, 2706899262544, vstest.console.dll, AssemblyResolver.OnResolve: Microsoft.VisualStudio.TestPlatform.Extensions.Trx.TestLogger: Searching in: 'C:\Program Files\dotnet\sdk\8.0.300\Extensions'.
TpTrace Information: 0 : 2256, 1, 2024/07/19, 00:16:44.553, 2706899272509, vstest.console.dll, AssemblyResolver.OnResolve: Microsoft.VisualStudio.TestPlatform.Extensions.Trx.TestLogger: Loading assembly 'C:\Program Files\dotnet\sdk\8.0.300\Extensions\Microsoft.VisualStudio.TestPlatform.Extensions.Trx.TestLogger.dll'.
TpTrace Information: 0 : 2256, 1, 2024/07/19, 00:16:44.554, 2706899284035, vstest.console.dll, AssemblyResolver.OnResolve: Resolved assembly: Microsoft.VisualStudio.TestPlatform.Extensions.Trx.TestLogger, from path: C:\Program Files\dotnet\sdk\8.0.300\Extensions\Microsoft.VisualStudio.TestPlatform.Extensions.Trx.TestLogger.dll
TpTrace Verbose: 0 : 2256, 1, 2024/07/19, 00:16:44.554, 2706899286688, vstest.console.dll, MetadataReaderExtensionsHelper: Discovering extensions inside assembly 'Microsoft.VisualStudio.TestPlatform.Extensions.Trx.TestLogger, Version=15.0.0.0, Culture=neutral, PublicKeyToken=b03f5f7f11d50a3a' file path 'C:\Program Files\dotnet\sdk\8.0.300\Extensions\Microsoft.VisualStudio.TestPlatform.Extensions.Trx.TestLogger.dll'
TpTrace Verbose: 0 : 2256, 1, 2024/07/19, 00:16:44.557, 2706899314715, vstest.console.dll, TestPluginCache: Discovered the extensions using extension path ''.
TpTrace Verbose: 0 : 2256, 1, 2024/07/19, 00:16:44.557, 2706899317369, vstest.console.dll, TestPluginCache: Discoverers are ''.
TpTrace Verbose: 0 : 2256, 1, 2024/07/19, 00:16:44.558, 2706899318550, vstest.console.dll, TestPluginCache: Executors are ''.
TpTrace Verbose: 0 : 2256, 1, 2024/07/19, 00:16:44.558, 2706899319620, vstest.console.dll, TestPluginCache: Executors2 are ''.
TpTrace Verbose: 0 : 2256, 1, 2024/07/19, 00:16:44.558, 2706899320613, vstest.console.dll, TestPluginCache: Setting providers are ''.
TpTrace Verbose: 0 : 2256, 1, 2024/07/19, 00:16:44.558, 2706899321593, vstest.console.dll, TestPluginCache: Loggers are ''.
TpTrace Verbose: 0 : 2256, 1, 2024/07/19, 00:16:44.558, 2706899326197, vstest.console.dll, TestPluginCache: TestHosts are 'HostProvider://DefaultTestHost,HostProvider://DotnetTestHost'.
TpTrace Verbose: 0 : 2256, 1, 2024/07/19, 00:16:44.558, 2706899327386, vstest.console.dll, TestPluginCache: DataCollectors are ''.
TpTrace Information: 0 : 2256, 1, 2024/07/19, 00:16:44.588, 2706899618482, vstest.console.dll, RunTestsArgumentProcessor:Execute: Test run is starting.
TpTrace Verbose: 0 : 2256, 1, 2024/07/19, 00:16:44.588, 2706899620433, vstest.console.dll, RunTestsArgumentProcessor:Execute: Queuing Test run.
TpTrace Information: 0 : 2256, 1, 2024/07/19, 00:16:44.588, 2706899626479, vstest.console.dll, TestRequestManager.RunTests: run tests started.
TpTrace Information: 0 : 2256, 1, 2024/07/19, 00:16:44.590, 2706899648083, vstest.console.dll, AssemblyMetadataProvider.GetFrameworkName: Determined framework:'.NETCoreApp,Version=v6.0' for source: 'C:\Users\PC\source\repos\ExerciseSeleniumWaits\SearchWithExplicitWait\bin\Debug\net6.0\fine-code-coverage\build-output\SearchWithExplicitWait.dll'
TpTrace Information: 0 : 2256, 1, 2024/07/19, 00:16:44.591, 2706899651733, vstest.console.dll, Determined framework for all sources: .NETCoreApp,Version=v6.0
TpTrace Verbose: 0 : 2256, 1, 2024/07/19, 00:16:44.592, 2706899658963, vstest.console.dll, TestRequestManager.UpdateRunSettingsIfRequired: Default architecture: X64 IsDefaultTargetArchitecture: True, Current process architecture: X64 OperatingSystem: Windows.
TpTrace Information: 0 : 2256, 1, 2024/07/19, 00:16:44.595, 2706899695390, vstest.console.dll, AssemblyMetadataProvider.GetArchitecture: Determined architecture:AnyCPU info for assembly: C:\Users\PC\source\repos\ExerciseSeleniumWaits\SearchWithExplicitWait\bin\Debug\net6.0\fine-code-coverage\build-output\SearchWithExplicitWait.dll
TpTrace Information: 0 : 2256, 1, 2024/07/19, 00:16:44.595, 2706899697527, vstest.console.dll, Determined platform for source 'C:\Users\PC\source\repos\ExerciseSeleniumWaits\SearchWithExplicitWait\bin\Debug\net6.0\fine-code-coverage\build-output\SearchWithExplicitWait.dll' was AnyCPU and it will use the default plaform X64.
TpTrace Information: 0 : 2256, 1, 2024/07/19, 00:16:44.596, 2706899698610, vstest.console.dll, None of the sources provided any runnable platform, using the default platform: X64
TpTrace Information: 0 : 2256, 1, 2024/07/19, 00:16:44.596, 2706899701078, vstest.console.dll, Platform was updated to 'X64'.
TpTrace Information: 0 : 2256, 1, 2024/07/19, 00:16:44.601, 2706899749879, vstest.console.dll, InferRunSettingsHelper.IsTestSettingsEnabled: Unable to navigate to RunSettings/MSTest. Current node: RunSettings
TpTrace Information: 0 : 2256, 1, 2024/07/19, 00:16:44.602, 2706899763186, vstest.console.dll, AssemblyResolver.OnResolve: Microsoft.VisualStudio.TestPlatform.Fakes: Resolving assembly.
TpTrace Information: 0 : 2256, 1, 2024/07/19, 00:16:44.602, 2706899765024, vstest.console.dll, AssemblyResolver.OnResolve: Microsoft.VisualStudio.TestPlatform.Fakes: Searching in: 'C:\Program Files\dotnet\sdk\8.0.300\Extensions'.
TpTrace Information: 0 : 2256, 1, 2024/07/19, 00:16:44.602, 2706899767386, vstest.console.dll, AssemblyResolver.OnResolve: Microsoft.VisualStudio.TestPlatform.Fakes: Assembly path does not exist: 'C:\Program Files\dotnet\sdk\8.0.300\Extensions\Microsoft.VisualStudio.TestPlatform.Fakes.dll', returning.
TpTrace Information: 0 : 2256, 1, 2024/07/19, 00:16:44.603, 2706899768797, vstest.console.dll, AssemblyResolver.OnResolve: Microsoft.VisualStudio.TestPlatform.Fakes: Assembly path does not exist: 'C:\Program Files\dotnet\sdk\8.0.300\Extensions\Microsoft.VisualStudio.TestPlatform.Fakes.exe', returning.
TpTrace Information: 0 : 2256, 1, 2024/07/19, 00:16:44.603, 2706899769492, vstest.console.dll, AssemblyResolver.OnResolve: Microsoft.VisualStudio.TestPlatform.Fakes: Searching in: 'C:\Program Files\dotnet\sdk\8.0.300'.
TpTrace Information: 0 : 2256, 1, 2024/07/19, 00:16:44.603, 2706899770663, vstest.console.dll, AssemblyResolver.OnResolve: Microsoft.VisualStudio.TestPlatform.Fakes: Assembly path does not exist: 'C:\Program Files\dotnet\sdk\8.0.300\Microsoft.VisualStudio.TestPlatform.Fakes.dll', returning.
TpTrace Information: 0 : 2256, 1, 2024/07/19, 00:16:44.603, 2706899772347, vstest.console.dll, AssemblyResolver.OnResolve: Microsoft.VisualStudio.TestPlatform.Fakes: Assembly path does not exist: 'C:\Program Files\dotnet\sdk\8.0.300\Microsoft.VisualStudio.TestPlatform.Fakes.exe', returning.
TpTrace Information: 0 : 2256, 1, 2024/07/19, 00:16:44.603, 2706899773037, vstest.console.dll, AssemblyResolver.OnResolve: Microsoft.VisualStudio.TestPlatform.Fakes: Failed to load assembly.
TpTrace Information: 0 : 2256, 1, 2024/07/19, 00:16:44.604, 2706899781416, vstest.console.dll, Failed to load assembly Microsoft.VisualStudio.TestPlatform.Fakes, Version=17.0.0.0, Culture=neutral. Reason:System.IO.FileNotFoundException: Could not load file or assembly 'Microsoft.VisualStudio.TestPlatform.Fakes, Version=17.0.0.0, Culture=neutral, PublicKeyToken=null'. The system cannot find the file specified.
File name: 'Microsoft.VisualStudio.TestPlatform.Fakes, Version=17.0.0.0, Culture=neutral, PublicKeyToken=null'
   at System.Reflection.RuntimeAssembly.InternalLoad(AssemblyName assemblyName, StackCrawlMark& stackMark, AssemblyLoadContext assemblyLoadContext, RuntimeAssembly requestingAssembly, Boolean throwOnFileNotFound)
   at System.Reflection.Assembly.Load(AssemblyName assemblyRef)
   at Microsoft.VisualStudio.TestPlatform.Common.Utilities.FakesUtilities.LoadTestPlatformAssembly() in /_/src/Microsoft.TestPlatform.Common/Utilities/FakesUtilities.cs:line 272
TpTrace Verbose: 0 : 2256, 1, 2024/07/19, 00:16:44.612, 2706899865370, vstest.console.dll, TestPluginCache.DiscoverTestExtensions: finding test extensions in assemblies ends with: TestLogger.dll TPluginInfo: Microsoft.VisualStudio.TestPlatform.Common.ExtensionFramework.Utilities.TestLoggerPluginInformation TExtension: Microsoft.VisualStudio.TestPlatform.ObjectModel.Client.ITestLogger
TpTrace Verbose: 0 : 2256, 1, 2024/07/19, 00:16:44.613, 2706899868443, vstest.console.dll, TestPluginCache.GetExtensionPaths: Filtered extension paths: 
TpTrace Verbose: 0 : 2256, 1, 2024/07/19, 00:16:44.613, 2706899869453, vstest.console.dll, TestPluginCache.GetExtensionPaths: Added default extension paths: C:\Program Files\dotnet\sdk\8.0.300\Extensions\Microsoft.Diagnostics.NETCore.Client.dll
C:\Program Files\dotnet\sdk\8.0.300\Extensions\Microsoft.TestPlatform.Extensions.BlameDataCollector.dll
C:\Program Files\dotnet\sdk\8.0.300\Extensions\Microsoft.TestPlatform.Extensions.EventLogCollector.dll
C:\Program Files\dotnet\sdk\8.0.300\Extensions\Microsoft.TestPlatform.TestHostRuntimeProvider.dll
C:\Program Files\dotnet\sdk\8.0.300\Extensions\Microsoft.VisualStudio.TestPlatform.Extensions.Html.TestLogger.dll
C:\Program Files\dotnet\sdk\8.0.300\Extensions\Microsoft.VisualStudio.TestPlatform.Extensions.Trx.TestLogger.dll
TpTrace Verbose: 0 : 2256, 1, 2024/07/19, 00:16:44.613, 2706899870212, vstest.console.dll, TestPluginCache.GetExtensionPaths: Added unfilterableExtensionPaths: 
TpTrace Information: 0 : 2256, 1, 2024/07/19, 00:16:44.615, 2706899889773, vstest.console.dll, AssemblyResolver.AddSearchDirectories: Adding more searchDirectories C:\Program Files\dotnet\sdk\8.0.300\Extensions,C:\Program Files\dotnet\sdk\8.0.300
TpTrace Verbose: 0 : 2256, 1, 2024/07/19, 00:16:44.615, 2706899891483, vstest.console.dll, TestPluginCache.DiscoverTestExtensions: Discovering the extensions using extension path.
TpTrace Verbose: 0 : 2256, 1, 2024/07/19, 00:16:44.615, 2706899892281, vstest.console.dll, TestPluginCache.GetExtensionPaths: Filtered extension paths: 
TpTrace Verbose: 0 : 2256, 1, 2024/07/19, 00:16:44.615, 2706899892966, vstest.console.dll, TestPluginCache.GetExtensionPaths: Added default extension paths: C:\Program Files\dotnet\sdk\8.0.300\Extensions\Microsoft.Diagnostics.NETCore.Client.dll
C:\Program Files\dotnet\sdk\8.0.300\Extensions\Microsoft.TestPlatform.Extensions.BlameDataCollector.dll
C:\Program Files\dotnet\sdk\8.0.300\Extensions\Microsoft.TestPlatform.Extensions.EventLogCollector.dll
C:\Program Files\dotnet\sdk\8.0.300\Extensions\Microsoft.TestPlatform.TestHostRuntimeProvider.dll
C:\Program Files\dotnet\sdk\8.0.300\Extensions\Microsoft.VisualStudio.TestPlatform.Extensions.Html.TestLogger.dll
C:\Program Files\dotnet\sdk\8.0.300\Extensions\Microsoft.VisualStudio.TestPlatform.Extensions.Trx.TestLogger.dll
TpTrace Verbose: 0 : 2256, 1, 2024/07/19, 00:16:44.615, 2706899893602, vstest.console.dll, TestPluginCache.GetExtensionPaths: Added unfilterableExtensionPaths: 
TpTrace Verbose: 0 : 2256, 1, 2024/07/19, 00:16:44.615, 2706899894322, vstest.console.dll, TestPluginCache.DiscoverTestExtensions: Discovering the extensions using allExtensionPaths: C:\Program Files\dotnet\sdk\8.0.300\Extensions\Microsoft.Diagnostics.NETCore.Client.dll
C:\Program Files\dotnet\sdk\8.0.300\Extensions\Microsoft.TestPlatform.Extensions.BlameDataCollector.dll
C:\Program Files\dotnet\sdk\8.0.300\Extensions\Microsoft.TestPlatform.Extensions.EventLogCollector.dll
C:\Program Files\dotnet\sdk\8.0.300\Extensions\Microsoft.TestPlatform.TestHostRuntimeProvider.dll
C:\Program Files\dotnet\sdk\8.0.300\Extensions\Microsoft.VisualStudio.TestPlatform.Extensions.Html.TestLogger.dll
C:\Program Files\dotnet\sdk\8.0.300\Extensions\Microsoft.VisualStudio.TestPlatform.Extensions.Trx.TestLogger.dll
TpTrace Information: 0 : 2256, 1, 2024/07/19, 00:16:44.615, 2706899896478, vstest.console.dll, AssemblyResolver.AddSearchDirectories: Adding more searchDirectories C:\Program Files\dotnet\sdk\8.0.300\Extensions,C:\Program Files\dotnet\sdk\8.0.300
TpTrace Information: 0 : 2256, 1, 2024/07/19, 00:16:44.616, 2706899898834, vstest.console.dll, AssemblyResolver.AddSearchDirectories: Adding more searchDirectories C:\Program Files\dotnet\sdk\8.0.300\Extensions,C:\Program Files\dotnet\sdk\8.0.300
TpTrace Information: 0 : 2256, 1, 2024/07/19, 00:16:44.616, 2706899900129, vstest.console.dll, AssemblyResolver.AddSearchDirectories: Adding more searchDirectories C:\Program Files\dotnet\sdk\8.0.300\Extensions,C:\Program Files\dotnet\sdk\8.0.300
TpTrace Information: 0 : 2256, 1, 2024/07/19, 00:16:44.616, 2706899901735, vstest.console.dll, AssemblyResolver.AddSearchDirectories: Adding more searchDirectories C:\Program Files\dotnet\sdk\8.0.300\Extensions,C:\Program Files\dotnet\sdk\8.0.300
TpTrace Information: 0 : 2256, 1, 2024/07/19, 00:16:44.616, 2706899903124, vstest.console.dll, AssemblyResolver.AddSearchDirectories: Adding more searchDirectories C:\Program Files\dotnet\sdk\8.0.300\Extensions,C:\Program Files\dotnet\sdk\8.0.300
TpTrace Information: 0 : 2256, 1, 2024/07/19, 00:16:44.616, 2706899903871, vstest.console.dll, AssemblyResolver.AddSearchDirectories: Adding more searchDirectories C:\Program Files\dotnet\sdk\8.0.300\Extensions,C:\Program Files\dotnet\sdk\8.0.300
TpTrace Verbose: 0 : 2256, 1, 2024/07/19, 00:16:44.616, 2706899905924, vstest.console.dll, MetadataReaderExtensionsHelper: Discovering extensions inside assembly 'Microsoft.Diagnostics.NETCore.Client, Version=0.2.10.15101, Culture=neutral, PublicKeyToken=31bf3856ad364e35' file path 'C:\Program Files\dotnet\sdk\8.0.300\Extensions\Microsoft.Diagnostics.NETCore.Client.dll'
TpTrace Information: 0 : 2256, 1, 2024/07/19, 00:16:44.618, 2706899918669, vstest.console.dll, AssemblyResolver.OnResolve: Microsoft.Bcl.AsyncInterfaces: Resolving assembly.
TpTrace Information: 0 : 2256, 1, 2024/07/19, 00:16:44.618, 2706899919678, vstest.console.dll, AssemblyResolver.OnResolve: Microsoft.Bcl.AsyncInterfaces: Resolved from cache.
TpTrace Verbose: 0 : 2256, 1, 2024/07/19, 00:16:44.618, 2706899920299, vstest.console.dll, CurrentDomainAssemblyResolve: Resolving assembly 'Microsoft.Bcl.AsyncInterfaces'.
TpTrace Information: 0 : 2256, 1, 2024/07/19, 00:16:44.618, 2706899921172, vstest.console.dll, AssemblyResolver.OnResolve: Microsoft.Bcl.AsyncInterfaces: Resolving assembly.
TpTrace Information: 0 : 2256, 1, 2024/07/19, 00:16:44.618, 2706899921811, vstest.console.dll, AssemblyResolver.OnResolve: Microsoft.Bcl.AsyncInterfaces: Resolved from cache.
TpTrace Verbose: 0 : 2256, 1, 2024/07/19, 00:16:44.618, 2706899922397, vstest.console.dll, CurrentDomainAssemblyResolve: Resolving assembly 'Microsoft.Bcl.AsyncInterfaces'.
TpTrace Verbose: 0 : 2256, 1, 2024/07/19, 00:16:44.618, 2706899922969, vstest.console.dll, CurrentDomainAssemblyResolve: Failed to resolve assembly 'Microsoft.Bcl.AsyncInterfaces'.
TpTrace Verbose: 0 : 2256, 1, 2024/07/19, 00:16:44.618, 2706899925138, vstest.console.dll, CurrentDomainAssemblyResolve: Failed to resolve assembly 'Microsoft.Bcl.AsyncInterfaces'.
TpTrace Warning: 0 : 2256, 1, 2024/07/19, 00:16:44.619, 2706899932518, vstest.console.dll, TestPluginDiscoverer: Failed to get types from assembly 'Microsoft.Diagnostics.NETCore.Client, Version=0.2.10.15101, Culture=neutral, PublicKeyToken=31bf3856ad364e35'. Error: System.Reflection.ReflectionTypeLoadException: Unable to load one or more of the requested types.
Could not load file or assembly 'Microsoft.Bcl.AsyncInterfaces, Version=6.0.0.0, Culture=neutral, PublicKeyToken=cc7b13ffcd2ddd51'. The system cannot find the file specified.
   at System.Reflection.RuntimeModule.GetTypes(RuntimeModule module)
   at System.Reflection.RuntimeModule.GetTypes()
   at Microsoft.VisualStudio.TestPlatform.Common.ExtensionFramework.TestPluginDiscoverer.GetTestExtensionsFromAssembly[TPluginInfo,TExtension](Assembly assembly, Dictionary`2 pluginInfos, String filePath) in /_/src/Microsoft.TestPlatform.Common/ExtensionFramework/TestPluginDiscoverer.cs:line 158
System.IO.FileNotFoundException: Could not load file or assembly 'Microsoft.Bcl.AsyncInterfaces, Version=6.0.0.0, Culture=neutral, PublicKeyToken=cc7b13ffcd2ddd51'. The system cannot find the file specified.
File name: 'Microsoft.Bcl.AsyncInterfaces, Version=6.0.0.0, Culture=neutral, PublicKeyToken=cc7b13ffcd2ddd51'
 ---> System.IO.FileNotFoundException: Could not load file or assembly 'Microsoft.Bcl.AsyncInterfaces, Culture=neutral, PublicKeyToken=null'. The system cannot find the file specified.
File name: 'Microsoft.Bcl.AsyncInterfaces, Culture=neutral, PublicKeyToken=null'
   at System.Reflection.RuntimeAssembly.InternalLoad(AssemblyName assemblyName, StackCrawlMark& stackMark, AssemblyLoadContext assemblyLoadContext, RuntimeAssembly requestingAssembly, Boolean throwOnFileNotFound)
   at System.Reflection.Assembly.Load(AssemblyName assemblyRef)
   at Microsoft.VisualStudio.TestPlatform.Common.ExtensionFramework.TestPluginCache.CurrentDomainAssemblyResolve(Object sender, AssemblyResolveEventArgs args) in /_/src/Microsoft.TestPlatform.Common/ExtensionFramework/TestPluginCache.cs:line 513
   at System.Runtime.Loader.AssemblyLoadContext.GetFirstResolvedAssemblyFromResolvingEvent(AssemblyName assemblyName)
   at System.Runtime.Loader.AssemblyLoadContext.ResolveUsingEvent(AssemblyName assemblyName)
   at System.Runtime.Loader.AssemblyLoadContext.ResolveUsingResolvingEvent(IntPtr gchManagedAssemblyLoadContext, AssemblyName assemblyName)
TpTrace Warning: 0 : 2256, 1, 2024/07/19, 00:16:44.619, 2706899935193, vstest.console.dll, LoaderExceptions: System.IO.FileNotFoundException: Could not load file or assembly 'Microsoft.Bcl.AsyncInterfaces, Version=6.0.0.0, Culture=neutral, PublicKeyToken=cc7b13ffcd2ddd51'. The system cannot find the file specified.
File name: 'Microsoft.Bcl.AsyncInterfaces, Version=6.0.0.0, Culture=neutral, PublicKeyToken=cc7b13ffcd2ddd51'
 ---> System.IO.FileNotFoundException: Could not load file or assembly 'Microsoft.Bcl.AsyncInterfaces, Culture=neutral, PublicKeyToken=null'. The system cannot find the file specified.
File name: 'Microsoft.Bcl.AsyncInterfaces, Culture=neutral, PublicKeyToken=null'
   at System.Reflection.RuntimeAssembly.InternalLoad(AssemblyName assemblyName, StackCrawlMark& stackMark, AssemblyLoadContext assemblyLoadContext, RuntimeAssembly requestingAssembly, Boolean throwOnFileNotFound)
   at System.Reflection.Assembly.Load(AssemblyName assemblyRef)
   at Microsoft.VisualStudio.TestPlatform.Common.ExtensionFramework.TestPluginCache.CurrentDomainAssemblyResolve(Object sender, AssemblyResolveEventArgs args) in /_/src/Microsoft.TestPlatform.Common/ExtensionFramework/TestPluginCache.cs:line 513
   at System.Runtime.Loader.AssemblyLoadContext.GetFirstResolvedAssemblyFromResolvingEvent(AssemblyName assemblyName)
   at System.Runtime.Loader.AssemblyLoadContext.ResolveUsingEvent(AssemblyName assemblyName)
   at System.Runtime.Loader.AssemblyLoadContext.ResolveUsingResolvingEvent(IntPtr gchManagedAssemblyLoadContext, AssemblyName assemblyName)
TpTrace Verbose: 0 : 2256, 1, 2024/07/19, 00:16:44.619, 2706899936833, vstest.console.dll, MetadataReaderExtensionsHelper: Discovering extensions inside assembly 'Microsoft.TestPlatform.Extensions.BlameDataCollector, Version=15.0.0.0, Culture=neutral, PublicKeyToken=b03f5f7f11d50a3a' file path 'C:\Program Files\dotnet\sdk\8.0.300\Extensions\Microsoft.TestPlatform.Extensions.BlameDataCollector.dll'
TpTrace Information: 0 : 2256, 1, 2024/07/19, 00:16:44.621, 2706899948279, vstest.console.dll, GetTestExtensionFromType: Register extension with identifier data 'logger://Microsoft/TestPlatform/Extensions/Blame/v1' and type 'Microsoft.TestPlatform.Extensions.BlameDataCollector.BlameLogger, Microsoft.TestPlatform.Extensions.BlameDataCollector, Version=15.0.0.0, Culture=neutral, PublicKeyToken=b03f5f7f11d50a3a' inside file 'C:\Program Files\dotnet\sdk\8.0.300\Extensions\Microsoft.TestPlatform.Extensions.BlameDataCollector.dll'
TpTrace Verbose: 0 : 2256, 1, 2024/07/19, 00:16:44.621, 2706899949741, vstest.console.dll, MetadataReaderExtensionsHelper: Discovering extensions inside assembly 'Microsoft.TestPlatform.Extensions.EventLogCollector, Version=15.0.0.0, Culture=neutral, PublicKeyToken=b03f5f7f11d50a3a' file path 'C:\Program Files\dotnet\sdk\8.0.300\Extensions\Microsoft.TestPlatform.Extensions.EventLogCollector.dll'
TpTrace Verbose: 0 : 2256, 1, 2024/07/19, 00:16:44.622, 2706899958900, vstest.console.dll, MetadataReaderExtensionsHelper: Discovering extensions inside assembly 'Microsoft.TestPlatform.TestHostRuntimeProvider, Version=15.0.0.0, Culture=neutral, PublicKeyToken=b03f5f7f11d50a3a' file path 'C:\Program Files\dotnet\sdk\8.0.300\Extensions\Microsoft.TestPlatform.TestHostRuntimeProvider.dll'
TpTrace Verbose: 0 : 2256, 1, 2024/07/19, 00:16:44.622, 2706899966609, vstest.console.dll, MetadataReaderExtensionsHelper: Discovering extensions inside assembly 'Microsoft.VisualStudio.TestPlatform.Extensions.Html.TestLogger, Version=15.0.0.0, Culture=neutral, PublicKeyToken=b03f5f7f11d50a3a' file path 'C:\Program Files\dotnet\sdk\8.0.300\Extensions\Microsoft.VisualStudio.TestPlatform.Extensions.Html.TestLogger.dll'
TpTrace Information: 0 : 2256, 1, 2024/07/19, 00:16:44.623, 2706899977768, vstest.console.dll, GetTestExtensionFromType: Register extension with identifier data 'logger://Microsoft/TestPlatform/HtmlLogger/v1' and type 'Microsoft.VisualStudio.TestPlatform.Extensions.HtmlLogger.HtmlLogger, Microsoft.VisualStudio.TestPlatform.Extensions.Html.TestLogger, Version=15.0.0.0, Culture=neutral, PublicKeyToken=b03f5f7f11d50a3a' inside file 'C:\Program Files\dotnet\sdk\8.0.300\Extensions\Microsoft.VisualStudio.TestPlatform.Extensions.Html.TestLogger.dll'
TpTrace Verbose: 0 : 2256, 1, 2024/07/19, 00:16:44.624, 2706899979235, vstest.console.dll, MetadataReaderExtensionsHelper: Discovering extensions inside assembly 'Microsoft.VisualStudio.TestPlatform.Extensions.Trx.TestLogger, Version=15.0.0.0, Culture=neutral, PublicKeyToken=b03f5f7f11d50a3a' file path 'C:\Program Files\dotnet\sdk\8.0.300\Extensions\Microsoft.VisualStudio.TestPlatform.Extensions.Trx.TestLogger.dll'
TpTrace Information: 0 : 2256, 1, 2024/07/19, 00:16:44.625, 2706899990905, vstest.console.dll, GetTestExtensionFromType: Register extension with identifier data 'logger://Microsoft/TestPlatform/TrxLogger/v1' and type 'Microsoft.VisualStudio.TestPlatform.Extensions.TrxLogger.TrxLogger, Microsoft.VisualStudio.TestPlatform.Extensions.Trx.TestLogger, Version=15.0.0.0, Culture=neutral, PublicKeyToken=b03f5f7f11d50a3a' inside file 'C:\Program Files\dotnet\sdk\8.0.300\Extensions\Microsoft.VisualStudio.TestPlatform.Extensions.Trx.TestLogger.dll'
TpTrace Verbose: 0 : 2256, 1, 2024/07/19, 00:16:44.625, 2706899992588, vstest.console.dll, TestPluginCache: Discovered the extensions using extension path ''.
TpTrace Verbose: 0 : 2256, 1, 2024/07/19, 00:16:44.625, 2706899993327, vstest.console.dll, TestPluginCache: Discoverers are ''.
TpTrace Verbose: 0 : 2256, 1, 2024/07/19, 00:16:44.625, 2706899993932, vstest.console.dll, TestPluginCache: Executors are ''.
TpTrace Verbose: 0 : 2256, 1, 2024/07/19, 00:16:44.625, 2706899994507, vstest.console.dll, TestPluginCache: Executors2 are ''.
TpTrace Verbose: 0 : 2256, 1, 2024/07/19, 00:16:44.625, 2706899995065, vstest.console.dll, TestPluginCache: Setting providers are ''.
TpTrace Verbose: 0 : 2256, 1, 2024/07/19, 00:16:44.625, 2706899996521, vstest.console.dll, TestPluginCache: Loggers are 'logger://Microsoft/TestPlatform/Extensions/Blame/v1,logger://Microsoft/TestPlatform/HtmlLogger/v1,logger://Microsoft/TestPlatform/TrxLogger/v1'.
TpTrace Verbose: 0 : 2256, 1, 2024/07/19, 00:16:44.625, 2706899997573, vstest.console.dll, TestPluginCache: TestHosts are 'HostProvider://DefaultTestHost,HostProvider://DotnetTestHost'.
TpTrace Verbose: 0 : 2256, 1, 2024/07/19, 00:16:44.626, 2706899998244, vstest.console.dll, TestPluginCache: DataCollectors are ''.
TpTrace Information: 0 : 2256, 1, 2024/07/19, 00:16:44.627, 2706900012492, vstest.console.dll, TestPluginManager.CreateTestExtension: Attempting to load test extension: Microsoft.TestPlatform.Extensions.BlameDataCollector.BlameLogger
TpTrace Verbose: 0 : 2256, 1, 2024/07/19, 00:16:44.639, 2706900137715, vstest.console.dll, TestEngine: Initializing Parallel Execution as MaxCpuCount is set to: 1
TpTrace Information: 0 : 2256, 1, 2024/07/19, 00:16:44.642, 2706900158575, vstest.console.dll, TestPluginManager.CreateTestExtension: Attempting to load test extension: Microsoft.VisualStudio.TestPlatform.CrossPlatEngine.Hosting.DefaultTestHostManager
TpTrace Information: 0 : 2256, 1, 2024/07/19, 00:16:44.643, 2706900174687, vstest.console.dll, TestPluginManager.CreateTestExtension: Attempting to load test extension: Microsoft.VisualStudio.TestPlatform.CrossPlatEngine.Hosting.DotnetTestHostManager
TpTrace Information: 0 : 2256, 1, 2024/07/19, 00:16:44.644, 2706900184064, vstest.console.dll, InferRunSettingsHelper.IsTestSettingsEnabled: Unable to navigate to RunSettings/MSTest. Current node: RunSettings
TpTrace Verbose: 0 : 2256, 1, 2024/07/19, 00:16:44.645, 2706900193853, vstest.console.dll, ParallelOperationManager.ClearSlots: Clearing all slots. Slots should accept more work: True
TpTrace Verbose: 0 : 2256, 1, 2024/07/19, 00:16:44.646, 2706900203056, vstest.console.dll, ParallelOperationManager.SetOccupiedSlotCount: Setting slot counts AvailableSlotCount = 1, OccupiedSlotCount = 0.
TpTrace Verbose: 0 : 2256, 1, 2024/07/19, 00:16:44.647, 2706900208946, vstest.console.dll, Occupied slots:

TpTrace Verbose: 0 : 2256, 1, 2024/07/19, 00:16:44.652, 2706900262224, vstest.console.dll, TestEngine.GetExecutionManager: Chosen execution manager 'Microsoft.VisualStudio.TestPlatform.CrossPlatEngine.Client.Parallel.ParallelProxyExecutionManager, Microsoft.TestPlatform.CrossPlatEngine, Version=15.0.0.0, Culture=neutral, PublicKeyToken=b03f5f7f11d50a3a' ParallelLevel '1'.
TpTrace Verbose: 0 : 2256, 1, 2024/07/19, 00:16:44.652, 2706900264777, vstest.console.dll, TestRunRequest.ExecuteAsync: Creating test run request.
TpTrace Verbose: 0 : 2256, 1, 2024/07/19, 00:16:44.653, 2706900268534, vstest.console.dll, TestRunRequest.ExecuteAsync: Starting.
TpTrace Information: 0 : 2256, 1, 2024/07/19, 00:16:44.656, 2706900305206, vstest.console.dll, TestRunRequest.ExecuteAsync: Starting run with settings:TestRunCriteria:
   KeepAlive=False,FrequencyOfRunStatsChangeEvent=10,RunStatsChangeEventTimeout=00:00:01.5000000,TestCaseFilter=,TestExecutorLauncher=
   Settingsxml=<RunSettings>
  <RunConfiguration>
    <ResultsDirectory>C:\Users\PC\source\repos\ExerciseSeleniumWaits\SearchWithExplicitWait\bin\Debug\net6.0\fine-code-coverage\coverage-tool-output</ResultsDirectory>
    <TargetPlatform>X64</TargetPlatform>
    <TargetFrameworkVersion>.NETCoreApp,Version=v6.0</TargetFrameworkVersion>
    <DesignMode>False</DesignMode>
    <CollectSourceInformation>False</CollectSourceInformation>
  </RunConfiguration>
  <LoggerRunSettings>
    <Loggers>
      <Logger friendlyName="blame" enabled="True" />
      <Logger friendlyName="Console" uri="logger://microsoft/TestPlatform/ConsoleLogger/v1" assemblyQualifiedName="Microsoft.VisualStudio.TestPlatform.CommandLine.Internal.ConsoleLogger, vstest.console, Version=15.0.0.0, Culture=neutral, PublicKeyToken=b03f5f7f11d50a3a" codeBase="C:\Program Files\dotnet\sdk\8.0.300\vstest.console.dll" enabled="True" />
    </Loggers>
  </LoggerRunSettings>
  <DataCollectionRunSettings>
    <DataCollectors>
      <DataCollector friendlyName="blame" enabled="True">
        <Configuration>
          <ResultsDirectory>C:\Users\PC\source\repos\ExerciseSeleniumWaits\SearchWithExplicitWait\bin\Debug\net6.0\fine-code-coverage\coverage-tool-output</ResultsDirectory>
        </Configuration>
      </DataCollector>
    </DataCollectors>
  </DataCollectionRunSettings>
</RunSettings>

TpTrace Verbose: 0 : 2256, 1, 2024/07/19, 00:16:44.656, 2706900307395, vstest.console.dll, TestRunRequest.ExecuteAsync: Wait for the first run request is over.
TpTrace Verbose: 0 : 2256, 1, 2024/07/19, 00:16:44.657, 2706900312735, vstest.console.dll, MulticastDelegateUtilities.SafeInvoke: TestRun.TestRunStart: Invoking callbacks was skipped because there are no subscribers.
TpTrace Verbose: 0 : 2256, 4, 2024/07/19, 00:16:44.657, 2706900317103, vstest.console.dll, MulticastDelegateUtilities.SafeInvoke: InternalTestLoggerEvents.SendTestRunStart: Invoking callback 1/1 for Microsoft.VisualStudio.TestPlatform.CommandLine.Internal.ConsoleLogger., took 0 ms.
TpTrace Verbose: 0 : 2256, 1, 2024/07/19, 00:16:44.660, 2706900342187, vstest.console.dll, ParallelProxyExecutionManager: Start execution. Total sources: 1
TpTrace Verbose: 0 : 2256, 1, 2024/07/19, 00:16:44.661, 2706900350448, vstest.console.dll, ParallelOperationManager.StartWork: Starting adding 1 workloads.
TpTrace Verbose: 0 : 2256, 1, 2024/07/19, 00:16:44.661, 2706900351978, vstest.console.dll, ParallelOperationManager.ClearSlots: Clearing all slots. Slots should accept more work: True
TpTrace Verbose: 0 : 2256, 1, 2024/07/19, 00:16:44.661, 2706900353345, vstest.console.dll, ParallelOperationManager.SetOccupiedSlotCount: Setting slot counts AvailableSlotCount = 1, OccupiedSlotCount = 0.
TpTrace Verbose: 0 : 2256, 1, 2024/07/19, 00:16:44.661, 2706900354121, vstest.console.dll, Occupied slots:

TpTrace Verbose: 0 : 2256, 1, 2024/07/19, 00:16:44.663, 2706900375413, vstest.console.dll, TestRequestSender is acting as server.
TpTrace Verbose: 0 : 2256, 1, 2024/07/19, 00:16:44.665, 2706900393687, vstest.console.dll, ParallelOperationManager.RunWorkInParallel: Adding 1 workload to slot, remaining workloads 0.
TpTrace Verbose: 0 : 2256, 1, 2024/07/19, 00:16:44.665, 2706900395037, vstest.console.dll, ParallelOperationManager.SetOccupiedSlotCount: Setting slot counts AvailableSlotCount = 0, OccupiedSlotCount = 1.
TpTrace Verbose: 0 : 2256, 1, 2024/07/19, 00:16:44.665, 2706900397051, vstest.console.dll, Occupied slots:
0: C:\Users\PC\source\repos\ExerciseSeleniumWaits\SearchWithExplicitWait\bin\Debug\net6.0\fine-code-coverage\build-output\SearchWithExplicitWait.dll
TpTrace Verbose: 0 : 2256, 1, 2024/07/19, 00:16:44.667, 2706900415319, vstest.console.dll, ParallelOperationManager.RunWorkInParallel: Started host in slot number 0 for work (source): C:\Users\PC\source\repos\ExerciseSeleniumWaits\SearchWithExplicitWait\bin\Debug\net6.0\fine-code-coverage\build-output\SearchWithExplicitWait.dll.
TpTrace Verbose: 0 : 2256, 1, 2024/07/19, 00:16:44.668, 2706900426964, vstest.console.dll, ParallelOperationManager.RunWorkInParallel: We started 1 work items, which is the max parallel level. Won't start more work.
TpTrace Verbose: 0 : 2256, 1, 2024/07/19, 00:16:44.669, 2706900428827, vstest.console.dll, ParallelOperationManager.RunWorkInParallel: We started 1 work items in here, returning True.
TpTrace Verbose: 0 : 2256, 5, 2024/07/19, 00:16:44.669, 2706900429128, vstest.console.dll, ParallelProxyExecutionManager.StartTestRunOnConcurrentManager: Initializing uninitialized client. Started clients: 0
TpTrace Information: 0 : 2256, 1, 2024/07/19, 00:16:44.669, 2706900430301, vstest.console.dll, TestRunRequest.ExecuteAsync: Started.
TpTrace Verbose: 0 : 2256, 5, 2024/07/19, 00:16:44.669, 2706900432317, vstest.console.dll, DataCollectionRequestSender.InitializeCommunication : Initialize communication. 
TpTrace Verbose: 0 : 2256, 1, 2024/07/19, 00:16:44.670, 2706900446453, vstest.console.dll, TestRunRequest.WaitForCompletion: Waiting with timeout -1.
TpTrace Information: 0 : 2256, 5, 2024/07/19, 00:16:44.680, 2706900542866, vstest.console.dll, Listening on Endpoint : 127.0.0.1:54697
TpTrace Verbose: 0 : 2256, 5, 2024/07/19, 00:16:44.692, 2706900663909, vstest.console.dll, DotnetDataCollectionLauncher: Adding  --runtimeconfig "C:\Program Files\dotnet\sdk\8.0.300\datacollector.runtimeconfig.json" in args
TpTrace Verbose: 0 : 2256, 5, 2024/07/19, 00:16:44.692, 2706900666022, vstest.console.dll, DotnetDataCollectionLauncher: Adding  --depsfile "C:\Program Files\dotnet\sdk\8.0.300\datacollector.deps.json" in args
TpTrace Verbose: 0 : 2256, 5, 2024/07/19, 00:16:44.693, 2706900669363, vstest.console.dll, DotnetDataCollectionLauncher: Full path of dotnet.exe is C:\Program Files\dotnet\dotnet.exe
TpTrace Information: 0 : 2256, 5, 2024/07/19, 00:16:44.702, 2706900759386, vstest.console.dll, ProxyDataCollectionManager.Initialize: Launched datacollector processId: 1352 port: 54697
TpTrace Information: 0 : 2256, 5, 2024/07/19, 00:16:44.702, 2706900762336, vstest.console.dll, ProxyDataCollectionManager.Initialize: waiting for connection with timeout: 90 seconds
TpTrace Verbose: 0 : 2256, 5, 2024/07/19, 00:16:44.702, 2706900764097, vstest.console.dll, DataCollectionRequestSender.WaitForRequestHandlerConnection : Waiting for connection with timeout: 90000
TpTrace Verbose: 0 : 2256, 5, 2024/07/19, 00:16:44.954, 2706903280503, vstest.console.dll, SocketCommunicationManager.WaitForClientConnection took: 251 ms, with 90000 ms timeout, and finished with True.
TpTrace Information: 0 : 2256, 10, 2024/07/19, 00:16:44.954, 2706903280430, vstest.console.dll, Using the buffer size of 16384 bytes
TpTrace Verbose: 0 : 2256, 5, 2024/07/19, 00:16:44.954, 2706903283421, vstest.console.dll, ProxyDataCollectionManager.InvokeDataCollectionServiceAction: Starting.
TpTrace Information: 0 : 2256, 10, 2024/07/19, 00:16:44.954, 2706903283696, vstest.console.dll, Accepted Client request and set the flag
TpTrace Information: 0 : 2256, 5, 2024/07/19, 00:16:44.954, 2706903285777, vstest.console.dll, ProxyDataCollectionManager.BeforeTestRunStart: Get environment variable and port for datacollector processId: 1352 port: 54697
TpTrace Verbose: 0 : 2256, 5, 2024/07/19, 00:16:44.955, 2706903289080, vstest.console.dll, DataCollectionRequestSender.SendBeforeTestRunStartAndGetResult: Send BeforeTestRunStart message with settingsXml <RunSettings><RunConfiguration><ResultsDirectory>C:\Users\PC\source\repos\ExerciseSeleniumWaits\SearchWithExplicitWait\bin\Debug\net6.0\fine-code-coverage\coverage-tool-output</ResultsDirectory><TargetPlatform>X64</TargetPlatform><TargetFrameworkVersion>.NETCoreApp,Version=v6.0</TargetFrameworkVersion><DesignMode>False</DesignMode><CollectSourceInformation>False</CollectSourceInformation><TestAdaptersPaths>C:\Program Files\dotnet\sdk\8.0.300\Extensions</TestAdaptersPaths></RunConfiguration><LoggerRunSettings><Loggers><Logger friendlyName="blame" enabled="True" /><Logger friendlyName="Console" uri="logger://microsoft/TestPlatform/ConsoleLogger/v1" assemblyQualifiedName="Microsoft.VisualStudio.TestPlatform.CommandLine.Internal.ConsoleLogger, vstest.console, Version=15.0.0.0, Culture=neutral, PublicKeyToken=b03f5f7f11d50a3a" codeBase="C:\Program Files\dotnet\sdk\8.0.300\vstest.console.dll" enabled="True" /></Loggers></LoggerRunSettings><DataCollectionRunSettings><DataCollectors><DataCollector friendlyName="blame" enabled="True"><Configuration><ResultsDirectory>C:\Users\PC\source\repos\ExerciseSeleniumWaits\SearchWithExplicitWait\bin\Debug\net6.0\fine-code-coverage\coverage-tool-output</ResultsDirectory></Configuration></DataCollector></DataCollectors></DataCollectionRunSettings></RunSettings> and sources System.Collections.Generic.List`1[System.String]: 
TpTrace Verbose: 0 : 2256, 5, 2024/07/19, 00:16:45.066, 2706904405133, vstest.console.dll, DataCollectionRequestSender.SendBeforeTestRunStartAndGetResult: Received message: (DataCollection.SendMessage) -> {"MessageType":"DataCollection.SendMessage","Payload":{"FriendlyName":null,"Uri":null,"TestCaseId":"00000000-0000-0000-0000-000000000000","Message":"Logging DataCollector Diagnostics in file: C:\\Users\\PC\\source\\repos\\ExerciseSeleniumWaits\\SearchWithExplicitWait\\bin\\Debug\\net6.0\\fine-code-coverage\\coverage-tool-output\\diagnostics.datacollector.24-07-19_00-16-44_69219_5.log","Level":0}}
TpTrace Verbose: 0 : 2256, 5, 2024/07/19, 00:16:45.215, 2706905896768, vstest.console.dll, DataCollectionRequestSender.SendBeforeTestRunStartAndGetResult: Received message: (DataCollection.BeforeTestRunStartResult) -> {"MessageType":"DataCollection.BeforeTestRunStartResult","Payload":{"EnvironmentVariables":{},"DataCollectionEventsPort":54699}}
TpTrace Information: 0 : 2256, 5, 2024/07/19, 00:16:45.224, 2706905984048, vstest.console.dll, ProxyDataCollectionManager.BeforeTestRunStart: SendBeforeTestRunStartAndGetResult successful, env variable from datacollector:   and testhost port: 54699
TpTrace Information: 0 : 2256, 5, 2024/07/19, 00:16:45.224, 2706905985874, vstest.console.dll, ProxyDataCollectionManager.InvokeDataCollectionServiceAction: Completed.
TpTrace Verbose: 0 : 2256, 5, 2024/07/19, 00:16:45.224, 2706905986844, vstest.console.dll, ParallelProxyExecutionManager.StartTestRunOnConcurrentManager: Initializing test run. Started clients: 0
TpTrace Verbose: 0 : 2256, 5, 2024/07/19, 00:16:45.225, 2706905989454, vstest.console.dll, ProxyExecutionManager: Test host is always Lazy initialize.
TpTrace Verbose: 0 : 2256, 5, 2024/07/19, 00:16:45.225, 2706905992937, vstest.console.dll, TestRequestSender.InitializeCommunication: initialize communication. 
TpTrace Information: 0 : 2256, 5, 2024/07/19, 00:16:45.226, 2706906005673, vstest.console.dll, SocketServer.Start: Listening on endpoint : 127.0.0.1:54700
TpTrace Verbose: 0 : 2256, 5, 2024/07/19, 00:16:45.228, 2706906020162, vstest.console.dll, DotnetTestHostmanager.GetTestHostProcessStartInfo: Platform environment 'X64' target architecture 'X64' framework '.NETCoreApp,Version=v6.0' OS 'Windows'
TpTrace Verbose: 0 : 2256, 5, 2024/07/19, 00:16:45.228, 2706906025068, vstest.console.dll, DotnetTestHostmanager: Adding  --runtimeconfig "C:\Users\PC\source\repos\ExerciseSeleniumWaits\SearchWithExplicitWait\bin\Debug\net6.0\fine-code-coverage\build-output\SearchWithExplicitWait.runtimeconfig.json" in args
TpTrace Verbose: 0 : 2256, 5, 2024/07/19, 00:16:45.229, 2706906030560, vstest.console.dll, DotnetTestHostmanager: Adding  --depsfile "C:\Users\PC\source\repos\ExerciseSeleniumWaits\SearchWithExplicitWait\bin\Debug\net6.0\fine-code-coverage\build-output\SearchWithExplicitWait.deps.json" in args
TpTrace Verbose: 0 : 2256, 5, 2024/07/19, 00:16:45.229, 2706906034115, vstest.console.dll, DotnetTestHostmanager.IsWinOnArm: Current PROCESSOR_ARCHITECTURE from environment variable 'AMD64'
TpTrace Verbose: 0 : 2256, 5, 2024/07/19, 00:16:45.229, 2706906035294, vstest.console.dll, DotnetTestHostmanager.IsWinOnArm: Is Windows on ARM 'False'
TpTrace Verbose: 0 : 2256, 5, 2024/07/19, 00:16:45.229, 2706906037233, vstest.console.dll, DotnetTestHostManager: testhost.exe found at path: C:\Users\PC\source\repos\ExerciseSeleniumWaits\SearchWithExplicitWait\bin\Debug\net6.0\fine-code-coverage\build-output\testhost.exe
TpTrace Verbose: 0 : 2256, 5, 2024/07/19, 00:16:45.230, 2706906038368, vstest.console.dll, DotnetTestHostmanager: Full path of host exe is C:\Users\PC\source\repos\ExerciseSeleniumWaits\SearchWithExplicitWait\bin\Debug\net6.0\fine-code-coverage\build-output\testhost.exe
TpTrace Verbose: 0 : 2256, 5, 2024/07/19, 00:16:45.230, 2706906040626, vstest.console.dll, DotnetTestHostmanager.LaunchTestHostAsync: Found 'VSTEST_WINAPPHOST_DOTNET_ROOT' in env variables, value 'C:\Program Files\dotnet', forwarding to 'DOTNET_ROOT'
TpTrace Verbose: 0 : 2256, 5, 2024/07/19, 00:16:45.230, 2706906043058, vstest.console.dll, DotnetTestHostManager: Starting process 'C:\Users\PC\source\repos\ExerciseSeleniumWaits\SearchWithExplicitWait\bin\Debug\net6.0\fine-code-coverage\build-output\testhost.exe' with command line ' --runtimeconfig "C:\Users\PC\source\repos\ExerciseSeleniumWaits\SearchWithExplicitWait\bin\Debug\net6.0\fine-code-coverage\build-output\SearchWithExplicitWait.runtimeconfig.json" --depsfile "C:\Users\PC\source\repos\ExerciseSeleniumWaits\SearchWithExplicitWait\bin\Debug\net6.0\fine-code-coverage\build-output\SearchWithExplicitWait.deps.json" --port 54700 --endpoint 127.0.0.1:054700 --role client --parentprocessid 2256 --diag "C:\Users\PC\source\repos\ExerciseSeleniumWaits\SearchWithExplicitWait\bin\Debug\net6.0\fine-code-coverage\coverage-tool-output\diagnostics.host.24-07-19_00-16-45_22759_5.log" --tracelevel 4 --datacollectionport 54699 --telemetryoptedin false'
TpTrace Verbose: 0 : 2256, 5, 2024/07/19, 00:16:45.240, 2706906146208, vstest.console.dll, MulticastDelegateUtilities.SafeInvoke: HostProviderEvents.OnHostLaunched: Invoking callback 1/2 for Microsoft.VisualStudio.TestPlatform.CrossPlatEngine.Client.ProxyExecutionManagerWithDataCollection., took 2 ms.
TpTrace Verbose: 0 : 2256, 5, 2024/07/19, 00:16:45.241, 2706906153194, vstest.console.dll, Test Runtime launched
TpTrace Verbose: 0 : 2256, 5, 2024/07/19, 00:16:45.241, 2706906155449, vstest.console.dll, MulticastDelegateUtilities.SafeInvoke: HostProviderEvents.OnHostLaunched: Invoking callback 2/2 for Microsoft.VisualStudio.TestPlatform.CrossPlatEngine.Client.ProxyOperationManager., took 0 ms.
TpTrace Verbose: 0 : 2256, 5, 2024/07/19, 00:16:45.242, 2706906159119, vstest.console.dll, TestRequestSender.WaitForRequestHandlerConnection: waiting for connection with timeout: 90000.
TpTrace Verbose: 0 : 2256, 5, 2024/07/19, 00:16:45.494, 2706908679071, vstest.console.dll, TestRequestSender.WaitForRequestHandlerConnection: waiting took 251 ms, with timeout 90000 ms, and result 0, which is success.
TpTrace Verbose: 0 : 2256, 11, 2024/07/19, 00:16:45.494, 2706908679834, vstest.console.dll, MulticastDelegateUtilities.SafeInvoke: SocketServer: ClientConnected: Invoking callback 1/1 for Microsoft.VisualStudio.TestPlatform.CommunicationUtilities.TestRequestSender., took 0 ms.
TpTrace Verbose: 0 : 2256, 11, 2024/07/19, 00:16:45.494, 2706908683311, vstest.console.dll, SocketServer.OnClientConnected: Client connected for endPoint: 127.0.0.1:54700, starting MessageLoopAsync:
TpTrace Verbose: 0 : 2256, 11, 2024/07/19, 00:16:45.495, 2706908694143, vstest.console.dll, TcpClientExtensions.MessageLoopAsync: Polling on remoteEndPoint: 127.0.0.1:54701 localEndPoint: 127.0.0.1:54700 after 0 ms
TpTrace Verbose: 0 : 2256, 5, 2024/07/19, 00:16:45.496, 2706908702393, vstest.console.dll, TestRequestSender.CheckVersionWithTestHost: Sending check version message: {"MessageType":"ProtocolVersion","Payload":7}
TpTrace Verbose: 0 : 2256, 11, 2024/07/19, 00:16:45.725, 2706910988617, vstest.console.dll, TcpClientExtensions.MessageLoopAsync: NotifyDataAvailable remoteEndPoint: 127.0.0.1:54701 localEndPoint: 127.0.0.1:54700
TpTrace Verbose: 0 : 2256, 11, 2024/07/19, 00:16:45.725, 2706910993316, vstest.console.dll, TestRequestSender.CheckVersionWithTestHost: onMessageReceived received message: (ProtocolVersion) -> {"MessageType":"ProtocolVersion","Payload":5}
TpTrace Verbose: 0 : 2256, 11, 2024/07/19, 00:16:45.726, 2706911007492, vstest.console.dll, MulticastDelegateUtilities.SafeInvoke: LengthPrefixCommunicationChannel: MessageReceived: Invoking callback 1/1 for Microsoft.VisualStudio.TestPlatform.CommunicationUtilities.TestRequestSender+<>c__DisplayClass29_0., took 1 ms.
TpTrace Verbose: 0 : 2256, 5, 2024/07/19, 00:16:45.727, 2706911009284, vstest.console.dll, TestPluginCache.GetExtensionPaths: Filtered extension paths: 
TpTrace Verbose: 0 : 2256, 11, 2024/07/19, 00:16:45.727, 2706911009402, vstest.console.dll, TcpClientExtensions.MessageLoopAsync: Polling on remoteEndPoint: 127.0.0.1:54701 localEndPoint: 127.0.0.1:54700 after 231 ms
TpTrace Verbose: 0 : 2256, 5, 2024/07/19, 00:16:45.727, 2706911011153, vstest.console.dll, TestPluginCache.GetExtensionPaths: Added default extension paths: C:\Program Files\dotnet\sdk\8.0.300\Extensions\Microsoft.Diagnostics.NETCore.Client.dll
C:\Program Files\dotnet\sdk\8.0.300\Extensions\Microsoft.TestPlatform.Extensions.BlameDataCollector.dll
C:\Program Files\dotnet\sdk\8.0.300\Extensions\Microsoft.TestPlatform.Extensions.EventLogCollector.dll
C:\Program Files\dotnet\sdk\8.0.300\Extensions\Microsoft.TestPlatform.TestHostRuntimeProvider.dll
C:\Program Files\dotnet\sdk\8.0.300\Extensions\Microsoft.VisualStudio.TestPlatform.Extensions.Html.TestLogger.dll
C:\Program Files\dotnet\sdk\8.0.300\Extensions\Microsoft.VisualStudio.TestPlatform.Extensions.Trx.TestLogger.dll
TpTrace Verbose: 0 : 2256, 5, 2024/07/19, 00:16:45.727, 2706911013237, vstest.console.dll, TestPluginCache.GetExtensionPaths: Added unfilterableExtensionPaths: 
TpTrace Verbose: 0 : 2256, 5, 2024/07/19, 00:16:45.733, 2706911073619, vstest.console.dll, TestRequestSender.InitializeExecution: Sending initialize execution with message: {"Version":5,"MessageType":"TestExecution.Initialize","Payload":["C:\\Users\\PC\\source\\repos\\ExerciseSeleniumWaits\\SearchWithExplicitWait\\bin\\Debug\\net6.0\\fine-code-coverage\\build-output\\NUnit3.TestAdapter.dll"]}
TpTrace Verbose: 0 : 2256, 5, 2024/07/19, 00:16:45.733, 2706911077529, vstest.console.dll, ParallelProxyExecutionManager.StartTestRunOnConcurrentManager: Execution starting. Started clients: 1
TpTrace Verbose: 0 : 2256, 5, 2024/07/19, 00:16:45.734, 2706911083963, vstest.console.dll, TestRunRequest:SendTestRunMessage: Starting.
TpTrace Verbose: 0 : 2256, 5, 2024/07/19, 00:16:45.734, 2706911087675, vstest.console.dll, MulticastDelegateUtilities.SafeInvoke: TestRun.LogMessages: Invoking callback 1/1 for Microsoft.VisualStudio.TestPlatform.CommandLine.TestRunResultAggregator., took 0 ms.
TpTrace Information: 0 : 2256, 5, 2024/07/19, 00:16:45.735, 2706911088898, vstest.console.dll, TestRunRequest:SendTestRunMessage: Completed.
TpTrace Verbose: 0 : 2256, 4, 2024/07/19, 00:16:45.735, 2706911091273, vstest.console.dll, MulticastDelegateUtilities.SafeInvoke: InternalTestLoggerEvents.SendTestRunMessage: Invoking callback 1/1 for Microsoft.VisualStudio.TestPlatform.CommandLine.Internal.ConsoleLogger., took 0 ms.
TpTrace Warning: 0 : 2256, 5, 2024/07/19, 00:16:45.736, 2706911098614, vstest.console.dll, InferRunSettingsHelper.MakeRunsettingsCompatible: Removing the following settings: TargetPlatform from RunSettings file. To use those settings please move to latest version of Microsoft.NET.Test.Sdk
TpTrace Verbose: 0 : 2256, 5, 2024/07/19, 00:16:45.750, 2706911244720, vstest.console.dll, TestRequestSender.StartTestRun: Sending test run with message: {"Version":5,"MessageType":"TestExecution.StartWithSources","Payload":{"AdapterSourceMap":{"_none_":["C:\\Users\\PC\\source\\repos\\ExerciseSeleniumWaits\\SearchWithExplicitWait\\bin\\Debug\\net6.0\\fine-code-coverage\\build-output\\SearchWithExplicitWait.dll"]},"RunSettings":"<RunSettings>\r\n  <RunConfiguration>\r\n    <ResultsDirectory>C:\\Users\\PC\\source\\repos\\ExerciseSeleniumWaits\\SearchWithExplicitWait\\bin\\Debug\\net6.0\\fine-code-coverage\\coverage-tool-output</ResultsDirectory>\r\n    <TargetFrameworkVersion>.NETCoreApp,Version=v6.0</TargetFrameworkVersion>\r\n    <DesignMode>False</DesignMode>\r\n    <CollectSourceInformation>False</CollectSourceInformation>\r\n  </RunConfiguration>\r\n  <LoggerRunSettings>\r\n    <Loggers>\r\n      <Logger friendlyName=\"blame\" enabled=\"True\" />\r\n      <Logger friendlyName=\"Console\" uri=\"logger://microsoft/TestPlatform/ConsoleLogger/v1\" assemblyQualifiedName=\"Microsoft.VisualStudio.TestPlatform.CommandLine.Internal.ConsoleLogger, vstest.console, Version=15.0.0.0, Culture=neutral, PublicKeyToken=b03f5f7f11d50a3a\" codeBase=\"C:\\Program Files\\dotnet\\sdk\\8.0.300\\vstest.console.dll\" enabled=\"True\" />\r\n    </Loggers>\r\n  </LoggerRunSettings>\r\n  <DataCollectionRunSettings>\r\n    <DataCollectors>\r\n      <DataCollector friendlyName=\"blame\" enabled=\"True\">\r\n        <Configuration>\r\n          <ResultsDirectory>C:\\Users\\PC\\source\\repos\\ExerciseSeleniumWaits\\SearchWithExplicitWait\\bin\\Debug\\net6.0\\fine-code-coverage\\coverage-tool-output</ResultsDirectory>\r\n        </Configuration>\r\n      </DataCollector>\r\n    </DataCollectors>\r\n  </DataCollectionRunSettings>\r\n</RunSettings>","TestExecutionContext":{"FrequencyOfRunStatsChangeEvent":10,"RunStatsChangeEventTimeout":"00:00:01.5000000","InIsolation":false,"KeepAlive":false,"AreTestCaseLevelEventsRequired":false,"IsDebug":false,"TestCaseFilter":null,"FilterOptions":null},"Package":null}}
TpTrace Verbose: 0 : 2256, 5, 2024/07/19, 00:16:45.751, 2706911249085, vstest.console.dll, ParallelProxyExecutionManager.StartTestRunOnConcurrentManager: Execution started. Started clients: 1
TpTrace Verbose: 0 : 2256, 11, 2024/07/19, 00:16:45.752, 2706911263000, vstest.console.dll, TcpClientExtensions.MessageLoopAsync: NotifyDataAvailable remoteEndPoint: 127.0.0.1:54701 localEndPoint: 127.0.0.1:54700
TpTrace Verbose: 0 : 2256, 11, 2024/07/19, 00:16:45.753, 2706911271960, vstest.console.dll, TestRequestSender.OnExecutionMessageReceived: Received message: {"Version":5,"MessageType":"TestSession.Message","Payload":{"MessageLevel":0,"Message":"Logging TestHost Diagnostics in file: C:\\Users\\PC\\source\\repos\\ExerciseSeleniumWaits\\SearchWithExplicitWait\\bin\\Debug\\net6.0\\fine-code-coverage\\coverage-tool-output\\diagnostics.host.24-07-19_00-16-45_22759_5.log"}}
TpTrace Verbose: 0 : 2256, 11, 2024/07/19, 00:16:45.759, 2706911336321, vstest.console.dll, TestRunRequest:SendTestRunMessage: Starting.
TpTrace Verbose: 0 : 2256, 11, 2024/07/19, 00:16:45.760, 2706911339064, vstest.console.dll, MulticastDelegateUtilities.SafeInvoke: TestRun.LogMessages: Invoking callback 1/1 for Microsoft.VisualStudio.TestPlatform.CommandLine.TestRunResultAggregator., took 0 ms.
TpTrace Verbose: 0 : 2256, 4, 2024/07/19, 00:16:45.760, 2706911339143, vstest.console.dll, MulticastDelegateUtilities.SafeInvoke: InternalTestLoggerEvents.SendTestRunMessage: Invoking callback 1/1 for Microsoft.VisualStudio.TestPlatform.CommandLine.Internal.ConsoleLogger., took 0 ms.
TpTrace Information: 0 : 2256, 11, 2024/07/19, 00:16:45.760, 2706911340638, vstest.console.dll, TestRunRequest:SendTestRunMessage: Completed.
TpTrace Verbose: 0 : 2256, 11, 2024/07/19, 00:16:45.760, 2706911343140, vstest.console.dll, MulticastDelegateUtilities.SafeInvoke: LengthPrefixCommunicationChannel: MessageReceived: Invoking callback 1/1 for Microsoft.VisualStudio.TestPlatform.CommunicationUtilities.TestRequestSender+<>c__DisplayClass34_0., took 7 ms.
TpTrace Verbose: 0 : 2256, 11, 2024/07/19, 00:16:45.760, 2706911343990, vstest.console.dll, TcpClientExtensions.MessageLoopAsync: Polling on remoteEndPoint: 127.0.0.1:54701 localEndPoint: 127.0.0.1:54700 after 33 ms
TpTrace Verbose: 0 : 2256, 11, 2024/07/19, 00:16:46.098, 2706914726422, vstest.console.dll, TcpClientExtensions.MessageLoopAsync: NotifyDataAvailable remoteEndPoint: 127.0.0.1:54701 localEndPoint: 127.0.0.1:54700
TpTrace Verbose: 0 : 2256, 11, 2024/07/19, 00:16:46.099, 2706914729496, vstest.console.dll, TestRequestSender.OnExecutionMessageReceived: Received message: {"Version":5,"MessageType":"TestSession.Message","Payload":{"MessageLevel":0,"Message":"NUnit Adapter 4.2.0.0: Test execution started"}}
TpTrace Verbose: 0 : 2256, 11, 2024/07/19, 00:16:46.099, 2706914735779, vstest.console.dll, TestRunRequest:SendTestRunMessage: Starting.
TpTrace Verbose: 0 : 2256, 11, 2024/07/19, 00:16:46.100, 2706914738265, vstest.console.dll, MulticastDelegateUtilities.SafeInvoke: TestRun.LogMessages: Invoking callback 1/1 for Microsoft.VisualStudio.TestPlatform.CommandLine.TestRunResultAggregator., took 0 ms.
TpTrace Verbose: 0 : 2256, 4, 2024/07/19, 00:16:46.100, 2706914738470, vstest.console.dll, MulticastDelegateUtilities.SafeInvoke: InternalTestLoggerEvents.SendTestRunMessage: Invoking callback 1/1 for Microsoft.VisualStudio.TestPlatform.CommandLine.Internal.ConsoleLogger., took 0 ms.
TpTrace Information: 0 : 2256, 11, 2024/07/19, 00:16:46.100, 2706914739531, vstest.console.dll, TestRunRequest:SendTestRunMessage: Completed.
TpTrace Verbose: 0 : 2256, 11, 2024/07/19, 00:16:46.100, 2706914741925, vstest.console.dll, MulticastDelegateUtilities.SafeInvoke: LengthPrefixCommunicationChannel: MessageReceived: Invoking callback 1/1 for Microsoft.VisualStudio.TestPlatform.CommunicationUtilities.TestRequestSender+<>c__DisplayClass34_0., took 1 ms.
TpTrace Verbose: 0 : 2256, 11, 2024/07/19, 00:16:46.100, 2706914743290, vstest.console.dll, TcpClientExtensions.MessageLoopAsync: Polling on remoteEndPoint: 127.0.0.1:54701 localEndPoint: 127.0.0.1:54700 after 339 ms
TpTrace Verbose: 0 : 2256, 11, 2024/07/19, 00:16:46.181, 2706915551472, vstest.console.dll, TcpClientExtensions.MessageLoopAsync: NotifyDataAvailable remoteEndPoint: 127.0.0.1:54701 localEndPoint: 127.0.0.1:54700
TpTrace Verbose: 0 : 2256, 11, 2024/07/19, 00:16:46.181, 2706915554388, vstest.console.dll, TestRequestSender.OnExecutionMessageReceived: Received message: {"Version":5,"MessageType":"TestSession.Message","Payload":{"MessageLevel":0,"Message":"Running all tests in C:\\Users\\PC\\source\\repos\\ExerciseSeleniumWaits\\SearchWithExplicitWait\\bin\\Debug\\net6.0\\fine-code-coverage\\build-output\\SearchWithExplicitWait.dll"}}
TpTrace Verbose: 0 : 2256, 11, 2024/07/19, 00:16:46.181, 2706915557664, vstest.console.dll, TestRunRequest:SendTestRunMessage: Starting.
TpTrace Verbose: 0 : 2256, 11, 2024/07/19, 00:16:46.182, 2706915559783, vstest.console.dll, MulticastDelegateUtilities.SafeInvoke: TestRun.LogMessages: Invoking callback 1/1 for Microsoft.VisualStudio.TestPlatform.CommandLine.TestRunResultAggregator., took 0 ms.
TpTrace Verbose: 0 : 2256, 4, 2024/07/19, 00:16:46.182, 2706915560015, vstest.console.dll, MulticastDelegateUtilities.SafeInvoke: InternalTestLoggerEvents.SendTestRunMessage: Invoking callback 1/1 for Microsoft.VisualStudio.TestPlatform.CommandLine.Internal.ConsoleLogger., took 0 ms.
TpTrace Information: 0 : 2256, 11, 2024/07/19, 00:16:46.182, 2706915561034, vstest.console.dll, TestRunRequest:SendTestRunMessage: Completed.
TpTrace Verbose: 0 : 2256, 11, 2024/07/19, 00:16:46.182, 2706915563351, vstest.console.dll, MulticastDelegateUtilities.SafeInvoke: LengthPrefixCommunicationChannel: MessageReceived: Invoking callback 1/1 for Microsoft.VisualStudio.TestPlatform.CommunicationUtilities.TestRequestSender+<>c__DisplayClass34_0., took 0 ms.
TpTrace Verbose: 0 : 2256, 11, 2024/07/19, 00:16:46.182, 2706915564550, vstest.console.dll, TcpClientExtensions.MessageLoopAsync: Polling on remoteEndPoint: 127.0.0.1:54701 localEndPoint: 127.0.0.1:54700 after 82 ms
TpTrace Verbose: 0 : 2256, 11, 2024/07/19, 00:16:46.486, 2706918602043, vstest.console.dll, TcpClientExtensions.MessageLoopAsync: NotifyDataAvailable remoteEndPoint: 127.0.0.1:54701 localEndPoint: 127.0.0.1:54700
TpTrace Verbose: 0 : 2256, 11, 2024/07/19, 00:16:46.486, 2706918606172, vstest.console.dll, TestRequestSender.OnExecutionMessageReceived: Received message: {"Version":5,"MessageType":"TestSession.Message","Payload":{"MessageLevel":0,"Message":"   NUnit3TestExecutor discovered 2 of 2 NUnit test cases using Current Discovery mode, Non-Explicit run"}}
TpTrace Verbose: 0 : 2256, 11, 2024/07/19, 00:16:46.487, 2706918609339, vstest.console.dll, TestRunRequest:SendTestRunMessage: Starting.
TpTrace Verbose: 0 : 2256, 11, 2024/07/19, 00:16:46.487, 2706918611431, vstest.console.dll, MulticastDelegateUtilities.SafeInvoke: TestRun.LogMessages: Invoking callback 1/1 for Microsoft.VisualStudio.TestPlatform.CommandLine.TestRunResultAggregator., took 0 ms.
TpTrace Verbose: 0 : 2256, 4, 2024/07/19, 00:16:46.487, 2706918611597, vstest.console.dll, MulticastDelegateUtilities.SafeInvoke: InternalTestLoggerEvents.SendTestRunMessage: Invoking callback 1/1 for Microsoft.VisualStudio.TestPlatform.CommandLine.Internal.ConsoleLogger., took 0 ms.
TpTrace Information: 0 : 2256, 11, 2024/07/19, 00:16:46.487, 2706918612955, vstest.console.dll, TestRunRequest:SendTestRunMessage: Completed.
TpTrace Verbose: 0 : 2256, 11, 2024/07/19, 00:16:46.487, 2706918615179, vstest.console.dll, MulticastDelegateUtilities.SafeInvoke: LengthPrefixCommunicationChannel: MessageReceived: Invoking callback 1/1 for Microsoft.VisualStudio.TestPlatform.CommunicationUtilities.TestRequestSender+<>c__DisplayClass34_0., took 0 ms.
TpTrace Verbose: 0 : 2256, 11, 2024/07/19, 00:16:46.487, 2706918616471, vstest.console.dll, TcpClientExtensions.MessageLoopAsync: Polling on remoteEndPoint: 127.0.0.1:54701 localEndPoint: 127.0.0.1:54700 after 305 ms
TpTrace Verbose: 0 : 2256, 11, 2024/07/19, 00:16:47.440, 2706928147144, vstest.console.dll, TcpClientExtensions.MessageLoopAsync: NotifyDataAvailable remoteEndPoint: 127.0.0.1:54701 localEndPoint: 127.0.0.1:54700
TpTrace Verbose: 0 : 2256, 11, 2024/07/19, 00:16:47.441, 2706928149942, vstest.console.dll, TestRequestSender.OnExecutionMessageReceived: Received message: {"Version":5,"MessageType":"TestExecution.StatsChange","Payload":{"NewTestResults":[],"TestRunStatistics":{"ExecutedTests":0,"Stats":{}},"ActiveTests":[{"Id":"4dde992e-dbea-a815-b35b-3fa24a4e5b73","FullyQualifiedName":"SearchWithExplicitWait.TestsSearchWithExplicitWait.SearchProduct_Keyboard_ShouldAddToCart","DisplayName":"SearchProduct_Keyboard_ShouldAddToCart","ExecutorUri":"executor://NUnit3TestExecutor","Source":"C:\\Users\\PC\\source\\repos\\ExerciseSeleniumWaits\\SearchWithExplicitWait\\bin\\Debug\\net6.0\\fine-code-coverage\\build-output\\SearchWithExplicitWait.dll","CodeFilePath":null,"LineNumber":0,"Properties":[{"Key":{"Id":"NUnit.Seed","Label":"Seed","Category":"","Description":"","Attributes":0,"ValueType":"System.String"},"Value":"167191644"}]}]}}
TpTrace Verbose: 0 : 2256, 11, 2024/07/19, 00:16:47.494, 2706928681533, vstest.console.dll, TestRunRequest:SendTestRunStatsChange: Starting.
TpTrace Verbose: 0 : 2256, 11, 2024/07/19, 00:16:47.494, 2706928684940, vstest.console.dll, InProgress is SearchProduct_Keyboard_ShouldAddToCart
TpTrace Verbose: 0 : 2256, 11, 2024/07/19, 00:16:47.494, 2706928687658, vstest.console.dll, MulticastDelegateUtilities.SafeInvoke: TestRun.RunStatsChanged: Invoking callbacks was skipped because there are no subscribers.
TpTrace Information: 0 : 2256, 11, 2024/07/19, 00:16:47.495, 2706928688753, vstest.console.dll, TestRunRequest:SendTestRunStatsChange: Completed.
TpTrace Verbose: 0 : 2256, 11, 2024/07/19, 00:16:47.495, 2706928689900, vstest.console.dll, MulticastDelegateUtilities.SafeInvoke: LengthPrefixCommunicationChannel: MessageReceived: Invoking callback 1/1 for Microsoft.VisualStudio.TestPlatform.CommunicationUtilities.TestRequestSender+<>c__DisplayClass34_0., took 54 ms.
TpTrace Verbose: 0 : 2256, 11, 2024/07/19, 00:16:47.495, 2706928691007, vstest.console.dll, TcpClientExtensions.MessageLoopAsync: Polling on remoteEndPoint: 127.0.0.1:54701 localEndPoint: 127.0.0.1:54700 after 1007 ms
TpTrace Verbose: 0 : 2256, 11, 2024/07/19, 00:16:48.498, 2706938726736, vstest.console.dll, TcpClientExtensions.MessageLoopAsync: Polling on remoteEndPoint: 127.0.0.1:54701 localEndPoint: 127.0.0.1:54700 after 1003 ms
TpTrace Verbose: 0 : 2256, 11, 2024/07/19, 00:16:49.501, 2706948757352, vstest.console.dll, TcpClientExtensions.MessageLoopAsync: Polling on remoteEndPoint: 127.0.0.1:54701 localEndPoint: 127.0.0.1:54700 after 1002 ms
TpTrace Verbose: 0 : 2256, 11, 2024/07/19, 00:16:50.503, 2706958771339, vstest.console.dll, TcpClientExtensions.MessageLoopAsync: Polling on remoteEndPoint: 127.0.0.1:54701 localEndPoint: 127.0.0.1:54700 after 1001 ms
TpTrace Verbose: 0 : 2256, 11, 2024/07/19, 00:16:51.563, 2706969372626, vstest.console.dll, TcpClientExtensions.MessageLoopAsync: Polling on remoteEndPoint: 127.0.0.1:54701 localEndPoint: 127.0.0.1:54700 after 1059 ms
TpTrace Verbose: 0 : 2256, 11, 2024/07/19, 00:16:52.570, 2706979446335, vstest.console.dll, TcpClientExtensions.MessageLoopAsync: Polling on remoteEndPoint: 127.0.0.1:54701 localEndPoint: 127.0.0.1:54700 after 1007 ms
TpTrace Verbose: 0 : 2256, 11, 2024/07/19, 00:16:53.353, 2706987276533, vstest.console.dll, TcpClientExtensions.MessageLoopAsync: NotifyDataAvailable remoteEndPoint: 127.0.0.1:54701 localEndPoint: 127.0.0.1:54700
TpTrace Verbose: 0 : 2256, 11, 2024/07/19, 00:16:53.354, 2706987280057, vstest.console.dll, TestRequestSender.OnExecutionMessageReceived: Received message: {"Version":5,"MessageType":"TestSession.Message","Payload":{"MessageLevel":1,"Message":"Scenario completed\r\n"}}
TpTrace Verbose: 0 : 2256, 11, 2024/07/19, 00:16:53.354, 2706987282818, vstest.console.dll, TestRunRequest:SendTestRunMessage: Starting.
TpTrace Verbose: 0 : 2256, 11, 2024/07/19, 00:16:53.354, 2706987284720, vstest.console.dll, MulticastDelegateUtilities.SafeInvoke: TestRun.LogMessages: Invoking callback 1/1 for Microsoft.VisualStudio.TestPlatform.CommandLine.TestRunResultAggregator., took 0 ms.
TpTrace Information: 0 : 2256, 11, 2024/07/19, 00:16:53.354, 2706987285640, vstest.console.dll, TestRunRequest:SendTestRunMessage: Completed.
TpTrace Verbose: 0 : 2256, 11, 2024/07/19, 00:16:53.354, 2706987286475, vstest.console.dll, MulticastDelegateUtilities.SafeInvoke: LengthPrefixCommunicationChannel: MessageReceived: Invoking callback 1/1 for Microsoft.VisualStudio.TestPlatform.CommunicationUtilities.TestRequestSender+<>c__DisplayClass34_0., took 0 ms.
TpTrace Verbose: 0 : 2256, 11, 2024/07/19, 00:16:53.354, 2706987287339, vstest.console.dll, TcpClientExtensions.MessageLoopAsync: Polling on remoteEndPoint: 127.0.0.1:54701 localEndPoint: 127.0.0.1:54700 after 783 ms
TpTrace Verbose: 0 : 2256, 4, 2024/07/19, 00:16:53.355, 2706987295919, vstest.console.dll, MulticastDelegateUtilities.SafeInvoke: InternalTestLoggerEvents.SendTestRunMessage: Invoking callback 1/1 for Microsoft.VisualStudio.TestPlatform.CommandLine.Internal.ConsoleLogger., took 0 ms.
TpTrace Verbose: 0 : 2256, 11, 2024/07/19, 00:16:53.433, 2706988072683, vstest.console.dll, TcpClientExtensions.MessageLoopAsync: NotifyDataAvailable remoteEndPoint: 127.0.0.1:54701 localEndPoint: 127.0.0.1:54700
TpTrace Verbose: 0 : 2256, 11, 2024/07/19, 00:16:53.433, 2706988077092, vstest.console.dll, TestRequestSender.OnExecutionMessageReceived: Received message: {"Version":5,"MessageType":"TestExecution.StatsChange","Payload":{"NewTestResults":[{"TestCase":{"Id":"4dde992e-dbea-a815-b35b-3fa24a4e5b73","FullyQualifiedName":"SearchWithExplicitWait.TestsSearchWithExplicitWait.SearchProduct_Keyboard_ShouldAddToCart","DisplayName":"SearchProduct_Keyboard_ShouldAddToCart","ExecutorUri":"executor://NUnit3TestExecutor","Source":"C:\\Users\\PC\\source\\repos\\ExerciseSeleniumWaits\\SearchWithExplicitWait\\bin\\Debug\\net6.0\\fine-code-coverage\\build-output\\SearchWithExplicitWait.dll","CodeFilePath":null,"LineNumber":0,"Properties":[{"Key":{"Id":"NUnit.Seed","Label":"Seed","Category":"","Description":"","Attributes":0,"ValueType":"System.String"},"Value":"167191644"}]},"Attachments":[],"Outcome":1,"ErrorMessage":null,"ErrorStackTrace":null,"DisplayName":"SearchProduct_Keyboard_ShouldAddToCart","Messages":[{"Category":"StdOutMsgs","Text":"Scenario completed\r\n"}],"ComputerName":"DESKTOP-78QNQ9Q","Duration":"00:00:06.7854890","StartTime":"2024-07-18T21:16:46.5424484+00:00","EndTime":"2024-07-18T21:16:53.327773+00:00","Properties":[{"Key":{"Id":"NUnit.Seed","Label":"Seed","Category":"","Description":"","Attributes":0,"ValueType":"System.String"},"Value":"167191644"}]}],"TestRunStatistics":{"ExecutedTests":1,"Stats":{"Passed":1}},"ActiveTests":[{"Id":"030c8af0-65ae-11a2-b4a4-4ee11cba073a","FullyQualifiedName":"SearchWithExplicitWait.TestsSearchWithExplicitWait.SearchProduct_Junk_ShouldThrowNoSuchElementExeption","DisplayName":"SearchProduct_Junk_ShouldThrowNoSuchElementExeption","ExecutorUri":"executor://NUnit3TestExecutor","Source":"C:\\Users\\PC\\source\\repos\\ExerciseSeleniumWaits\\SearchWithExplicitWait\\bin\\Debug\\net6.0\\fine-code-coverage\\build-output\\SearchWithExplicitWait.dll","CodeFilePath":null,"LineNumber":0,"Properties":[{"Key":{"Id":"NUnit.Seed","Label":"Seed","Category":"","Description":"","Attributes":0,"ValueType":"System.String"},"Value":"1588797710"}]}]}}
TpTrace Verbose: 0 : 2256, 11, 2024/07/19, 00:16:53.455, 2706988295682, vstest.console.dll, TestRunRequest:SendTestRunStatsChange: Starting.
TpTrace Verbose: 0 : 2256, 11, 2024/07/19, 00:16:53.455, 2706988297331, vstest.console.dll, InProgress is SearchProduct_Junk_ShouldThrowNoSuchElementExeption
TpTrace Verbose: 0 : 2256, 11, 2024/07/19, 00:16:53.456, 2706988302780, vstest.console.dll, MulticastDelegateUtilities.SafeInvoke: TestRun.RunStatsChanged: Invoking callbacks was skipped because there are no subscribers.
TpTrace Information: 0 : 2256, 11, 2024/07/19, 00:16:53.456, 2706988304046, vstest.console.dll, TestRunRequest:SendTestRunStatsChange: Completed.
TpTrace Verbose: 0 : 2256, 11, 2024/07/19, 00:16:53.456, 2706988305266, vstest.console.dll, MulticastDelegateUtilities.SafeInvoke: LengthPrefixCommunicationChannel: MessageReceived: Invoking callback 1/1 for Microsoft.VisualStudio.TestPlatform.CommunicationUtilities.TestRequestSender+<>c__DisplayClass34_0., took 22 ms.
TpTrace Verbose: 0 : 2256, 11, 2024/07/19, 00:16:53.456, 2706988306317, vstest.console.dll, TcpClientExtensions.MessageLoopAsync: Polling on remoteEndPoint: 127.0.0.1:54701 localEndPoint: 127.0.0.1:54700 after 101 ms
TpTrace Verbose: 0 : 2256, 4, 2024/07/19, 00:16:53.461, 2706988354214, vstest.console.dll, MulticastDelegateUtilities.SafeInvoke: InternalTestLoggerEvents.SendTestResult: Invoking callback 1/1 for Microsoft.VisualStudio.TestPlatform.CommandLine.Internal.ConsoleLogger., took 5 ms.
TpTrace Verbose: 0 : 2256, 11, 2024/07/19, 00:16:54.457, 2706998308302, vstest.console.dll, TcpClientExtensions.MessageLoopAsync: Polling on remoteEndPoint: 127.0.0.1:54701 localEndPoint: 127.0.0.1:54700 after 1000 ms
TpTrace Verbose: 0 : 2256, 11, 2024/07/19, 00:16:55.469, 2707008432080, vstest.console.dll, TcpClientExtensions.MessageLoopAsync: Polling on remoteEndPoint: 127.0.0.1:54701 localEndPoint: 127.0.0.1:54700 after 1012 ms
TpTrace Verbose: 0 : 2256, 11, 2024/07/19, 00:16:56.472, 2707018462229, vstest.console.dll, TcpClientExtensions.MessageLoopAsync: Polling on remoteEndPoint: 127.0.0.1:54701 localEndPoint: 127.0.0.1:54700 after 1002 ms
TpTrace Verbose: 0 : 2256, 11, 2024/07/19, 00:16:57.476, 2707028502194, vstest.console.dll, TcpClientExtensions.MessageLoopAsync: Polling on remoteEndPoint: 127.0.0.1:54701 localEndPoint: 127.0.0.1:54700 after 1003 ms
TpTrace Verbose: 0 : 2256, 11, 2024/07/19, 00:16:58.478, 2707038520725, vstest.console.dll, TcpClientExtensions.MessageLoopAsync: Polling on remoteEndPoint: 127.0.0.1:54701 localEndPoint: 127.0.0.1:54700 after 1001 ms
TpTrace Verbose: 0 : 2256, 11, 2024/07/19, 00:16:59.479, 2707048532946, vstest.console.dll, TcpClientExtensions.MessageLoopAsync: Polling on remoteEndPoint: 127.0.0.1:54701 localEndPoint: 127.0.0.1:54700 after 1000 ms
TpTrace Verbose: 0 : 2256, 11, 2024/07/19, 00:17:00.482, 2707058564674, vstest.console.dll, TcpClientExtensions.MessageLoopAsync: Polling on remoteEndPoint: 127.0.0.1:54701 localEndPoint: 127.0.0.1:54700 after 1002 ms
TpTrace Verbose: 0 : 2256, 11, 2024/07/19, 00:17:01.497, 2707068712286, vstest.console.dll, TcpClientExtensions.MessageLoopAsync: Polling on remoteEndPoint: 127.0.0.1:54701 localEndPoint: 127.0.0.1:54700 after 1014 ms
TpTrace Verbose: 0 : 2256, 11, 2024/07/19, 00:17:02.500, 2707078742513, vstest.console.dll, TcpClientExtensions.MessageLoopAsync: Polling on remoteEndPoint: 127.0.0.1:54701 localEndPoint: 127.0.0.1:54700 after 1002 ms
TpTrace Verbose: 0 : 2256, 11, 2024/07/19, 00:17:03.503, 2707088772854, vstest.console.dll, TcpClientExtensions.MessageLoopAsync: Polling on remoteEndPoint: 127.0.0.1:54701 localEndPoint: 127.0.0.1:54700 after 1002 ms
TpTrace Verbose: 0 : 2256, 11, 2024/07/19, 00:17:04.509, 2707098828282, vstest.console.dll, TcpClientExtensions.MessageLoopAsync: Polling on remoteEndPoint: 127.0.0.1:54701 localEndPoint: 127.0.0.1:54700 after 1005 ms
TpTrace Verbose: 0 : 2256, 11, 2024/07/19, 00:17:05.512, 2707108867952, vstest.console.dll, TcpClientExtensions.MessageLoopAsync: Polling on remoteEndPoint: 127.0.0.1:54701 localEndPoint: 127.0.0.1:54700 after 1003 ms
TpTrace Verbose: 0 : 2256, 11, 2024/07/19, 00:17:06.514, 2707118878417, vstest.console.dll, TcpClientExtensions.MessageLoopAsync: Polling on remoteEndPoint: 127.0.0.1:54701 localEndPoint: 127.0.0.1:54700 after 1000 ms
TpTrace Verbose: 0 : 2256, 11, 2024/07/19, 00:17:07.514, 2707128878337, vstest.console.dll, TcpClientExtensions.MessageLoopAsync: Polling on remoteEndPoint: 127.0.0.1:54701 localEndPoint: 127.0.0.1:54700 after 999 ms
TpTrace Verbose: 0 : 2256, 11, 2024/07/19, 00:17:08.528, 2707139027929, vstest.console.dll, TcpClientExtensions.MessageLoopAsync: Polling on remoteEndPoint: 127.0.0.1:54701 localEndPoint: 127.0.0.1:54700 after 1014 ms
TpTrace Verbose: 0 : 2256, 11, 2024/07/19, 00:17:09.530, 2707149048018, vstest.console.dll, TcpClientExtensions.MessageLoopAsync: Polling on remoteEndPoint: 127.0.0.1:54701 localEndPoint: 127.0.0.1:54700 after 1001 ms
TpTrace Verbose: 0 : 2256, 11, 2024/07/19, 00:17:09.757, 2707151312052, vstest.console.dll, TcpClientExtensions.MessageLoopAsync: NotifyDataAvailable remoteEndPoint: 127.0.0.1:54701 localEndPoint: 127.0.0.1:54700
TpTrace Verbose: 0 : 2256, 11, 2024/07/19, 00:17:09.757, 2707151315083, vstest.console.dll, TestRequestSender.OnExecutionMessageReceived: Received message: {"Version":5,"MessageType":"TestSession.Message","Payload":{"MessageLevel":0,"Message":"SearchProduct_Junk_ShouldThrowNoSuchElementExeption: Expected WebDriverTimeoutException was thrown."}}
TpTrace Verbose: 0 : 2256, 11, 2024/07/19, 00:17:09.757, 2707151317590, vstest.console.dll, TestRunRequest:SendTestRunMessage: Starting.
TpTrace Verbose: 0 : 2256, 11, 2024/07/19, 00:17:09.758, 2707151318943, vstest.console.dll, MulticastDelegateUtilities.SafeInvoke: TestRun.LogMessages: Invoking callback 1/1 for Microsoft.VisualStudio.TestPlatform.CommandLine.TestRunResultAggregator., took 0 ms.
TpTrace Information: 0 : 2256, 11, 2024/07/19, 00:17:09.758, 2707151319724, vstest.console.dll, TestRunRequest:SendTestRunMessage: Completed.
TpTrace Verbose: 0 : 2256, 11, 2024/07/19, 00:17:09.758, 2707151320514, vstest.console.dll, MulticastDelegateUtilities.SafeInvoke: LengthPrefixCommunicationChannel: MessageReceived: Invoking callback 1/1 for Microsoft.VisualStudio.TestPlatform.CommunicationUtilities.TestRequestSender+<>c__DisplayClass34_0., took 0 ms.
TpTrace Verbose: 0 : 2256, 11, 2024/07/19, 00:17:09.758, 2707151321587, vstest.console.dll, TcpClientExtensions.MessageLoopAsync: Polling on remoteEndPoint: 127.0.0.1:54701 localEndPoint: 127.0.0.1:54700 after 227 ms
TpTrace Verbose: 0 : 2256, 4, 2024/07/19, 00:17:09.758, 2707151323228, vstest.console.dll, MulticastDelegateUtilities.SafeInvoke: InternalTestLoggerEvents.SendTestRunMessage: Invoking callback 1/1 for Microsoft.VisualStudio.TestPlatform.CommandLine.Internal.ConsoleLogger., took 0 ms.
TpTrace Verbose: 0 : 2256, 11, 2024/07/19, 00:17:09.775, 2707151494371, vstest.console.dll, TcpClientExtensions.MessageLoopAsync: NotifyDataAvailable remoteEndPoint: 127.0.0.1:54701 localEndPoint: 127.0.0.1:54700
TpTrace Verbose: 0 : 2256, 11, 2024/07/19, 00:17:09.775, 2707151496320, vstest.console.dll, TestRequestSender.OnExecutionMessageReceived: Received message: {"Version":5,"MessageType":"TestSession.Message","Payload":{"MessageLevel":0,"Message":"NUnit Adapter 4.2.0.0: Test execution complete"}}
TpTrace Verbose: 0 : 2256, 11, 2024/07/19, 00:17:09.776, 2707151498361, vstest.console.dll, TestRunRequest:SendTestRunMessage: Starting.
TpTrace Verbose: 0 : 2256, 11, 2024/07/19, 00:17:09.776, 2707151499654, vstest.console.dll, MulticastDelegateUtilities.SafeInvoke: TestRun.LogMessages: Invoking callback 1/1 for Microsoft.VisualStudio.TestPlatform.CommandLine.TestRunResultAggregator., took 0 ms.
TpTrace Verbose: 0 : 2256, 4, 2024/07/19, 00:17:09.776, 2707151499984, vstest.console.dll, MulticastDelegateUtilities.SafeInvoke: InternalTestLoggerEvents.SendTestRunMessage: Invoking callback 1/1 for Microsoft.VisualStudio.TestPlatform.CommandLine.Internal.ConsoleLogger., took 0 ms.
TpTrace Information: 0 : 2256, 11, 2024/07/19, 00:17:09.776, 2707151500422, vstest.console.dll, TestRunRequest:SendTestRunMessage: Completed.
TpTrace Verbose: 0 : 2256, 11, 2024/07/19, 00:17:09.776, 2707151501916, vstest.console.dll, MulticastDelegateUtilities.SafeInvoke: LengthPrefixCommunicationChannel: MessageReceived: Invoking callback 1/1 for Microsoft.VisualStudio.TestPlatform.CommunicationUtilities.TestRequestSender+<>c__DisplayClass34_0., took 0 ms.
TpTrace Verbose: 0 : 2256, 11, 2024/07/19, 00:17:09.776, 2707151502419, vstest.console.dll, TcpClientExtensions.MessageLoopAsync: Polling on remoteEndPoint: 127.0.0.1:54701 localEndPoint: 127.0.0.1:54700 after 18 ms
TpTrace Verbose: 0 : 2256, 11, 2024/07/19, 00:17:09.801, 2707151752986, vstest.console.dll, TcpClientExtensions.MessageLoopAsync: NotifyDataAvailable remoteEndPoint: 127.0.0.1:54701 localEndPoint: 127.0.0.1:54700
TpTrace Verbose: 0 : 2256, 11, 2024/07/19, 00:17:09.801, 2707151755464, vstest.console.dll, TestRequestSender.OnExecutionMessageReceived: Received message: {"Version":5,"MessageType":"TestExecution.Completed","Payload":{"TestRunCompleteArgs":{"TestRunStatistics":{"ExecutedTests":2,"Stats":{"Passed":2}},"IsCanceled":false,"IsAborted":false,"Error":null,"AttachmentSets":[],"ElapsedTimeInRunningTests":"00:00:23.7228864","Metrics":{}},"LastRunTests":{"NewTestResults":[{"TestCase":{"Id":"030c8af0-65ae-11a2-b4a4-4ee11cba073a","FullyQualifiedName":"SearchWithExplicitWait.TestsSearchWithExplicitWait.SearchProduct_Junk_ShouldThrowNoSuchElementExeption","DisplayName":"SearchProduct_Junk_ShouldThrowNoSuchElementExeption","ExecutorUri":"executor://NUnit3TestExecutor","Source":"C:\\Users\\PC\\source\\repos\\ExerciseSeleniumWaits\\SearchWithExplicitWait\\bin\\Debug\\net6.0\\fine-code-coverage\\build-output\\SearchWithExplicitWait.dll","CodeFilePath":null,"LineNumber":0,"Properties":[{"Key":{"Id":"NUnit.Seed","Label":"Seed","Category":"","Description":"","Attributes":0,"ValueType":"System.String"},"Value":"1588797710"}]},"Attachments":[],"Outcome":1,"ErrorMessage":null,"ErrorStackTrace":null,"DisplayName":"SearchProduct_Junk_ShouldThrowNoSuchElementExeption","Messages":[{"Category":"StdOutMsgs","Text":"Expected WebDriverTimeoutException was thrown."}],"ComputerName":"DESKTOP-78QNQ9Q","Duration":"00:00:16.4254170","StartTime":"2024-07-18T21:16:53.3306227+00:00","EndTime":"2024-07-18T21:17:09.7560402+00:00","Properties":[{"Key":{"Id":"NUnit.Seed","Label":"Seed","Category":"","Description":"","Attributes":0,"ValueType":"System.String"},"Value":"1588797710"}]}],"TestRunStatistics":{"ExecutedTests":2,"Stats":{"Passed":2}},"ActiveTests":[]},"RunAttachments":[],"ExecutorUris":["executor://nunit3testexecutor/"]}}
TpTrace Verbose: 0 : 2256, 11, 2024/07/19, 00:17:09.801, 2707151757267, vstest.console.dll, TestRequestSender.EndSession: Sending end session.
TpTrace Verbose: 0 : 2256, 11, 2024/07/19, 00:17:09.802, 2707151760043, vstest.console.dll, ProxyOperationManager.Close: waiting for test host to exit for 100 ms
TpTrace Verbose: 0 : 2256, 10, 2024/07/19, 00:17:09.817, 2707151917423, vstest.console.dll, TestHostManagerCallbacks.ctor: Experimental forwarding output is disabled.
TpTrace Warning: 0 : 2256, 10, 2024/07/19, 00:17:09.818, 2707151918994, vstest.console.dll, TestHostManagerCallbacks.ErrorReceivedCallback Test host standard error line: 
TpTrace Verbose: 0 : 2256, 10, 2024/07/19, 00:17:09.843, 2707152175146, vstest.console.dll, TestHostProvider.ExitCallBack: Host exited starting callback.
TpTrace Information: 0 : 2256, 10, 2024/07/19, 00:17:09.843, 2707152176993, vstest.console.dll, TestHostManagerCallbacks.ExitCallBack: Testhost processId: 4576 exited with exitcode: 0 error: ''
TpTrace Verbose: 0 : 2256, 10, 2024/07/19, 00:17:09.843, 2707152177676, vstest.console.dll, DotnetTestHostManager.OnHostExited: invoking OnHostExited callback
TpTrace Verbose: 0 : 2256, 10, 2024/07/19, 00:17:09.844, 2707152178631, vstest.console.dll, CrossPlatEngine.TestHostManagerHostExited: calling on client process exit callback.
TpTrace Information: 0 : 2256, 10, 2024/07/19, 00:17:09.844, 2707152179644, vstest.console.dll, TestRequestSender.OnClientProcessExit: Test host process exited. Standard error: 
TpTrace Information: 0 : 2256, 11, 2024/07/19, 00:17:09.844, 2707152180307, vstest.console.dll, SocketServer.Stop: Stop server endPoint: 127.0.0.1:54700
TpTrace Information: 0 : 2256, 10, 2024/07/19, 00:17:09.844, 2707152181059, vstest.console.dll, SocketServer.Stop: Stop server endPoint: 127.0.0.1:54700
TpTrace Information: 0 : 2256, 11, 2024/07/19, 00:17:09.844, 2707152181080, vstest.console.dll, SocketServer.Stop: Cancellation requested. Stopping message loop.
TpTrace Information: 0 : 2256, 10, 2024/07/19, 00:17:09.844, 2707152181800, vstest.console.dll, SocketServer.Stop: Cancellation requested. Stopping message loop.
TpTrace Verbose: 0 : 2256, 10, 2024/07/19, 00:17:09.844, 2707152183682, vstest.console.dll, MulticastDelegateUtilities.SafeInvoke: HostProviderEvents.OnHostExited: Invoking callback 1/1 for Microsoft.VisualStudio.TestPlatform.CrossPlatEngine.Client.ProxyOperationManager., took 0 ms.
TpTrace Information: 0 : 2256, 11, 2024/07/19, 00:17:09.844, 2707152184312, vstest.console.dll, Closing the connection
TpTrace Verbose: 0 : 2256, 11, 2024/07/19, 00:17:09.844, 2707152187724, vstest.console.dll, ProxyDataCollectionManager.InvokeDataCollectionServiceAction: Starting.
TpTrace Information: 0 : 2256, 11, 2024/07/19, 00:17:09.845, 2707152188304, vstest.console.dll, ProxyDataCollectionManager.AfterTestRunEnd: Get attachment set and invoked data collectors processId: 1352 port: 54697
TpTrace Verbose: 0 : 2256, 11, 2024/07/19, 00:17:09.845, 2707152190471, vstest.console.dll, DataCollectionRequestSender.SendAfterTestRunStartAndGetResult: Send AfterTestRunEnd message with isCancelled: False
TpTrace Verbose: 0 : 2256, 11, 2024/07/19, 00:17:09.854, 2707152282631, vstest.console.dll, DataCollectionRequestSender.SendAfterTestRunStartAndGetResult: Received message: (DataCollection.AfterTestRunEndResult) -> {"MessageType":"DataCollection.AfterTestRunEndResult","Payload":{"AttachmentSets":[],"InvokedDataCollectors":[{"Uri":"datacollector://Microsoft/TestPlatform/Extensions/Blame/v1","FriendlyName":"Blame","AssemblyQualifiedName":"Microsoft.TestPlatform.Extensions.BlameDataCollector.BlameCollector, Microsoft.TestPlatform.Extensions.BlameDataCollector, Version=15.0.0.0, Culture=neutral, PublicKeyToken=b03f5f7f11d50a3a","FilePath":"C:\\Program Files\\dotnet\\sdk\\8.0.300\\Extensions\\Microsoft.TestPlatform.Extensions.BlameDataCollector.dll","HasAttachmentProcessor":false}],"Metrics":{}}}
TpTrace Warning: 0 : 2256, 7, 2024/07/19, 00:17:09.862, 2707152362905, vstest.console.dll, DataCollectionLauncher.ErrorReceivedCallback datacollector standard error line: 
TpTrace Information: 0 : 2256, 11, 2024/07/19, 00:17:09.864, 2707152380500, vstest.console.dll, ProxyDataCollectionManager.InvokeDataCollectionServiceAction: Completed.
TpTrace Information: 0 : 2256, 7, 2024/07/19, 00:17:09.885, 2707152592905, vstest.console.dll, DataCollectionLauncher.ExitCallBack: Data collector exited with exitcode: 0 error: ''
TpTrace Verbose: 0 : 2256, 11, 2024/07/19, 00:17:09.931, 2707153049218, vstest.console.dll, TestRunRequest:SendTestRunStatsChange: Starting.
TpTrace Verbose: 0 : 2256, 11, 2024/07/19, 00:17:09.931, 2707153051741, vstest.console.dll, MulticastDelegateUtilities.SafeInvoke: TestRun.RunStatsChanged: Invoking callbacks was skipped because there are no subscribers.
TpTrace Information: 0 : 2256, 11, 2024/07/19, 00:17:09.931, 2707153052783, vstest.console.dll, TestRunRequest:SendTestRunStatsChange: Completed.
TpTrace Verbose: 0 : 2256, 4, 2024/07/19, 00:17:09.931, 2707153053489, vstest.console.dll, MulticastDelegateUtilities.SafeInvoke: InternalTestLoggerEvents.SendTestResult: Invoking callback 1/1 for Microsoft.VisualStudio.TestPlatform.CommandLine.Internal.ConsoleLogger., took 0 ms.
TpTrace Verbose: 0 : 2256, 11, 2024/07/19, 00:17:09.932, 2707153061183, vstest.console.dll, ParallelProxyExecutionManager: HandlePartialRunComplete: Total workloads = 1, Total started clients = 1 Total completed clients = 1, Run complete = True, Run canceled: False.
TpTrace Verbose: 0 : 2256, 11, 2024/07/19, 00:17:09.932, 2707153062240, vstest.console.dll, ParallelProxyExecutionManager: HandlePartialRunComplete: All runs completed stopping all managers.
TpTrace Verbose: 0 : 2256, 11, 2024/07/19, 00:17:09.932, 2707153063422, vstest.console.dll, ParallelOperationManager.StopAllManagers: Stopping all managers.
TpTrace Verbose: 0 : 2256, 11, 2024/07/19, 00:17:09.932, 2707153064447, vstest.console.dll, ParallelOperationManager.ClearSlots: Clearing all slots. Slots should accept more work: False
TpTrace Verbose: 0 : 2256, 11, 2024/07/19, 00:17:09.932, 2707153065970, vstest.console.dll, ParallelOperationManager.SetOccupiedSlotCount: Setting slot counts AvailableSlotCount = 1, OccupiedSlotCount = 0.
TpTrace Verbose: 0 : 2256, 11, 2024/07/19, 00:17:09.932, 2707153067853, vstest.console.dll, Occupied slots:

TpTrace Verbose: 0 : 2256, 4, 2024/07/19, 00:17:09.955, 2707153289305, vstest.console.dll, MulticastDelegateUtilities.SafeInvoke: InternalTestLoggerEvents.SendTestRunComplete: Invoking callback 1/2 for Microsoft.TestPlatform.Extensions.BlameDataCollector.BlameLogger., took 0 ms.
TpTrace Verbose: 0 : 2256, 4, 2024/07/19, 00:17:09.970, 2707153444941, vstest.console.dll, MulticastDelegateUtilities.SafeInvoke: InternalTestLoggerEvents.SendTestRunComplete: Invoking callback 2/2 for Microsoft.VisualStudio.TestPlatform.CommandLine.Internal.ConsoleLogger., took 15 ms.
TpTrace Verbose: 0 : 2256, 11, 2024/07/19, 00:17:09.971, 2707153457856, vstest.console.dll, TestRunRequest:TestRunComplete: Starting. IsAborted:False IsCanceled:False.
TpTrace Verbose: 0 : 2256, 11, 2024/07/19, 00:17:09.972, 2707153462086, vstest.console.dll, ParallelOperationManager.DoActionOnAllManagers: Calling an action on all managers.
TpTrace Verbose: 0 : 2256, 11, 2024/07/19, 00:17:09.974, 2707153485711, vstest.console.dll, TestLoggerManager.HandleTestRunComplete: Ignoring as the object is disposed.
TpTrace Verbose: 0 : 2256, 11, 2024/07/19, 00:17:09.975, 2707153490374, vstest.console.dll, MulticastDelegateUtilities.SafeInvoke: TestRun.TestRunComplete: Invoking callback 1/2 for Microsoft.VisualStudio.TestPlatform.CommandLine.TestRunResultAggregator., took 0 ms.
TpTrace Verbose: 0 : 2256, 11, 2024/07/19, 00:17:09.975, 2707153492983, vstest.console.dll, MulticastDelegateUtilities.SafeInvoke: TestRun.TestRunComplete: Invoking callback 2/2 for Microsoft.VisualStudio.TestPlatform.CommandLine.Processors.RunTestsArgumentExecutor+TestRunRequestEventsRegistrar., took 0 ms.
TpTrace Information: 0 : 2256, 11, 2024/07/19, 00:17:09.975, 2707153495222, vstest.console.dll, TestRunRequest:TestRunComplete: Completed.
TpTrace Verbose: 0 : 2256, 11, 2024/07/19, 00:17:09.975, 2707153496098, vstest.console.dll, TestRequestSender.SetOperationComplete: Setting operation complete.
TpTrace Information: 0 : 2256, 11, 2024/07/19, 00:17:09.975, 2707153496764, vstest.console.dll, SocketServer.Stop: Stop server endPoint: 127.0.0.1:54700
TpTrace Information: 0 : 2256, 11, 2024/07/19, 00:17:09.975, 2707153497590, vstest.console.dll, SocketServer.Stop: Cancellation requested. Stopping message loop.
TpTrace Verbose: 0 : 2256, 1, 2024/07/19, 00:17:09.975, 2707153497843, vstest.console.dll, TestRunRequest.Dispose: Starting.
TpTrace Verbose: 0 : 2256, 11, 2024/07/19, 00:17:09.976, 2707153498448, vstest.console.dll, MulticastDelegateUtilities.SafeInvoke: LengthPrefixCommunicationChannel: MessageReceived: Invoking callback 1/1 for Microsoft.VisualStudio.TestPlatform.CommunicationUtilities.TestRequestSender+<>c__DisplayClass34_0., took 174 ms.
TpTrace Information: 0 : 2256, 11, 2024/07/19, 00:17:09.976, 2707153501105, vstest.console.dll, SocketServer.PrivateStop: Stopping server endPoint: 127.0.0.1:54700 error: 
TpTrace Information: 0 : 2256, 1, 2024/07/19, 00:17:09.976, 2707153499644, vstest.console.dll, TestRunRequest.Dispose: Completed.
TpTrace Information: 0 : 2256, 1, 2024/07/19, 00:17:09.976, 2707153503097, vstest.console.dll, TestRequestManager.RunTests: run tests completed.
TpTrace Information: 0 : 2256, 1, 2024/07/19, 00:17:09.976, 2707153504800, vstest.console.dll, RunTestsArgumentProcessor:Execute: Test run is completed.
TpTrace Verbose: 0 : 2256, 11, 2024/07/19, 00:17:09.977, 2707153510016, vstest.console.dll, LengthPrefixCommunicationChannel.Dispose: Dispose reader and writer.
TpTrace Verbose: 0 : 2256, 1, 2024/07/19, 00:17:09.977, 2707153511047, vstest.console.dll, Executor.Execute: Exiting with exit code of 0
TpTrace Information: 0 : 2256, 11, 2024/07/19, 00:17:09.977, 2707153511558, vstest.console.dll, SocketServer.Stop: Raise disconnected event endPoint: 127.0.0.1:54700 error: 
TpTrace Verbose: 0 : 2256, 11, 2024/07/19, 00:17:09.977, 2707153513940, vstest.console.dll, TestRequestSender: OnTestRunAbort: Operation is already complete. Skip error message.
TpTrace Verbose: 0 : 2256, 11, 2024/07/19, 00:17:09.977, 2707153514904, vstest.console.dll, MulticastDelegateUtilities.SafeInvoke: SocketServer: ClientDisconnected: Invoking callback 1/1 for Microsoft.VisualStudio.TestPlatform.CommunicationUtilities.TestRequestSender., took 0 ms.
TpTrace Verbose: 0 : 2256, 11, 2024/07/19, 00:17:09.977, 2707153515660, vstest.console.dll, TcpClientExtensions.MessageLoopAsync: exiting MessageLoopAsync remoteEndPoint: 127.0.0.1:54701 localEndPoint: 127.0.0.1:54700
