TpTrace Verbose: 0 : 14008, 1, 2024/07/18, 23:22:30.359, 2674471645410, testhost.dll, Version: 17.1.0
TpTrace Information: 0 : 14008, 1, 2024/07/18, 23:22:30.375, 2674471741038, testhost.dll, DefaultEngineInvoker.Invoke: Testhost process started with args :[--port, 52705],[--endpoint, 127.0.0.1:052705],[--role, client],[--parentprocessid, 5980],[--diag, C:\Users\PC\source\repos\ExerciseSeleniumWaits\WorkingWithWindows\bin\Debug\net6.0\fine-code-coverage\coverage-tool-output\diagnostics.host.24-07-18_23-22-30_16552_5.log],[--tracelevel, 4],[--datacollectionport, 52704],[--telemetryoptedin, false]
TpTrace Information: 0 : 14008, 1, 2024/07/18, 23:22:30.379, 2674471781764, testhost.dll, Setting up debug trace listener.
TpTrace Verbose: 0 : 14008, 1, 2024/07/18, 23:22:30.380, 2674471786473, testhost.dll, TestPlatformTraceListener.Setup: Replacing listener 0 with TestHostTraceListener.
TpTrace Verbose: 0 : 14008, 1, 2024/07/18, 23:22:30.380, 2674471787804, testhost.dll, TestPlatformTraceListener.Setup: Added test platform trace listener.
TpTrace Information: 0 : 14008, 1, 2024/07/18, 23:22:30.382, 2674471806300, testhost.dll, DefaultEngineInvoker.SetParentProcessExitCallback: Monitoring parent process with id: '5980'
TpTrace Information: 0 : 14008, 1, 2024/07/18, 23:22:30.395, 2674471933860, testhost.dll, DefaultEngineInvoker.GetConnectionInfo: Initialize communication on endpoint address: '127.0.0.1:052705'
TpTrace Information: 0 : 14008, 1, 2024/07/18, 23:22:30.417, 2674472159143, testhost.dll, SocketClient.Start: connecting to server endpoint: 127.0.0.1:052705
TpTrace Information: 0 : 14008, 1, 2024/07/18, 23:22:30.433, 2674472322661, testhost.dll, DefaultEngineInvoker.ConnectToDatacollector: Connecting to datacollector, port: 52704
TpTrace Information: 0 : 14008, 9, 2024/07/18, 23:22:30.437, 2674472358238, testhost.dll, SocketClient.OnServerConnected: connected to server endpoint: 127.0.0.1:052705
TpTrace Verbose: 0 : 14008, 9, 2024/07/18, 23:22:30.441, 2674472397484, testhost.dll, Connected to server, and starting MessageLoopAsync
TpTrace Information: 0 : 14008, 1, 2024/07/18, 23:22:30.441, 2674472402283, testhost.dll, Trying to connect to server on socket : 127.0.0.1:52704 
TpTrace Verbose: 0 : 14008, 1, 2024/07/18, 23:22:30.442, 2674472408578, testhost.dll, SocketCommunicationManager : SetupClientAsync : Attempting to connect to the server.
TpTrace Information: 0 : 14008, 1, 2024/07/18, 23:22:30.443, 2674472418173, testhost.dll, Connected to the server successfully 
TpTrace Information: 0 : 14008, 1, 2024/07/18, 23:22:30.443, 2674472421754, testhost.dll, Using the buffer size of 16384 bytes
TpTrace Information: 0 : 14008, 1, 2024/07/18, 23:22:30.445, 2674472435068, testhost.dll, DefaultEngineInvoker.Invoke: Start Request Processing.
TpTrace Information: 0 : 14008, 12, 2024/07/18, 23:22:30.447, 2674472458923, testhost.dll, DefaultEngineInvoker.StartProcessingAsync: Connected to vstest.console, Starting process requests.
TpTrace Verbose: 0 : 14008, 10, 2024/07/18, 23:22:30.450, 2674472486453, testhost.dll, TcpClientExtensions.MessageLoopAsync: Polling on remoteEndPoint: [::ffff:127.0.0.1]:52705 localEndPoint: [::ffff:127.0.0.1]:52706
TpTrace Verbose: 0 : 14008, 10, 2024/07/18, 23:22:30.451, 2674472493530, testhost.dll, TcpClientExtensions.MessageLoopAsync: NotifyDataAvailable remoteEndPoint: [::ffff:127.0.0.1]:52705 localEndPoint: [::ffff:127.0.0.1]:52706
TpTrace Information: 0 : 14008, 10, 2024/07/18, 23:22:30.640, 2674474391080, testhost.dll, TestRequestHandler.OnMessageReceived: received message: (ProtocolVersion) -> 7
TpTrace Verbose: 0 : 14008, 10, 2024/07/18, 23:22:30.695, 2674474941226, testhost.dll, TestRequestHandler.SendData:  sending data from testhost: {"Version":5,"MessageType":"TestSession.Message","Payload":{"MessageLevel":0,"Message":"Logging TestHost Diagnostics in file: C:\\Users\\PC\\source\\repos\\ExerciseSeleniumWaits\\WorkingWithWindows\\bin\\Debug\\net6.0\\fine-code-coverage\\coverage-tool-output\\diagnostics.host.24-07-18_23-22-30_16552_5.log"}}
TpTrace Verbose: 0 : 14008, 10, 2024/07/18, 23:22:30.696, 2674474945076, testhost.dll, TcpClientExtensions.MessageLoopAsync: Polling on remoteEndPoint: [::ffff:127.0.0.1]:52705 localEndPoint: [::ffff:127.0.0.1]:52706
TpTrace Verbose: 0 : 14008, 10, 2024/07/18, 23:22:30.696, 2674474948135, testhost.dll, TcpClientExtensions.MessageLoopAsync: NotifyDataAvailable remoteEndPoint: [::ffff:127.0.0.1]:52705 localEndPoint: [::ffff:127.0.0.1]:52706
TpTrace Information: 0 : 14008, 10, 2024/07/18, 23:22:30.706, 2674475043904, testhost.dll, TestRequestHandler.OnMessageReceived: received message: (TestExecution.Initialize) -> [
  "C:\\Users\\PC\\source\\repos\\ExerciseSeleniumWaits\\WorkingWithWindows\\bin\\Debug\\net6.0\\fine-code-coverage\\build-output\\NUnit3.TestAdapter.dll"
]
TpTrace Verbose: 0 : 14008, 10, 2024/07/18, 23:22:30.717, 2674475162540, testhost.dll, TcpClientExtensions.MessageLoopAsync: Polling on remoteEndPoint: [::ffff:127.0.0.1]:52705 localEndPoint: [::ffff:127.0.0.1]:52706
TpTrace Verbose: 0 : 14008, 10, 2024/07/18, 23:22:30.718, 2674475164570, testhost.dll, TcpClientExtensions.MessageLoopAsync: NotifyDataAvailable remoteEndPoint: [::ffff:127.0.0.1]:52705 localEndPoint: [::ffff:127.0.0.1]:52706
TpTrace Information: 0 : 14008, 4, 2024/07/18, 23:22:30.718, 2674475171278, testhost.dll, TestRequestHandler.OnMessageReceived: Running job 'TestExecution.Initialize'.
TpTrace Verbose: 0 : 14008, 4, 2024/07/18, 23:22:30.723, 2674475215451, testhost.dll, TestExecutorService: Loading the extensions
TpTrace Information: 0 : 14008, 10, 2024/07/18, 23:22:30.724, 2674475231229, testhost.dll, TestRequestHandler.OnMessageReceived: received message: (TestExecution.StartWithSources) -> {
  "AdapterSourceMap": {
    "_none_": [
      "C:\\Users\\PC\\source\\repos\\ExerciseSeleniumWaits\\WorkingWithWindows\\bin\\Debug\\net6.0\\fine-code-coverage\\build-output\\WorkingWithWindows.dll"
    ]
  },
  "RunSettings": "<RunSettings>\r\n  <RunConfiguration>\r\n    <ResultsDirectory>C:\\Users\\PC\\source\\repos\\ExerciseSeleniumWaits\\WorkingWithWindows\\bin\\Debug\\net6.0\\fine-code-coverage\\coverage-tool-output</ResultsDirectory>\r\n    <TargetFrameworkVersion>.NETCoreApp,Version=v6.0</TargetFrameworkVersion>\r\n    <DesignMode>False</DesignMode>\r\n    <CollectSourceInformation>False</CollectSourceInformation>\r\n  </RunConfiguration>\r\n  <LoggerRunSettings>\r\n    <Loggers>\r\n      <Logger friendlyName=\"blame\" enabled=\"True\" />\r\n      <Logger friendlyName=\"Console\" uri=\"logger://microsoft/TestPlatform/ConsoleLogger/v1\" assemblyQualifiedName=\"Microsoft.VisualStudio.TestPlatform.CommandLine.Internal.ConsoleLogger, vstest.console, Version=15.0.0.0, Culture=neutral, PublicKeyToken=b03f5f7f11d50a3a\" codeBase=\"C:\\Program Files\\dotnet\\sdk\\8.0.300\\vstest.console.dll\" enabled=\"True\" />\r\n    </Loggers>\r\n  </LoggerRunSettings>\r\n  <DataCollectionRunSettings>\r\n    <DataCollectors>\r\n      <DataCollector friendlyName=\"blame\" enabled=\"True\">\r\n        <Configuration>\r\n          <ResultsDirectory>C:\\Users\\PC\\source\\repos\\ExerciseSeleniumWaits\\WorkingWithWindows\\bin\\Debug\\net6.0\\fine-code-coverage\\coverage-tool-output</ResultsDirectory>\r\n        </Configuration>\r\n      </DataCollector>\r\n    </DataCollectors>\r\n  </DataCollectionRunSettings>\r\n</RunSettings>",
  "TestExecutionContext": {
    "FrequencyOfRunStatsChangeEvent": 10,
    "RunStatsChangeEventTimeout": "00:00:01.5000000",
    "InIsolation": false,
    "KeepAlive": false,
    "AreTestCaseLevelEventsRequired": false,
    "IsDebug": false,
    "TestCaseFilter": null,
    "FilterOptions": null
  },
  "Package": null
}
TpTrace Verbose: 0 : 14008, 4, 2024/07/18, 23:22:30.727, 2674475255575, testhost.dll, TestPluginCache.DiscoverTestExtensions: finding test extensions in assemblies ends with: TestAdapter.dll TPluginInfo: Microsoft.VisualStudio.TestPlatform.Common.ExtensionFramework.Utilities.TestExecutorPluginInformation TExtension: Microsoft.VisualStudio.TestPlatform.ObjectModel.Adapter.ITestExecutor
TpTrace Verbose: 0 : 14008, 4, 2024/07/18, 23:22:30.729, 2674475276448, testhost.dll, TestPluginCache.GetExtensionPaths: Filtered extension paths: 
TpTrace Verbose: 0 : 14008, 4, 2024/07/18, 23:22:30.730, 2674475286102, testhost.dll, TestPluginCache.GetExtensionPaths: Added default extension paths: C:\Users\PC\source\repos\ExerciseSeleniumWaits\WorkingWithWindows\bin\Debug\net6.0\fine-code-coverage\build-output\NUnit3.TestAdapter.dll
TpTrace Verbose: 0 : 14008, 4, 2024/07/18, 23:22:30.730, 2674475287696, testhost.dll, TestPluginCache.GetExtensionPaths: Added unfilterableExtensionPaths: 
TpTrace Information: 0 : 14008, 4, 2024/07/18, 23:22:30.733, 2674475319357, testhost.dll, AssemblyResolver.ctor: Creating AssemblyResolver with searchDirectories C:\Users\PC\source\repos\ExerciseSeleniumWaits\WorkingWithWindows\bin\Debug\net6.0\fine-code-coverage\build-output
TpTrace Verbose: 0 : 14008, 4, 2024/07/18, 23:22:30.736, 2674475344474, testhost.dll, TestPluginCache.DiscoverTestExtensions: Discovering the extensions using extension path.
TpTrace Verbose: 0 : 14008, 4, 2024/07/18, 23:22:30.736, 2674475346871, testhost.dll, TestPluginCache.GetExtensionPaths: Filtered extension paths: 
TpTrace Verbose: 0 : 14008, 4, 2024/07/18, 23:22:30.736, 2674475347743, testhost.dll, TestPluginCache.GetExtensionPaths: Added default extension paths: C:\Users\PC\source\repos\ExerciseSeleniumWaits\WorkingWithWindows\bin\Debug\net6.0\fine-code-coverage\build-output\NUnit3.TestAdapter.dll
TpTrace Verbose: 0 : 14008, 4, 2024/07/18, 23:22:30.736, 2674475348387, testhost.dll, TestPluginCache.GetExtensionPaths: Added unfilterableExtensionPaths: 
TpTrace Verbose: 0 : 14008, 4, 2024/07/18, 23:22:30.736, 2674475349360, testhost.dll, TestPluginCache.DiscoverTestExtensions: Discovering the extensions using allExtensionPaths: C:\Users\PC\source\repos\ExerciseSeleniumWaits\WorkingWithWindows\bin\Debug\net6.0\fine-code-coverage\build-output\NUnit3.TestAdapter.dll
TpTrace Information: 0 : 14008, 4, 2024/07/18, 23:22:30.737, 2674475361441, testhost.dll, AssemblyResolver.AddSearchDirectories: Adding more searchDirectories C:\Users\PC\source\repos\ExerciseSeleniumWaits\WorkingWithWindows\bin\Debug\net6.0\fine-code-coverage\build-output
TpTrace Information: 0 : 14008, 4, 2024/07/18, 23:22:30.745, 2674475440229, testhost.dll, AssemblyResolver.OnResolve: NUnit3.TestAdapter: Resolving assembly.
TpTrace Information: 0 : 14008, 4, 2024/07/18, 23:22:30.745, 2674475441943, testhost.dll, AssemblyResolver.OnResolve: NUnit3.TestAdapter: Searching in: 'C:\Users\PC\source\repos\ExerciseSeleniumWaits\WorkingWithWindows\bin\Debug\net6.0\fine-code-coverage\build-output'.
TpTrace Information: 0 : 14008, 4, 2024/07/18, 23:22:30.747, 2674475460995, testhost.dll, AssemblyResolver.OnResolve: NUnit3.TestAdapter: Loading assembly 'C:\Users\PC\source\repos\ExerciseSeleniumWaits\WorkingWithWindows\bin\Debug\net6.0\fine-code-coverage\build-output\NUnit3.TestAdapter.dll'.
TpTrace Information: 0 : 14008, 4, 2024/07/18, 23:22:30.748, 2674475470670, testhost.dll, AssemblyResolver.OnResolve: Resolved assembly: NUnit3.TestAdapter, from path: C:\Users\PC\source\repos\ExerciseSeleniumWaits\WorkingWithWindows\bin\Debug\net6.0\fine-code-coverage\build-output\NUnit3.TestAdapter.dll
TpTrace Verbose: 0 : 14008, 10, 2024/07/18, 23:22:30.766, 2674475650070, testhost.dll, TcpClientExtensions.MessageLoopAsync: Polling on remoteEndPoint: [::ffff:127.0.0.1]:52705 localEndPoint: [::ffff:127.0.0.1]:52706
TpTrace Information: 0 : 14008, 4, 2024/07/18, 23:22:30.773, 2674475716285, testhost.dll, AssemblyResolver.OnResolve: nunit.engine.api: Resolving assembly.
TpTrace Information: 0 : 14008, 4, 2024/07/18, 23:22:30.773, 2674475718139, testhost.dll, AssemblyResolver.OnResolve: nunit.engine.api: Searching in: 'C:\Users\PC\source\repos\ExerciseSeleniumWaits\WorkingWithWindows\bin\Debug\net6.0\fine-code-coverage\build-output'.
TpTrace Information: 0 : 14008, 4, 2024/07/18, 23:22:30.773, 2674475722516, testhost.dll, AssemblyResolver.OnResolve: nunit.engine.api: Loading assembly 'C:\Users\PC\source\repos\ExerciseSeleniumWaits\WorkingWithWindows\bin\Debug\net6.0\fine-code-coverage\build-output\nunit.engine.api.dll'.
TpTrace Information: 0 : 14008, 4, 2024/07/18, 23:22:30.774, 2674475727456, testhost.dll, AssemblyResolver.OnResolve: Resolved assembly: nunit.engine.api, from path: C:\Users\PC\source\repos\ExerciseSeleniumWaits\WorkingWithWindows\bin\Debug\net6.0\fine-code-coverage\build-output\nunit.engine.api.dll
TpTrace Verbose: 0 : 14008, 4, 2024/07/18, 23:22:30.782, 2674475808072, testhost.dll, TestPluginCache: Discovered the extensions using extension path ''.
TpTrace Verbose: 0 : 14008, 4, 2024/07/18, 23:22:30.783, 2674475814807, testhost.dll, TestPluginCache: Discoverers are ''.
TpTrace Verbose: 0 : 14008, 4, 2024/07/18, 23:22:30.783, 2674475816005, testhost.dll, TestPluginCache: Executors are 'executor://NUnit3TestExecutor'.
TpTrace Verbose: 0 : 14008, 4, 2024/07/18, 23:22:30.783, 2674475817179, testhost.dll, TestPluginCache: Executors2 are ''.
TpTrace Verbose: 0 : 14008, 4, 2024/07/18, 23:22:30.783, 2674475818245, testhost.dll, TestPluginCache: Setting providers are ''.
TpTrace Verbose: 0 : 14008, 4, 2024/07/18, 23:22:30.783, 2674475819237, testhost.dll, TestPluginCache: Loggers are ''.
TpTrace Verbose: 0 : 14008, 4, 2024/07/18, 23:22:30.787, 2674475857980, testhost.dll, TestPluginCache.DiscoverTestExtensions: finding test extensions in assemblies ends with: TestAdapter.dll TPluginInfo: Microsoft.VisualStudio.TestPlatform.Common.ExtensionFramework.Utilities.TestExecutorPluginInformation2 TExtension: Microsoft.VisualStudio.TestPlatform.ObjectModel.Adapter.ITestExecutor2
TpTrace Verbose: 0 : 14008, 4, 2024/07/18, 23:22:30.787, 2674475861794, testhost.dll, TestPluginCache.GetExtensionPaths: Filtered extension paths: 
TpTrace Verbose: 0 : 14008, 4, 2024/07/18, 23:22:30.787, 2674475862570, testhost.dll, TestPluginCache.GetExtensionPaths: Added default extension paths: C:\Users\PC\source\repos\ExerciseSeleniumWaits\WorkingWithWindows\bin\Debug\net6.0\fine-code-coverage\build-output\NUnit3.TestAdapter.dll
TpTrace Verbose: 0 : 14008, 4, 2024/07/18, 23:22:30.788, 2674475863137, testhost.dll, TestPluginCache.GetExtensionPaths: Added unfilterableExtensionPaths: 
TpTrace Information: 0 : 14008, 4, 2024/07/18, 23:22:30.788, 2674475865775, testhost.dll, AssemblyResolver.AddSearchDirectories: Adding more searchDirectories C:\Users\PC\source\repos\ExerciseSeleniumWaits\WorkingWithWindows\bin\Debug\net6.0\fine-code-coverage\build-output
TpTrace Verbose: 0 : 14008, 4, 2024/07/18, 23:22:30.788, 2674475866513, testhost.dll, TestPluginCache.DiscoverTestExtensions: Discovering the extensions using extension path.
TpTrace Verbose: 0 : 14008, 4, 2024/07/18, 23:22:30.788, 2674475867476, testhost.dll, TestPluginCache.GetExtensionPaths: Filtered extension paths: 
TpTrace Verbose: 0 : 14008, 4, 2024/07/18, 23:22:30.788, 2674475868248, testhost.dll, TestPluginCache.GetExtensionPaths: Added default extension paths: C:\Users\PC\source\repos\ExerciseSeleniumWaits\WorkingWithWindows\bin\Debug\net6.0\fine-code-coverage\build-output\NUnit3.TestAdapter.dll
TpTrace Verbose: 0 : 14008, 4, 2024/07/18, 23:22:30.788, 2674475868773, testhost.dll, TestPluginCache.GetExtensionPaths: Added unfilterableExtensionPaths: 
TpTrace Verbose: 0 : 14008, 4, 2024/07/18, 23:22:30.788, 2674475869316, testhost.dll, TestPluginCache.DiscoverTestExtensions: Discovering the extensions using allExtensionPaths: C:\Users\PC\source\repos\ExerciseSeleniumWaits\WorkingWithWindows\bin\Debug\net6.0\fine-code-coverage\build-output\NUnit3.TestAdapter.dll
TpTrace Information: 0 : 14008, 4, 2024/07/18, 23:22:30.788, 2674475870062, testhost.dll, AssemblyResolver.AddSearchDirectories: Adding more searchDirectories C:\Users\PC\source\repos\ExerciseSeleniumWaits\WorkingWithWindows\bin\Debug\net6.0\fine-code-coverage\build-output
TpTrace Verbose: 0 : 14008, 4, 2024/07/18, 23:22:30.789, 2674475875047, testhost.dll, TestPluginCache: Discovered the extensions using extension path ''.
TpTrace Verbose: 0 : 14008, 4, 2024/07/18, 23:22:30.789, 2674475875705, testhost.dll, TestPluginCache: Discoverers are ''.
TpTrace Verbose: 0 : 14008, 4, 2024/07/18, 23:22:30.789, 2674475876343, testhost.dll, TestPluginCache: Executors are 'executor://NUnit3TestExecutor'.
TpTrace Verbose: 0 : 14008, 4, 2024/07/18, 23:22:30.789, 2674475878203, testhost.dll, TestPluginCache: Executors2 are ''.
TpTrace Verbose: 0 : 14008, 4, 2024/07/18, 23:22:30.789, 2674475878822, testhost.dll, TestPluginCache: Setting providers are ''.
TpTrace Verbose: 0 : 14008, 4, 2024/07/18, 23:22:30.789, 2674475879299, testhost.dll, TestPluginCache: Loggers are ''.
TpTrace Information: 0 : 14008, 4, 2024/07/18, 23:22:30.796, 2674475944727, testhost.dll, TestPluginManager.CreateTestExtension: Attempting to load test extension: NUnit.VisualStudio.TestAdapter.NUnit3TestExecutor
TpTrace Verbose: 0 : 14008, 4, 2024/07/18, 23:22:30.796, 2674475952738, testhost.dll, TestExecutorExtensionManager: Loading executor NUnit.VisualStudio.TestAdapter.NUnit3TestExecutor
TpTrace Verbose: 0 : 14008, 4, 2024/07/18, 23:22:30.797, 2674475954383, testhost.dll, TestExecutorService: Loaded the executors
TpTrace Verbose: 0 : 14008, 4, 2024/07/18, 23:22:30.798, 2674475969629, testhost.dll, TestPluginCache.DiscoverTestExtensions: finding test extensions in assemblies ends with: TestAdapter.dll TPluginInfo: Microsoft.VisualStudio.TestPlatform.Common.ExtensionFramework.Utilities.TestSettingsProviderPluginInformation TExtension: Microsoft.VisualStudio.TestPlatform.ObjectModel.Adapter.ISettingsProvider
TpTrace Verbose: 0 : 14008, 4, 2024/07/18, 23:22:30.798, 2674475971374, testhost.dll, TestPluginCache.GetExtensionPaths: Filtered extension paths: 
TpTrace Verbose: 0 : 14008, 4, 2024/07/18, 23:22:30.798, 2674475972115, testhost.dll, TestPluginCache.GetExtensionPaths: Added default extension paths: C:\Users\PC\source\repos\ExerciseSeleniumWaits\WorkingWithWindows\bin\Debug\net6.0\fine-code-coverage\build-output\NUnit3.TestAdapter.dll
TpTrace Verbose: 0 : 14008, 4, 2024/07/18, 23:22:30.798, 2674475972703, testhost.dll, TestPluginCache.GetExtensionPaths: Added unfilterableExtensionPaths: 
TpTrace Information: 0 : 14008, 4, 2024/07/18, 23:22:30.799, 2674475974761, testhost.dll, AssemblyResolver.AddSearchDirectories: Adding more searchDirectories C:\Users\PC\source\repos\ExerciseSeleniumWaits\WorkingWithWindows\bin\Debug\net6.0\fine-code-coverage\build-output
TpTrace Verbose: 0 : 14008, 4, 2024/07/18, 23:22:30.799, 2674475975454, testhost.dll, TestPluginCache.DiscoverTestExtensions: Discovering the extensions using extension path.
TpTrace Verbose: 0 : 14008, 4, 2024/07/18, 23:22:30.799, 2674475976006, testhost.dll, TestPluginCache.GetExtensionPaths: Filtered extension paths: 
TpTrace Verbose: 0 : 14008, 4, 2024/07/18, 23:22:30.799, 2674475976525, testhost.dll, TestPluginCache.GetExtensionPaths: Added default extension paths: C:\Users\PC\source\repos\ExerciseSeleniumWaits\WorkingWithWindows\bin\Debug\net6.0\fine-code-coverage\build-output\NUnit3.TestAdapter.dll
TpTrace Verbose: 0 : 14008, 4, 2024/07/18, 23:22:30.799, 2674475977106, testhost.dll, TestPluginCache.GetExtensionPaths: Added unfilterableExtensionPaths: 
TpTrace Verbose: 0 : 14008, 4, 2024/07/18, 23:22:30.799, 2674475977652, testhost.dll, TestPluginCache.DiscoverTestExtensions: Discovering the extensions using allExtensionPaths: C:\Users\PC\source\repos\ExerciseSeleniumWaits\WorkingWithWindows\bin\Debug\net6.0\fine-code-coverage\build-output\NUnit3.TestAdapter.dll
TpTrace Information: 0 : 14008, 4, 2024/07/18, 23:22:30.799, 2674475978384, testhost.dll, AssemblyResolver.AddSearchDirectories: Adding more searchDirectories C:\Users\PC\source\repos\ExerciseSeleniumWaits\WorkingWithWindows\bin\Debug\net6.0\fine-code-coverage\build-output
TpTrace Verbose: 0 : 14008, 4, 2024/07/18, 23:22:30.799, 2674475982659, testhost.dll, TestPluginCache: Discovered the extensions using extension path ''.
TpTrace Verbose: 0 : 14008, 4, 2024/07/18, 23:22:30.800, 2674475983304, testhost.dll, TestPluginCache: Discoverers are ''.
TpTrace Verbose: 0 : 14008, 4, 2024/07/18, 23:22:30.800, 2674475983828, testhost.dll, TestPluginCache: Executors are 'executor://NUnit3TestExecutor'.
TpTrace Verbose: 0 : 14008, 4, 2024/07/18, 23:22:30.800, 2674475984410, testhost.dll, TestPluginCache: Executors2 are ''.
TpTrace Verbose: 0 : 14008, 4, 2024/07/18, 23:22:30.800, 2674475985132, testhost.dll, TestPluginCache: Setting providers are ''.
TpTrace Verbose: 0 : 14008, 4, 2024/07/18, 23:22:30.800, 2674475985643, testhost.dll, TestPluginCache: Loggers are ''.
TpTrace Verbose: 0 : 14008, 4, 2024/07/18, 23:22:30.801, 2674475998633, testhost.dll, TestExecutorService: Loaded the settings providers
TpTrace Information: 0 : 14008, 4, 2024/07/18, 23:22:30.801, 2674475999468, testhost.dll, TestExecutorService: Loaded the extensions
TpTrace Information: 0 : 14008, 4, 2024/07/18, 23:22:30.802, 2674476006520, testhost.dll, TestRequestHandler.OnMessageReceived: Running job 'TestExecution.StartWithSources'.
TpTrace Information: 0 : 14008, 4, 2024/07/18, 23:22:30.925, 2674477236250, testhost.dll, TestDiscoveryManager: Discovering tests from sources C:\Users\PC\source\repos\ExerciseSeleniumWaits\WorkingWithWindows\bin\Debug\net6.0\fine-code-coverage\build-output\WorkingWithWindows.dll
TpTrace Verbose: 0 : 14008, 4, 2024/07/18, 23:22:30.932, 2674477302891, testhost.dll, TestPluginCache.DiscoverTestExtensions: finding test extensions in assemblies ends with: TestAdapter.dll TPluginInfo: Microsoft.VisualStudio.TestPlatform.Common.ExtensionFramework.Utilities.TestDiscovererPluginInformation TExtension: Microsoft.VisualStudio.TestPlatform.ObjectModel.Adapter.ITestDiscoverer
TpTrace Verbose: 0 : 14008, 4, 2024/07/18, 23:22:30.932, 2674477305240, testhost.dll, TestPluginCache.GetExtensionPaths: Filtered extension paths: 
TpTrace Verbose: 0 : 14008, 4, 2024/07/18, 23:22:30.932, 2674477306128, testhost.dll, TestPluginCache.GetExtensionPaths: Added default extension paths: C:\Users\PC\source\repos\ExerciseSeleniumWaits\WorkingWithWindows\bin\Debug\net6.0\fine-code-coverage\build-output\NUnit3.TestAdapter.dll
TpTrace Verbose: 0 : 14008, 4, 2024/07/18, 23:22:30.932, 2674477307030, testhost.dll, TestPluginCache.GetExtensionPaths: Added unfilterableExtensionPaths: 
TpTrace Information: 0 : 14008, 4, 2024/07/18, 23:22:30.932, 2674477309209, testhost.dll, AssemblyResolver.AddSearchDirectories: Adding more searchDirectories C:\Users\PC\source\repos\ExerciseSeleniumWaits\WorkingWithWindows\bin\Debug\net6.0\fine-code-coverage\build-output
TpTrace Verbose: 0 : 14008, 4, 2024/07/18, 23:22:30.932, 2674477309954, testhost.dll, TestPluginCache.DiscoverTestExtensions: Discovering the extensions using extension path.
TpTrace Verbose: 0 : 14008, 4, 2024/07/18, 23:22:30.932, 2674477310539, testhost.dll, TestPluginCache.GetExtensionPaths: Filtered extension paths: 
TpTrace Verbose: 0 : 14008, 4, 2024/07/18, 23:22:30.932, 2674477311075, testhost.dll, TestPluginCache.GetExtensionPaths: Added default extension paths: C:\Users\PC\source\repos\ExerciseSeleniumWaits\WorkingWithWindows\bin\Debug\net6.0\fine-code-coverage\build-output\NUnit3.TestAdapter.dll
TpTrace Verbose: 0 : 14008, 4, 2024/07/18, 23:22:30.932, 2674477311591, testhost.dll, TestPluginCache.GetExtensionPaths: Added unfilterableExtensionPaths: 
TpTrace Verbose: 0 : 14008, 4, 2024/07/18, 23:22:30.932, 2674477312135, testhost.dll, TestPluginCache.DiscoverTestExtensions: Discovering the extensions using allExtensionPaths: C:\Users\PC\source\repos\ExerciseSeleniumWaits\WorkingWithWindows\bin\Debug\net6.0\fine-code-coverage\build-output\NUnit3.TestAdapter.dll
TpTrace Information: 0 : 14008, 4, 2024/07/18, 23:22:30.933, 2674477312921, testhost.dll, AssemblyResolver.AddSearchDirectories: Adding more searchDirectories C:\Users\PC\source\repos\ExerciseSeleniumWaits\WorkingWithWindows\bin\Debug\net6.0\fine-code-coverage\build-output
TpTrace Verbose: 0 : 14008, 4, 2024/07/18, 23:22:30.937, 2674477353681, testhost.dll, TestPluginCache: Discovered the extensions using extension path ''.
TpTrace Verbose: 0 : 14008, 4, 2024/07/18, 23:22:30.937, 2674477355475, testhost.dll, TestPluginCache: Discoverers are 'NUnit.VisualStudio.TestAdapter.NUnit3TestDiscoverer, NUnit3.TestAdapter, Version=4.2.0.0, Culture=neutral, PublicKeyToken=4cb40d35494691ac'.
TpTrace Verbose: 0 : 14008, 4, 2024/07/18, 23:22:30.937, 2674477356390, testhost.dll, TestPluginCache: Executors are 'executor://NUnit3TestExecutor'.
TpTrace Verbose: 0 : 14008, 4, 2024/07/18, 23:22:30.937, 2674477357344, testhost.dll, TestPluginCache: Executors2 are ''.
TpTrace Verbose: 0 : 14008, 4, 2024/07/18, 23:22:30.937, 2674477357959, testhost.dll, TestPluginCache: Setting providers are ''.
TpTrace Verbose: 0 : 14008, 4, 2024/07/18, 23:22:30.937, 2674477358547, testhost.dll, TestPluginCache: Loggers are ''.
TpTrace Information: 0 : 14008, 4, 2024/07/18, 23:22:30.951, 2674477498098, testhost.dll, PEReaderHelper.GetAssemblyType: Determined assemblyType:'Managed' for source: 'C:\Users\PC\source\repos\ExerciseSeleniumWaits\WorkingWithWindows\bin\Debug\net6.0\fine-code-coverage\build-output\WorkingWithWindows.dll'
TpTrace Verbose: 0 : 14008, 4, 2024/07/18, 23:22:30.961, 2674477595628, testhost.dll, BaseRunTests.RunTestInternalWithExecutors: Running tests for executor://NUnit3TestExecutor
TpTrace Information: 0 : 14008, 4, 2024/07/18, 23:22:30.966, 2674477647389, testhost.dll, AssemblyResolver.OnResolve: nunit.engine.core: Resolving assembly.
TpTrace Information: 0 : 14008, 4, 2024/07/18, 23:22:30.966, 2674477649238, testhost.dll, AssemblyResolver.OnResolve: nunit.engine.core: Searching in: 'C:\Users\PC\source\repos\ExerciseSeleniumWaits\WorkingWithWindows\bin\Debug\net6.0\fine-code-coverage\build-output'.
TpTrace Information: 0 : 14008, 4, 2024/07/18, 23:22:30.967, 2674477654629, testhost.dll, AssemblyResolver.OnResolve: nunit.engine.core: Loading assembly 'C:\Users\PC\source\repos\ExerciseSeleniumWaits\WorkingWithWindows\bin\Debug\net6.0\fine-code-coverage\build-output\nunit.engine.core.dll'.
TpTrace Information: 0 : 14008, 4, 2024/07/18, 23:22:30.968, 2674477664103, testhost.dll, AssemblyResolver.OnResolve: Resolved assembly: nunit.engine.core, from path: C:\Users\PC\source\repos\ExerciseSeleniumWaits\WorkingWithWindows\bin\Debug\net6.0\fine-code-coverage\build-output\nunit.engine.core.dll
TpTrace Information: 0 : 14008, 4, 2024/07/18, 23:22:30.986, 2674477847545, testhost.dll, NUnit Adapter 4.2.0.0: Test execution started
TpTrace Verbose: 0 : 14008, 4, 2024/07/18, 23:22:30.986, 2674477849826, testhost.dll, TestRequestHandler.SendData:  sending data from testhost: {"Version":5,"MessageType":"TestSession.Message","Payload":{"MessageLevel":0,"Message":"NUnit Adapter 4.2.0.0: Test execution started"}}
TpTrace Information: 0 : 14008, 4, 2024/07/18, 23:22:31.044, 2674478427696, testhost.dll, Running all tests in C:\Users\PC\source\repos\ExerciseSeleniumWaits\WorkingWithWindows\bin\Debug\net6.0\fine-code-coverage\build-output\WorkingWithWindows.dll
TpTrace Verbose: 0 : 14008, 4, 2024/07/18, 23:22:31.044, 2674478430155, testhost.dll, TestRequestHandler.SendData:  sending data from testhost: {"Version":5,"MessageType":"TestSession.Message","Payload":{"MessageLevel":0,"Message":"Running all tests in C:\\Users\\PC\\source\\repos\\ExerciseSeleniumWaits\\WorkingWithWindows\\bin\\Debug\\net6.0\\fine-code-coverage\\build-output\\WorkingWithWindows.dll"}}
TpTrace Information: 0 : 14008, 4, 2024/07/18, 23:22:31.067, 2674478657070, testhost.dll, AssemblyResolver.OnResolve: testcentric.engine.metadata: Resolving assembly.
TpTrace Information: 0 : 14008, 4, 2024/07/18, 23:22:31.067, 2674478658798, testhost.dll, AssemblyResolver.OnResolve: testcentric.engine.metadata: Searching in: 'C:\Users\PC\source\repos\ExerciseSeleniumWaits\WorkingWithWindows\bin\Debug\net6.0\fine-code-coverage\build-output'.
TpTrace Information: 0 : 14008, 4, 2024/07/18, 23:22:31.068, 2674478663913, testhost.dll, AssemblyResolver.OnResolve: testcentric.engine.metadata: Loading assembly 'C:\Users\PC\source\repos\ExerciseSeleniumWaits\WorkingWithWindows\bin\Debug\net6.0\fine-code-coverage\build-output\testcentric.engine.metadata.dll'.
TpTrace Information: 0 : 14008, 4, 2024/07/18, 23:22:31.068, 2674478672095, testhost.dll, AssemblyResolver.OnResolve: Resolved assembly: testcentric.engine.metadata, from path: C:\Users\PC\source\repos\ExerciseSeleniumWaits\WorkingWithWindows\bin\Debug\net6.0\fine-code-coverage\build-output\testcentric.engine.metadata.dll
TpTrace Information: 0 : 14008, 4, 2024/07/18, 23:22:31.274, 2674480729297, testhost.dll,    NUnit3TestExecutor discovered 2 of 2 NUnit test cases using Current Discovery mode, Non-Explicit run
TpTrace Verbose: 0 : 14008, 4, 2024/07/18, 23:22:31.274, 2674480731560, testhost.dll, TestRequestHandler.SendData:  sending data from testhost: {"Version":5,"MessageType":"TestSession.Message","Payload":{"MessageLevel":0,"Message":"   NUnit3TestExecutor discovered 2 of 2 NUnit test cases using Current Discovery mode, Non-Explicit run"}}
TpTrace Verbose: 0 : 14008, 14, 2024/07/18, 23:22:31.330, 2674481285012, testhost.dll, TestExecutionRecorder.RecordStart: Starting test: WorkingWithWindows.TestsSwitchingWindows.HandleMultipleWindows.
TpTrace Verbose: 0 : 14008, 10, 2024/07/18, 23:22:31.777, 2674485757669, testhost.dll, TcpClientExtensions.MessageLoopAsync: Polling on remoteEndPoint: [::ffff:127.0.0.1]:52705 localEndPoint: [::ffff:127.0.0.1]:52706
TpTrace Information: 0 : 14008, 9, 2024/07/18, 23:22:32.338, 2674491372756, testhost.dll, Sending test run statistics
TpTrace Verbose: 0 : 14008, 9, 2024/07/18, 23:22:32.393, 2674491920658, testhost.dll, TestRequestHandler.SendData:  sending data from testhost: {"Version":5,"MessageType":"TestExecution.StatsChange","Payload":{"NewTestResults":[],"TestRunStatistics":{"ExecutedTests":0,"Stats":{}},"ActiveTests":[{"Id":"af0edd8e-f308-b2f8-b891-953badf77092","FullyQualifiedName":"WorkingWithWindows.TestsSwitchingWindows.HandleMultipleWindows","DisplayName":"HandleMultipleWindows","ExecutorUri":"executor://NUnit3TestExecutor","Source":"C:\\Users\\PC\\source\\repos\\ExerciseSeleniumWaits\\WorkingWithWindows\\bin\\Debug\\net6.0\\fine-code-coverage\\build-output\\WorkingWithWindows.dll","CodeFilePath":null,"LineNumber":0,"Properties":[{"Key":{"Id":"NUnit.Seed","Label":"Seed","Category":"","Description":"","Attributes":0,"ValueType":"System.String"},"Value":"1314508870"}]}]}}
TpTrace Verbose: 0 : 14008, 9, 2024/07/18, 23:22:32.394, 2674491925225, testhost.dll, TestRunCache: OnNewTestResult: Notified the onCacheHit callback.
TpTrace Verbose: 0 : 14008, 10, 2024/07/18, 23:22:32.781, 2674495800305, testhost.dll, TcpClientExtensions.MessageLoopAsync: Polling on remoteEndPoint: [::ffff:127.0.0.1]:52705 localEndPoint: [::ffff:127.0.0.1]:52706
TpTrace Verbose: 0 : 14008, 10, 2024/07/18, 23:22:33.785, 2674505840410, testhost.dll, TcpClientExtensions.MessageLoopAsync: Polling on remoteEndPoint: [::ffff:127.0.0.1]:52705 localEndPoint: [::ffff:127.0.0.1]:52706
TpTrace Verbose: 0 : 14008, 10, 2024/07/18, 23:22:34.794, 2674515930143, testhost.dll, TcpClientExtensions.MessageLoopAsync: Polling on remoteEndPoint: [::ffff:127.0.0.1]:52705 localEndPoint: [::ffff:127.0.0.1]:52706
TpTrace Verbose: 0 : 14008, 10, 2024/07/18, 23:22:35.803, 2674526017552, testhost.dll, TcpClientExtensions.MessageLoopAsync: Polling on remoteEndPoint: [::ffff:127.0.0.1]:52705 localEndPoint: [::ffff:127.0.0.1]:52706
TpTrace Verbose: 0 : 14008, 14, 2024/07/18, 23:22:36.780, 2674535787686, testhost.dll, TestExecutionRecorder.RecordEnd: test: WorkingWithWindows.TestsSwitchingWindows.HandleMultipleWindows execution completed.
TpTrace Warning: 0 : 14008, 14, 2024/07/18, 23:22:36.781, 2674535798397, testhost.dll, TestRunCache: InProgressTests is null
TpTrace Verbose: 0 : 14008, 10, 2024/07/18, 23:22:36.814, 2674536127029, testhost.dll, TcpClientExtensions.MessageLoopAsync: Polling on remoteEndPoint: [::ffff:127.0.0.1]:52705 localEndPoint: [::ffff:127.0.0.1]:52706
TpTrace Verbose: 0 : 14008, 14, 2024/07/18, 23:22:36.815, 2674536142469, testhost.dll, TestExecutionRecorder.RecordResult: Received result for test: WorkingWithWindows.TestsSwitchingWindows.HandleMultipleWindows.
TpTrace Warning: 0 : 14008, 14, 2024/07/18, 23:22:36.823, 2674536214327, testhost.dll, TestRunCache: InProgressTests is null
TpTrace Warning: 0 : 14008, 14, 2024/07/18, 23:22:36.823, 2674536218458, testhost.dll, TestRunCache: No test found corresponding to testResult 'HandleMultipleWindows' in inProgress list.
TpTrace Verbose: 0 : 14008, 14, 2024/07/18, 23:22:36.824, 2674536223985, testhost.dll, TestExecutionRecorder.RecordStart: Starting test: WorkingWithWindows.TestsSwitchingWindows.NoSuchWindowException.
TpTrace Information: 0 : 14008, 14, 2024/07/18, 23:22:36.825, 2674536241025, testhost.dll, Sending test run statistics
TpTrace Verbose: 0 : 14008, 14, 2024/07/18, 23:22:36.845, 2674536433140, testhost.dll, TestRequestHandler.SendData:  sending data from testhost: {"Version":5,"MessageType":"TestExecution.StatsChange","Payload":{"NewTestResults":[{"TestCase":{"Id":"af0edd8e-f308-b2f8-b891-953badf77092","FullyQualifiedName":"WorkingWithWindows.TestsSwitchingWindows.HandleMultipleWindows","DisplayName":"HandleMultipleWindows","ExecutorUri":"executor://NUnit3TestExecutor","Source":"C:\\Users\\PC\\source\\repos\\ExerciseSeleniumWaits\\WorkingWithWindows\\bin\\Debug\\net6.0\\fine-code-coverage\\build-output\\WorkingWithWindows.dll","CodeFilePath":null,"LineNumber":0,"Properties":[{"Key":{"Id":"NUnit.Seed","Label":"Seed","Category":"","Description":"","Attributes":0,"ValueType":"System.String"},"Value":"1314508870"}]},"Attachments":[],"Outcome":1,"ErrorMessage":null,"ErrorStackTrace":null,"DisplayName":"HandleMultipleWindows","Messages":[],"ComputerName":"DESKTOP-78QNQ9Q","Duration":"00:00:05.4282660","StartTime":"2024-07-18T20:22:31.3264272+00:00","EndTime":"2024-07-18T20:22:36.7544908+00:00","Properties":[{"Key":{"Id":"NUnit.Seed","Label":"Seed","Category":"","Description":"","Attributes":0,"ValueType":"System.String"},"Value":"1314508870"}]}],"TestRunStatistics":{"ExecutedTests":1,"Stats":{"Passed":1}},"ActiveTests":[{"Id":"541eb138-df94-8957-05d8-22e501109e4b","FullyQualifiedName":"WorkingWithWindows.TestsSwitchingWindows.NoSuchWindowException","DisplayName":"NoSuchWindowException","ExecutorUri":"executor://NUnit3TestExecutor","Source":"C:\\Users\\PC\\source\\repos\\ExerciseSeleniumWaits\\WorkingWithWindows\\bin\\Debug\\net6.0\\fine-code-coverage\\build-output\\WorkingWithWindows.dll","CodeFilePath":null,"LineNumber":0,"Properties":[{"Key":{"Id":"NUnit.Seed","Label":"Seed","Category":"","Description":"","Attributes":0,"ValueType":"System.String"},"Value":"1495038392"}]}]}}
TpTrace Verbose: 0 : 14008, 14, 2024/07/18, 23:22:36.845, 2674536436290, testhost.dll, TestRunCache: OnNewTestResult: Notified the onCacheHit callback.
TpTrace Verbose: 0 : 14008, 10, 2024/07/18, 23:22:37.817, 2674546160753, testhost.dll, TcpClientExtensions.MessageLoopAsync: Polling on remoteEndPoint: [::ffff:127.0.0.1]:52705 localEndPoint: [::ffff:127.0.0.1]:52706
TpTrace Verbose: 0 : 14008, 10, 2024/07/18, 23:22:38.818, 2674556172487, testhost.dll, TcpClientExtensions.MessageLoopAsync: Polling on remoteEndPoint: [::ffff:127.0.0.1]:52705 localEndPoint: [::ffff:127.0.0.1]:52706
TpTrace Verbose: 0 : 14008, 10, 2024/07/18, 23:22:39.820, 2674566183181, testhost.dll, TcpClientExtensions.MessageLoopAsync: Polling on remoteEndPoint: [::ffff:127.0.0.1]:52705 localEndPoint: [::ffff:127.0.0.1]:52706
TpTrace Verbose: 0 : 14008, 10, 2024/07/18, 23:22:40.823, 2674576213893, testhost.dll, TcpClientExtensions.MessageLoopAsync: Polling on remoteEndPoint: [::ffff:127.0.0.1]:52705 localEndPoint: [::ffff:127.0.0.1]:52706
TpTrace Information: 0 : 14008, 14, 2024/07/18, 23:22:41.540, 2674583390339, testhost.dll, NoSuchWindowException: NoSuchWindowException was correctly handled.
TpTrace Verbose: 0 : 14008, 14, 2024/07/18, 23:22:41.541, 2674583393248, testhost.dll, TestRequestHandler.SendData:  sending data from testhost: {"Version":5,"MessageType":"TestSession.Message","Payload":{"MessageLevel":0,"Message":"NoSuchWindowException: NoSuchWindowException was correctly handled."}}
TpTrace Verbose: 0 : 14008, 14, 2024/07/18, 23:22:41.541, 2674583396026, testhost.dll, TestExecutionRecorder.RecordEnd: test: WorkingWithWindows.TestsSwitchingWindows.NoSuchWindowException execution completed.
TpTrace Warning: 0 : 14008, 14, 2024/07/18, 23:22:41.541, 2674583397323, testhost.dll, TestRunCache: InProgressTests is null
TpTrace Verbose: 0 : 14008, 14, 2024/07/18, 23:22:41.544, 2674583431466, testhost.dll, TestExecutionRecorder.RecordResult: Received result for test: WorkingWithWindows.TestsSwitchingWindows.NoSuchWindowException.
TpTrace Warning: 0 : 14008, 14, 2024/07/18, 23:22:41.545, 2674583434438, testhost.dll, TestRunCache: InProgressTests is null
TpTrace Warning: 0 : 14008, 14, 2024/07/18, 23:22:41.545, 2674583435055, testhost.dll, TestRunCache: No test found corresponding to testResult 'NoSuchWindowException' in inProgress list.
TpTrace Information: 0 : 14008, 4, 2024/07/18, 23:22:41.550, 2674583488460, testhost.dll, NUnit Adapter 4.2.0.0: Test execution complete
TpTrace Verbose: 0 : 14008, 4, 2024/07/18, 23:22:41.550, 2674583490442, testhost.dll, TestRequestHandler.SendData:  sending data from testhost: {"Version":5,"MessageType":"TestSession.Message","Payload":{"MessageLevel":0,"Message":"NUnit Adapter 4.2.0.0: Test execution complete"}}
TpTrace Verbose: 0 : 14008, 4, 2024/07/18, 23:22:41.559, 2674583581183, testhost.dll, BaseRunTests.RunTestInternalWithExecutors: Completed running tests for executor://NUnit3TestExecutor
TpTrace Information: 0 : 14008, 4, 2024/07/18, 23:22:41.563, 2674583615727, testhost.dll, Sending test run complete
TpTrace Verbose: 0 : 14008, 4, 2024/07/18, 23:22:41.575, 2674583735484, testhost.dll, TestRequestHandler.SendData:  sending data from testhost: {"Version":5,"MessageType":"TestExecution.Completed","Payload":{"TestRunCompleteArgs":{"TestRunStatistics":{"ExecutedTests":2,"Stats":{"Passed":2}},"IsCanceled":false,"IsAborted":false,"Error":null,"AttachmentSets":[],"ElapsedTimeInRunningTests":"00:00:10.6059536","Metrics":{}},"LastRunTests":{"NewTestResults":[{"TestCase":{"Id":"541eb138-df94-8957-05d8-22e501109e4b","FullyQualifiedName":"WorkingWithWindows.TestsSwitchingWindows.NoSuchWindowException","DisplayName":"NoSuchWindowException","ExecutorUri":"executor://NUnit3TestExecutor","Source":"C:\\Users\\PC\\source\\repos\\ExerciseSeleniumWaits\\WorkingWithWindows\\bin\\Debug\\net6.0\\fine-code-coverage\\build-output\\WorkingWithWindows.dll","CodeFilePath":null,"LineNumber":0,"Properties":[{"Key":{"Id":"NUnit.Seed","Label":"Seed","Category":"","Description":"","Attributes":0,"ValueType":"System.String"},"Value":"1495038392"}]},"Attachments":[],"Outcome":1,"ErrorMessage":null,"ErrorStackTrace":null,"DisplayName":"NoSuchWindowException","Messages":[{"Category":"StdOutMsgs","Text":"NoSuchWindowException was correctly handled."}],"ComputerName":"DESKTOP-78QNQ9Q","Duration":"00:00:04.7803920","StartTime":"2024-07-18T20:22:36.7584206+00:00","EndTime":"2024-07-18T20:22:41.5388129+00:00","Properties":[{"Key":{"Id":"NUnit.Seed","Label":"Seed","Category":"","Description":"","Attributes":0,"ValueType":"System.String"},"Value":"1495038392"}]}],"TestRunStatistics":{"ExecutedTests":2,"Stats":{"Passed":2}},"ActiveTests":[]},"RunAttachments":[],"ExecutorUris":["executor://nunit3testexecutor/"]}}
TpTrace Verbose: 0 : 14008, 4, 2024/07/18, 23:22:41.575, 2674583740209, testhost.dll, BaseRunTests.RunTests: Run is complete.
TpTrace Verbose: 0 : 14008, 10, 2024/07/18, 23:22:41.576, 2674583744752, testhost.dll, TcpClientExtensions.MessageLoopAsync: NotifyDataAvailable remoteEndPoint: [::ffff:127.0.0.1]:52705 localEndPoint: [::ffff:127.0.0.1]:52706
TpTrace Information: 0 : 14008, 10, 2024/07/18, 23:22:41.576, 2674583746631, testhost.dll, TestRequestHandler.OnMessageReceived: received message: (TestSession.Terminate) -> null
TpTrace Information: 0 : 14008, 10, 2024/07/18, 23:22:41.576, 2674583747342, testhost.dll, Session End message received from server. Closing the connection.
TpTrace Information: 0 : 14008, 10, 2024/07/18, 23:22:41.576, 2674583751239, testhost.dll, SocketClient.Stop: Stop communication from server endpoint: 127.0.0.1:052705
TpTrace Information: 0 : 14008, 10, 2024/07/18, 23:22:41.576, 2674583751942, testhost.dll, SocketClient: Stop: Cancellation requested. Stopping message loop.
TpTrace Information: 0 : 14008, 1, 2024/07/18, 23:22:41.577, 2674583753603, testhost.dll, Closing the connection !
TpTrace Verbose: 0 : 14008, 10, 2024/07/18, 23:22:41.577, 2674583753944, testhost.dll, LengthPrefixCommunicationChannel.Dispose: Dispose reader and writer.
TpTrace Information: 0 : 14008, 1, 2024/07/18, 23:22:41.577, 2674583754805, testhost.dll, SocketClient.Stop: Stop communication from server endpoint: 127.0.0.1:052705
TpTrace Information: 0 : 14008, 10, 2024/07/18, 23:22:41.577, 2674583755424, testhost.dll, Closing the connection !
TpTrace Information: 0 : 14008, 1, 2024/07/18, 23:22:41.577, 2674583756024, testhost.dll, SocketClient: Stop: Cancellation requested. Stopping message loop.
TpTrace Verbose: 0 : 14008, 1, 2024/07/18, 23:22:41.577, 2674583757220, testhost.dll, LengthPrefixCommunicationChannel.Dispose: Dispose reader and writer.
TpTrace Information: 0 : 14008, 1, 2024/07/18, 23:22:41.577, 2674583758413, testhost.dll, Testhost process exiting.
TpTrace Information: 0 : 14008, 10, 2024/07/18, 23:22:41.577, 2674583759072, testhost.dll, SocketClient.PrivateStop: Stop communication from server endpoint: 127.0.0.1:052705, error:
TpTrace Verbose: 0 : 14008, 10, 2024/07/18, 23:22:41.577, 2674583761039, testhost.dll, LengthPrefixCommunicationChannel.Dispose: Dispose reader and writer.
TpTrace Verbose: 0 : 14008, 10, 2024/07/18, 23:22:41.577, 2674583762000, testhost.dll, TcpClientExtensions.MessageLoopAsync: exiting MessageLoopAsync remoteEndPoint: [::ffff:127.0.0.1]:52705 localEndPoint: [::ffff:127.0.0.1]:52706
