TpTrace Verbose: 0 : 5980, 1, 2024/07/18, 23:22:29.297, 2674460954960, vstest.console.dll, Version: 17.10.0-release-24203-04 Current process architecture: X64
TpTrace Verbose: 0 : 5980, 1, 2024/07/18, 23:22:29.304, 2674461027616, vstest.console.dll, Runtime location: C:\Program Files\dotnet\shared\Microsoft.NETCore.App\8.0.5
TpTrace Verbose: 0 : 5980, 1, 2024/07/18, 23:22:29.316, 2674461148502, vstest.console.dll, ArtifactProcessingPostProcessModeProcessorExecutor.Initialize: ArtifactProcessingMode.Collect
TpTrace Verbose: 0 : 5980, 1, 2024/07/18, 23:22:29.316, 2674461151006, vstest.console.dll, TestSessionCorrelationIdProcessorModeProcessorExecutor.Initialize: TestSessionCorrelationId '17372_d9c75107-9f3e-4ef8-974b-364c427c8926'
TpTrace Information: 0 : 5980, 1, 2024/07/18, 23:22:29.331, 2674461293145, vstest.console.dll, FilePatternParser: The given file C:\Users\PC\source\repos\ExerciseSeleniumWaits\WorkingWithWindows\bin\Debug\net6.0\fine-code-coverage\build-output\WorkingWithWindows.dll is a full path.
TpTrace Verbose: 0 : 5980, 1, 2024/07/18, 23:22:29.346, 2674461449749, vstest.console.dll, TestPluginCache.DiscoverTestExtensions: finding test extensions in assemblies ends with: RuntimeProvider.dll TPluginInfo: Microsoft.VisualStudio.TestPlatform.Common.ExtensionFramework.Utilities.TestRuntimePluginInformation TExtension: Microsoft.VisualStudio.TestPlatform.ObjectModel.Host.ITestRuntimeProvider
TpTrace Verbose: 0 : 5980, 1, 2024/07/18, 23:22:29.347, 2674461455208, vstest.console.dll, TestPluginCache.GetExtensionPaths: Filtered extension paths: 
TpTrace Verbose: 0 : 5980, 1, 2024/07/18, 23:22:29.347, 2674461456803, vstest.console.dll, TestPluginCache.GetExtensionPaths: Added default extension paths: C:\Program Files\dotnet\sdk\8.0.300\Extensions\Microsoft.Diagnostics.NETCore.Client.dll
C:\Program Files\dotnet\sdk\8.0.300\Extensions\Microsoft.TestPlatform.Extensions.BlameDataCollector.dll
C:\Program Files\dotnet\sdk\8.0.300\Extensions\Microsoft.TestPlatform.Extensions.EventLogCollector.dll
C:\Program Files\dotnet\sdk\8.0.300\Extensions\Microsoft.TestPlatform.TestHostRuntimeProvider.dll
C:\Program Files\dotnet\sdk\8.0.300\Extensions\Microsoft.VisualStudio.TestPlatform.Extensions.Html.TestLogger.dll
C:\Program Files\dotnet\sdk\8.0.300\Extensions\Microsoft.VisualStudio.TestPlatform.Extensions.Trx.TestLogger.dll
TpTrace Verbose: 0 : 5980, 1, 2024/07/18, 23:22:29.347, 2674461457693, vstest.console.dll, TestPluginCache.GetExtensionPaths: Added unfilterableExtensionPaths: 
TpTrace Information: 0 : 5980, 1, 2024/07/18, 23:22:29.348, 2674461467566, vstest.console.dll, AssemblyResolver.ctor: Creating AssemblyResolver with searchDirectories C:\Program Files\dotnet\sdk\8.0.300\Extensions,C:\Program Files\dotnet\sdk\8.0.300
TpTrace Verbose: 0 : 5980, 1, 2024/07/18, 23:22:29.351, 2674461493145, vstest.console.dll, TestPluginCache.DiscoverTestExtensions: Discovering the extensions using extension path.
TpTrace Verbose: 0 : 5980, 1, 2024/07/18, 23:22:29.351, 2674461495628, vstest.console.dll, TestPluginCache.GetExtensionPaths: Filtered extension paths: 
TpTrace Verbose: 0 : 5980, 1, 2024/07/18, 23:22:29.351, 2674461496667, vstest.console.dll, TestPluginCache.GetExtensionPaths: Added default extension paths: C:\Program Files\dotnet\sdk\8.0.300\Extensions\Microsoft.Diagnostics.NETCore.Client.dll
C:\Program Files\dotnet\sdk\8.0.300\Extensions\Microsoft.TestPlatform.Extensions.BlameDataCollector.dll
C:\Program Files\dotnet\sdk\8.0.300\Extensions\Microsoft.TestPlatform.Extensions.EventLogCollector.dll
C:\Program Files\dotnet\sdk\8.0.300\Extensions\Microsoft.TestPlatform.TestHostRuntimeProvider.dll
C:\Program Files\dotnet\sdk\8.0.300\Extensions\Microsoft.VisualStudio.TestPlatform.Extensions.Html.TestLogger.dll
C:\Program Files\dotnet\sdk\8.0.300\Extensions\Microsoft.VisualStudio.TestPlatform.Extensions.Trx.TestLogger.dll
TpTrace Verbose: 0 : 5980, 1, 2024/07/18, 23:22:29.351, 2674461497550, vstest.console.dll, TestPluginCache.GetExtensionPaths: Added unfilterableExtensionPaths: 
TpTrace Verbose: 0 : 5980, 1, 2024/07/18, 23:22:29.351, 2674461498922, vstest.console.dll, TestPluginCache.DiscoverTestExtensions: Discovering the extensions using allExtensionPaths: C:\Program Files\dotnet\sdk\8.0.300\Extensions\Microsoft.Diagnostics.NETCore.Client.dll
C:\Program Files\dotnet\sdk\8.0.300\Extensions\Microsoft.TestPlatform.Extensions.BlameDataCollector.dll
C:\Program Files\dotnet\sdk\8.0.300\Extensions\Microsoft.TestPlatform.Extensions.EventLogCollector.dll
C:\Program Files\dotnet\sdk\8.0.300\Extensions\Microsoft.TestPlatform.TestHostRuntimeProvider.dll
C:\Program Files\dotnet\sdk\8.0.300\Extensions\Microsoft.VisualStudio.TestPlatform.Extensions.Html.TestLogger.dll
C:\Program Files\dotnet\sdk\8.0.300\Extensions\Microsoft.VisualStudio.TestPlatform.Extensions.Trx.TestLogger.dll
TpTrace Information: 0 : 5980, 1, 2024/07/18, 23:22:29.351, 2674461501502, vstest.console.dll, AssemblyResolver.AddSearchDirectories: Adding more searchDirectories C:\Program Files\dotnet\sdk\8.0.300\Extensions,C:\Program Files\dotnet\sdk\8.0.300
TpTrace Information: 0 : 5980, 1, 2024/07/18, 23:22:29.351, 2674461502754, vstest.console.dll, AssemblyResolver.AddSearchDirectories: Adding more searchDirectories C:\Program Files\dotnet\sdk\8.0.300\Extensions,C:\Program Files\dotnet\sdk\8.0.300
TpTrace Information: 0 : 5980, 1, 2024/07/18, 23:22:29.352, 2674461503537, vstest.console.dll, AssemblyResolver.AddSearchDirectories: Adding more searchDirectories C:\Program Files\dotnet\sdk\8.0.300\Extensions,C:\Program Files\dotnet\sdk\8.0.300
TpTrace Information: 0 : 5980, 1, 2024/07/18, 23:22:29.352, 2674461504256, vstest.console.dll, AssemblyResolver.AddSearchDirectories: Adding more searchDirectories C:\Program Files\dotnet\sdk\8.0.300\Extensions,C:\Program Files\dotnet\sdk\8.0.300
TpTrace Information: 0 : 5980, 1, 2024/07/18, 23:22:29.352, 2674461505024, vstest.console.dll, AssemblyResolver.AddSearchDirectories: Adding more searchDirectories C:\Program Files\dotnet\sdk\8.0.300\Extensions,C:\Program Files\dotnet\sdk\8.0.300
TpTrace Information: 0 : 5980, 1, 2024/07/18, 23:22:29.352, 2674461505747, vstest.console.dll, AssemblyResolver.AddSearchDirectories: Adding more searchDirectories C:\Program Files\dotnet\sdk\8.0.300\Extensions,C:\Program Files\dotnet\sdk\8.0.300
TpTrace Information: 0 : 5980, 1, 2024/07/18, 23:22:29.353, 2674461518178, vstest.console.dll, AssemblyResolver.OnResolve: Microsoft.Diagnostics.NETCore.Client: Resolving assembly.
TpTrace Information: 0 : 5980, 1, 2024/07/18, 23:22:29.353, 2674461520024, vstest.console.dll, AssemblyResolver.OnResolve: Microsoft.Diagnostics.NETCore.Client: Searching in: 'C:\Program Files\dotnet\sdk\8.0.300\Extensions'.
TpTrace Information: 0 : 5980, 1, 2024/07/18, 23:22:29.367, 2674461659253, vstest.console.dll, AssemblyResolver.OnResolve: Microsoft.Diagnostics.NETCore.Client: Loading assembly 'C:\Program Files\dotnet\sdk\8.0.300\Extensions\Microsoft.Diagnostics.NETCore.Client.dll'.
TpTrace Information: 0 : 5980, 1, 2024/07/18, 23:22:29.371, 2674461701405, vstest.console.dll, AssemblyResolver.OnResolve: Resolved assembly: Microsoft.Diagnostics.NETCore.Client, from path: C:\Program Files\dotnet\sdk\8.0.300\Extensions\Microsoft.Diagnostics.NETCore.Client.dll
TpTrace Verbose: 0 : 5980, 1, 2024/07/18, 23:22:29.379, 2674461773479, vstest.console.dll, MetadataReaderExtensionsHelper: Discovering extensions inside assembly 'Microsoft.Diagnostics.NETCore.Client, Version=0.2.10.15101, Culture=neutral, PublicKeyToken=31bf3856ad364e35' file path 'C:\Program Files\dotnet\sdk\8.0.300\Extensions\Microsoft.Diagnostics.NETCore.Client.dll'
TpTrace Information: 0 : 5980, 1, 2024/07/18, 23:22:29.387, 2674461857345, vstest.console.dll, AssemblyResolver.OnResolve: Microsoft.Bcl.AsyncInterfaces: Resolving assembly.
TpTrace Information: 0 : 5980, 1, 2024/07/18, 23:22:29.387, 2674461858858, vstest.console.dll, AssemblyResolver.OnResolve: Microsoft.Bcl.AsyncInterfaces: Searching in: 'C:\Program Files\dotnet\sdk\8.0.300\Extensions'.
TpTrace Information: 0 : 5980, 1, 2024/07/18, 23:22:29.387, 2674461860433, vstest.console.dll, AssemblyResolver.OnResolve: Microsoft.Bcl.AsyncInterfaces: Assembly path does not exist: 'C:\Program Files\dotnet\sdk\8.0.300\Extensions\Microsoft.Bcl.AsyncInterfaces.dll', returning.
TpTrace Information: 0 : 5980, 1, 2024/07/18, 23:22:29.387, 2674461862560, vstest.console.dll, AssemblyResolver.OnResolve: Microsoft.Bcl.AsyncInterfaces: Assembly path does not exist: 'C:\Program Files\dotnet\sdk\8.0.300\Extensions\Microsoft.Bcl.AsyncInterfaces.exe', returning.
TpTrace Information: 0 : 5980, 1, 2024/07/18, 23:22:29.388, 2674461863427, vstest.console.dll, AssemblyResolver.OnResolve: Microsoft.Bcl.AsyncInterfaces: Searching in: 'C:\Program Files\dotnet\sdk\8.0.300'.
TpTrace Information: 0 : 5980, 1, 2024/07/18, 23:22:29.388, 2674461864722, vstest.console.dll, AssemblyResolver.OnResolve: Microsoft.Bcl.AsyncInterfaces: Assembly path does not exist: 'C:\Program Files\dotnet\sdk\8.0.300\Microsoft.Bcl.AsyncInterfaces.dll', returning.
TpTrace Information: 0 : 5980, 1, 2024/07/18, 23:22:29.388, 2674461865985, vstest.console.dll, AssemblyResolver.OnResolve: Microsoft.Bcl.AsyncInterfaces: Assembly path does not exist: 'C:\Program Files\dotnet\sdk\8.0.300\Microsoft.Bcl.AsyncInterfaces.exe', returning.
TpTrace Information: 0 : 5980, 1, 2024/07/18, 23:22:29.388, 2674461866819, vstest.console.dll, AssemblyResolver.OnResolve: Microsoft.Bcl.AsyncInterfaces: Failed to load assembly.
TpTrace Verbose: 0 : 5980, 1, 2024/07/18, 23:22:29.388, 2674461867868, vstest.console.dll, CurrentDomainAssemblyResolve: Resolving assembly 'Microsoft.Bcl.AsyncInterfaces'.
TpTrace Information: 0 : 5980, 1, 2024/07/18, 23:22:29.388, 2674461869023, vstest.console.dll, AssemblyResolver.OnResolve: Microsoft.Bcl.AsyncInterfaces: Resolving assembly.
TpTrace Information: 0 : 5980, 1, 2024/07/18, 23:22:29.388, 2674461869805, vstest.console.dll, AssemblyResolver.OnResolve: Microsoft.Bcl.AsyncInterfaces: Resolved from cache.
TpTrace Verbose: 0 : 5980, 1, 2024/07/18, 23:22:29.388, 2674461870400, vstest.console.dll, CurrentDomainAssemblyResolve: Resolving assembly 'Microsoft.Bcl.AsyncInterfaces'.
TpTrace Verbose: 0 : 5980, 1, 2024/07/18, 23:22:29.388, 2674461871208, vstest.console.dll, CurrentDomainAssemblyResolve: Failed to resolve assembly 'Microsoft.Bcl.AsyncInterfaces'.
TpTrace Verbose: 0 : 5980, 1, 2024/07/18, 23:22:29.399, 2674461973586, vstest.console.dll, CurrentDomainAssemblyResolve: Failed to resolve assembly 'Microsoft.Bcl.AsyncInterfaces'.
TpTrace Warning: 0 : 5980, 1, 2024/07/18, 23:22:29.439, 2674462373311, vstest.console.dll, TestPluginDiscoverer: Failed to get types from assembly 'Microsoft.Diagnostics.NETCore.Client, Version=0.2.10.15101, Culture=neutral, PublicKeyToken=31bf3856ad364e35'. Error: System.Reflection.ReflectionTypeLoadException: Unable to load one or more of the requested types.
Could not load file or assembly 'Microsoft.Bcl.AsyncInterfaces, Version=6.0.0.0, Culture=neutral, PublicKeyToken=cc7b13ffcd2ddd51'. The system cannot find the file specified.
   at System.Reflection.RuntimeModule.GetTypes(RuntimeModule module)
   at System.Reflection.RuntimeModule.GetTypes()
   at Microsoft.VisualStudio.TestPlatform.Common.ExtensionFramework.TestPluginDiscoverer.GetTestExtensionsFromAssembly[TPluginInfo,TExtension](Assembly assembly, Dictionary`2 pluginInfos, String filePath) in /_/src/Microsoft.TestPlatform.Common/ExtensionFramework/TestPluginDiscoverer.cs:line 158
System.IO.FileNotFoundException: Could not load file or assembly 'Microsoft.Bcl.AsyncInterfaces, Version=6.0.0.0, Culture=neutral, PublicKeyToken=cc7b13ffcd2ddd51'. The system cannot find the file specified.
File name: 'Microsoft.Bcl.AsyncInterfaces, Version=6.0.0.0, Culture=neutral, PublicKeyToken=cc7b13ffcd2ddd51'
 ---> System.IO.FileNotFoundException: Could not load file or assembly 'Microsoft.Bcl.AsyncInterfaces, Culture=neutral, PublicKeyToken=null'. The system cannot find the file specified.
File name: 'Microsoft.Bcl.AsyncInterfaces, Culture=neutral, PublicKeyToken=null'
   at System.Reflection.RuntimeAssembly.InternalLoad(AssemblyName assemblyName, StackCrawlMark& stackMark, AssemblyLoadContext assemblyLoadContext, RuntimeAssembly requestingAssembly, Boolean throwOnFileNotFound)
   at System.Reflection.Assembly.Load(AssemblyName assemblyRef)
   at Microsoft.VisualStudio.TestPlatform.Common.ExtensionFramework.TestPluginCache.CurrentDomainAssemblyResolve(Object sender, AssemblyResolveEventArgs args) in /_/src/Microsoft.TestPlatform.Common/ExtensionFramework/TestPluginCache.cs:line 513
   at System.Runtime.Loader.AssemblyLoadContext.GetFirstResolvedAssemblyFromResolvingEvent(AssemblyName assemblyName)
   at System.Runtime.Loader.AssemblyLoadContext.ResolveUsingEvent(AssemblyName assemblyName)
   at System.Runtime.Loader.AssemblyLoadContext.ResolveUsingResolvingEvent(IntPtr gchManagedAssemblyLoadContext, AssemblyName assemblyName)
TpTrace Warning: 0 : 5980, 1, 2024/07/18, 23:22:29.439, 2674462379243, vstest.console.dll, LoaderExceptions: System.IO.FileNotFoundException: Could not load file or assembly 'Microsoft.Bcl.AsyncInterfaces, Version=6.0.0.0, Culture=neutral, PublicKeyToken=cc7b13ffcd2ddd51'. The system cannot find the file specified.
File name: 'Microsoft.Bcl.AsyncInterfaces, Version=6.0.0.0, Culture=neutral, PublicKeyToken=cc7b13ffcd2ddd51'
 ---> System.IO.FileNotFoundException: Could not load file or assembly 'Microsoft.Bcl.AsyncInterfaces, Culture=neutral, PublicKeyToken=null'. The system cannot find the file specified.
File name: 'Microsoft.Bcl.AsyncInterfaces, Culture=neutral, PublicKeyToken=null'
   at System.Reflection.RuntimeAssembly.InternalLoad(AssemblyName assemblyName, StackCrawlMark& stackMark, AssemblyLoadContext assemblyLoadContext, RuntimeAssembly requestingAssembly, Boolean throwOnFileNotFound)
   at System.Reflection.Assembly.Load(AssemblyName assemblyRef)
   at Microsoft.VisualStudio.TestPlatform.Common.ExtensionFramework.TestPluginCache.CurrentDomainAssemblyResolve(Object sender, AssemblyResolveEventArgs args) in /_/src/Microsoft.TestPlatform.Common/ExtensionFramework/TestPluginCache.cs:line 513
   at System.Runtime.Loader.AssemblyLoadContext.GetFirstResolvedAssemblyFromResolvingEvent(AssemblyName assemblyName)
   at System.Runtime.Loader.AssemblyLoadContext.ResolveUsingEvent(AssemblyName assemblyName)
   at System.Runtime.Loader.AssemblyLoadContext.ResolveUsingResolvingEvent(IntPtr gchManagedAssemblyLoadContext, AssemblyName assemblyName)
TpTrace Information: 0 : 5980, 1, 2024/07/18, 23:22:29.439, 2674462382611, vstest.console.dll, AssemblyResolver.OnResolve: Microsoft.TestPlatform.Extensions.BlameDataCollector: Resolving assembly.
TpTrace Information: 0 : 5980, 1, 2024/07/18, 23:22:29.440, 2674462384094, vstest.console.dll, AssemblyResolver.OnResolve: Microsoft.TestPlatform.Extensions.BlameDataCollector: Searching in: 'C:\Program Files\dotnet\sdk\8.0.300\Extensions'.
TpTrace Information: 0 : 5980, 1, 2024/07/18, 23:22:29.441, 2674462394785, vstest.console.dll, AssemblyResolver.OnResolve: Microsoft.TestPlatform.Extensions.BlameDataCollector: Loading assembly 'C:\Program Files\dotnet\sdk\8.0.300\Extensions\Microsoft.TestPlatform.Extensions.BlameDataCollector.dll'.
TpTrace Information: 0 : 5980, 1, 2024/07/18, 23:22:29.442, 2674462406158, vstest.console.dll, AssemblyResolver.OnResolve: Resolved assembly: Microsoft.TestPlatform.Extensions.BlameDataCollector, from path: C:\Program Files\dotnet\sdk\8.0.300\Extensions\Microsoft.TestPlatform.Extensions.BlameDataCollector.dll
TpTrace Verbose: 0 : 5980, 1, 2024/07/18, 23:22:29.442, 2674462408742, vstest.console.dll, MetadataReaderExtensionsHelper: Discovering extensions inside assembly 'Microsoft.TestPlatform.Extensions.BlameDataCollector, Version=15.0.0.0, Culture=neutral, PublicKeyToken=b03f5f7f11d50a3a' file path 'C:\Program Files\dotnet\sdk\8.0.300\Extensions\Microsoft.TestPlatform.Extensions.BlameDataCollector.dll'
TpTrace Information: 0 : 5980, 1, 2024/07/18, 23:22:29.445, 2674462441253, vstest.console.dll, AssemblyResolver.OnResolve: Microsoft.TestPlatform.Extensions.EventLogCollector: Resolving assembly.
TpTrace Information: 0 : 5980, 1, 2024/07/18, 23:22:29.445, 2674462442777, vstest.console.dll, AssemblyResolver.OnResolve: Microsoft.TestPlatform.Extensions.EventLogCollector: Searching in: 'C:\Program Files\dotnet\sdk\8.0.300\Extensions'.
TpTrace Information: 0 : 5980, 1, 2024/07/18, 23:22:29.447, 2674462454188, vstest.console.dll, AssemblyResolver.OnResolve: Microsoft.TestPlatform.Extensions.EventLogCollector: Loading assembly 'C:\Program Files\dotnet\sdk\8.0.300\Extensions\Microsoft.TestPlatform.Extensions.EventLogCollector.dll'.
TpTrace Information: 0 : 5980, 1, 2024/07/18, 23:22:29.448, 2674462463966, vstest.console.dll, AssemblyResolver.OnResolve: Resolved assembly: Microsoft.TestPlatform.Extensions.EventLogCollector, from path: C:\Program Files\dotnet\sdk\8.0.300\Extensions\Microsoft.TestPlatform.Extensions.EventLogCollector.dll
TpTrace Verbose: 0 : 5980, 1, 2024/07/18, 23:22:29.448, 2674462465249, vstest.console.dll, MetadataReaderExtensionsHelper: Discovering extensions inside assembly 'Microsoft.TestPlatform.Extensions.EventLogCollector, Version=15.0.0.0, Culture=neutral, PublicKeyToken=b03f5f7f11d50a3a' file path 'C:\Program Files\dotnet\sdk\8.0.300\Extensions\Microsoft.TestPlatform.Extensions.EventLogCollector.dll'
TpTrace Information: 0 : 5980, 1, 2024/07/18, 23:22:29.453, 2674462517956, vstest.console.dll, AssemblyResolver.OnResolve: Microsoft.TestPlatform.TestHostRuntimeProvider: Resolving assembly.
TpTrace Information: 0 : 5980, 1, 2024/07/18, 23:22:29.453, 2674462519506, vstest.console.dll, AssemblyResolver.OnResolve: Microsoft.TestPlatform.TestHostRuntimeProvider: Searching in: 'C:\Program Files\dotnet\sdk\8.0.300\Extensions'.
TpTrace Information: 0 : 5980, 1, 2024/07/18, 23:22:29.455, 2674462532990, vstest.console.dll, AssemblyResolver.OnResolve: Microsoft.TestPlatform.TestHostRuntimeProvider: Loading assembly 'C:\Program Files\dotnet\sdk\8.0.300\Extensions\Microsoft.TestPlatform.TestHostRuntimeProvider.dll'.
TpTrace Information: 0 : 5980, 1, 2024/07/18, 23:22:29.456, 2674462552470, vstest.console.dll, AssemblyResolver.OnResolve: Resolved assembly: Microsoft.TestPlatform.TestHostRuntimeProvider, from path: C:\Program Files\dotnet\sdk\8.0.300\Extensions\Microsoft.TestPlatform.TestHostRuntimeProvider.dll
TpTrace Verbose: 0 : 5980, 1, 2024/07/18, 23:22:29.457, 2674462554276, vstest.console.dll, MetadataReaderExtensionsHelper: Discovering extensions inside assembly 'Microsoft.TestPlatform.TestHostRuntimeProvider, Version=15.0.0.0, Culture=neutral, PublicKeyToken=b03f5f7f11d50a3a' file path 'C:\Program Files\dotnet\sdk\8.0.300\Extensions\Microsoft.TestPlatform.TestHostRuntimeProvider.dll'
TpTrace Information: 0 : 5980, 1, 2024/07/18, 23:22:29.460, 2674462590495, vstest.console.dll, GetTestExtensionFromType: Register extension with identifier data 'HostProvider://DefaultTestHost' and type 'Microsoft.VisualStudio.TestPlatform.CrossPlatEngine.Hosting.DefaultTestHostManager, Microsoft.TestPlatform.TestHostRuntimeProvider, Version=15.0.0.0, Culture=neutral, PublicKeyToken=b03f5f7f11d50a3a' inside file 'C:\Program Files\dotnet\sdk\8.0.300\Extensions\Microsoft.TestPlatform.TestHostRuntimeProvider.dll'
TpTrace Information: 0 : 5980, 1, 2024/07/18, 23:22:29.461, 2674462596096, vstest.console.dll, GetTestExtensionFromType: Register extension with identifier data 'HostProvider://DotnetTestHost' and type 'Microsoft.VisualStudio.TestPlatform.CrossPlatEngine.Hosting.DotnetTestHostManager, Microsoft.TestPlatform.TestHostRuntimeProvider, Version=15.0.0.0, Culture=neutral, PublicKeyToken=b03f5f7f11d50a3a' inside file 'C:\Program Files\dotnet\sdk\8.0.300\Extensions\Microsoft.TestPlatform.TestHostRuntimeProvider.dll'
TpTrace Information: 0 : 5980, 1, 2024/07/18, 23:22:29.461, 2674462598347, vstest.console.dll, AssemblyResolver.OnResolve: Microsoft.VisualStudio.TestPlatform.Extensions.Html.TestLogger: Resolving assembly.
TpTrace Information: 0 : 5980, 1, 2024/07/18, 23:22:29.461, 2674462599349, vstest.console.dll, AssemblyResolver.OnResolve: Microsoft.VisualStudio.TestPlatform.Extensions.Html.TestLogger: Searching in: 'C:\Program Files\dotnet\sdk\8.0.300\Extensions'.
TpTrace Information: 0 : 5980, 1, 2024/07/18, 23:22:29.463, 2674462613218, vstest.console.dll, AssemblyResolver.OnResolve: Microsoft.VisualStudio.TestPlatform.Extensions.Html.TestLogger: Loading assembly 'C:\Program Files\dotnet\sdk\8.0.300\Extensions\Microsoft.VisualStudio.TestPlatform.Extensions.Html.TestLogger.dll'.
TpTrace Information: 0 : 5980, 1, 2024/07/18, 23:22:29.464, 2674462628048, vstest.console.dll, AssemblyResolver.OnResolve: Resolved assembly: Microsoft.VisualStudio.TestPlatform.Extensions.Html.TestLogger, from path: C:\Program Files\dotnet\sdk\8.0.300\Extensions\Microsoft.VisualStudio.TestPlatform.Extensions.Html.TestLogger.dll
TpTrace Verbose: 0 : 5980, 1, 2024/07/18, 23:22:29.464, 2674462630404, vstest.console.dll, MetadataReaderExtensionsHelper: Discovering extensions inside assembly 'Microsoft.VisualStudio.TestPlatform.Extensions.Html.TestLogger, Version=15.0.0.0, Culture=neutral, PublicKeyToken=b03f5f7f11d50a3a' file path 'C:\Program Files\dotnet\sdk\8.0.300\Extensions\Microsoft.VisualStudio.TestPlatform.Extensions.Html.TestLogger.dll'
TpTrace Information: 0 : 5980, 1, 2024/07/18, 23:22:29.466, 2674462652663, vstest.console.dll, AssemblyResolver.OnResolve: Microsoft.VisualStudio.TestPlatform.Extensions.Trx.TestLogger: Resolving assembly.
TpTrace Information: 0 : 5980, 1, 2024/07/18, 23:22:29.467, 2674462654120, vstest.console.dll, AssemblyResolver.OnResolve: Microsoft.VisualStudio.TestPlatform.Extensions.Trx.TestLogger: Searching in: 'C:\Program Files\dotnet\sdk\8.0.300\Extensions'.
TpTrace Information: 0 : 5980, 1, 2024/07/18, 23:22:29.469, 2674462674428, vstest.console.dll, AssemblyResolver.OnResolve: Microsoft.VisualStudio.TestPlatform.Extensions.Trx.TestLogger: Loading assembly 'C:\Program Files\dotnet\sdk\8.0.300\Extensions\Microsoft.VisualStudio.TestPlatform.Extensions.Trx.TestLogger.dll'.
TpTrace Information: 0 : 5980, 1, 2024/07/18, 23:22:29.471, 2674462701092, vstest.console.dll, AssemblyResolver.OnResolve: Resolved assembly: Microsoft.VisualStudio.TestPlatform.Extensions.Trx.TestLogger, from path: C:\Program Files\dotnet\sdk\8.0.300\Extensions\Microsoft.VisualStudio.TestPlatform.Extensions.Trx.TestLogger.dll
TpTrace Verbose: 0 : 5980, 1, 2024/07/18, 23:22:29.472, 2674462703225, vstest.console.dll, MetadataReaderExtensionsHelper: Discovering extensions inside assembly 'Microsoft.VisualStudio.TestPlatform.Extensions.Trx.TestLogger, Version=15.0.0.0, Culture=neutral, PublicKeyToken=b03f5f7f11d50a3a' file path 'C:\Program Files\dotnet\sdk\8.0.300\Extensions\Microsoft.VisualStudio.TestPlatform.Extensions.Trx.TestLogger.dll'
TpTrace Verbose: 0 : 5980, 1, 2024/07/18, 23:22:29.475, 2674462734725, vstest.console.dll, TestPluginCache: Discovered the extensions using extension path ''.
TpTrace Verbose: 0 : 5980, 1, 2024/07/18, 23:22:29.475, 2674462736185, vstest.console.dll, TestPluginCache: Discoverers are ''.
TpTrace Verbose: 0 : 5980, 1, 2024/07/18, 23:22:29.475, 2674462736880, vstest.console.dll, TestPluginCache: Executors are ''.
TpTrace Verbose: 0 : 5980, 1, 2024/07/18, 23:22:29.475, 2674462737617, vstest.console.dll, TestPluginCache: Executors2 are ''.
TpTrace Verbose: 0 : 5980, 1, 2024/07/18, 23:22:29.475, 2674462738200, vstest.console.dll, TestPluginCache: Setting providers are ''.
TpTrace Verbose: 0 : 5980, 1, 2024/07/18, 23:22:29.475, 2674462738770, vstest.console.dll, TestPluginCache: Loggers are ''.
TpTrace Verbose: 0 : 5980, 1, 2024/07/18, 23:22:29.475, 2674462741602, vstest.console.dll, TestPluginCache: TestHosts are 'HostProvider://DefaultTestHost,HostProvider://DotnetTestHost'.
TpTrace Verbose: 0 : 5980, 1, 2024/07/18, 23:22:29.475, 2674462742348, vstest.console.dll, TestPluginCache: DataCollectors are ''.
TpTrace Information: 0 : 5980, 1, 2024/07/18, 23:22:29.500, 2674462991460, vstest.console.dll, RunTestsArgumentProcessor:Execute: Test run is starting.
TpTrace Verbose: 0 : 5980, 1, 2024/07/18, 23:22:29.501, 2674462993294, vstest.console.dll, RunTestsArgumentProcessor:Execute: Queuing Test run.
TpTrace Information: 0 : 5980, 1, 2024/07/18, 23:22:29.501, 2674463001140, vstest.console.dll, TestRequestManager.RunTests: run tests started.
TpTrace Information: 0 : 5980, 1, 2024/07/18, 23:22:29.504, 2674463024118, vstest.console.dll, AssemblyMetadataProvider.GetFrameworkName: Determined framework:'.NETCoreApp,Version=v6.0' for source: 'C:\Users\PC\source\repos\ExerciseSeleniumWaits\WorkingWithWindows\bin\Debug\net6.0\fine-code-coverage\build-output\WorkingWithWindows.dll'
TpTrace Information: 0 : 5980, 1, 2024/07/18, 23:22:29.504, 2674463027315, vstest.console.dll, Determined framework for all sources: .NETCoreApp,Version=v6.0
TpTrace Verbose: 0 : 5980, 1, 2024/07/18, 23:22:29.504, 2674463032643, vstest.console.dll, TestRequestManager.UpdateRunSettingsIfRequired: Default architecture: X64 IsDefaultTargetArchitecture: True, Current process architecture: X64 OperatingSystem: Windows.
TpTrace Information: 0 : 5980, 1, 2024/07/18, 23:22:29.507, 2674463057402, vstest.console.dll, AssemblyMetadataProvider.GetArchitecture: Determined architecture:AnyCPU info for assembly: C:\Users\PC\source\repos\ExerciseSeleniumWaits\WorkingWithWindows\bin\Debug\net6.0\fine-code-coverage\build-output\WorkingWithWindows.dll
TpTrace Information: 0 : 5980, 1, 2024/07/18, 23:22:29.507, 2674463058708, vstest.console.dll, Determined platform for source 'C:\Users\PC\source\repos\ExerciseSeleniumWaits\WorkingWithWindows\bin\Debug\net6.0\fine-code-coverage\build-output\WorkingWithWindows.dll' was AnyCPU and it will use the default plaform X64.
TpTrace Information: 0 : 5980, 1, 2024/07/18, 23:22:29.507, 2674463059416, vstest.console.dll, None of the sources provided any runnable platform, using the default platform: X64
TpTrace Information: 0 : 5980, 1, 2024/07/18, 23:22:29.507, 2674463060961, vstest.console.dll, Platform was updated to 'X64'.
TpTrace Information: 0 : 5980, 1, 2024/07/18, 23:22:29.517, 2674463158645, vstest.console.dll, InferRunSettingsHelper.IsTestSettingsEnabled: Unable to navigate to RunSettings/MSTest. Current node: RunSettings
TpTrace Information: 0 : 5980, 1, 2024/07/18, 23:22:29.519, 2674463173059, vstest.console.dll, AssemblyResolver.OnResolve: Microsoft.VisualStudio.TestPlatform.Fakes: Resolving assembly.
TpTrace Information: 0 : 5980, 1, 2024/07/18, 23:22:29.519, 2674463174777, vstest.console.dll, AssemblyResolver.OnResolve: Microsoft.VisualStudio.TestPlatform.Fakes: Searching in: 'C:\Program Files\dotnet\sdk\8.0.300\Extensions'.
TpTrace Information: 0 : 5980, 1, 2024/07/18, 23:22:29.519, 2674463176887, vstest.console.dll, AssemblyResolver.OnResolve: Microsoft.VisualStudio.TestPlatform.Fakes: Assembly path does not exist: 'C:\Program Files\dotnet\sdk\8.0.300\Extensions\Microsoft.VisualStudio.TestPlatform.Fakes.dll', returning.
TpTrace Information: 0 : 5980, 1, 2024/07/18, 23:22:29.519, 2674463178637, vstest.console.dll, AssemblyResolver.OnResolve: Microsoft.VisualStudio.TestPlatform.Fakes: Assembly path does not exist: 'C:\Program Files\dotnet\sdk\8.0.300\Extensions\Microsoft.VisualStudio.TestPlatform.Fakes.exe', returning.
TpTrace Information: 0 : 5980, 1, 2024/07/18, 23:22:29.519, 2674463179424, vstest.console.dll, AssemblyResolver.OnResolve: Microsoft.VisualStudio.TestPlatform.Fakes: Searching in: 'C:\Program Files\dotnet\sdk\8.0.300'.
TpTrace Information: 0 : 5980, 1, 2024/07/18, 23:22:29.519, 2674463180737, vstest.console.dll, AssemblyResolver.OnResolve: Microsoft.VisualStudio.TestPlatform.Fakes: Assembly path does not exist: 'C:\Program Files\dotnet\sdk\8.0.300\Microsoft.VisualStudio.TestPlatform.Fakes.dll', returning.
TpTrace Information: 0 : 5980, 1, 2024/07/18, 23:22:29.520, 2674463185076, vstest.console.dll, AssemblyResolver.OnResolve: Microsoft.VisualStudio.TestPlatform.Fakes: Assembly path does not exist: 'C:\Program Files\dotnet\sdk\8.0.300\Microsoft.VisualStudio.TestPlatform.Fakes.exe', returning.
TpTrace Information: 0 : 5980, 1, 2024/07/18, 23:22:29.520, 2674463185868, vstest.console.dll, AssemblyResolver.OnResolve: Microsoft.VisualStudio.TestPlatform.Fakes: Failed to load assembly.
TpTrace Information: 0 : 5980, 1, 2024/07/18, 23:22:29.520, 2674463191168, vstest.console.dll, Failed to load assembly Microsoft.VisualStudio.TestPlatform.Fakes, Version=17.0.0.0, Culture=neutral. Reason:System.IO.FileNotFoundException: Could not load file or assembly 'Microsoft.VisualStudio.TestPlatform.Fakes, Version=17.0.0.0, Culture=neutral, PublicKeyToken=null'. The system cannot find the file specified.
File name: 'Microsoft.VisualStudio.TestPlatform.Fakes, Version=17.0.0.0, Culture=neutral, PublicKeyToken=null'
   at System.Reflection.RuntimeAssembly.InternalLoad(AssemblyName assemblyName, StackCrawlMark& stackMark, AssemblyLoadContext assemblyLoadContext, RuntimeAssembly requestingAssembly, Boolean throwOnFileNotFound)
   at System.Reflection.Assembly.Load(AssemblyName assemblyRef)
   at Microsoft.VisualStudio.TestPlatform.Common.Utilities.FakesUtilities.LoadTestPlatformAssembly() in /_/src/Microsoft.TestPlatform.Common/Utilities/FakesUtilities.cs:line 272
TpTrace Verbose: 0 : 5980, 1, 2024/07/18, 23:22:29.527, 2674463254303, vstest.console.dll, TestPluginCache.DiscoverTestExtensions: finding test extensions in assemblies ends with: TestLogger.dll TPluginInfo: Microsoft.VisualStudio.TestPlatform.Common.ExtensionFramework.Utilities.TestLoggerPluginInformation TExtension: Microsoft.VisualStudio.TestPlatform.ObjectModel.Client.ITestLogger
TpTrace Verbose: 0 : 5980, 1, 2024/07/18, 23:22:29.527, 2674463256117, vstest.console.dll, TestPluginCache.GetExtensionPaths: Filtered extension paths: 
TpTrace Verbose: 0 : 5980, 1, 2024/07/18, 23:22:29.527, 2674463257038, vstest.console.dll, TestPluginCache.GetExtensionPaths: Added default extension paths: C:\Program Files\dotnet\sdk\8.0.300\Extensions\Microsoft.Diagnostics.NETCore.Client.dll
C:\Program Files\dotnet\sdk\8.0.300\Extensions\Microsoft.TestPlatform.Extensions.BlameDataCollector.dll
C:\Program Files\dotnet\sdk\8.0.300\Extensions\Microsoft.TestPlatform.Extensions.EventLogCollector.dll
C:\Program Files\dotnet\sdk\8.0.300\Extensions\Microsoft.TestPlatform.TestHostRuntimeProvider.dll
C:\Program Files\dotnet\sdk\8.0.300\Extensions\Microsoft.VisualStudio.TestPlatform.Extensions.Html.TestLogger.dll
C:\Program Files\dotnet\sdk\8.0.300\Extensions\Microsoft.VisualStudio.TestPlatform.Extensions.Trx.TestLogger.dll
TpTrace Verbose: 0 : 5980, 1, 2024/07/18, 23:22:29.527, 2674463257908, vstest.console.dll, TestPluginCache.GetExtensionPaths: Added unfilterableExtensionPaths: 
TpTrace Information: 0 : 5980, 1, 2024/07/18, 23:22:29.530, 2674463287910, vstest.console.dll, AssemblyResolver.AddSearchDirectories: Adding more searchDirectories C:\Program Files\dotnet\sdk\8.0.300\Extensions,C:\Program Files\dotnet\sdk\8.0.300
TpTrace Verbose: 0 : 5980, 1, 2024/07/18, 23:22:29.530, 2674463290489, vstest.console.dll, TestPluginCache.DiscoverTestExtensions: Discovering the extensions using extension path.
TpTrace Verbose: 0 : 5980, 1, 2024/07/18, 23:22:29.530, 2674463292094, vstest.console.dll, TestPluginCache.GetExtensionPaths: Filtered extension paths: 
TpTrace Verbose: 0 : 5980, 1, 2024/07/18, 23:22:29.531, 2674463293441, vstest.console.dll, TestPluginCache.GetExtensionPaths: Added default extension paths: C:\Program Files\dotnet\sdk\8.0.300\Extensions\Microsoft.Diagnostics.NETCore.Client.dll
C:\Program Files\dotnet\sdk\8.0.300\Extensions\Microsoft.TestPlatform.Extensions.BlameDataCollector.dll
C:\Program Files\dotnet\sdk\8.0.300\Extensions\Microsoft.TestPlatform.Extensions.EventLogCollector.dll
C:\Program Files\dotnet\sdk\8.0.300\Extensions\Microsoft.TestPlatform.TestHostRuntimeProvider.dll
C:\Program Files\dotnet\sdk\8.0.300\Extensions\Microsoft.VisualStudio.TestPlatform.Extensions.Html.TestLogger.dll
C:\Program Files\dotnet\sdk\8.0.300\Extensions\Microsoft.VisualStudio.TestPlatform.Extensions.Trx.TestLogger.dll
TpTrace Verbose: 0 : 5980, 1, 2024/07/18, 23:22:29.531, 2674463294675, vstest.console.dll, TestPluginCache.GetExtensionPaths: Added unfilterableExtensionPaths: 
TpTrace Verbose: 0 : 5980, 1, 2024/07/18, 23:22:29.531, 2674463296004, vstest.console.dll, TestPluginCache.DiscoverTestExtensions: Discovering the extensions using allExtensionPaths: C:\Program Files\dotnet\sdk\8.0.300\Extensions\Microsoft.Diagnostics.NETCore.Client.dll
C:\Program Files\dotnet\sdk\8.0.300\Extensions\Microsoft.TestPlatform.Extensions.BlameDataCollector.dll
C:\Program Files\dotnet\sdk\8.0.300\Extensions\Microsoft.TestPlatform.Extensions.EventLogCollector.dll
C:\Program Files\dotnet\sdk\8.0.300\Extensions\Microsoft.TestPlatform.TestHostRuntimeProvider.dll
C:\Program Files\dotnet\sdk\8.0.300\Extensions\Microsoft.VisualStudio.TestPlatform.Extensions.Html.TestLogger.dll
C:\Program Files\dotnet\sdk\8.0.300\Extensions\Microsoft.VisualStudio.TestPlatform.Extensions.Trx.TestLogger.dll
TpTrace Information: 0 : 5980, 1, 2024/07/18, 23:22:29.531, 2674463297375, vstest.console.dll, AssemblyResolver.AddSearchDirectories: Adding more searchDirectories C:\Program Files\dotnet\sdk\8.0.300\Extensions,C:\Program Files\dotnet\sdk\8.0.300
TpTrace Information: 0 : 5980, 1, 2024/07/18, 23:22:29.531, 2674463298300, vstest.console.dll, AssemblyResolver.AddSearchDirectories: Adding more searchDirectories C:\Program Files\dotnet\sdk\8.0.300\Extensions,C:\Program Files\dotnet\sdk\8.0.300
TpTrace Information: 0 : 5980, 1, 2024/07/18, 23:22:29.531, 2674463299071, vstest.console.dll, AssemblyResolver.AddSearchDirectories: Adding more searchDirectories C:\Program Files\dotnet\sdk\8.0.300\Extensions,C:\Program Files\dotnet\sdk\8.0.300
TpTrace Information: 0 : 5980, 1, 2024/07/18, 23:22:29.531, 2674463299821, vstest.console.dll, AssemblyResolver.AddSearchDirectories: Adding more searchDirectories C:\Program Files\dotnet\sdk\8.0.300\Extensions,C:\Program Files\dotnet\sdk\8.0.300
TpTrace Information: 0 : 5980, 1, 2024/07/18, 23:22:29.531, 2674463300546, vstest.console.dll, AssemblyResolver.AddSearchDirectories: Adding more searchDirectories C:\Program Files\dotnet\sdk\8.0.300\Extensions,C:\Program Files\dotnet\sdk\8.0.300
TpTrace Information: 0 : 5980, 1, 2024/07/18, 23:22:29.531, 2674463301255, vstest.console.dll, AssemblyResolver.AddSearchDirectories: Adding more searchDirectories C:\Program Files\dotnet\sdk\8.0.300\Extensions,C:\Program Files\dotnet\sdk\8.0.300
TpTrace Verbose: 0 : 5980, 1, 2024/07/18, 23:22:29.532, 2674463303158, vstest.console.dll, MetadataReaderExtensionsHelper: Discovering extensions inside assembly 'Microsoft.Diagnostics.NETCore.Client, Version=0.2.10.15101, Culture=neutral, PublicKeyToken=31bf3856ad364e35' file path 'C:\Program Files\dotnet\sdk\8.0.300\Extensions\Microsoft.Diagnostics.NETCore.Client.dll'
TpTrace Information: 0 : 5980, 1, 2024/07/18, 23:22:29.533, 2674463315241, vstest.console.dll, AssemblyResolver.OnResolve: Microsoft.Bcl.AsyncInterfaces: Resolving assembly.
TpTrace Information: 0 : 5980, 1, 2024/07/18, 23:22:29.533, 2674463316320, vstest.console.dll, AssemblyResolver.OnResolve: Microsoft.Bcl.AsyncInterfaces: Resolved from cache.
TpTrace Verbose: 0 : 5980, 1, 2024/07/18, 23:22:29.533, 2674463317137, vstest.console.dll, CurrentDomainAssemblyResolve: Resolving assembly 'Microsoft.Bcl.AsyncInterfaces'.
TpTrace Information: 0 : 5980, 1, 2024/07/18, 23:22:29.533, 2674463318220, vstest.console.dll, AssemblyResolver.OnResolve: Microsoft.Bcl.AsyncInterfaces: Resolving assembly.
TpTrace Information: 0 : 5980, 1, 2024/07/18, 23:22:29.533, 2674463318843, vstest.console.dll, AssemblyResolver.OnResolve: Microsoft.Bcl.AsyncInterfaces: Resolved from cache.
TpTrace Verbose: 0 : 5980, 1, 2024/07/18, 23:22:29.533, 2674463319405, vstest.console.dll, CurrentDomainAssemblyResolve: Resolving assembly 'Microsoft.Bcl.AsyncInterfaces'.
TpTrace Verbose: 0 : 5980, 1, 2024/07/18, 23:22:29.533, 2674463319949, vstest.console.dll, CurrentDomainAssemblyResolve: Failed to resolve assembly 'Microsoft.Bcl.AsyncInterfaces'.
TpTrace Verbose: 0 : 5980, 1, 2024/07/18, 23:22:29.533, 2674463322036, vstest.console.dll, CurrentDomainAssemblyResolve: Failed to resolve assembly 'Microsoft.Bcl.AsyncInterfaces'.
TpTrace Warning: 0 : 5980, 1, 2024/07/18, 23:22:29.534, 2674463327801, vstest.console.dll, TestPluginDiscoverer: Failed to get types from assembly 'Microsoft.Diagnostics.NETCore.Client, Version=0.2.10.15101, Culture=neutral, PublicKeyToken=31bf3856ad364e35'. Error: System.Reflection.ReflectionTypeLoadException: Unable to load one or more of the requested types.
Could not load file or assembly 'Microsoft.Bcl.AsyncInterfaces, Version=6.0.0.0, Culture=neutral, PublicKeyToken=cc7b13ffcd2ddd51'. The system cannot find the file specified.
   at System.Reflection.RuntimeModule.GetTypes(RuntimeModule module)
   at System.Reflection.RuntimeModule.GetTypes()
   at Microsoft.VisualStudio.TestPlatform.Common.ExtensionFramework.TestPluginDiscoverer.GetTestExtensionsFromAssembly[TPluginInfo,TExtension](Assembly assembly, Dictionary`2 pluginInfos, String filePath) in /_/src/Microsoft.TestPlatform.Common/ExtensionFramework/TestPluginDiscoverer.cs:line 158
System.IO.FileNotFoundException: Could not load file or assembly 'Microsoft.Bcl.AsyncInterfaces, Version=6.0.0.0, Culture=neutral, PublicKeyToken=cc7b13ffcd2ddd51'. The system cannot find the file specified.
File name: 'Microsoft.Bcl.AsyncInterfaces, Version=6.0.0.0, Culture=neutral, PublicKeyToken=cc7b13ffcd2ddd51'
 ---> System.IO.FileNotFoundException: Could not load file or assembly 'Microsoft.Bcl.AsyncInterfaces, Culture=neutral, PublicKeyToken=null'. The system cannot find the file specified.
File name: 'Microsoft.Bcl.AsyncInterfaces, Culture=neutral, PublicKeyToken=null'
   at System.Reflection.RuntimeAssembly.InternalLoad(AssemblyName assemblyName, StackCrawlMark& stackMark, AssemblyLoadContext assemblyLoadContext, RuntimeAssembly requestingAssembly, Boolean throwOnFileNotFound)
   at System.Reflection.Assembly.Load(AssemblyName assemblyRef)
   at Microsoft.VisualStudio.TestPlatform.Common.ExtensionFramework.TestPluginCache.CurrentDomainAssemblyResolve(Object sender, AssemblyResolveEventArgs args) in /_/src/Microsoft.TestPlatform.Common/ExtensionFramework/TestPluginCache.cs:line 513
   at System.Runtime.Loader.AssemblyLoadContext.GetFirstResolvedAssemblyFromResolvingEvent(AssemblyName assemblyName)
   at System.Runtime.Loader.AssemblyLoadContext.ResolveUsingEvent(AssemblyName assemblyName)
   at System.Runtime.Loader.AssemblyLoadContext.ResolveUsingResolvingEvent(IntPtr gchManagedAssemblyLoadContext, AssemblyName assemblyName)
TpTrace Warning: 0 : 5980, 1, 2024/07/18, 23:22:29.534, 2674463330163, vstest.console.dll, LoaderExceptions: System.IO.FileNotFoundException: Could not load file or assembly 'Microsoft.Bcl.AsyncInterfaces, Version=6.0.0.0, Culture=neutral, PublicKeyToken=cc7b13ffcd2ddd51'. The system cannot find the file specified.
File name: 'Microsoft.Bcl.AsyncInterfaces, Version=6.0.0.0, Culture=neutral, PublicKeyToken=cc7b13ffcd2ddd51'
 ---> System.IO.FileNotFoundException: Could not load file or assembly 'Microsoft.Bcl.AsyncInterfaces, Culture=neutral, PublicKeyToken=null'. The system cannot find the file specified.
File name: 'Microsoft.Bcl.AsyncInterfaces, Culture=neutral, PublicKeyToken=null'
   at System.Reflection.RuntimeAssembly.InternalLoad(AssemblyName assemblyName, StackCrawlMark& stackMark, AssemblyLoadContext assemblyLoadContext, RuntimeAssembly requestingAssembly, Boolean throwOnFileNotFound)
   at System.Reflection.Assembly.Load(AssemblyName assemblyRef)
   at Microsoft.VisualStudio.TestPlatform.Common.ExtensionFramework.TestPluginCache.CurrentDomainAssemblyResolve(Object sender, AssemblyResolveEventArgs args) in /_/src/Microsoft.TestPlatform.Common/ExtensionFramework/TestPluginCache.cs:line 513
   at System.Runtime.Loader.AssemblyLoadContext.GetFirstResolvedAssemblyFromResolvingEvent(AssemblyName assemblyName)
   at System.Runtime.Loader.AssemblyLoadContext.ResolveUsingEvent(AssemblyName assemblyName)
   at System.Runtime.Loader.AssemblyLoadContext.ResolveUsingResolvingEvent(IntPtr gchManagedAssemblyLoadContext, AssemblyName assemblyName)
TpTrace Verbose: 0 : 5980, 1, 2024/07/18, 23:22:29.534, 2674463331430, vstest.console.dll, MetadataReaderExtensionsHelper: Discovering extensions inside assembly 'Microsoft.TestPlatform.Extensions.BlameDataCollector, Version=15.0.0.0, Culture=neutral, PublicKeyToken=b03f5f7f11d50a3a' file path 'C:\Program Files\dotnet\sdk\8.0.300\Extensions\Microsoft.TestPlatform.Extensions.BlameDataCollector.dll'
TpTrace Information: 0 : 5980, 1, 2024/07/18, 23:22:29.535, 2674463342495, vstest.console.dll, GetTestExtensionFromType: Register extension with identifier data 'logger://Microsoft/TestPlatform/Extensions/Blame/v1' and type 'Microsoft.TestPlatform.Extensions.BlameDataCollector.BlameLogger, Microsoft.TestPlatform.Extensions.BlameDataCollector, Version=15.0.0.0, Culture=neutral, PublicKeyToken=b03f5f7f11d50a3a' inside file 'C:\Program Files\dotnet\sdk\8.0.300\Extensions\Microsoft.TestPlatform.Extensions.BlameDataCollector.dll'
TpTrace Verbose: 0 : 5980, 1, 2024/07/18, 23:22:29.536, 2674463343819, vstest.console.dll, MetadataReaderExtensionsHelper: Discovering extensions inside assembly 'Microsoft.TestPlatform.Extensions.EventLogCollector, Version=15.0.0.0, Culture=neutral, PublicKeyToken=b03f5f7f11d50a3a' file path 'C:\Program Files\dotnet\sdk\8.0.300\Extensions\Microsoft.TestPlatform.Extensions.EventLogCollector.dll'
TpTrace Verbose: 0 : 5980, 1, 2024/07/18, 23:22:29.536, 2674463352108, vstest.console.dll, MetadataReaderExtensionsHelper: Discovering extensions inside assembly 'Microsoft.TestPlatform.TestHostRuntimeProvider, Version=15.0.0.0, Culture=neutral, PublicKeyToken=b03f5f7f11d50a3a' file path 'C:\Program Files\dotnet\sdk\8.0.300\Extensions\Microsoft.TestPlatform.TestHostRuntimeProvider.dll'
TpTrace Verbose: 0 : 5980, 1, 2024/07/18, 23:22:29.537, 2674463360403, vstest.console.dll, MetadataReaderExtensionsHelper: Discovering extensions inside assembly 'Microsoft.VisualStudio.TestPlatform.Extensions.Html.TestLogger, Version=15.0.0.0, Culture=neutral, PublicKeyToken=b03f5f7f11d50a3a' file path 'C:\Program Files\dotnet\sdk\8.0.300\Extensions\Microsoft.VisualStudio.TestPlatform.Extensions.Html.TestLogger.dll'
TpTrace Information: 0 : 5980, 1, 2024/07/18, 23:22:29.538, 2674463372498, vstest.console.dll, GetTestExtensionFromType: Register extension with identifier data 'logger://Microsoft/TestPlatform/HtmlLogger/v1' and type 'Microsoft.VisualStudio.TestPlatform.Extensions.HtmlLogger.HtmlLogger, Microsoft.VisualStudio.TestPlatform.Extensions.Html.TestLogger, Version=15.0.0.0, Culture=neutral, PublicKeyToken=b03f5f7f11d50a3a' inside file 'C:\Program Files\dotnet\sdk\8.0.300\Extensions\Microsoft.VisualStudio.TestPlatform.Extensions.Html.TestLogger.dll'
TpTrace Verbose: 0 : 5980, 1, 2024/07/18, 23:22:29.539, 2674463373897, vstest.console.dll, MetadataReaderExtensionsHelper: Discovering extensions inside assembly 'Microsoft.VisualStudio.TestPlatform.Extensions.Trx.TestLogger, Version=15.0.0.0, Culture=neutral, PublicKeyToken=b03f5f7f11d50a3a' file path 'C:\Program Files\dotnet\sdk\8.0.300\Extensions\Microsoft.VisualStudio.TestPlatform.Extensions.Trx.TestLogger.dll'
TpTrace Information: 0 : 5980, 1, 2024/07/18, 23:22:29.540, 2674463384071, vstest.console.dll, GetTestExtensionFromType: Register extension with identifier data 'logger://Microsoft/TestPlatform/TrxLogger/v1' and type 'Microsoft.VisualStudio.TestPlatform.Extensions.TrxLogger.TrxLogger, Microsoft.VisualStudio.TestPlatform.Extensions.Trx.TestLogger, Version=15.0.0.0, Culture=neutral, PublicKeyToken=b03f5f7f11d50a3a' inside file 'C:\Program Files\dotnet\sdk\8.0.300\Extensions\Microsoft.VisualStudio.TestPlatform.Extensions.Trx.TestLogger.dll'
TpTrace Verbose: 0 : 5980, 1, 2024/07/18, 23:22:29.540, 2674463386639, vstest.console.dll, TestPluginCache: Discovered the extensions using extension path ''.
TpTrace Verbose: 0 : 5980, 1, 2024/07/18, 23:22:29.540, 2674463388062, vstest.console.dll, TestPluginCache: Discoverers are ''.
TpTrace Verbose: 0 : 5980, 1, 2024/07/18, 23:22:29.540, 2674463389128, vstest.console.dll, TestPluginCache: Executors are ''.
TpTrace Verbose: 0 : 5980, 1, 2024/07/18, 23:22:29.540, 2674463390110, vstest.console.dll, TestPluginCache: Executors2 are ''.
TpTrace Verbose: 0 : 5980, 1, 2024/07/18, 23:22:29.540, 2674463390759, vstest.console.dll, TestPluginCache: Setting providers are ''.
TpTrace Verbose: 0 : 5980, 1, 2024/07/18, 23:22:29.541, 2674463395885, vstest.console.dll, TestPluginCache: Loggers are 'logger://Microsoft/TestPlatform/Extensions/Blame/v1,logger://Microsoft/TestPlatform/HtmlLogger/v1,logger://Microsoft/TestPlatform/TrxLogger/v1'.
TpTrace Verbose: 0 : 5980, 1, 2024/07/18, 23:22:29.541, 2674463397326, vstest.console.dll, TestPluginCache: TestHosts are 'HostProvider://DefaultTestHost,HostProvider://DotnetTestHost'.
TpTrace Verbose: 0 : 5980, 1, 2024/07/18, 23:22:29.541, 2674463398042, vstest.console.dll, TestPluginCache: DataCollectors are ''.
TpTrace Information: 0 : 5980, 1, 2024/07/18, 23:22:29.543, 2674463413214, vstest.console.dll, TestPluginManager.CreateTestExtension: Attempting to load test extension: Microsoft.TestPlatform.Extensions.BlameDataCollector.BlameLogger
TpTrace Verbose: 0 : 5980, 1, 2024/07/18, 23:22:29.562, 2674463603787, vstest.console.dll, TestEngine: Initializing Parallel Execution as MaxCpuCount is set to: 1
TpTrace Information: 0 : 5980, 1, 2024/07/18, 23:22:29.564, 2674463629905, vstest.console.dll, TestPluginManager.CreateTestExtension: Attempting to load test extension: Microsoft.VisualStudio.TestPlatform.CrossPlatEngine.Hosting.DefaultTestHostManager
TpTrace Information: 0 : 5980, 1, 2024/07/18, 23:22:29.566, 2674463649809, vstest.console.dll, TestPluginManager.CreateTestExtension: Attempting to load test extension: Microsoft.VisualStudio.TestPlatform.CrossPlatEngine.Hosting.DotnetTestHostManager
TpTrace Information: 0 : 5980, 1, 2024/07/18, 23:22:29.567, 2674463659674, vstest.console.dll, InferRunSettingsHelper.IsTestSettingsEnabled: Unable to navigate to RunSettings/MSTest. Current node: RunSettings
TpTrace Verbose: 0 : 5980, 1, 2024/07/18, 23:22:29.568, 2674463671821, vstest.console.dll, ParallelOperationManager.ClearSlots: Clearing all slots. Slots should accept more work: True
TpTrace Verbose: 0 : 5980, 1, 2024/07/18, 23:22:29.569, 2674463681853, vstest.console.dll, ParallelOperationManager.SetOccupiedSlotCount: Setting slot counts AvailableSlotCount = 1, OccupiedSlotCount = 0.
TpTrace Verbose: 0 : 5980, 1, 2024/07/18, 23:22:29.570, 2674463690440, vstest.console.dll, Occupied slots:

TpTrace Verbose: 0 : 5980, 1, 2024/07/18, 23:22:29.575, 2674463739603, vstest.console.dll, TestEngine.GetExecutionManager: Chosen execution manager 'Microsoft.VisualStudio.TestPlatform.CrossPlatEngine.Client.Parallel.ParallelProxyExecutionManager, Microsoft.TestPlatform.CrossPlatEngine, Version=15.0.0.0, Culture=neutral, PublicKeyToken=b03f5f7f11d50a3a' ParallelLevel '1'.
TpTrace Verbose: 0 : 5980, 1, 2024/07/18, 23:22:29.576, 2674463743310, vstest.console.dll, TestRunRequest.ExecuteAsync: Creating test run request.
TpTrace Verbose: 0 : 5980, 1, 2024/07/18, 23:22:29.576, 2674463749306, vstest.console.dll, TestRunRequest.ExecuteAsync: Starting.
TpTrace Information: 0 : 5980, 1, 2024/07/18, 23:22:29.581, 2674463798308, vstest.console.dll, TestRunRequest.ExecuteAsync: Starting run with settings:TestRunCriteria:
   KeepAlive=False,FrequencyOfRunStatsChangeEvent=10,RunStatsChangeEventTimeout=00:00:01.5000000,TestCaseFilter=,TestExecutorLauncher=
   Settingsxml=<RunSettings>
  <RunConfiguration>
    <ResultsDirectory>C:\Users\PC\source\repos\ExerciseSeleniumWaits\WorkingWithWindows\bin\Debug\net6.0\fine-code-coverage\coverage-tool-output</ResultsDirectory>
    <TargetPlatform>X64</TargetPlatform>
    <TargetFrameworkVersion>.NETCoreApp,Version=v6.0</TargetFrameworkVersion>
    <DesignMode>False</DesignMode>
    <CollectSourceInformation>False</CollectSourceInformation>
  </RunConfiguration>
  <LoggerRunSettings>
    <Loggers>
      <Logger friendlyName="blame" enabled="True" />
      <Logger friendlyName="Console" uri="logger://microsoft/TestPlatform/ConsoleLogger/v1" assemblyQualifiedName="Microsoft.VisualStudio.TestPlatform.CommandLine.Internal.ConsoleLogger, vstest.console, Version=15.0.0.0, Culture=neutral, PublicKeyToken=b03f5f7f11d50a3a" codeBase="C:\Program Files\dotnet\sdk\8.0.300\vstest.console.dll" enabled="True" />
    </Loggers>
  </LoggerRunSettings>
  <DataCollectionRunSettings>
    <DataCollectors>
      <DataCollector friendlyName="blame" enabled="True">
        <Configuration>
          <ResultsDirectory>C:\Users\PC\source\repos\ExerciseSeleniumWaits\WorkingWithWindows\bin\Debug\net6.0\fine-code-coverage\coverage-tool-output</ResultsDirectory>
        </Configuration>
      </DataCollector>
    </DataCollectors>
  </DataCollectionRunSettings>
</RunSettings>

TpTrace Verbose: 0 : 5980, 1, 2024/07/18, 23:22:29.581, 2674463800199, vstest.console.dll, TestRunRequest.ExecuteAsync: Wait for the first run request is over.
TpTrace Verbose: 0 : 5980, 1, 2024/07/18, 23:22:29.582, 2674463805752, vstest.console.dll, MulticastDelegateUtilities.SafeInvoke: TestRun.TestRunStart: Invoking callbacks was skipped because there are no subscribers.
TpTrace Verbose: 0 : 5980, 4, 2024/07/18, 23:22:29.582, 2674463809401, vstest.console.dll, MulticastDelegateUtilities.SafeInvoke: InternalTestLoggerEvents.SendTestRunStart: Invoking callback 1/1 for Microsoft.VisualStudio.TestPlatform.CommandLine.Internal.ConsoleLogger., took 0 ms.
TpTrace Verbose: 0 : 5980, 1, 2024/07/18, 23:22:29.584, 2674463823788, vstest.console.dll, ParallelProxyExecutionManager: Start execution. Total sources: 1
TpTrace Verbose: 0 : 5980, 1, 2024/07/18, 23:22:29.584, 2674463829099, vstest.console.dll, ParallelOperationManager.StartWork: Starting adding 1 workloads.
TpTrace Verbose: 0 : 5980, 1, 2024/07/18, 23:22:29.584, 2674463830318, vstest.console.dll, ParallelOperationManager.ClearSlots: Clearing all slots. Slots should accept more work: True
TpTrace Verbose: 0 : 5980, 1, 2024/07/18, 23:22:29.584, 2674463831602, vstest.console.dll, ParallelOperationManager.SetOccupiedSlotCount: Setting slot counts AvailableSlotCount = 1, OccupiedSlotCount = 0.
TpTrace Verbose: 0 : 5980, 1, 2024/07/18, 23:22:29.584, 2674463832403, vstest.console.dll, Occupied slots:

TpTrace Verbose: 0 : 5980, 1, 2024/07/18, 23:22:29.587, 2674463859718, vstest.console.dll, TestRequestSender is acting as server.
TpTrace Verbose: 0 : 5980, 1, 2024/07/18, 23:22:29.589, 2674463880375, vstest.console.dll, ParallelOperationManager.RunWorkInParallel: Adding 1 workload to slot, remaining workloads 0.
TpTrace Verbose: 0 : 5980, 1, 2024/07/18, 23:22:29.589, 2674463881592, vstest.console.dll, ParallelOperationManager.SetOccupiedSlotCount: Setting slot counts AvailableSlotCount = 0, OccupiedSlotCount = 1.
TpTrace Verbose: 0 : 5980, 1, 2024/07/18, 23:22:29.590, 2674463884409, vstest.console.dll, Occupied slots:
0: C:\Users\PC\source\repos\ExerciseSeleniumWaits\WorkingWithWindows\bin\Debug\net6.0\fine-code-coverage\build-output\WorkingWithWindows.dll
TpTrace Verbose: 0 : 5980, 1, 2024/07/18, 23:22:29.592, 2674463906449, vstest.console.dll, ParallelOperationManager.RunWorkInParallel: Started host in slot number 0 for work (source): C:\Users\PC\source\repos\ExerciseSeleniumWaits\WorkingWithWindows\bin\Debug\net6.0\fine-code-coverage\build-output\WorkingWithWindows.dll.
TpTrace Verbose: 0 : 5980, 1, 2024/07/18, 23:22:29.593, 2674463919887, vstest.console.dll, ParallelOperationManager.RunWorkInParallel: We started 1 work items, which is the max parallel level. Won't start more work.
TpTrace Verbose: 0 : 5980, 1, 2024/07/18, 23:22:29.593, 2674463921947, vstest.console.dll, ParallelOperationManager.RunWorkInParallel: We started 1 work items in here, returning True.
TpTrace Information: 0 : 5980, 1, 2024/07/18, 23:22:29.594, 2674463923422, vstest.console.dll, TestRunRequest.ExecuteAsync: Started.
TpTrace Verbose: 0 : 5980, 5, 2024/07/18, 23:22:29.594, 2674463924437, vstest.console.dll, ParallelProxyExecutionManager.StartTestRunOnConcurrentManager: Initializing uninitialized client. Started clients: 0
TpTrace Verbose: 0 : 5980, 5, 2024/07/18, 23:22:29.594, 2674463927663, vstest.console.dll, DataCollectionRequestSender.InitializeCommunication : Initialize communication. 
TpTrace Verbose: 0 : 5980, 1, 2024/07/18, 23:22:29.595, 2674463938348, vstest.console.dll, TestRunRequest.WaitForCompletion: Waiting with timeout -1.
TpTrace Information: 0 : 5980, 5, 2024/07/18, 23:22:29.606, 2674464044714, vstest.console.dll, Listening on Endpoint : 127.0.0.1:52702
TpTrace Verbose: 0 : 5980, 5, 2024/07/18, 23:22:29.615, 2674464140325, vstest.console.dll, DotnetDataCollectionLauncher: Adding  --runtimeconfig "C:\Program Files\dotnet\sdk\8.0.300\datacollector.runtimeconfig.json" in args
TpTrace Verbose: 0 : 5980, 5, 2024/07/18, 23:22:29.615, 2674464142543, vstest.console.dll, DotnetDataCollectionLauncher: Adding  --depsfile "C:\Program Files\dotnet\sdk\8.0.300\datacollector.deps.json" in args
TpTrace Verbose: 0 : 5980, 5, 2024/07/18, 23:22:29.616, 2674464145958, vstest.console.dll, DotnetDataCollectionLauncher: Full path of dotnet.exe is C:\Program Files\dotnet\dotnet.exe
TpTrace Information: 0 : 5980, 5, 2024/07/18, 23:22:29.626, 2674464248154, vstest.console.dll, ProxyDataCollectionManager.Initialize: Launched datacollector processId: 13316 port: 52702
TpTrace Information: 0 : 5980, 5, 2024/07/18, 23:22:29.626, 2674464251310, vstest.console.dll, ProxyDataCollectionManager.Initialize: waiting for connection with timeout: 90 seconds
TpTrace Verbose: 0 : 5980, 5, 2024/07/18, 23:22:29.627, 2674464253247, vstest.console.dll, DataCollectionRequestSender.WaitForRequestHandlerConnection : Waiting for connection with timeout: 90000
TpTrace Information: 0 : 5980, 7, 2024/07/18, 23:22:29.904, 2674467028113, vstest.console.dll, Using the buffer size of 16384 bytes
TpTrace Verbose: 0 : 5980, 5, 2024/07/18, 23:22:29.904, 2674467028175, vstest.console.dll, SocketCommunicationManager.WaitForClientConnection took: 277 ms, with 90000 ms timeout, and finished with True.
TpTrace Information: 0 : 5980, 7, 2024/07/18, 23:22:29.904, 2674467029928, vstest.console.dll, Accepted Client request and set the flag
TpTrace Verbose: 0 : 5980, 5, 2024/07/18, 23:22:29.904, 2674467032135, vstest.console.dll, ProxyDataCollectionManager.InvokeDataCollectionServiceAction: Starting.
TpTrace Information: 0 : 5980, 5, 2024/07/18, 23:22:29.905, 2674467034051, vstest.console.dll, ProxyDataCollectionManager.BeforeTestRunStart: Get environment variable and port for datacollector processId: 13316 port: 52702
TpTrace Verbose: 0 : 5980, 5, 2024/07/18, 23:22:29.905, 2674467036616, vstest.console.dll, DataCollectionRequestSender.SendBeforeTestRunStartAndGetResult: Send BeforeTestRunStart message with settingsXml <RunSettings><RunConfiguration><ResultsDirectory>C:\Users\PC\source\repos\ExerciseSeleniumWaits\WorkingWithWindows\bin\Debug\net6.0\fine-code-coverage\coverage-tool-output</ResultsDirectory><TargetPlatform>X64</TargetPlatform><TargetFrameworkVersion>.NETCoreApp,Version=v6.0</TargetFrameworkVersion><DesignMode>False</DesignMode><CollectSourceInformation>False</CollectSourceInformation><TestAdaptersPaths>C:\Program Files\dotnet\sdk\8.0.300\Extensions</TestAdaptersPaths></RunConfiguration><LoggerRunSettings><Loggers><Logger friendlyName="blame" enabled="True" /><Logger friendlyName="Console" uri="logger://microsoft/TestPlatform/ConsoleLogger/v1" assemblyQualifiedName="Microsoft.VisualStudio.TestPlatform.CommandLine.Internal.ConsoleLogger, vstest.console, Version=15.0.0.0, Culture=neutral, PublicKeyToken=b03f5f7f11d50a3a" codeBase="C:\Program Files\dotnet\sdk\8.0.300\vstest.console.dll" enabled="True" /></Loggers></LoggerRunSettings><DataCollectionRunSettings><DataCollectors><DataCollector friendlyName="blame" enabled="True"><Configuration><ResultsDirectory>C:\Users\PC\source\repos\ExerciseSeleniumWaits\WorkingWithWindows\bin\Debug\net6.0\fine-code-coverage\coverage-tool-output</ResultsDirectory></Configuration></DataCollector></DataCollectors></DataCollectionRunSettings></RunSettings> and sources System.Collections.Generic.List`1[System.String]: 
TpTrace Verbose: 0 : 5980, 5, 2024/07/18, 23:22:30.004, 2674468031800, vstest.console.dll, DataCollectionRequestSender.SendBeforeTestRunStartAndGetResult: Received message: (DataCollection.SendMessage) -> {"MessageType":"DataCollection.SendMessage","Payload":{"FriendlyName":null,"Uri":null,"TestCaseId":"00000000-0000-0000-0000-000000000000","Message":"Logging DataCollector Diagnostics in file: C:\\Users\\PC\\source\\repos\\ExerciseSeleniumWaits\\WorkingWithWindows\\bin\\Debug\\net6.0\\fine-code-coverage\\coverage-tool-output\\diagnostics.datacollector.24-07-18_23-22-29_61534_5.log","Level":0}}
TpTrace Verbose: 0 : 5980, 5, 2024/07/18, 23:22:30.152, 2674469512782, vstest.console.dll, DataCollectionRequestSender.SendBeforeTestRunStartAndGetResult: Received message: (DataCollection.BeforeTestRunStartResult) -> {"MessageType":"DataCollection.BeforeTestRunStartResult","Payload":{"EnvironmentVariables":{},"DataCollectionEventsPort":52704}}
TpTrace Information: 0 : 5980, 5, 2024/07/18, 23:22:30.163, 2674469613754, vstest.console.dll, ProxyDataCollectionManager.BeforeTestRunStart: SendBeforeTestRunStartAndGetResult successful, env variable from datacollector:   and testhost port: 52704
TpTrace Information: 0 : 5980, 5, 2024/07/18, 23:22:30.163, 2674469615536, vstest.console.dll, ProxyDataCollectionManager.InvokeDataCollectionServiceAction: Completed.
TpTrace Verbose: 0 : 5980, 5, 2024/07/18, 23:22:30.163, 2674469616480, vstest.console.dll, ParallelProxyExecutionManager.StartTestRunOnConcurrentManager: Initializing test run. Started clients: 0
TpTrace Verbose: 0 : 5980, 5, 2024/07/18, 23:22:30.163, 2674469619228, vstest.console.dll, ProxyExecutionManager: Test host is always Lazy initialize.
TpTrace Verbose: 0 : 5980, 5, 2024/07/18, 23:22:30.163, 2674469622725, vstest.console.dll, TestRequestSender.InitializeCommunication: initialize communication. 
TpTrace Information: 0 : 5980, 5, 2024/07/18, 23:22:30.164, 2674469632322, vstest.console.dll, SocketServer.Start: Listening on endpoint : 127.0.0.1:52705
TpTrace Verbose: 0 : 5980, 5, 2024/07/18, 23:22:30.166, 2674469643551, vstest.console.dll, DotnetTestHostmanager.GetTestHostProcessStartInfo: Platform environment 'X64' target architecture 'X64' framework '.NETCoreApp,Version=v6.0' OS 'Windows'
TpTrace Verbose: 0 : 5980, 5, 2024/07/18, 23:22:30.166, 2674469649080, vstest.console.dll, DotnetTestHostmanager: Adding  --runtimeconfig "C:\Users\PC\source\repos\ExerciseSeleniumWaits\WorkingWithWindows\bin\Debug\net6.0\fine-code-coverage\build-output\WorkingWithWindows.runtimeconfig.json" in args
TpTrace Verbose: 0 : 5980, 5, 2024/07/18, 23:22:30.166, 2674469652033, vstest.console.dll, DotnetTestHostmanager: Adding  --depsfile "C:\Users\PC\source\repos\ExerciseSeleniumWaits\WorkingWithWindows\bin\Debug\net6.0\fine-code-coverage\build-output\WorkingWithWindows.deps.json" in args
TpTrace Verbose: 0 : 5980, 5, 2024/07/18, 23:22:30.167, 2674469655544, vstest.console.dll, DotnetTestHostmanager.IsWinOnArm: Current PROCESSOR_ARCHITECTURE from environment variable 'AMD64'
TpTrace Verbose: 0 : 5980, 5, 2024/07/18, 23:22:30.167, 2674469656814, vstest.console.dll, DotnetTestHostmanager.IsWinOnArm: Is Windows on ARM 'False'
TpTrace Verbose: 0 : 5980, 5, 2024/07/18, 23:22:30.167, 2674469658445, vstest.console.dll, DotnetTestHostManager: testhost.exe found at path: C:\Users\PC\source\repos\ExerciseSeleniumWaits\WorkingWithWindows\bin\Debug\net6.0\fine-code-coverage\build-output\testhost.exe
TpTrace Verbose: 0 : 5980, 5, 2024/07/18, 23:22:30.167, 2674469659336, vstest.console.dll, DotnetTestHostmanager: Full path of host exe is C:\Users\PC\source\repos\ExerciseSeleniumWaits\WorkingWithWindows\bin\Debug\net6.0\fine-code-coverage\build-output\testhost.exe
TpTrace Verbose: 0 : 5980, 5, 2024/07/18, 23:22:30.167, 2674469661661, vstest.console.dll, DotnetTestHostmanager.LaunchTestHostAsync: Found 'VSTEST_WINAPPHOST_DOTNET_ROOT' in env variables, value 'C:\Program Files\dotnet', forwarding to 'DOTNET_ROOT'
TpTrace Verbose: 0 : 5980, 5, 2024/07/18, 23:22:30.168, 2674469664033, vstest.console.dll, DotnetTestHostManager: Starting process 'C:\Users\PC\source\repos\ExerciseSeleniumWaits\WorkingWithWindows\bin\Debug\net6.0\fine-code-coverage\build-output\testhost.exe' with command line ' --runtimeconfig "C:\Users\PC\source\repos\ExerciseSeleniumWaits\WorkingWithWindows\bin\Debug\net6.0\fine-code-coverage\build-output\WorkingWithWindows.runtimeconfig.json" --depsfile "C:\Users\PC\source\repos\ExerciseSeleniumWaits\WorkingWithWindows\bin\Debug\net6.0\fine-code-coverage\build-output\WorkingWithWindows.deps.json" --port 52705 --endpoint 127.0.0.1:052705 --role client --parentprocessid 5980 --diag "C:\Users\PC\source\repos\ExerciseSeleniumWaits\WorkingWithWindows\bin\Debug\net6.0\fine-code-coverage\coverage-tool-output\diagnostics.host.24-07-18_23-22-30_16552_5.log" --tracelevel 4 --datacollectionport 52704 --telemetryoptedin false'
TpTrace Verbose: 0 : 5980, 5, 2024/07/18, 23:22:30.178, 2674469765289, vstest.console.dll, MulticastDelegateUtilities.SafeInvoke: HostProviderEvents.OnHostLaunched: Invoking callback 1/2 for Microsoft.VisualStudio.TestPlatform.CrossPlatEngine.Client.ProxyExecutionManagerWithDataCollection., took 2 ms.
TpTrace Verbose: 0 : 5980, 5, 2024/07/18, 23:22:30.178, 2674469772424, vstest.console.dll, Test Runtime launched
TpTrace Verbose: 0 : 5980, 5, 2024/07/18, 23:22:30.179, 2674469774643, vstest.console.dll, MulticastDelegateUtilities.SafeInvoke: HostProviderEvents.OnHostLaunched: Invoking callback 2/2 for Microsoft.VisualStudio.TestPlatform.CrossPlatEngine.Client.ProxyOperationManager., took 0 ms.
TpTrace Verbose: 0 : 5980, 5, 2024/07/18, 23:22:30.179, 2674469778046, vstest.console.dll, TestRequestSender.WaitForRequestHandlerConnection: waiting for connection with timeout: 90000.
TpTrace Verbose: 0 : 5980, 5, 2024/07/18, 23:22:30.429, 2674472279753, vstest.console.dll, TestRequestSender.WaitForRequestHandlerConnection: waiting took 250 ms, with timeout 90000 ms, and result 0, which is success.
TpTrace Verbose: 0 : 5980, 11, 2024/07/18, 23:22:30.429, 2674472279668, vstest.console.dll, MulticastDelegateUtilities.SafeInvoke: SocketServer: ClientConnected: Invoking callback 1/1 for Microsoft.VisualStudio.TestPlatform.CommunicationUtilities.TestRequestSender., took 0 ms.
TpTrace Verbose: 0 : 5980, 11, 2024/07/18, 23:22:30.430, 2674472284147, vstest.console.dll, SocketServer.OnClientConnected: Client connected for endPoint: 127.0.0.1:52705, starting MessageLoopAsync:
TpTrace Verbose: 0 : 5980, 11, 2024/07/18, 23:22:30.431, 2674472297495, vstest.console.dll, TcpClientExtensions.MessageLoopAsync: Polling on remoteEndPoint: 127.0.0.1:52706 localEndPoint: 127.0.0.1:52705 after 0 ms
TpTrace Verbose: 0 : 5980, 5, 2024/07/18, 23:22:30.432, 2674472309482, vstest.console.dll, TestRequestSender.CheckVersionWithTestHost: Sending check version message: {"MessageType":"ProtocolVersion","Payload":7}
TpTrace Verbose: 0 : 5980, 11, 2024/07/18, 23:22:30.675, 2674474738804, vstest.console.dll, TcpClientExtensions.MessageLoopAsync: NotifyDataAvailable remoteEndPoint: 127.0.0.1:52706 localEndPoint: 127.0.0.1:52705
TpTrace Verbose: 0 : 5980, 11, 2024/07/18, 23:22:30.676, 2674474743738, vstest.console.dll, TestRequestSender.CheckVersionWithTestHost: onMessageReceived received message: (ProtocolVersion) -> {"MessageType":"ProtocolVersion","Payload":5}
TpTrace Verbose: 0 : 5980, 11, 2024/07/18, 23:22:30.678, 2674474763399, vstest.console.dll, MulticastDelegateUtilities.SafeInvoke: LengthPrefixCommunicationChannel: MessageReceived: Invoking callback 1/1 for Microsoft.VisualStudio.TestPlatform.CommunicationUtilities.TestRequestSender+<>c__DisplayClass29_0., took 2 ms.
TpTrace Verbose: 0 : 5980, 5, 2024/07/18, 23:22:30.678, 2674474765117, vstest.console.dll, TestPluginCache.GetExtensionPaths: Filtered extension paths: 
TpTrace Verbose: 0 : 5980, 11, 2024/07/18, 23:22:30.678, 2674474766394, vstest.console.dll, TcpClientExtensions.MessageLoopAsync: Polling on remoteEndPoint: 127.0.0.1:52706 localEndPoint: 127.0.0.1:52705 after 246 ms
TpTrace Verbose: 0 : 5980, 5, 2024/07/18, 23:22:30.678, 2674474767366, vstest.console.dll, TestPluginCache.GetExtensionPaths: Added default extension paths: C:\Program Files\dotnet\sdk\8.0.300\Extensions\Microsoft.Diagnostics.NETCore.Client.dll
C:\Program Files\dotnet\sdk\8.0.300\Extensions\Microsoft.TestPlatform.Extensions.BlameDataCollector.dll
C:\Program Files\dotnet\sdk\8.0.300\Extensions\Microsoft.TestPlatform.Extensions.EventLogCollector.dll
C:\Program Files\dotnet\sdk\8.0.300\Extensions\Microsoft.TestPlatform.TestHostRuntimeProvider.dll
C:\Program Files\dotnet\sdk\8.0.300\Extensions\Microsoft.VisualStudio.TestPlatform.Extensions.Html.TestLogger.dll
C:\Program Files\dotnet\sdk\8.0.300\Extensions\Microsoft.VisualStudio.TestPlatform.Extensions.Trx.TestLogger.dll
TpTrace Verbose: 0 : 5980, 5, 2024/07/18, 23:22:30.678, 2674474770470, vstest.console.dll, TestPluginCache.GetExtensionPaths: Added unfilterableExtensionPaths: 
TpTrace Verbose: 0 : 5980, 5, 2024/07/18, 23:22:30.684, 2674474824489, vstest.console.dll, TestRequestSender.InitializeExecution: Sending initialize execution with message: {"Version":5,"MessageType":"TestExecution.Initialize","Payload":["C:\\Users\\PC\\source\\repos\\ExerciseSeleniumWaits\\WorkingWithWindows\\bin\\Debug\\net6.0\\fine-code-coverage\\build-output\\NUnit3.TestAdapter.dll"]}
TpTrace Verbose: 0 : 5980, 5, 2024/07/18, 23:22:30.684, 2674474828043, vstest.console.dll, ParallelProxyExecutionManager.StartTestRunOnConcurrentManager: Execution starting. Started clients: 1
TpTrace Verbose: 0 : 5980, 5, 2024/07/18, 23:22:30.685, 2674474832919, vstest.console.dll, TestRunRequest:SendTestRunMessage: Starting.
TpTrace Verbose: 0 : 5980, 5, 2024/07/18, 23:22:30.685, 2674474836524, vstest.console.dll, MulticastDelegateUtilities.SafeInvoke: TestRun.LogMessages: Invoking callback 1/1 for Microsoft.VisualStudio.TestPlatform.CommandLine.TestRunResultAggregator., took 0 ms.
TpTrace Information: 0 : 5980, 5, 2024/07/18, 23:22:30.685, 2674474838104, vstest.console.dll, TestRunRequest:SendTestRunMessage: Completed.
TpTrace Verbose: 0 : 5980, 4, 2024/07/18, 23:22:30.685, 2674474840600, vstest.console.dll, MulticastDelegateUtilities.SafeInvoke: InternalTestLoggerEvents.SendTestRunMessage: Invoking callback 1/1 for Microsoft.VisualStudio.TestPlatform.CommandLine.Internal.ConsoleLogger., took 0 ms.
TpTrace Warning: 0 : 5980, 5, 2024/07/18, 23:22:30.686, 2674474845608, vstest.console.dll, InferRunSettingsHelper.MakeRunsettingsCompatible: Removing the following settings: TargetPlatform from RunSettings file. To use those settings please move to latest version of Microsoft.NET.Test.Sdk
TpTrace Verbose: 0 : 5980, 11, 2024/07/18, 23:22:30.696, 2674474944882, vstest.console.dll, TcpClientExtensions.MessageLoopAsync: NotifyDataAvailable remoteEndPoint: 127.0.0.1:52706 localEndPoint: 127.0.0.1:52705
TpTrace Verbose: 0 : 5980, 11, 2024/07/18, 23:22:30.697, 2674474953227, vstest.console.dll, TestRequestSender.OnExecutionMessageReceived: Received message: {"Version":5,"MessageType":"TestSession.Message","Payload":{"MessageLevel":0,"Message":"Logging TestHost Diagnostics in file: C:\\Users\\PC\\source\\repos\\ExerciseSeleniumWaits\\WorkingWithWindows\\bin\\Debug\\net6.0\\fine-code-coverage\\coverage-tool-output\\diagnostics.host.24-07-18_23-22-30_16552_5.log"}}
TpTrace Verbose: 0 : 5980, 5, 2024/07/18, 23:22:30.702, 2674475005880, vstest.console.dll, TestRequestSender.StartTestRun: Sending test run with message: {"Version":5,"MessageType":"TestExecution.StartWithSources","Payload":{"AdapterSourceMap":{"_none_":["C:\\Users\\PC\\source\\repos\\ExerciseSeleniumWaits\\WorkingWithWindows\\bin\\Debug\\net6.0\\fine-code-coverage\\build-output\\WorkingWithWindows.dll"]},"RunSettings":"<RunSettings>\r\n  <RunConfiguration>\r\n    <ResultsDirectory>C:\\Users\\PC\\source\\repos\\ExerciseSeleniumWaits\\WorkingWithWindows\\bin\\Debug\\net6.0\\fine-code-coverage\\coverage-tool-output</ResultsDirectory>\r\n    <TargetFrameworkVersion>.NETCoreApp,Version=v6.0</TargetFrameworkVersion>\r\n    <DesignMode>False</DesignMode>\r\n    <CollectSourceInformation>False</CollectSourceInformation>\r\n  </RunConfiguration>\r\n  <LoggerRunSettings>\r\n    <Loggers>\r\n      <Logger friendlyName=\"blame\" enabled=\"True\" />\r\n      <Logger friendlyName=\"Console\" uri=\"logger://microsoft/TestPlatform/ConsoleLogger/v1\" assemblyQualifiedName=\"Microsoft.VisualStudio.TestPlatform.CommandLine.Internal.ConsoleLogger, vstest.console, Version=15.0.0.0, Culture=neutral, PublicKeyToken=b03f5f7f11d50a3a\" codeBase=\"C:\\Program Files\\dotnet\\sdk\\8.0.300\\vstest.console.dll\" enabled=\"True\" />\r\n    </Loggers>\r\n  </LoggerRunSettings>\r\n  <DataCollectionRunSettings>\r\n    <DataCollectors>\r\n      <DataCollector friendlyName=\"blame\" enabled=\"True\">\r\n        <Configuration>\r\n          <ResultsDirectory>C:\\Users\\PC\\source\\repos\\ExerciseSeleniumWaits\\WorkingWithWindows\\bin\\Debug\\net6.0\\fine-code-coverage\\coverage-tool-output</ResultsDirectory>\r\n        </Configuration>\r\n      </DataCollector>\r\n    </DataCollectors>\r\n  </DataCollectionRunSettings>\r\n</RunSettings>","TestExecutionContext":{"FrequencyOfRunStatsChangeEvent":10,"RunStatsChangeEventTimeout":"00:00:01.5000000","InIsolation":false,"KeepAlive":false,"AreTestCaseLevelEventsRequired":false,"IsDebug":false,"TestCaseFilter":null,"FilterOptions":null},"Package":null}}
TpTrace Verbose: 0 : 5980, 5, 2024/07/18, 23:22:30.702, 2674475010840, vstest.console.dll, ParallelProxyExecutionManager.StartTestRunOnConcurrentManager: Execution started. Started clients: 1
TpTrace Verbose: 0 : 5980, 11, 2024/07/18, 23:22:30.703, 2674475021124, vstest.console.dll, TestRunRequest:SendTestRunMessage: Starting.
TpTrace Verbose: 0 : 5980, 11, 2024/07/18, 23:22:30.704, 2674475024435, vstest.console.dll, MulticastDelegateUtilities.SafeInvoke: TestRun.LogMessages: Invoking callback 1/1 for Microsoft.VisualStudio.TestPlatform.CommandLine.TestRunResultAggregator., took 0 ms.
TpTrace Verbose: 0 : 5980, 4, 2024/07/18, 23:22:30.704, 2674475024615, vstest.console.dll, MulticastDelegateUtilities.SafeInvoke: InternalTestLoggerEvents.SendTestRunMessage: Invoking callback 1/1 for Microsoft.VisualStudio.TestPlatform.CommandLine.Internal.ConsoleLogger., took 0 ms.
TpTrace Information: 0 : 5980, 11, 2024/07/18, 23:22:30.704, 2674475025736, vstest.console.dll, TestRunRequest:SendTestRunMessage: Completed.
TpTrace Verbose: 0 : 5980, 11, 2024/07/18, 23:22:30.704, 2674475031252, vstest.console.dll, MulticastDelegateUtilities.SafeInvoke: LengthPrefixCommunicationChannel: MessageReceived: Invoking callback 1/1 for Microsoft.VisualStudio.TestPlatform.CommunicationUtilities.TestRequestSender+<>c__DisplayClass34_0., took 7 ms.
TpTrace Verbose: 0 : 5980, 11, 2024/07/18, 23:22:30.704, 2674475032115, vstest.console.dll, TcpClientExtensions.MessageLoopAsync: Polling on remoteEndPoint: 127.0.0.1:52706 localEndPoint: 127.0.0.1:52705 after 26 ms
TpTrace Verbose: 0 : 5980, 11, 2024/07/18, 23:22:30.986, 2674477852482, vstest.console.dll, TcpClientExtensions.MessageLoopAsync: NotifyDataAvailable remoteEndPoint: 127.0.0.1:52706 localEndPoint: 127.0.0.1:52705
TpTrace Verbose: 0 : 5980, 11, 2024/07/18, 23:22:30.987, 2674477855853, vstest.console.dll, TestRequestSender.OnExecutionMessageReceived: Received message: {"Version":5,"MessageType":"TestSession.Message","Payload":{"MessageLevel":0,"Message":"NUnit Adapter 4.2.0.0: Test execution started"}}
TpTrace Verbose: 0 : 5980, 11, 2024/07/18, 23:22:30.987, 2674477862149, vstest.console.dll, TestRunRequest:SendTestRunMessage: Starting.
TpTrace Verbose: 0 : 5980, 11, 2024/07/18, 23:22:30.988, 2674477864577, vstest.console.dll, MulticastDelegateUtilities.SafeInvoke: TestRun.LogMessages: Invoking callback 1/1 for Microsoft.VisualStudio.TestPlatform.CommandLine.TestRunResultAggregator., took 0 ms.
TpTrace Verbose: 0 : 5980, 4, 2024/07/18, 23:22:30.988, 2674477865019, vstest.console.dll, MulticastDelegateUtilities.SafeInvoke: InternalTestLoggerEvents.SendTestRunMessage: Invoking callback 1/1 for Microsoft.VisualStudio.TestPlatform.CommandLine.Internal.ConsoleLogger., took 0 ms.
TpTrace Information: 0 : 5980, 11, 2024/07/18, 23:22:30.988, 2674477866163, vstest.console.dll, TestRunRequest:SendTestRunMessage: Completed.
TpTrace Verbose: 0 : 5980, 11, 2024/07/18, 23:22:30.988, 2674477868940, vstest.console.dll, MulticastDelegateUtilities.SafeInvoke: LengthPrefixCommunicationChannel: MessageReceived: Invoking callback 1/1 for Microsoft.VisualStudio.TestPlatform.CommunicationUtilities.TestRequestSender+<>c__DisplayClass34_0., took 1 ms.
TpTrace Verbose: 0 : 5980, 11, 2024/07/18, 23:22:30.988, 2674477870387, vstest.console.dll, TcpClientExtensions.MessageLoopAsync: Polling on remoteEndPoint: 127.0.0.1:52706 localEndPoint: 127.0.0.1:52705 after 283 ms
TpTrace Verbose: 0 : 5980, 11, 2024/07/18, 23:22:31.044, 2674478432595, vstest.console.dll, TcpClientExtensions.MessageLoopAsync: NotifyDataAvailable remoteEndPoint: 127.0.0.1:52706 localEndPoint: 127.0.0.1:52705
TpTrace Verbose: 0 : 5980, 11, 2024/07/18, 23:22:31.045, 2674478436094, vstest.console.dll, TestRequestSender.OnExecutionMessageReceived: Received message: {"Version":5,"MessageType":"TestSession.Message","Payload":{"MessageLevel":0,"Message":"Running all tests in C:\\Users\\PC\\source\\repos\\ExerciseSeleniumWaits\\WorkingWithWindows\\bin\\Debug\\net6.0\\fine-code-coverage\\build-output\\WorkingWithWindows.dll"}}
TpTrace Verbose: 0 : 5980, 11, 2024/07/18, 23:22:31.045, 2674478439645, vstest.console.dll, TestRunRequest:SendTestRunMessage: Starting.
TpTrace Verbose: 0 : 5980, 11, 2024/07/18, 23:22:31.045, 2674478442057, vstest.console.dll, MulticastDelegateUtilities.SafeInvoke: TestRun.LogMessages: Invoking callback 1/1 for Microsoft.VisualStudio.TestPlatform.CommandLine.TestRunResultAggregator., took 0 ms.
TpTrace Verbose: 0 : 5980, 4, 2024/07/18, 23:22:31.045, 2674478442463, vstest.console.dll, MulticastDelegateUtilities.SafeInvoke: InternalTestLoggerEvents.SendTestRunMessage: Invoking callback 1/1 for Microsoft.VisualStudio.TestPlatform.CommandLine.Internal.ConsoleLogger., took 0 ms.
TpTrace Information: 0 : 5980, 11, 2024/07/18, 23:22:31.046, 2674478443586, vstest.console.dll, TestRunRequest:SendTestRunMessage: Completed.
TpTrace Verbose: 0 : 5980, 11, 2024/07/18, 23:22:31.046, 2674478446401, vstest.console.dll, MulticastDelegateUtilities.SafeInvoke: LengthPrefixCommunicationChannel: MessageReceived: Invoking callback 1/1 for Microsoft.VisualStudio.TestPlatform.CommunicationUtilities.TestRequestSender+<>c__DisplayClass34_0., took 1 ms.
TpTrace Verbose: 0 : 5980, 11, 2024/07/18, 23:22:31.046, 2674478447682, vstest.console.dll, TcpClientExtensions.MessageLoopAsync: Polling on remoteEndPoint: 127.0.0.1:52706 localEndPoint: 127.0.0.1:52705 after 57 ms
TpTrace Verbose: 0 : 5980, 11, 2024/07/18, 23:22:31.275, 2674480733749, vstest.console.dll, TcpClientExtensions.MessageLoopAsync: NotifyDataAvailable remoteEndPoint: 127.0.0.1:52706 localEndPoint: 127.0.0.1:52705
TpTrace Verbose: 0 : 5980, 11, 2024/07/18, 23:22:31.275, 2674480737159, vstest.console.dll, TestRequestSender.OnExecutionMessageReceived: Received message: {"Version":5,"MessageType":"TestSession.Message","Payload":{"MessageLevel":0,"Message":"   NUnit3TestExecutor discovered 2 of 2 NUnit test cases using Current Discovery mode, Non-Explicit run"}}
TpTrace Verbose: 0 : 5980, 11, 2024/07/18, 23:22:31.275, 2674480740348, vstest.console.dll, TestRunRequest:SendTestRunMessage: Starting.
TpTrace Verbose: 0 : 5980, 11, 2024/07/18, 23:22:31.275, 2674480742364, vstest.console.dll, MulticastDelegateUtilities.SafeInvoke: TestRun.LogMessages: Invoking callback 1/1 for Microsoft.VisualStudio.TestPlatform.CommandLine.TestRunResultAggregator., took 0 ms.
TpTrace Verbose: 0 : 5980, 4, 2024/07/18, 23:22:31.276, 2674480743077, vstest.console.dll, MulticastDelegateUtilities.SafeInvoke: InternalTestLoggerEvents.SendTestRunMessage: Invoking callback 1/1 for Microsoft.VisualStudio.TestPlatform.CommandLine.Internal.ConsoleLogger., took 0 ms.
TpTrace Information: 0 : 5980, 11, 2024/07/18, 23:22:31.276, 2674480743702, vstest.console.dll, TestRunRequest:SendTestRunMessage: Completed.
TpTrace Verbose: 0 : 5980, 11, 2024/07/18, 23:22:31.276, 2674480746332, vstest.console.dll, MulticastDelegateUtilities.SafeInvoke: LengthPrefixCommunicationChannel: MessageReceived: Invoking callback 1/1 for Microsoft.VisualStudio.TestPlatform.CommunicationUtilities.TestRequestSender+<>c__DisplayClass34_0., took 0 ms.
TpTrace Verbose: 0 : 5980, 11, 2024/07/18, 23:22:31.276, 2674480747855, vstest.console.dll, TcpClientExtensions.MessageLoopAsync: Polling on remoteEndPoint: 127.0.0.1:52706 localEndPoint: 127.0.0.1:52705 after 229 ms
TpTrace Verbose: 0 : 5980, 11, 2024/07/18, 23:22:32.288, 2674490871465, vstest.console.dll, TcpClientExtensions.MessageLoopAsync: Polling on remoteEndPoint: 127.0.0.1:52706 localEndPoint: 127.0.0.1:52705 after 1012 ms
TpTrace Verbose: 0 : 5980, 11, 2024/07/18, 23:22:32.394, 2674491925035, vstest.console.dll, TcpClientExtensions.MessageLoopAsync: NotifyDataAvailable remoteEndPoint: 127.0.0.1:52706 localEndPoint: 127.0.0.1:52705
TpTrace Verbose: 0 : 5980, 11, 2024/07/18, 23:22:32.394, 2674491928391, vstest.console.dll, TestRequestSender.OnExecutionMessageReceived: Received message: {"Version":5,"MessageType":"TestExecution.StatsChange","Payload":{"NewTestResults":[],"TestRunStatistics":{"ExecutedTests":0,"Stats":{}},"ActiveTests":[{"Id":"af0edd8e-f308-b2f8-b891-953badf77092","FullyQualifiedName":"WorkingWithWindows.TestsSwitchingWindows.HandleMultipleWindows","DisplayName":"HandleMultipleWindows","ExecutorUri":"executor://NUnit3TestExecutor","Source":"C:\\Users\\PC\\source\\repos\\ExerciseSeleniumWaits\\WorkingWithWindows\\bin\\Debug\\net6.0\\fine-code-coverage\\build-output\\WorkingWithWindows.dll","CodeFilePath":null,"LineNumber":0,"Properties":[{"Key":{"Id":"NUnit.Seed","Label":"Seed","Category":"","Description":"","Attributes":0,"ValueType":"System.String"},"Value":"1314508870"}]}]}}
TpTrace Verbose: 0 : 5980, 11, 2024/07/18, 23:22:32.443, 2674492414821, vstest.console.dll, TestRunRequest:SendTestRunStatsChange: Starting.
TpTrace Verbose: 0 : 5980, 11, 2024/07/18, 23:22:32.443, 2674492417612, vstest.console.dll, InProgress is HandleMultipleWindows
TpTrace Verbose: 0 : 5980, 11, 2024/07/18, 23:22:32.443, 2674492419853, vstest.console.dll, MulticastDelegateUtilities.SafeInvoke: TestRun.RunStatsChanged: Invoking callbacks was skipped because there are no subscribers.
TpTrace Information: 0 : 5980, 11, 2024/07/18, 23:22:32.443, 2674492420725, vstest.console.dll, TestRunRequest:SendTestRunStatsChange: Completed.
TpTrace Verbose: 0 : 5980, 11, 2024/07/18, 23:22:32.443, 2674492421548, vstest.console.dll, MulticastDelegateUtilities.SafeInvoke: LengthPrefixCommunicationChannel: MessageReceived: Invoking callback 1/1 for Microsoft.VisualStudio.TestPlatform.CommunicationUtilities.TestRequestSender+<>c__DisplayClass34_0., took 49 ms.
TpTrace Verbose: 0 : 5980, 11, 2024/07/18, 23:22:32.443, 2674492422246, vstest.console.dll, TcpClientExtensions.MessageLoopAsync: Polling on remoteEndPoint: 127.0.0.1:52706 localEndPoint: 127.0.0.1:52705 after 154 ms
TpTrace Verbose: 0 : 5980, 11, 2024/07/18, 23:22:33.456, 2674502543618, vstest.console.dll, TcpClientExtensions.MessageLoopAsync: Polling on remoteEndPoint: 127.0.0.1:52706 localEndPoint: 127.0.0.1:52705 after 1011 ms
TpTrace Verbose: 0 : 5980, 11, 2024/07/18, 23:22:34.467, 2674512660409, vstest.console.dll, TcpClientExtensions.MessageLoopAsync: Polling on remoteEndPoint: 127.0.0.1:52706 localEndPoint: 127.0.0.1:52705 after 1011 ms
TpTrace Verbose: 0 : 5980, 11, 2024/07/18, 23:22:35.474, 2674522726493, vstest.console.dll, TcpClientExtensions.MessageLoopAsync: Polling on remoteEndPoint: 127.0.0.1:52706 localEndPoint: 127.0.0.1:52705 after 1006 ms
TpTrace Verbose: 0 : 5980, 11, 2024/07/18, 23:22:36.481, 2674532797667, vstest.console.dll, TcpClientExtensions.MessageLoopAsync: Polling on remoteEndPoint: 127.0.0.1:52706 localEndPoint: 127.0.0.1:52705 after 1006 ms
TpTrace Verbose: 0 : 5980, 11, 2024/07/18, 23:22:36.845, 2674536435975, vstest.console.dll, TcpClientExtensions.MessageLoopAsync: NotifyDataAvailable remoteEndPoint: 127.0.0.1:52706 localEndPoint: 127.0.0.1:52705
TpTrace Verbose: 0 : 5980, 11, 2024/07/18, 23:22:36.845, 2674536440119, vstest.console.dll, TestRequestSender.OnExecutionMessageReceived: Received message: {"Version":5,"MessageType":"TestExecution.StatsChange","Payload":{"NewTestResults":[{"TestCase":{"Id":"af0edd8e-f308-b2f8-b891-953badf77092","FullyQualifiedName":"WorkingWithWindows.TestsSwitchingWindows.HandleMultipleWindows","DisplayName":"HandleMultipleWindows","ExecutorUri":"executor://NUnit3TestExecutor","Source":"C:\\Users\\PC\\source\\repos\\ExerciseSeleniumWaits\\WorkingWithWindows\\bin\\Debug\\net6.0\\fine-code-coverage\\build-output\\WorkingWithWindows.dll","CodeFilePath":null,"LineNumber":0,"Properties":[{"Key":{"Id":"NUnit.Seed","Label":"Seed","Category":"","Description":"","Attributes":0,"ValueType":"System.String"},"Value":"1314508870"}]},"Attachments":[],"Outcome":1,"ErrorMessage":null,"ErrorStackTrace":null,"DisplayName":"HandleMultipleWindows","Messages":[],"ComputerName":"DESKTOP-78QNQ9Q","Duration":"00:00:05.4282660","StartTime":"2024-07-18T20:22:31.3264272+00:00","EndTime":"2024-07-18T20:22:36.7544908+00:00","Properties":[{"Key":{"Id":"NUnit.Seed","Label":"Seed","Category":"","Description":"","Attributes":0,"ValueType":"System.String"},"Value":"1314508870"}]}],"TestRunStatistics":{"ExecutedTests":1,"Stats":{"Passed":1}},"ActiveTests":[{"Id":"541eb138-df94-8957-05d8-22e501109e4b","FullyQualifiedName":"WorkingWithWindows.TestsSwitchingWindows.NoSuchWindowException","DisplayName":"NoSuchWindowException","ExecutorUri":"executor://NUnit3TestExecutor","Source":"C:\\Users\\PC\\source\\repos\\ExerciseSeleniumWaits\\WorkingWithWindows\\bin\\Debug\\net6.0\\fine-code-coverage\\build-output\\WorkingWithWindows.dll","CodeFilePath":null,"LineNumber":0,"Properties":[{"Key":{"Id":"NUnit.Seed","Label":"Seed","Category":"","Description":"","Attributes":0,"ValueType":"System.String"},"Value":"1495038392"}]}]}}
TpTrace Verbose: 0 : 5980, 11, 2024/07/18, 23:22:36.861, 2674536599973, vstest.console.dll, TestRunRequest:SendTestRunStatsChange: Starting.
TpTrace Verbose: 0 : 5980, 11, 2024/07/18, 23:22:36.861, 2674536601752, vstest.console.dll, InProgress is NoSuchWindowException
TpTrace Verbose: 0 : 5980, 11, 2024/07/18, 23:22:36.862, 2674536606022, vstest.console.dll, MulticastDelegateUtilities.SafeInvoke: TestRun.RunStatsChanged: Invoking callbacks was skipped because there are no subscribers.
TpTrace Information: 0 : 5980, 11, 2024/07/18, 23:22:36.862, 2674536607167, vstest.console.dll, TestRunRequest:SendTestRunStatsChange: Completed.
TpTrace Verbose: 0 : 5980, 11, 2024/07/18, 23:22:36.862, 2674536608204, vstest.console.dll, MulticastDelegateUtilities.SafeInvoke: LengthPrefixCommunicationChannel: MessageReceived: Invoking callback 1/1 for Microsoft.VisualStudio.TestPlatform.CommunicationUtilities.TestRequestSender+<>c__DisplayClass34_0., took 16 ms.
TpTrace Verbose: 0 : 5980, 11, 2024/07/18, 23:22:36.862, 2674536609170, vstest.console.dll, TcpClientExtensions.MessageLoopAsync: Polling on remoteEndPoint: 127.0.0.1:52706 localEndPoint: 127.0.0.1:52705 after 380 ms
TpTrace Verbose: 0 : 5980, 4, 2024/07/18, 23:22:36.867, 2674536655508, vstest.console.dll, MulticastDelegateUtilities.SafeInvoke: InternalTestLoggerEvents.SendTestResult: Invoking callback 1/1 for Microsoft.VisualStudio.TestPlatform.CommandLine.Internal.ConsoleLogger., took 4 ms.
TpTrace Verbose: 0 : 5980, 11, 2024/07/18, 23:22:37.863, 2674546616097, vstest.console.dll, TcpClientExtensions.MessageLoopAsync: Polling on remoteEndPoint: 127.0.0.1:52706 localEndPoint: 127.0.0.1:52705 after 1000 ms
TpTrace Verbose: 0 : 5980, 11, 2024/07/18, 23:22:38.866, 2674556651819, vstest.console.dll, TcpClientExtensions.MessageLoopAsync: Polling on remoteEndPoint: 127.0.0.1:52706 localEndPoint: 127.0.0.1:52705 after 1003 ms
TpTrace Verbose: 0 : 5980, 11, 2024/07/18, 23:22:39.866, 2674566652767, vstest.console.dll, TcpClientExtensions.MessageLoopAsync: Polling on remoteEndPoint: 127.0.0.1:52706 localEndPoint: 127.0.0.1:52705 after 999 ms
TpTrace Verbose: 0 : 5980, 11, 2024/07/18, 23:22:40.869, 2674576678109, vstest.console.dll, TcpClientExtensions.MessageLoopAsync: Polling on remoteEndPoint: 127.0.0.1:52706 localEndPoint: 127.0.0.1:52705 after 1002 ms
TpTrace Verbose: 0 : 5980, 11, 2024/07/18, 23:22:41.541, 2674583395741, vstest.console.dll, TcpClientExtensions.MessageLoopAsync: NotifyDataAvailable remoteEndPoint: 127.0.0.1:52706 localEndPoint: 127.0.0.1:52705
TpTrace Verbose: 0 : 5980, 11, 2024/07/18, 23:22:41.541, 2674583399316, vstest.console.dll, TestRequestSender.OnExecutionMessageReceived: Received message: {"Version":5,"MessageType":"TestSession.Message","Payload":{"MessageLevel":0,"Message":"NoSuchWindowException: NoSuchWindowException was correctly handled."}}
TpTrace Verbose: 0 : 5980, 11, 2024/07/18, 23:22:41.541, 2674583401891, vstest.console.dll, TestRunRequest:SendTestRunMessage: Starting.
TpTrace Verbose: 0 : 5980, 4, 2024/07/18, 23:22:41.542, 2674583403686, vstest.console.dll, MulticastDelegateUtilities.SafeInvoke: InternalTestLoggerEvents.SendTestRunMessage: Invoking callback 1/1 for Microsoft.VisualStudio.TestPlatform.CommandLine.Internal.ConsoleLogger., took 0 ms.
TpTrace Verbose: 0 : 5980, 11, 2024/07/18, 23:22:41.542, 2674583403685, vstest.console.dll, MulticastDelegateUtilities.SafeInvoke: TestRun.LogMessages: Invoking callback 1/1 for Microsoft.VisualStudio.TestPlatform.CommandLine.TestRunResultAggregator., took 0 ms.
TpTrace Information: 0 : 5980, 11, 2024/07/18, 23:22:41.542, 2674583406510, vstest.console.dll, TestRunRequest:SendTestRunMessage: Completed.
TpTrace Verbose: 0 : 5980, 11, 2024/07/18, 23:22:41.542, 2674583407528, vstest.console.dll, MulticastDelegateUtilities.SafeInvoke: LengthPrefixCommunicationChannel: MessageReceived: Invoking callback 1/1 for Microsoft.VisualStudio.TestPlatform.CommunicationUtilities.TestRequestSender+<>c__DisplayClass34_0., took 0 ms.
TpTrace Verbose: 0 : 5980, 11, 2024/07/18, 23:22:41.542, 2674583408540, vstest.console.dll, TcpClientExtensions.MessageLoopAsync: Polling on remoteEndPoint: 127.0.0.1:52706 localEndPoint: 127.0.0.1:52705 after 672 ms
TpTrace Verbose: 0 : 5980, 11, 2024/07/18, 23:22:41.550, 2674583492198, vstest.console.dll, TcpClientExtensions.MessageLoopAsync: NotifyDataAvailable remoteEndPoint: 127.0.0.1:52706 localEndPoint: 127.0.0.1:52705
TpTrace Verbose: 0 : 5980, 11, 2024/07/18, 23:22:41.551, 2674583494464, vstest.console.dll, TestRequestSender.OnExecutionMessageReceived: Received message: {"Version":5,"MessageType":"TestSession.Message","Payload":{"MessageLevel":0,"Message":"NUnit Adapter 4.2.0.0: Test execution complete"}}
TpTrace Verbose: 0 : 5980, 11, 2024/07/18, 23:22:41.551, 2674583496520, vstest.console.dll, TestRunRequest:SendTestRunMessage: Starting.
TpTrace Verbose: 0 : 5980, 11, 2024/07/18, 23:22:41.551, 2674583497845, vstest.console.dll, MulticastDelegateUtilities.SafeInvoke: TestRun.LogMessages: Invoking callback 1/1 for Microsoft.VisualStudio.TestPlatform.CommandLine.TestRunResultAggregator., took 0 ms.
TpTrace Information: 0 : 5980, 11, 2024/07/18, 23:22:41.551, 2674583498752, vstest.console.dll, TestRunRequest:SendTestRunMessage: Completed.
TpTrace Verbose: 0 : 5980, 11, 2024/07/18, 23:22:41.551, 2674583499622, vstest.console.dll, MulticastDelegateUtilities.SafeInvoke: LengthPrefixCommunicationChannel: MessageReceived: Invoking callback 1/1 for Microsoft.VisualStudio.TestPlatform.CommunicationUtilities.TestRequestSender+<>c__DisplayClass34_0., took 0 ms.
TpTrace Verbose: 0 : 5980, 11, 2024/07/18, 23:22:41.551, 2674583500493, vstest.console.dll, TcpClientExtensions.MessageLoopAsync: Polling on remoteEndPoint: 127.0.0.1:52706 localEndPoint: 127.0.0.1:52705 after 9 ms
TpTrace Verbose: 0 : 5980, 4, 2024/07/18, 23:22:41.551, 2674583500451, vstest.console.dll, MulticastDelegateUtilities.SafeInvoke: InternalTestLoggerEvents.SendTestRunMessage: Invoking callback 1/1 for Microsoft.VisualStudio.TestPlatform.CommandLine.Internal.ConsoleLogger., took 0 ms.
TpTrace Verbose: 0 : 5980, 11, 2024/07/18, 23:22:41.575, 2674583738179, vstest.console.dll, TcpClientExtensions.MessageLoopAsync: NotifyDataAvailable remoteEndPoint: 127.0.0.1:52706 localEndPoint: 127.0.0.1:52705
TpTrace Verbose: 0 : 5980, 11, 2024/07/18, 23:22:41.575, 2674583740413, vstest.console.dll, TestRequestSender.OnExecutionMessageReceived: Received message: {"Version":5,"MessageType":"TestExecution.Completed","Payload":{"TestRunCompleteArgs":{"TestRunStatistics":{"ExecutedTests":2,"Stats":{"Passed":2}},"IsCanceled":false,"IsAborted":false,"Error":null,"AttachmentSets":[],"ElapsedTimeInRunningTests":"00:00:10.6059536","Metrics":{}},"LastRunTests":{"NewTestResults":[{"TestCase":{"Id":"541eb138-df94-8957-05d8-22e501109e4b","FullyQualifiedName":"WorkingWithWindows.TestsSwitchingWindows.NoSuchWindowException","DisplayName":"NoSuchWindowException","ExecutorUri":"executor://NUnit3TestExecutor","Source":"C:\\Users\\PC\\source\\repos\\ExerciseSeleniumWaits\\WorkingWithWindows\\bin\\Debug\\net6.0\\fine-code-coverage\\build-output\\WorkingWithWindows.dll","CodeFilePath":null,"LineNumber":0,"Properties":[{"Key":{"Id":"NUnit.Seed","Label":"Seed","Category":"","Description":"","Attributes":0,"ValueType":"System.String"},"Value":"1495038392"}]},"Attachments":[],"Outcome":1,"ErrorMessage":null,"ErrorStackTrace":null,"DisplayName":"NoSuchWindowException","Messages":[{"Category":"StdOutMsgs","Text":"NoSuchWindowException was correctly handled."}],"ComputerName":"DESKTOP-78QNQ9Q","Duration":"00:00:04.7803920","StartTime":"2024-07-18T20:22:36.7584206+00:00","EndTime":"2024-07-18T20:22:41.5388129+00:00","Properties":[{"Key":{"Id":"NUnit.Seed","Label":"Seed","Category":"","Description":"","Attributes":0,"ValueType":"System.String"},"Value":"1495038392"}]}],"TestRunStatistics":{"ExecutedTests":2,"Stats":{"Passed":2}},"ActiveTests":[]},"RunAttachments":[],"ExecutorUris":["executor://nunit3testexecutor/"]}}
TpTrace Verbose: 0 : 5980, 11, 2024/07/18, 23:22:41.575, 2674583742199, vstest.console.dll, TestRequestSender.EndSession: Sending end session.
TpTrace Verbose: 0 : 5980, 11, 2024/07/18, 23:22:41.576, 2674583744972, vstest.console.dll, ProxyOperationManager.Close: waiting for test host to exit for 100 ms
TpTrace Verbose: 0 : 5980, 7, 2024/07/18, 23:22:41.638, 2674584365008, vstest.console.dll, TestHostManagerCallbacks.ctor: Experimental forwarding output is disabled.
TpTrace Warning: 0 : 5980, 7, 2024/07/18, 23:22:41.638, 2674584368516, vstest.console.dll, TestHostManagerCallbacks.ErrorReceivedCallback Test host standard error line: 
TpTrace Verbose: 0 : 5980, 7, 2024/07/18, 23:22:41.660, 2674584592809, vstest.console.dll, TestHostProvider.ExitCallBack: Host exited starting callback.
TpTrace Information: 0 : 5980, 7, 2024/07/18, 23:22:41.661, 2674584594847, vstest.console.dll, TestHostManagerCallbacks.ExitCallBack: Testhost processId: 14008 exited with exitcode: 0 error: ''
TpTrace Verbose: 0 : 5980, 7, 2024/07/18, 23:22:41.661, 2674584595511, vstest.console.dll, DotnetTestHostManager.OnHostExited: invoking OnHostExited callback
TpTrace Verbose: 0 : 5980, 7, 2024/07/18, 23:22:41.661, 2674584596289, vstest.console.dll, CrossPlatEngine.TestHostManagerHostExited: calling on client process exit callback.
TpTrace Information: 0 : 5980, 7, 2024/07/18, 23:22:41.661, 2674584597137, vstest.console.dll, TestRequestSender.OnClientProcessExit: Test host process exited. Standard error: 
TpTrace Information: 0 : 5980, 11, 2024/07/18, 23:22:41.661, 2674584597524, vstest.console.dll, SocketServer.Stop: Stop server endPoint: 127.0.0.1:52705
TpTrace Information: 0 : 5980, 7, 2024/07/18, 23:22:41.661, 2674584598128, vstest.console.dll, SocketServer.Stop: Stop server endPoint: 127.0.0.1:52705
TpTrace Information: 0 : 5980, 11, 2024/07/18, 23:22:41.661, 2674584598277, vstest.console.dll, SocketServer.Stop: Cancellation requested. Stopping message loop.
TpTrace Information: 0 : 5980, 7, 2024/07/18, 23:22:41.661, 2674584598759, vstest.console.dll, SocketServer.Stop: Cancellation requested. Stopping message loop.
TpTrace Verbose: 0 : 5980, 7, 2024/07/18, 23:22:41.661, 2674584599990, vstest.console.dll, MulticastDelegateUtilities.SafeInvoke: HostProviderEvents.OnHostExited: Invoking callback 1/1 for Microsoft.VisualStudio.TestPlatform.CrossPlatEngine.Client.ProxyOperationManager., took 0 ms.
TpTrace Information: 0 : 5980, 11, 2024/07/18, 23:22:41.661, 2674584600355, vstest.console.dll, Closing the connection
TpTrace Verbose: 0 : 5980, 11, 2024/07/18, 23:22:41.662, 2674584604007, vstest.console.dll, ProxyDataCollectionManager.InvokeDataCollectionServiceAction: Starting.
TpTrace Information: 0 : 5980, 11, 2024/07/18, 23:22:41.662, 2674584604704, vstest.console.dll, ProxyDataCollectionManager.AfterTestRunEnd: Get attachment set and invoked data collectors processId: 13316 port: 52702
TpTrace Verbose: 0 : 5980, 11, 2024/07/18, 23:22:41.662, 2674584605495, vstest.console.dll, DataCollectionRequestSender.SendAfterTestRunStartAndGetResult: Send AfterTestRunEnd message with isCancelled: False
TpTrace Verbose: 0 : 5980, 11, 2024/07/18, 23:22:41.671, 2674584696299, vstest.console.dll, DataCollectionRequestSender.SendAfterTestRunStartAndGetResult: Received message: (DataCollection.AfterTestRunEndResult) -> {"MessageType":"DataCollection.AfterTestRunEndResult","Payload":{"AttachmentSets":[],"InvokedDataCollectors":[{"Uri":"datacollector://Microsoft/TestPlatform/Extensions/Blame/v1","FriendlyName":"Blame","AssemblyQualifiedName":"Microsoft.TestPlatform.Extensions.BlameDataCollector.BlameCollector, Microsoft.TestPlatform.Extensions.BlameDataCollector, Version=15.0.0.0, Culture=neutral, PublicKeyToken=b03f5f7f11d50a3a","FilePath":"C:\\Program Files\\dotnet\\sdk\\8.0.300\\Extensions\\Microsoft.TestPlatform.Extensions.BlameDataCollector.dll","HasAttachmentProcessor":false}],"Metrics":{}}}
TpTrace Warning: 0 : 5980, 10, 2024/07/18, 23:22:41.679, 2674584779358, vstest.console.dll, DataCollectionLauncher.ErrorReceivedCallback datacollector standard error line: 
TpTrace Information: 0 : 5980, 11, 2024/07/18, 23:22:41.680, 2674584789824, vstest.console.dll, ProxyDataCollectionManager.InvokeDataCollectionServiceAction: Completed.
TpTrace Information: 0 : 5980, 10, 2024/07/18, 23:22:41.698, 2674584971155, vstest.console.dll, DataCollectionLauncher.ExitCallBack: Data collector exited with exitcode: 0 error: ''
TpTrace Verbose: 0 : 5980, 11, 2024/07/18, 23:22:41.740, 2674585384887, vstest.console.dll, TestRunRequest:SendTestRunStatsChange: Starting.
TpTrace Verbose: 0 : 5980, 11, 2024/07/18, 23:22:41.740, 2674585387130, vstest.console.dll, MulticastDelegateUtilities.SafeInvoke: TestRun.RunStatsChanged: Invoking callbacks was skipped because there are no subscribers.
TpTrace Information: 0 : 5980, 11, 2024/07/18, 23:22:41.740, 2674585387702, vstest.console.dll, TestRunRequest:SendTestRunStatsChange: Completed.
TpTrace Verbose: 0 : 5980, 4, 2024/07/18, 23:22:41.740, 2674585388904, vstest.console.dll, MulticastDelegateUtilities.SafeInvoke: InternalTestLoggerEvents.SendTestResult: Invoking callback 1/1 for Microsoft.VisualStudio.TestPlatform.CommandLine.Internal.ConsoleLogger., took 0 ms.
TpTrace Verbose: 0 : 5980, 11, 2024/07/18, 23:22:41.740, 2674585391568, vstest.console.dll, ParallelProxyExecutionManager: HandlePartialRunComplete: Total workloads = 1, Total started clients = 1 Total completed clients = 1, Run complete = True, Run canceled: False.
TpTrace Verbose: 0 : 5980, 11, 2024/07/18, 23:22:41.740, 2674585392616, vstest.console.dll, ParallelProxyExecutionManager: HandlePartialRunComplete: All runs completed stopping all managers.
TpTrace Verbose: 0 : 5980, 11, 2024/07/18, 23:22:41.741, 2674585394213, vstest.console.dll, ParallelOperationManager.StopAllManagers: Stopping all managers.
TpTrace Verbose: 0 : 5980, 11, 2024/07/18, 23:22:41.741, 2674585395190, vstest.console.dll, ParallelOperationManager.ClearSlots: Clearing all slots. Slots should accept more work: False
TpTrace Verbose: 0 : 5980, 11, 2024/07/18, 23:22:41.741, 2674585396427, vstest.console.dll, ParallelOperationManager.SetOccupiedSlotCount: Setting slot counts AvailableSlotCount = 1, OccupiedSlotCount = 0.
TpTrace Verbose: 0 : 5980, 11, 2024/07/18, 23:22:41.741, 2674585397421, vstest.console.dll, Occupied slots:

TpTrace Verbose: 0 : 5980, 4, 2024/07/18, 23:22:41.754, 2674585531707, vstest.console.dll, MulticastDelegateUtilities.SafeInvoke: InternalTestLoggerEvents.SendTestRunComplete: Invoking callback 1/2 for Microsoft.TestPlatform.Extensions.BlameDataCollector.BlameLogger., took 0 ms.
TpTrace Verbose: 0 : 5980, 4, 2024/07/18, 23:22:41.763, 2674585622439, vstest.console.dll, MulticastDelegateUtilities.SafeInvoke: InternalTestLoggerEvents.SendTestRunComplete: Invoking callback 2/2 for Microsoft.VisualStudio.TestPlatform.CommandLine.Internal.ConsoleLogger., took 8 ms.
TpTrace Verbose: 0 : 5980, 11, 2024/07/18, 23:22:41.764, 2674585628138, vstest.console.dll, TestRunRequest:TestRunComplete: Starting. IsAborted:False IsCanceled:False.
TpTrace Verbose: 0 : 5980, 11, 2024/07/18, 23:22:41.764, 2674585631459, vstest.console.dll, ParallelOperationManager.DoActionOnAllManagers: Calling an action on all managers.
TpTrace Verbose: 0 : 5980, 11, 2024/07/18, 23:22:41.767, 2674585654185, vstest.console.dll, TestLoggerManager.HandleTestRunComplete: Ignoring as the object is disposed.
TpTrace Verbose: 0 : 5980, 11, 2024/07/18, 23:22:41.767, 2674585657889, vstest.console.dll, MulticastDelegateUtilities.SafeInvoke: TestRun.TestRunComplete: Invoking callback 1/2 for Microsoft.VisualStudio.TestPlatform.CommandLine.TestRunResultAggregator., took 0 ms.
TpTrace Verbose: 0 : 5980, 11, 2024/07/18, 23:22:41.767, 2674585659907, vstest.console.dll, MulticastDelegateUtilities.SafeInvoke: TestRun.TestRunComplete: Invoking callback 2/2 for Microsoft.VisualStudio.TestPlatform.CommandLine.Processors.RunTestsArgumentExecutor+TestRunRequestEventsRegistrar., took 0 ms.
TpTrace Information: 0 : 5980, 11, 2024/07/18, 23:22:41.767, 2674585661446, vstest.console.dll, TestRunRequest:TestRunComplete: Completed.
TpTrace Verbose: 0 : 5980, 1, 2024/07/18, 23:22:41.767, 2674585661740, vstest.console.dll, TestRunRequest.Dispose: Starting.
TpTrace Verbose: 0 : 5980, 11, 2024/07/18, 23:22:41.768, 2674585663189, vstest.console.dll, TestRequestSender.SetOperationComplete: Setting operation complete.
TpTrace Information: 0 : 5980, 1, 2024/07/18, 23:22:41.768, 2674585664338, vstest.console.dll, TestRunRequest.Dispose: Completed.
TpTrace Information: 0 : 5980, 11, 2024/07/18, 23:22:41.768, 2674585665110, vstest.console.dll, SocketServer.Stop: Stop server endPoint: 127.0.0.1:52705
TpTrace Information: 0 : 5980, 1, 2024/07/18, 23:22:41.768, 2674585665366, vstest.console.dll, TestRequestManager.RunTests: run tests completed.
TpTrace Information: 0 : 5980, 11, 2024/07/18, 23:22:41.768, 2674585665813, vstest.console.dll, SocketServer.Stop: Cancellation requested. Stopping message loop.
TpTrace Verbose: 0 : 5980, 11, 2024/07/18, 23:22:41.768, 2674585667383, vstest.console.dll, MulticastDelegateUtilities.SafeInvoke: LengthPrefixCommunicationChannel: MessageReceived: Invoking callback 1/1 for Microsoft.VisualStudio.TestPlatform.CommunicationUtilities.TestRequestSender+<>c__DisplayClass34_0., took 192 ms.
TpTrace Information: 0 : 5980, 1, 2024/07/18, 23:22:41.768, 2674585667593, vstest.console.dll, RunTestsArgumentProcessor:Execute: Test run is completed.
TpTrace Information: 0 : 5980, 11, 2024/07/18, 23:22:41.768, 2674585668125, vstest.console.dll, SocketServer.PrivateStop: Stopping server endPoint: 127.0.0.1:52705 error: 
TpTrace Verbose: 0 : 5980, 1, 2024/07/18, 23:22:41.769, 2674585672849, vstest.console.dll, Executor.Execute: Exiting with exit code of 0
TpTrace Verbose: 0 : 5980, 11, 2024/07/18, 23:22:41.769, 2674585679534, vstest.console.dll, LengthPrefixCommunicationChannel.Dispose: Dispose reader and writer.
