TpTrace Verbose: 0 : 224, 1, 2024/07/16, 18:15:20.197, 762090930297, vstest.console.dll, Version: 17.10.0-release-24203-04 Current process architecture: X64
TpTrace Verbose: 0 : 224, 1, 2024/07/16, 18:15:20.203, 762090985125, vstest.console.dll, Runtime location: C:\Program Files\dotnet\shared\Microsoft.NETCore.App\8.0.5
TpTrace Verbose: 0 : 224, 1, 2024/07/16, 18:15:20.215, 762091106009, vstest.console.dll, ArtifactProcessingPostProcessModeProcessorExecutor.Initialize: ArtifactProcessingMode.Collect
TpTrace Verbose: 0 : 224, 1, 2024/07/16, 18:15:20.215, 762091108868, vstest.console.dll, TestSessionCorrelationIdProcessorModeProcessorExecutor.Initialize: TestSessionCorrelationId '11116_1a0368de-8b66-4915-b4f3-e8cb09e67520'
TpTrace Information: 0 : 224, 1, 2024/07/16, 18:15:20.229, 762091245996, vstest.console.dll, FilePatternParser: The given file C:\Users\PC\Desktop\SeleniumWaits\DynamicDemo\bin\Debug\net6.0\fine-code-coverage\build-output\DynamicDemo.dll is a full path.
TpTrace Verbose: 0 : 224, 1, 2024/07/16, 18:15:20.245, 762091406256, vstest.console.dll, TestPluginCache.DiscoverTestExtensions: finding test extensions in assemblies ends with: RuntimeProvider.dll TPluginInfo: Microsoft.VisualStudio.TestPlatform.Common.ExtensionFramework.Utilities.TestRuntimePluginInformation TExtension: Microsoft.VisualStudio.TestPlatform.ObjectModel.Host.ITestRuntimeProvider
TpTrace Verbose: 0 : 224, 1, 2024/07/16, 18:15:20.246, 762091411898, vstest.console.dll, TestPluginCache.GetExtensionPaths: Filtered extension paths: 
TpTrace Verbose: 0 : 224, 1, 2024/07/16, 18:15:20.246, 762091413289, vstest.console.dll, TestPluginCache.GetExtensionPaths: Added default extension paths: C:\Program Files\dotnet\sdk\8.0.300\Extensions\Microsoft.Diagnostics.NETCore.Client.dll
C:\Program Files\dotnet\sdk\8.0.300\Extensions\Microsoft.TestPlatform.Extensions.BlameDataCollector.dll
C:\Program Files\dotnet\sdk\8.0.300\Extensions\Microsoft.TestPlatform.Extensions.EventLogCollector.dll
C:\Program Files\dotnet\sdk\8.0.300\Extensions\Microsoft.TestPlatform.TestHostRuntimeProvider.dll
C:\Program Files\dotnet\sdk\8.0.300\Extensions\Microsoft.VisualStudio.TestPlatform.Extensions.Html.TestLogger.dll
C:\Program Files\dotnet\sdk\8.0.300\Extensions\Microsoft.VisualStudio.TestPlatform.Extensions.Trx.TestLogger.dll
TpTrace Verbose: 0 : 224, 1, 2024/07/16, 18:15:20.246, 762091414098, vstest.console.dll, TestPluginCache.GetExtensionPaths: Added unfilterableExtensionPaths: 
TpTrace Information: 0 : 224, 1, 2024/07/16, 18:15:20.247, 762091424294, vstest.console.dll, AssemblyResolver.ctor: Creating AssemblyResolver with searchDirectories C:\Program Files\dotnet\sdk\8.0.300\Extensions,C:\Program Files\dotnet\sdk\8.0.300
TpTrace Verbose: 0 : 224, 1, 2024/07/16, 18:15:20.250, 762091454382, vstest.console.dll, TestPluginCache.DiscoverTestExtensions: Discovering the extensions using extension path.
TpTrace Verbose: 0 : 224, 1, 2024/07/16, 18:15:20.250, 762091457640, vstest.console.dll, TestPluginCache.GetExtensionPaths: Filtered extension paths: 
TpTrace Verbose: 0 : 224, 1, 2024/07/16, 18:15:20.250, 762091458473, vstest.console.dll, TestPluginCache.GetExtensionPaths: Added default extension paths: C:\Program Files\dotnet\sdk\8.0.300\Extensions\Microsoft.Diagnostics.NETCore.Client.dll
C:\Program Files\dotnet\sdk\8.0.300\Extensions\Microsoft.TestPlatform.Extensions.BlameDataCollector.dll
C:\Program Files\dotnet\sdk\8.0.300\Extensions\Microsoft.TestPlatform.Extensions.EventLogCollector.dll
C:\Program Files\dotnet\sdk\8.0.300\Extensions\Microsoft.TestPlatform.TestHostRuntimeProvider.dll
C:\Program Files\dotnet\sdk\8.0.300\Extensions\Microsoft.VisualStudio.TestPlatform.Extensions.Html.TestLogger.dll
C:\Program Files\dotnet\sdk\8.0.300\Extensions\Microsoft.VisualStudio.TestPlatform.Extensions.Trx.TestLogger.dll
TpTrace Verbose: 0 : 224, 1, 2024/07/16, 18:15:20.250, 762091459287, vstest.console.dll, TestPluginCache.GetExtensionPaths: Added unfilterableExtensionPaths: 
TpTrace Verbose: 0 : 224, 1, 2024/07/16, 18:15:20.250, 762091460582, vstest.console.dll, TestPluginCache.DiscoverTestExtensions: Discovering the extensions using allExtensionPaths: C:\Program Files\dotnet\sdk\8.0.300\Extensions\Microsoft.Diagnostics.NETCore.Client.dll
C:\Program Files\dotnet\sdk\8.0.300\Extensions\Microsoft.TestPlatform.Extensions.BlameDataCollector.dll
C:\Program Files\dotnet\sdk\8.0.300\Extensions\Microsoft.TestPlatform.Extensions.EventLogCollector.dll
C:\Program Files\dotnet\sdk\8.0.300\Extensions\Microsoft.TestPlatform.TestHostRuntimeProvider.dll
C:\Program Files\dotnet\sdk\8.0.300\Extensions\Microsoft.VisualStudio.TestPlatform.Extensions.Html.TestLogger.dll
C:\Program Files\dotnet\sdk\8.0.300\Extensions\Microsoft.VisualStudio.TestPlatform.Extensions.Trx.TestLogger.dll
TpTrace Information: 0 : 224, 1, 2024/07/16, 18:15:20.251, 762091463095, vstest.console.dll, AssemblyResolver.AddSearchDirectories: Adding more searchDirectories C:\Program Files\dotnet\sdk\8.0.300\Extensions,C:\Program Files\dotnet\sdk\8.0.300
TpTrace Information: 0 : 224, 1, 2024/07/16, 18:15:20.251, 762091464608, vstest.console.dll, AssemblyResolver.AddSearchDirectories: Adding more searchDirectories C:\Program Files\dotnet\sdk\8.0.300\Extensions,C:\Program Files\dotnet\sdk\8.0.300
TpTrace Information: 0 : 224, 1, 2024/07/16, 18:15:20.251, 762091465859, vstest.console.dll, AssemblyResolver.AddSearchDirectories: Adding more searchDirectories C:\Program Files\dotnet\sdk\8.0.300\Extensions,C:\Program Files\dotnet\sdk\8.0.300
TpTrace Information: 0 : 224, 1, 2024/07/16, 18:15:20.251, 762091466746, vstest.console.dll, AssemblyResolver.AddSearchDirectories: Adding more searchDirectories C:\Program Files\dotnet\sdk\8.0.300\Extensions,C:\Program Files\dotnet\sdk\8.0.300
TpTrace Information: 0 : 224, 1, 2024/07/16, 18:15:20.251, 762091467438, vstest.console.dll, AssemblyResolver.AddSearchDirectories: Adding more searchDirectories C:\Program Files\dotnet\sdk\8.0.300\Extensions,C:\Program Files\dotnet\sdk\8.0.300
TpTrace Information: 0 : 224, 1, 2024/07/16, 18:15:20.251, 762091468195, vstest.console.dll, AssemblyResolver.AddSearchDirectories: Adding more searchDirectories C:\Program Files\dotnet\sdk\8.0.300\Extensions,C:\Program Files\dotnet\sdk\8.0.300
TpTrace Information: 0 : 224, 1, 2024/07/16, 18:15:20.252, 762091477044, vstest.console.dll, AssemblyResolver.OnResolve: Microsoft.Diagnostics.NETCore.Client: Resolving assembly.
TpTrace Information: 0 : 224, 1, 2024/07/16, 18:15:20.252, 762091478448, vstest.console.dll, AssemblyResolver.OnResolve: Microsoft.Diagnostics.NETCore.Client: Searching in: 'C:\Program Files\dotnet\sdk\8.0.300\Extensions'.
TpTrace Information: 0 : 224, 1, 2024/07/16, 18:15:20.269, 762091646313, vstest.console.dll, AssemblyResolver.OnResolve: Microsoft.Diagnostics.NETCore.Client: Loading assembly 'C:\Program Files\dotnet\sdk\8.0.300\Extensions\Microsoft.Diagnostics.NETCore.Client.dll'.
TpTrace Information: 0 : 224, 1, 2024/07/16, 18:15:20.273, 762091684406, vstest.console.dll, AssemblyResolver.OnResolve: Resolved assembly: Microsoft.Diagnostics.NETCore.Client, from path: C:\Program Files\dotnet\sdk\8.0.300\Extensions\Microsoft.Diagnostics.NETCore.Client.dll
TpTrace Verbose: 0 : 224, 1, 2024/07/16, 18:15:20.281, 762091769939, vstest.console.dll, MetadataReaderExtensionsHelper: Discovering extensions inside assembly 'Microsoft.Diagnostics.NETCore.Client, Version=0.2.10.15101, Culture=neutral, PublicKeyToken=31bf3856ad364e35' file path 'C:\Program Files\dotnet\sdk\8.0.300\Extensions\Microsoft.Diagnostics.NETCore.Client.dll'
TpTrace Information: 0 : 224, 1, 2024/07/16, 18:15:20.291, 762091862500, vstest.console.dll, AssemblyResolver.OnResolve: Microsoft.Bcl.AsyncInterfaces: Resolving assembly.
TpTrace Information: 0 : 224, 1, 2024/07/16, 18:15:20.291, 762091864090, vstest.console.dll, AssemblyResolver.OnResolve: Microsoft.Bcl.AsyncInterfaces: Searching in: 'C:\Program Files\dotnet\sdk\8.0.300\Extensions'.
TpTrace Information: 0 : 224, 1, 2024/07/16, 18:15:20.291, 762091865709, vstest.console.dll, AssemblyResolver.OnResolve: Microsoft.Bcl.AsyncInterfaces: Assembly path does not exist: 'C:\Program Files\dotnet\sdk\8.0.300\Extensions\Microsoft.Bcl.AsyncInterfaces.dll', returning.
TpTrace Information: 0 : 224, 1, 2024/07/16, 18:15:20.291, 762091867587, vstest.console.dll, AssemblyResolver.OnResolve: Microsoft.Bcl.AsyncInterfaces: Assembly path does not exist: 'C:\Program Files\dotnet\sdk\8.0.300\Extensions\Microsoft.Bcl.AsyncInterfaces.exe', returning.
TpTrace Information: 0 : 224, 1, 2024/07/16, 18:15:20.291, 762091868380, vstest.console.dll, AssemblyResolver.OnResolve: Microsoft.Bcl.AsyncInterfaces: Searching in: 'C:\Program Files\dotnet\sdk\8.0.300'.
TpTrace Information: 0 : 224, 1, 2024/07/16, 18:15:20.291, 762091869556, vstest.console.dll, AssemblyResolver.OnResolve: Microsoft.Bcl.AsyncInterfaces: Assembly path does not exist: 'C:\Program Files\dotnet\sdk\8.0.300\Microsoft.Bcl.AsyncInterfaces.dll', returning.
TpTrace Information: 0 : 224, 1, 2024/07/16, 18:15:20.291, 762091870701, vstest.console.dll, AssemblyResolver.OnResolve: Microsoft.Bcl.AsyncInterfaces: Assembly path does not exist: 'C:\Program Files\dotnet\sdk\8.0.300\Microsoft.Bcl.AsyncInterfaces.exe', returning.
TpTrace Information: 0 : 224, 1, 2024/07/16, 18:15:20.292, 762091871336, vstest.console.dll, AssemblyResolver.OnResolve: Microsoft.Bcl.AsyncInterfaces: Failed to load assembly.
TpTrace Verbose: 0 : 224, 1, 2024/07/16, 18:15:20.292, 762091872246, vstest.console.dll, CurrentDomainAssemblyResolve: Resolving assembly 'Microsoft.Bcl.AsyncInterfaces'.
TpTrace Information: 0 : 224, 1, 2024/07/16, 18:15:20.292, 762091873377, vstest.console.dll, AssemblyResolver.OnResolve: Microsoft.Bcl.AsyncInterfaces: Resolving assembly.
TpTrace Information: 0 : 224, 1, 2024/07/16, 18:15:20.292, 762091874166, vstest.console.dll, AssemblyResolver.OnResolve: Microsoft.Bcl.AsyncInterfaces: Resolved from cache.
TpTrace Verbose: 0 : 224, 1, 2024/07/16, 18:15:20.292, 762091874762, vstest.console.dll, CurrentDomainAssemblyResolve: Resolving assembly 'Microsoft.Bcl.AsyncInterfaces'.
TpTrace Verbose: 0 : 224, 1, 2024/07/16, 18:15:20.292, 762091875656, vstest.console.dll, CurrentDomainAssemblyResolve: Failed to resolve assembly 'Microsoft.Bcl.AsyncInterfaces'.
TpTrace Verbose: 0 : 224, 1, 2024/07/16, 18:15:20.302, 762091972068, vstest.console.dll, CurrentDomainAssemblyResolve: Failed to resolve assembly 'Microsoft.Bcl.AsyncInterfaces'.
TpTrace Warning: 0 : 224, 1, 2024/07/16, 18:15:20.348, 762092434695, vstest.console.dll, TestPluginDiscoverer: Failed to get types from assembly 'Microsoft.Diagnostics.NETCore.Client, Version=0.2.10.15101, Culture=neutral, PublicKeyToken=31bf3856ad364e35'. Error: System.Reflection.ReflectionTypeLoadException: Unable to load one or more of the requested types.
Could not load file or assembly 'Microsoft.Bcl.AsyncInterfaces, Version=6.0.0.0, Culture=neutral, PublicKeyToken=cc7b13ffcd2ddd51'. The system cannot find the file specified.
   at System.Reflection.RuntimeModule.GetTypes(RuntimeModule module)
   at System.Reflection.RuntimeModule.GetTypes()
   at Microsoft.VisualStudio.TestPlatform.Common.ExtensionFramework.TestPluginDiscoverer.GetTestExtensionsFromAssembly[TPluginInfo,TExtension](Assembly assembly, Dictionary`2 pluginInfos, String filePath) in /_/src/Microsoft.TestPlatform.Common/ExtensionFramework/TestPluginDiscoverer.cs:line 158
System.IO.FileNotFoundException: Could not load file or assembly 'Microsoft.Bcl.AsyncInterfaces, Version=6.0.0.0, Culture=neutral, PublicKeyToken=cc7b13ffcd2ddd51'. The system cannot find the file specified.
File name: 'Microsoft.Bcl.AsyncInterfaces, Version=6.0.0.0, Culture=neutral, PublicKeyToken=cc7b13ffcd2ddd51'
 ---> System.IO.FileNotFoundException: Could not load file or assembly 'Microsoft.Bcl.AsyncInterfaces, Culture=neutral, PublicKeyToken=null'. The system cannot find the file specified.
File name: 'Microsoft.Bcl.AsyncInterfaces, Culture=neutral, PublicKeyToken=null'
   at System.Reflection.RuntimeAssembly.InternalLoad(AssemblyName assemblyName, StackCrawlMark& stackMark, AssemblyLoadContext assemblyLoadContext, RuntimeAssembly requestingAssembly, Boolean throwOnFileNotFound)
   at System.Reflection.Assembly.Load(AssemblyName assemblyRef)
   at Microsoft.VisualStudio.TestPlatform.Common.ExtensionFramework.TestPluginCache.CurrentDomainAssemblyResolve(Object sender, AssemblyResolveEventArgs args) in /_/src/Microsoft.TestPlatform.Common/ExtensionFramework/TestPluginCache.cs:line 513
   at System.Runtime.Loader.AssemblyLoadContext.GetFirstResolvedAssemblyFromResolvingEvent(AssemblyName assemblyName)
   at System.Runtime.Loader.AssemblyLoadContext.ResolveUsingEvent(AssemblyName assemblyName)
   at System.Runtime.Loader.AssemblyLoadContext.ResolveUsingResolvingEvent(IntPtr gchManagedAssemblyLoadContext, AssemblyName assemblyName)
TpTrace Warning: 0 : 224, 1, 2024/07/16, 18:15:20.348, 762092440308, vstest.console.dll, LoaderExceptions: System.IO.FileNotFoundException: Could not load file or assembly 'Microsoft.Bcl.AsyncInterfaces, Version=6.0.0.0, Culture=neutral, PublicKeyToken=cc7b13ffcd2ddd51'. The system cannot find the file specified.
File name: 'Microsoft.Bcl.AsyncInterfaces, Version=6.0.0.0, Culture=neutral, PublicKeyToken=cc7b13ffcd2ddd51'
 ---> System.IO.FileNotFoundException: Could not load file or assembly 'Microsoft.Bcl.AsyncInterfaces, Culture=neutral, PublicKeyToken=null'. The system cannot find the file specified.
File name: 'Microsoft.Bcl.AsyncInterfaces, Culture=neutral, PublicKeyToken=null'
   at System.Reflection.RuntimeAssembly.InternalLoad(AssemblyName assemblyName, StackCrawlMark& stackMark, AssemblyLoadContext assemblyLoadContext, RuntimeAssembly requestingAssembly, Boolean throwOnFileNotFound)
   at System.Reflection.Assembly.Load(AssemblyName assemblyRef)
   at Microsoft.VisualStudio.TestPlatform.Common.ExtensionFramework.TestPluginCache.CurrentDomainAssemblyResolve(Object sender, AssemblyResolveEventArgs args) in /_/src/Microsoft.TestPlatform.Common/ExtensionFramework/TestPluginCache.cs:line 513
   at System.Runtime.Loader.AssemblyLoadContext.GetFirstResolvedAssemblyFromResolvingEvent(AssemblyName assemblyName)
   at System.Runtime.Loader.AssemblyLoadContext.ResolveUsingEvent(AssemblyName assemblyName)
   at System.Runtime.Loader.AssemblyLoadContext.ResolveUsingResolvingEvent(IntPtr gchManagedAssemblyLoadContext, AssemblyName assemblyName)
TpTrace Information: 0 : 224, 1, 2024/07/16, 18:15:20.349, 762092442559, vstest.console.dll, AssemblyResolver.OnResolve: Microsoft.TestPlatform.Extensions.BlameDataCollector: Resolving assembly.
TpTrace Information: 0 : 224, 1, 2024/07/16, 18:15:20.349, 762092443322, vstest.console.dll, AssemblyResolver.OnResolve: Microsoft.TestPlatform.Extensions.BlameDataCollector: Searching in: 'C:\Program Files\dotnet\sdk\8.0.300\Extensions'.
TpTrace Information: 0 : 224, 1, 2024/07/16, 18:15:20.350, 762092452418, vstest.console.dll, AssemblyResolver.OnResolve: Microsoft.TestPlatform.Extensions.BlameDataCollector: Loading assembly 'C:\Program Files\dotnet\sdk\8.0.300\Extensions\Microsoft.TestPlatform.Extensions.BlameDataCollector.dll'.
TpTrace Information: 0 : 224, 1, 2024/07/16, 18:15:20.350, 762092460805, vstest.console.dll, AssemblyResolver.OnResolve: Resolved assembly: Microsoft.TestPlatform.Extensions.BlameDataCollector, from path: C:\Program Files\dotnet\sdk\8.0.300\Extensions\Microsoft.TestPlatform.Extensions.BlameDataCollector.dll
TpTrace Verbose: 0 : 224, 1, 2024/07/16, 18:15:20.351, 762092462360, vstest.console.dll, MetadataReaderExtensionsHelper: Discovering extensions inside assembly 'Microsoft.TestPlatform.Extensions.BlameDataCollector, Version=15.0.0.0, Culture=neutral, PublicKeyToken=b03f5f7f11d50a3a' file path 'C:\Program Files\dotnet\sdk\8.0.300\Extensions\Microsoft.TestPlatform.Extensions.BlameDataCollector.dll'
TpTrace Information: 0 : 224, 1, 2024/07/16, 18:15:20.353, 762092485902, vstest.console.dll, AssemblyResolver.OnResolve: Microsoft.TestPlatform.Extensions.EventLogCollector: Resolving assembly.
TpTrace Information: 0 : 224, 1, 2024/07/16, 18:15:20.353, 762092487315, vstest.console.dll, AssemblyResolver.OnResolve: Microsoft.TestPlatform.Extensions.EventLogCollector: Searching in: 'C:\Program Files\dotnet\sdk\8.0.300\Extensions'.
TpTrace Information: 0 : 224, 1, 2024/07/16, 18:15:20.354, 762092496130, vstest.console.dll, AssemblyResolver.OnResolve: Microsoft.TestPlatform.Extensions.EventLogCollector: Loading assembly 'C:\Program Files\dotnet\sdk\8.0.300\Extensions\Microsoft.TestPlatform.Extensions.EventLogCollector.dll'.
TpTrace Information: 0 : 224, 1, 2024/07/16, 18:15:20.355, 762092505257, vstest.console.dll, AssemblyResolver.OnResolve: Resolved assembly: Microsoft.TestPlatform.Extensions.EventLogCollector, from path: C:\Program Files\dotnet\sdk\8.0.300\Extensions\Microsoft.TestPlatform.Extensions.EventLogCollector.dll
TpTrace Verbose: 0 : 224, 1, 2024/07/16, 18:15:20.355, 762092506785, vstest.console.dll, MetadataReaderExtensionsHelper: Discovering extensions inside assembly 'Microsoft.TestPlatform.Extensions.EventLogCollector, Version=15.0.0.0, Culture=neutral, PublicKeyToken=b03f5f7f11d50a3a' file path 'C:\Program Files\dotnet\sdk\8.0.300\Extensions\Microsoft.TestPlatform.Extensions.EventLogCollector.dll'
TpTrace Information: 0 : 224, 1, 2024/07/16, 18:15:20.360, 762092553987, vstest.console.dll, AssemblyResolver.OnResolve: Microsoft.TestPlatform.TestHostRuntimeProvider: Resolving assembly.
TpTrace Information: 0 : 224, 1, 2024/07/16, 18:15:20.360, 762092555482, vstest.console.dll, AssemblyResolver.OnResolve: Microsoft.TestPlatform.TestHostRuntimeProvider: Searching in: 'C:\Program Files\dotnet\sdk\8.0.300\Extensions'.
TpTrace Information: 0 : 224, 1, 2024/07/16, 18:15:20.367, 762092623014, vstest.console.dll, AssemblyResolver.OnResolve: Microsoft.TestPlatform.TestHostRuntimeProvider: Loading assembly 'C:\Program Files\dotnet\sdk\8.0.300\Extensions\Microsoft.TestPlatform.TestHostRuntimeProvider.dll'.
TpTrace Information: 0 : 224, 1, 2024/07/16, 18:15:20.369, 762092645146, vstest.console.dll, AssemblyResolver.OnResolve: Resolved assembly: Microsoft.TestPlatform.TestHostRuntimeProvider, from path: C:\Program Files\dotnet\sdk\8.0.300\Extensions\Microsoft.TestPlatform.TestHostRuntimeProvider.dll
TpTrace Verbose: 0 : 224, 1, 2024/07/16, 18:15:20.369, 762092646844, vstest.console.dll, MetadataReaderExtensionsHelper: Discovering extensions inside assembly 'Microsoft.TestPlatform.TestHostRuntimeProvider, Version=15.0.0.0, Culture=neutral, PublicKeyToken=b03f5f7f11d50a3a' file path 'C:\Program Files\dotnet\sdk\8.0.300\Extensions\Microsoft.TestPlatform.TestHostRuntimeProvider.dll'
TpTrace Information: 0 : 224, 1, 2024/07/16, 18:15:20.373, 762092681584, vstest.console.dll, GetTestExtensionFromType: Register extension with identifier data 'HostProvider://DefaultTestHost' and type 'Microsoft.VisualStudio.TestPlatform.CrossPlatEngine.Hosting.DefaultTestHostManager, Microsoft.TestPlatform.TestHostRuntimeProvider, Version=15.0.0.0, Culture=neutral, PublicKeyToken=b03f5f7f11d50a3a' inside file 'C:\Program Files\dotnet\sdk\8.0.300\Extensions\Microsoft.TestPlatform.TestHostRuntimeProvider.dll'
TpTrace Information: 0 : 224, 1, 2024/07/16, 18:15:20.373, 762092687270, vstest.console.dll, GetTestExtensionFromType: Register extension with identifier data 'HostProvider://DotnetTestHost' and type 'Microsoft.VisualStudio.TestPlatform.CrossPlatEngine.Hosting.DotnetTestHostManager, Microsoft.TestPlatform.TestHostRuntimeProvider, Version=15.0.0.0, Culture=neutral, PublicKeyToken=b03f5f7f11d50a3a' inside file 'C:\Program Files\dotnet\sdk\8.0.300\Extensions\Microsoft.TestPlatform.TestHostRuntimeProvider.dll'
TpTrace Information: 0 : 224, 1, 2024/07/16, 18:15:20.373, 762092688859, vstest.console.dll, AssemblyResolver.OnResolve: Microsoft.VisualStudio.TestPlatform.Extensions.Html.TestLogger: Resolving assembly.
TpTrace Information: 0 : 224, 1, 2024/07/16, 18:15:20.373, 762092689644, vstest.console.dll, AssemblyResolver.OnResolve: Microsoft.VisualStudio.TestPlatform.Extensions.Html.TestLogger: Searching in: 'C:\Program Files\dotnet\sdk\8.0.300\Extensions'.
TpTrace Information: 0 : 224, 1, 2024/07/16, 18:15:20.375, 762092702184, vstest.console.dll, AssemblyResolver.OnResolve: Microsoft.VisualStudio.TestPlatform.Extensions.Html.TestLogger: Loading assembly 'C:\Program Files\dotnet\sdk\8.0.300\Extensions\Microsoft.VisualStudio.TestPlatform.Extensions.Html.TestLogger.dll'.
TpTrace Information: 0 : 224, 1, 2024/07/16, 18:15:20.376, 762092717087, vstest.console.dll, AssemblyResolver.OnResolve: Resolved assembly: Microsoft.VisualStudio.TestPlatform.Extensions.Html.TestLogger, from path: C:\Program Files\dotnet\sdk\8.0.300\Extensions\Microsoft.VisualStudio.TestPlatform.Extensions.Html.TestLogger.dll
TpTrace Verbose: 0 : 224, 1, 2024/07/16, 18:15:20.376, 762092718736, vstest.console.dll, MetadataReaderExtensionsHelper: Discovering extensions inside assembly 'Microsoft.VisualStudio.TestPlatform.Extensions.Html.TestLogger, Version=15.0.0.0, Culture=neutral, PublicKeyToken=b03f5f7f11d50a3a' file path 'C:\Program Files\dotnet\sdk\8.0.300\Extensions\Microsoft.VisualStudio.TestPlatform.Extensions.Html.TestLogger.dll'
TpTrace Information: 0 : 224, 1, 2024/07/16, 18:15:20.378, 762092740890, vstest.console.dll, AssemblyResolver.OnResolve: Microsoft.VisualStudio.TestPlatform.Extensions.Trx.TestLogger: Resolving assembly.
TpTrace Information: 0 : 224, 1, 2024/07/16, 18:15:20.379, 762092742375, vstest.console.dll, AssemblyResolver.OnResolve: Microsoft.VisualStudio.TestPlatform.Extensions.Trx.TestLogger: Searching in: 'C:\Program Files\dotnet\sdk\8.0.300\Extensions'.
TpTrace Information: 0 : 224, 1, 2024/07/16, 18:15:20.381, 762092766251, vstest.console.dll, AssemblyResolver.OnResolve: Microsoft.VisualStudio.TestPlatform.Extensions.Trx.TestLogger: Loading assembly 'C:\Program Files\dotnet\sdk\8.0.300\Extensions\Microsoft.VisualStudio.TestPlatform.Extensions.Trx.TestLogger.dll'.
TpTrace Information: 0 : 224, 1, 2024/07/16, 18:15:20.383, 762092789417, vstest.console.dll, AssemblyResolver.OnResolve: Resolved assembly: Microsoft.VisualStudio.TestPlatform.Extensions.Trx.TestLogger, from path: C:\Program Files\dotnet\sdk\8.0.300\Extensions\Microsoft.VisualStudio.TestPlatform.Extensions.Trx.TestLogger.dll
TpTrace Verbose: 0 : 224, 1, 2024/07/16, 18:15:20.384, 762092791108, vstest.console.dll, MetadataReaderExtensionsHelper: Discovering extensions inside assembly 'Microsoft.VisualStudio.TestPlatform.Extensions.Trx.TestLogger, Version=15.0.0.0, Culture=neutral, PublicKeyToken=b03f5f7f11d50a3a' file path 'C:\Program Files\dotnet\sdk\8.0.300\Extensions\Microsoft.VisualStudio.TestPlatform.Extensions.Trx.TestLogger.dll'
TpTrace Verbose: 0 : 224, 1, 2024/07/16, 18:15:20.387, 762092821194, vstest.console.dll, TestPluginCache: Discovered the extensions using extension path ''.
TpTrace Verbose: 0 : 224, 1, 2024/07/16, 18:15:20.387, 762092822756, vstest.console.dll, TestPluginCache: Discoverers are ''.
TpTrace Verbose: 0 : 224, 1, 2024/07/16, 18:15:20.387, 762092823395, vstest.console.dll, TestPluginCache: Executors are ''.
TpTrace Verbose: 0 : 224, 1, 2024/07/16, 18:15:20.387, 762092823959, vstest.console.dll, TestPluginCache: Executors2 are ''.
TpTrace Verbose: 0 : 224, 1, 2024/07/16, 18:15:20.387, 762092824506, vstest.console.dll, TestPluginCache: Setting providers are ''.
TpTrace Verbose: 0 : 224, 1, 2024/07/16, 18:15:20.387, 762092825116, vstest.console.dll, TestPluginCache: Loggers are ''.
TpTrace Verbose: 0 : 224, 1, 2024/07/16, 18:15:20.387, 762092827836, vstest.console.dll, TestPluginCache: TestHosts are 'HostProvider://DefaultTestHost,HostProvider://DotnetTestHost'.
TpTrace Verbose: 0 : 224, 1, 2024/07/16, 18:15:20.387, 762092828641, vstest.console.dll, TestPluginCache: DataCollectors are ''.
TpTrace Information: 0 : 224, 1, 2024/07/16, 18:15:20.412, 762093074787, vstest.console.dll, RunTestsArgumentProcessor:Execute: Test run is starting.
TpTrace Verbose: 0 : 224, 1, 2024/07/16, 18:15:20.412, 762093076298, vstest.console.dll, RunTestsArgumentProcessor:Execute: Queuing Test run.
TpTrace Information: 0 : 224, 1, 2024/07/16, 18:15:20.413, 762093083042, vstest.console.dll, TestRequestManager.RunTests: run tests started.
TpTrace Information: 0 : 224, 1, 2024/07/16, 18:15:20.415, 762093102169, vstest.console.dll, AssemblyMetadataProvider.GetFrameworkName: Determined framework:'.NETCoreApp,Version=v6.0' for source: 'C:\Users\PC\Desktop\SeleniumWaits\DynamicDemo\bin\Debug\net6.0\fine-code-coverage\build-output\DynamicDemo.dll'
TpTrace Information: 0 : 224, 1, 2024/07/16, 18:15:20.415, 762093105196, vstest.console.dll, Determined framework for all sources: .NETCoreApp,Version=v6.0
TpTrace Verbose: 0 : 224, 1, 2024/07/16, 18:15:20.415, 762093109960, vstest.console.dll, TestRequestManager.UpdateRunSettingsIfRequired: Default architecture: X64 IsDefaultTargetArchitecture: True, Current process architecture: X64 OperatingSystem: Windows.
TpTrace Information: 0 : 224, 1, 2024/07/16, 18:15:20.418, 762093133428, vstest.console.dll, AssemblyMetadataProvider.GetArchitecture: Determined architecture:AnyCPU info for assembly: C:\Users\PC\Desktop\SeleniumWaits\DynamicDemo\bin\Debug\net6.0\fine-code-coverage\build-output\DynamicDemo.dll
TpTrace Information: 0 : 224, 1, 2024/07/16, 18:15:20.418, 762093134566, vstest.console.dll, Determined platform for source 'C:\Users\PC\Desktop\SeleniumWaits\DynamicDemo\bin\Debug\net6.0\fine-code-coverage\build-output\DynamicDemo.dll' was AnyCPU and it will use the default plaform X64.
TpTrace Information: 0 : 224, 1, 2024/07/16, 18:15:20.418, 762093135566, vstest.console.dll, None of the sources provided any runnable platform, using the default platform: X64
TpTrace Information: 0 : 224, 1, 2024/07/16, 18:15:20.418, 762093137118, vstest.console.dll, Platform was updated to 'X64'.
TpTrace Information: 0 : 224, 1, 2024/07/16, 18:15:20.427, 762093230940, vstest.console.dll, InferRunSettingsHelper.IsTestSettingsEnabled: Unable to navigate to RunSettings/MSTest. Current node: RunSettings
TpTrace Information: 0 : 224, 1, 2024/07/16, 18:15:20.429, 762093244860, vstest.console.dll, AssemblyResolver.OnResolve: Microsoft.VisualStudio.TestPlatform.Fakes: Resolving assembly.
TpTrace Information: 0 : 224, 1, 2024/07/16, 18:15:20.429, 762093246057, vstest.console.dll, AssemblyResolver.OnResolve: Microsoft.VisualStudio.TestPlatform.Fakes: Searching in: 'C:\Program Files\dotnet\sdk\8.0.300\Extensions'.
TpTrace Information: 0 : 224, 1, 2024/07/16, 18:15:20.429, 762093247920, vstest.console.dll, AssemblyResolver.OnResolve: Microsoft.VisualStudio.TestPlatform.Fakes: Assembly path does not exist: 'C:\Program Files\dotnet\sdk\8.0.300\Extensions\Microsoft.VisualStudio.TestPlatform.Fakes.dll', returning.
TpTrace Information: 0 : 224, 1, 2024/07/16, 18:15:20.429, 762093249089, vstest.console.dll, AssemblyResolver.OnResolve: Microsoft.VisualStudio.TestPlatform.Fakes: Assembly path does not exist: 'C:\Program Files\dotnet\sdk\8.0.300\Extensions\Microsoft.VisualStudio.TestPlatform.Fakes.exe', returning.
TpTrace Information: 0 : 224, 1, 2024/07/16, 18:15:20.429, 762093249715, vstest.console.dll, AssemblyResolver.OnResolve: Microsoft.VisualStudio.TestPlatform.Fakes: Searching in: 'C:\Program Files\dotnet\sdk\8.0.300'.
TpTrace Information: 0 : 224, 1, 2024/07/16, 18:15:20.429, 762093250789, vstest.console.dll, AssemblyResolver.OnResolve: Microsoft.VisualStudio.TestPlatform.Fakes: Assembly path does not exist: 'C:\Program Files\dotnet\sdk\8.0.300\Microsoft.VisualStudio.TestPlatform.Fakes.dll', returning.
TpTrace Information: 0 : 224, 1, 2024/07/16, 18:15:20.430, 762093251963, vstest.console.dll, AssemblyResolver.OnResolve: Microsoft.VisualStudio.TestPlatform.Fakes: Assembly path does not exist: 'C:\Program Files\dotnet\sdk\8.0.300\Microsoft.VisualStudio.TestPlatform.Fakes.exe', returning.
TpTrace Information: 0 : 224, 1, 2024/07/16, 18:15:20.430, 762093252586, vstest.console.dll, AssemblyResolver.OnResolve: Microsoft.VisualStudio.TestPlatform.Fakes: Failed to load assembly.
TpTrace Information: 0 : 224, 1, 2024/07/16, 18:15:20.430, 762093256692, vstest.console.dll, Failed to load assembly Microsoft.VisualStudio.TestPlatform.Fakes, Version=17.0.0.0, Culture=neutral. Reason:System.IO.FileNotFoundException: Could not load file or assembly 'Microsoft.VisualStudio.TestPlatform.Fakes, Version=17.0.0.0, Culture=neutral, PublicKeyToken=null'. The system cannot find the file specified.
File name: 'Microsoft.VisualStudio.TestPlatform.Fakes, Version=17.0.0.0, Culture=neutral, PublicKeyToken=null'
   at System.Reflection.RuntimeAssembly.InternalLoad(AssemblyName assemblyName, StackCrawlMark& stackMark, AssemblyLoadContext assemblyLoadContext, RuntimeAssembly requestingAssembly, Boolean throwOnFileNotFound)
   at System.Reflection.Assembly.Load(AssemblyName assemblyRef)
   at Microsoft.VisualStudio.TestPlatform.Common.Utilities.FakesUtilities.LoadTestPlatformAssembly() in /_/src/Microsoft.TestPlatform.Common/Utilities/FakesUtilities.cs:line 272
TpTrace Verbose: 0 : 224, 1, 2024/07/16, 18:15:20.436, 762093313465, vstest.console.dll, TestPluginCache.DiscoverTestExtensions: finding test extensions in assemblies ends with: TestLogger.dll TPluginInfo: Microsoft.VisualStudio.TestPlatform.Common.ExtensionFramework.Utilities.TestLoggerPluginInformation TExtension: Microsoft.VisualStudio.TestPlatform.ObjectModel.Client.ITestLogger
TpTrace Verbose: 0 : 224, 1, 2024/07/16, 18:15:20.436, 762093315589, vstest.console.dll, TestPluginCache.GetExtensionPaths: Filtered extension paths: 
TpTrace Verbose: 0 : 224, 1, 2024/07/16, 18:15:20.436, 762093316912, vstest.console.dll, TestPluginCache.GetExtensionPaths: Added default extension paths: C:\Program Files\dotnet\sdk\8.0.300\Extensions\Microsoft.Diagnostics.NETCore.Client.dll
C:\Program Files\dotnet\sdk\8.0.300\Extensions\Microsoft.TestPlatform.Extensions.BlameDataCollector.dll
C:\Program Files\dotnet\sdk\8.0.300\Extensions\Microsoft.TestPlatform.Extensions.EventLogCollector.dll
C:\Program Files\dotnet\sdk\8.0.300\Extensions\Microsoft.TestPlatform.TestHostRuntimeProvider.dll
C:\Program Files\dotnet\sdk\8.0.300\Extensions\Microsoft.VisualStudio.TestPlatform.Extensions.Html.TestLogger.dll
C:\Program Files\dotnet\sdk\8.0.300\Extensions\Microsoft.VisualStudio.TestPlatform.Extensions.Trx.TestLogger.dll
TpTrace Verbose: 0 : 224, 1, 2024/07/16, 18:15:20.436, 762093318257, vstest.console.dll, TestPluginCache.GetExtensionPaths: Added unfilterableExtensionPaths: 
TpTrace Information: 0 : 224, 1, 2024/07/16, 18:15:20.437, 762093321569, vstest.console.dll, AssemblyResolver.AddSearchDirectories: Adding more searchDirectories C:\Program Files\dotnet\sdk\8.0.300\Extensions,C:\Program Files\dotnet\sdk\8.0.300
TpTrace Verbose: 0 : 224, 1, 2024/07/16, 18:15:20.437, 762093322972, vstest.console.dll, TestPluginCache.DiscoverTestExtensions: Discovering the extensions using extension path.
TpTrace Verbose: 0 : 224, 1, 2024/07/16, 18:15:20.437, 762093323894, vstest.console.dll, TestPluginCache.GetExtensionPaths: Filtered extension paths: 
TpTrace Verbose: 0 : 224, 1, 2024/07/16, 18:15:20.443, 762093386009, vstest.console.dll, TestPluginCache.GetExtensionPaths: Added default extension paths: C:\Program Files\dotnet\sdk\8.0.300\Extensions\Microsoft.Diagnostics.NETCore.Client.dll
C:\Program Files\dotnet\sdk\8.0.300\Extensions\Microsoft.TestPlatform.Extensions.BlameDataCollector.dll
C:\Program Files\dotnet\sdk\8.0.300\Extensions\Microsoft.TestPlatform.Extensions.EventLogCollector.dll
C:\Program Files\dotnet\sdk\8.0.300\Extensions\Microsoft.TestPlatform.TestHostRuntimeProvider.dll
C:\Program Files\dotnet\sdk\8.0.300\Extensions\Microsoft.VisualStudio.TestPlatform.Extensions.Html.TestLogger.dll
C:\Program Files\dotnet\sdk\8.0.300\Extensions\Microsoft.VisualStudio.TestPlatform.Extensions.Trx.TestLogger.dll
TpTrace Verbose: 0 : 224, 1, 2024/07/16, 18:15:20.443, 762093387759, vstest.console.dll, TestPluginCache.GetExtensionPaths: Added unfilterableExtensionPaths: 
TpTrace Verbose: 0 : 224, 1, 2024/07/16, 18:15:20.443, 762093388537, vstest.console.dll, TestPluginCache.DiscoverTestExtensions: Discovering the extensions using allExtensionPaths: C:\Program Files\dotnet\sdk\8.0.300\Extensions\Microsoft.Diagnostics.NETCore.Client.dll
C:\Program Files\dotnet\sdk\8.0.300\Extensions\Microsoft.TestPlatform.Extensions.BlameDataCollector.dll
C:\Program Files\dotnet\sdk\8.0.300\Extensions\Microsoft.TestPlatform.Extensions.EventLogCollector.dll
C:\Program Files\dotnet\sdk\8.0.300\Extensions\Microsoft.TestPlatform.TestHostRuntimeProvider.dll
C:\Program Files\dotnet\sdk\8.0.300\Extensions\Microsoft.VisualStudio.TestPlatform.Extensions.Html.TestLogger.dll
C:\Program Files\dotnet\sdk\8.0.300\Extensions\Microsoft.VisualStudio.TestPlatform.Extensions.Trx.TestLogger.dll
TpTrace Information: 0 : 224, 1, 2024/07/16, 18:15:20.443, 762093389661, vstest.console.dll, AssemblyResolver.AddSearchDirectories: Adding more searchDirectories C:\Program Files\dotnet\sdk\8.0.300\Extensions,C:\Program Files\dotnet\sdk\8.0.300
TpTrace Information: 0 : 224, 1, 2024/07/16, 18:15:20.443, 762093390478, vstest.console.dll, AssemblyResolver.AddSearchDirectories: Adding more searchDirectories C:\Program Files\dotnet\sdk\8.0.300\Extensions,C:\Program Files\dotnet\sdk\8.0.300
TpTrace Information: 0 : 224, 1, 2024/07/16, 18:15:20.444, 762093391181, vstest.console.dll, AssemblyResolver.AddSearchDirectories: Adding more searchDirectories C:\Program Files\dotnet\sdk\8.0.300\Extensions,C:\Program Files\dotnet\sdk\8.0.300
TpTrace Information: 0 : 224, 1, 2024/07/16, 18:15:20.444, 762093391862, vstest.console.dll, AssemblyResolver.AddSearchDirectories: Adding more searchDirectories C:\Program Files\dotnet\sdk\8.0.300\Extensions,C:\Program Files\dotnet\sdk\8.0.300
TpTrace Information: 0 : 224, 1, 2024/07/16, 18:15:20.444, 762093392544, vstest.console.dll, AssemblyResolver.AddSearchDirectories: Adding more searchDirectories C:\Program Files\dotnet\sdk\8.0.300\Extensions,C:\Program Files\dotnet\sdk\8.0.300
TpTrace Information: 0 : 224, 1, 2024/07/16, 18:15:20.444, 762093393216, vstest.console.dll, AssemblyResolver.AddSearchDirectories: Adding more searchDirectories C:\Program Files\dotnet\sdk\8.0.300\Extensions,C:\Program Files\dotnet\sdk\8.0.300
TpTrace Verbose: 0 : 224, 1, 2024/07/16, 18:15:20.444, 762093394951, vstest.console.dll, MetadataReaderExtensionsHelper: Discovering extensions inside assembly 'Microsoft.Diagnostics.NETCore.Client, Version=0.2.10.15101, Culture=neutral, PublicKeyToken=31bf3856ad364e35' file path 'C:\Program Files\dotnet\sdk\8.0.300\Extensions\Microsoft.Diagnostics.NETCore.Client.dll'
TpTrace Information: 0 : 224, 1, 2024/07/16, 18:15:20.445, 762093406568, vstest.console.dll, AssemblyResolver.OnResolve: Microsoft.Bcl.AsyncInterfaces: Resolving assembly.
TpTrace Information: 0 : 224, 1, 2024/07/16, 18:15:20.445, 762093407572, vstest.console.dll, AssemblyResolver.OnResolve: Microsoft.Bcl.AsyncInterfaces: Resolved from cache.
TpTrace Verbose: 0 : 224, 1, 2024/07/16, 18:15:20.445, 762093408144, vstest.console.dll, CurrentDomainAssemblyResolve: Resolving assembly 'Microsoft.Bcl.AsyncInterfaces'.
TpTrace Information: 0 : 224, 1, 2024/07/16, 18:15:20.445, 762093408949, vstest.console.dll, AssemblyResolver.OnResolve: Microsoft.Bcl.AsyncInterfaces: Resolving assembly.
TpTrace Information: 0 : 224, 1, 2024/07/16, 18:15:20.445, 762093409509, vstest.console.dll, AssemblyResolver.OnResolve: Microsoft.Bcl.AsyncInterfaces: Resolved from cache.
TpTrace Verbose: 0 : 224, 1, 2024/07/16, 18:15:20.445, 762093410065, vstest.console.dll, CurrentDomainAssemblyResolve: Resolving assembly 'Microsoft.Bcl.AsyncInterfaces'.
TpTrace Verbose: 0 : 224, 1, 2024/07/16, 18:15:20.445, 762093410588, vstest.console.dll, CurrentDomainAssemblyResolve: Failed to resolve assembly 'Microsoft.Bcl.AsyncInterfaces'.
TpTrace Verbose: 0 : 224, 1, 2024/07/16, 18:15:20.446, 762093412590, vstest.console.dll, CurrentDomainAssemblyResolve: Failed to resolve assembly 'Microsoft.Bcl.AsyncInterfaces'.
TpTrace Warning: 0 : 224, 1, 2024/07/16, 18:15:20.446, 762093418101, vstest.console.dll, TestPluginDiscoverer: Failed to get types from assembly 'Microsoft.Diagnostics.NETCore.Client, Version=0.2.10.15101, Culture=neutral, PublicKeyToken=31bf3856ad364e35'. Error: System.Reflection.ReflectionTypeLoadException: Unable to load one or more of the requested types.
Could not load file or assembly 'Microsoft.Bcl.AsyncInterfaces, Version=6.0.0.0, Culture=neutral, PublicKeyToken=cc7b13ffcd2ddd51'. The system cannot find the file specified.
   at System.Reflection.RuntimeModule.GetTypes(RuntimeModule module)
   at System.Reflection.RuntimeModule.GetTypes()
   at Microsoft.VisualStudio.TestPlatform.Common.ExtensionFramework.TestPluginDiscoverer.GetTestExtensionsFromAssembly[TPluginInfo,TExtension](Assembly assembly, Dictionary`2 pluginInfos, String filePath) in /_/src/Microsoft.TestPlatform.Common/ExtensionFramework/TestPluginDiscoverer.cs:line 158
System.IO.FileNotFoundException: Could not load file or assembly 'Microsoft.Bcl.AsyncInterfaces, Version=6.0.0.0, Culture=neutral, PublicKeyToken=cc7b13ffcd2ddd51'. The system cannot find the file specified.
File name: 'Microsoft.Bcl.AsyncInterfaces, Version=6.0.0.0, Culture=neutral, PublicKeyToken=cc7b13ffcd2ddd51'
 ---> System.IO.FileNotFoundException: Could not load file or assembly 'Microsoft.Bcl.AsyncInterfaces, Culture=neutral, PublicKeyToken=null'. The system cannot find the file specified.
File name: 'Microsoft.Bcl.AsyncInterfaces, Culture=neutral, PublicKeyToken=null'
   at System.Reflection.RuntimeAssembly.InternalLoad(AssemblyName assemblyName, StackCrawlMark& stackMark, AssemblyLoadContext assemblyLoadContext, RuntimeAssembly requestingAssembly, Boolean throwOnFileNotFound)
   at System.Reflection.Assembly.Load(AssemblyName assemblyRef)
   at Microsoft.VisualStudio.TestPlatform.Common.ExtensionFramework.TestPluginCache.CurrentDomainAssemblyResolve(Object sender, AssemblyResolveEventArgs args) in /_/src/Microsoft.TestPlatform.Common/ExtensionFramework/TestPluginCache.cs:line 513
   at System.Runtime.Loader.AssemblyLoadContext.GetFirstResolvedAssemblyFromResolvingEvent(AssemblyName assemblyName)
   at System.Runtime.Loader.AssemblyLoadContext.ResolveUsingEvent(AssemblyName assemblyName)
   at System.Runtime.Loader.AssemblyLoadContext.ResolveUsingResolvingEvent(IntPtr gchManagedAssemblyLoadContext, AssemblyName assemblyName)
TpTrace Warning: 0 : 224, 1, 2024/07/16, 18:15:20.446, 762093420395, vstest.console.dll, LoaderExceptions: System.IO.FileNotFoundException: Could not load file or assembly 'Microsoft.Bcl.AsyncInterfaces, Version=6.0.0.0, Culture=neutral, PublicKeyToken=cc7b13ffcd2ddd51'. The system cannot find the file specified.
File name: 'Microsoft.Bcl.AsyncInterfaces, Version=6.0.0.0, Culture=neutral, PublicKeyToken=cc7b13ffcd2ddd51'
 ---> System.IO.FileNotFoundException: Could not load file or assembly 'Microsoft.Bcl.AsyncInterfaces, Culture=neutral, PublicKeyToken=null'. The system cannot find the file specified.
File name: 'Microsoft.Bcl.AsyncInterfaces, Culture=neutral, PublicKeyToken=null'
   at System.Reflection.RuntimeAssembly.InternalLoad(AssemblyName assemblyName, StackCrawlMark& stackMark, AssemblyLoadContext assemblyLoadContext, RuntimeAssembly requestingAssembly, Boolean throwOnFileNotFound)
   at System.Reflection.Assembly.Load(AssemblyName assemblyRef)
   at Microsoft.VisualStudio.TestPlatform.Common.ExtensionFramework.TestPluginCache.CurrentDomainAssemblyResolve(Object sender, AssemblyResolveEventArgs args) in /_/src/Microsoft.TestPlatform.Common/ExtensionFramework/TestPluginCache.cs:line 513
   at System.Runtime.Loader.AssemblyLoadContext.GetFirstResolvedAssemblyFromResolvingEvent(AssemblyName assemblyName)
   at System.Runtime.Loader.AssemblyLoadContext.ResolveUsingEvent(AssemblyName assemblyName)
   at System.Runtime.Loader.AssemblyLoadContext.ResolveUsingResolvingEvent(IntPtr gchManagedAssemblyLoadContext, AssemblyName assemblyName)
TpTrace Verbose: 0 : 224, 1, 2024/07/16, 18:15:20.447, 762093421606, vstest.console.dll, MetadataReaderExtensionsHelper: Discovering extensions inside assembly 'Microsoft.TestPlatform.Extensions.BlameDataCollector, Version=15.0.0.0, Culture=neutral, PublicKeyToken=b03f5f7f11d50a3a' file path 'C:\Program Files\dotnet\sdk\8.0.300\Extensions\Microsoft.TestPlatform.Extensions.BlameDataCollector.dll'
TpTrace Information: 0 : 224, 1, 2024/07/16, 18:15:20.448, 762093431703, vstest.console.dll, GetTestExtensionFromType: Register extension with identifier data 'logger://Microsoft/TestPlatform/Extensions/Blame/v1' and type 'Microsoft.TestPlatform.Extensions.BlameDataCollector.BlameLogger, Microsoft.TestPlatform.Extensions.BlameDataCollector, Version=15.0.0.0, Culture=neutral, PublicKeyToken=b03f5f7f11d50a3a' inside file 'C:\Program Files\dotnet\sdk\8.0.300\Extensions\Microsoft.TestPlatform.Extensions.BlameDataCollector.dll'
TpTrace Verbose: 0 : 224, 1, 2024/07/16, 18:15:20.448, 762093432893, vstest.console.dll, MetadataReaderExtensionsHelper: Discovering extensions inside assembly 'Microsoft.TestPlatform.Extensions.EventLogCollector, Version=15.0.0.0, Culture=neutral, PublicKeyToken=b03f5f7f11d50a3a' file path 'C:\Program Files\dotnet\sdk\8.0.300\Extensions\Microsoft.TestPlatform.Extensions.EventLogCollector.dll'
TpTrace Verbose: 0 : 224, 1, 2024/07/16, 18:15:20.448, 762093440167, vstest.console.dll, MetadataReaderExtensionsHelper: Discovering extensions inside assembly 'Microsoft.TestPlatform.TestHostRuntimeProvider, Version=15.0.0.0, Culture=neutral, PublicKeyToken=b03f5f7f11d50a3a' file path 'C:\Program Files\dotnet\sdk\8.0.300\Extensions\Microsoft.TestPlatform.TestHostRuntimeProvider.dll'
TpTrace Verbose: 0 : 224, 1, 2024/07/16, 18:15:20.449, 762093447234, vstest.console.dll, MetadataReaderExtensionsHelper: Discovering extensions inside assembly 'Microsoft.VisualStudio.TestPlatform.Extensions.Html.TestLogger, Version=15.0.0.0, Culture=neutral, PublicKeyToken=b03f5f7f11d50a3a' file path 'C:\Program Files\dotnet\sdk\8.0.300\Extensions\Microsoft.VisualStudio.TestPlatform.Extensions.Html.TestLogger.dll'
TpTrace Information: 0 : 224, 1, 2024/07/16, 18:15:20.450, 762093458600, vstest.console.dll, GetTestExtensionFromType: Register extension with identifier data 'logger://Microsoft/TestPlatform/HtmlLogger/v1' and type 'Microsoft.VisualStudio.TestPlatform.Extensions.HtmlLogger.HtmlLogger, Microsoft.VisualStudio.TestPlatform.Extensions.Html.TestLogger, Version=15.0.0.0, Culture=neutral, PublicKeyToken=b03f5f7f11d50a3a' inside file 'C:\Program Files\dotnet\sdk\8.0.300\Extensions\Microsoft.VisualStudio.TestPlatform.Extensions.Html.TestLogger.dll'
TpTrace Verbose: 0 : 224, 1, 2024/07/16, 18:15:20.450, 762093460002, vstest.console.dll, MetadataReaderExtensionsHelper: Discovering extensions inside assembly 'Microsoft.VisualStudio.TestPlatform.Extensions.Trx.TestLogger, Version=15.0.0.0, Culture=neutral, PublicKeyToken=b03f5f7f11d50a3a' file path 'C:\Program Files\dotnet\sdk\8.0.300\Extensions\Microsoft.VisualStudio.TestPlatform.Extensions.Trx.TestLogger.dll'
TpTrace Information: 0 : 224, 1, 2024/07/16, 18:15:20.451, 762093469007, vstest.console.dll, GetTestExtensionFromType: Register extension with identifier data 'logger://Microsoft/TestPlatform/TrxLogger/v1' and type 'Microsoft.VisualStudio.TestPlatform.Extensions.TrxLogger.TrxLogger, Microsoft.VisualStudio.TestPlatform.Extensions.Trx.TestLogger, Version=15.0.0.0, Culture=neutral, PublicKeyToken=b03f5f7f11d50a3a' inside file 'C:\Program Files\dotnet\sdk\8.0.300\Extensions\Microsoft.VisualStudio.TestPlatform.Extensions.Trx.TestLogger.dll'
TpTrace Verbose: 0 : 224, 1, 2024/07/16, 18:15:20.451, 762093470306, vstest.console.dll, TestPluginCache: Discovered the extensions using extension path ''.
TpTrace Verbose: 0 : 224, 1, 2024/07/16, 18:15:20.452, 762093470942, vstest.console.dll, TestPluginCache: Discoverers are ''.
TpTrace Verbose: 0 : 224, 1, 2024/07/16, 18:15:20.452, 762093471505, vstest.console.dll, TestPluginCache: Executors are ''.
TpTrace Verbose: 0 : 224, 1, 2024/07/16, 18:15:20.452, 762093472052, vstest.console.dll, TestPluginCache: Executors2 are ''.
TpTrace Verbose: 0 : 224, 1, 2024/07/16, 18:15:20.452, 762093472594, vstest.console.dll, TestPluginCache: Setting providers are ''.
TpTrace Verbose: 0 : 224, 1, 2024/07/16, 18:15:20.452, 762093477315, vstest.console.dll, TestPluginCache: Loggers are 'logger://Microsoft/TestPlatform/Extensions/Blame/v1,logger://Microsoft/TestPlatform/HtmlLogger/v1,logger://Microsoft/TestPlatform/TrxLogger/v1'.
TpTrace Verbose: 0 : 224, 1, 2024/07/16, 18:15:20.452, 762093479165, vstest.console.dll, TestPluginCache: TestHosts are 'HostProvider://DefaultTestHost,HostProvider://DotnetTestHost'.
TpTrace Verbose: 0 : 224, 1, 2024/07/16, 18:15:20.452, 762093480213, vstest.console.dll, TestPluginCache: DataCollectors are ''.
TpTrace Information: 0 : 224, 1, 2024/07/16, 18:15:20.454, 762093494780, vstest.console.dll, TestPluginManager.CreateTestExtension: Attempting to load test extension: Microsoft.TestPlatform.Extensions.BlameDataCollector.BlameLogger
TpTrace Verbose: 0 : 224, 1, 2024/07/16, 18:15:20.471, 762093666550, vstest.console.dll, TestEngine: Initializing Parallel Execution as MaxCpuCount is set to: 1
TpTrace Information: 0 : 224, 1, 2024/07/16, 18:15:20.473, 762093690739, vstest.console.dll, TestPluginManager.CreateTestExtension: Attempting to load test extension: Microsoft.VisualStudio.TestPlatform.CrossPlatEngine.Hosting.DefaultTestHostManager
TpTrace Information: 0 : 224, 1, 2024/07/16, 18:15:20.475, 762093707725, vstest.console.dll, TestPluginManager.CreateTestExtension: Attempting to load test extension: Microsoft.VisualStudio.TestPlatform.CrossPlatEngine.Hosting.DotnetTestHostManager
TpTrace Information: 0 : 224, 1, 2024/07/16, 18:15:20.476, 762093716488, vstest.console.dll, InferRunSettingsHelper.IsTestSettingsEnabled: Unable to navigate to RunSettings/MSTest. Current node: RunSettings
TpTrace Verbose: 0 : 224, 1, 2024/07/16, 18:15:20.477, 762093729883, vstest.console.dll, ParallelOperationManager.ClearSlots: Clearing all slots. Slots should accept more work: True
TpTrace Verbose: 0 : 224, 1, 2024/07/16, 18:15:20.478, 762093738951, vstest.console.dll, ParallelOperationManager.SetOccupiedSlotCount: Setting slot counts AvailableSlotCount = 1, OccupiedSlotCount = 0.
TpTrace Verbose: 0 : 224, 1, 2024/07/16, 18:15:20.479, 762093744549, vstest.console.dll, Occupied slots:

TpTrace Verbose: 0 : 224, 1, 2024/07/16, 18:15:20.483, 762093790525, vstest.console.dll, TestEngine.GetExecutionManager: Chosen execution manager 'Microsoft.VisualStudio.TestPlatform.CrossPlatEngine.Client.Parallel.ParallelProxyExecutionManager, Microsoft.TestPlatform.CrossPlatEngine, Version=15.0.0.0, Culture=neutral, PublicKeyToken=b03f5f7f11d50a3a' ParallelLevel '1'.
TpTrace Verbose: 0 : 224, 1, 2024/07/16, 18:15:20.484, 762093792674, vstest.console.dll, TestRunRequest.ExecuteAsync: Creating test run request.
TpTrace Verbose: 0 : 224, 1, 2024/07/16, 18:15:20.484, 762093796993, vstest.console.dll, TestRunRequest.ExecuteAsync: Starting.
TpTrace Information: 0 : 224, 1, 2024/07/16, 18:15:20.489, 762093848823, vstest.console.dll, TestRunRequest.ExecuteAsync: Starting run with settings:TestRunCriteria:
   KeepAlive=False,FrequencyOfRunStatsChangeEvent=10,RunStatsChangeEventTimeout=00:00:01.5000000,TestCaseFilter=,TestExecutorLauncher=
   Settingsxml=<RunSettings>
  <RunConfiguration>
    <ResultsDirectory>C:\Users\PC\Desktop\SeleniumWaits\DynamicDemo\bin\Debug\net6.0\fine-code-coverage\coverage-tool-output</ResultsDirectory>
    <TargetPlatform>X64</TargetPlatform>
    <TargetFrameworkVersion>.NETCoreApp,Version=v6.0</TargetFrameworkVersion>
    <DesignMode>False</DesignMode>
    <CollectSourceInformation>False</CollectSourceInformation>
  </RunConfiguration>
  <LoggerRunSettings>
    <Loggers>
      <Logger friendlyName="blame" enabled="True" />
      <Logger friendlyName="Console" uri="logger://microsoft/TestPlatform/ConsoleLogger/v1" assemblyQualifiedName="Microsoft.VisualStudio.TestPlatform.CommandLine.Internal.ConsoleLogger, vstest.console, Version=15.0.0.0, Culture=neutral, PublicKeyToken=b03f5f7f11d50a3a" codeBase="C:\Program Files\dotnet\sdk\8.0.300\vstest.console.dll" enabled="True" />
    </Loggers>
  </LoggerRunSettings>
  <DataCollectionRunSettings>
    <DataCollectors>
      <DataCollector friendlyName="blame" enabled="True">
        <Configuration>
          <ResultsDirectory>C:\Users\PC\Desktop\SeleniumWaits\DynamicDemo\bin\Debug\net6.0\fine-code-coverage\coverage-tool-output</ResultsDirectory>
        </Configuration>
      </DataCollector>
    </DataCollectors>
  </DataCollectionRunSettings>
</RunSettings>

TpTrace Verbose: 0 : 224, 1, 2024/07/16, 18:15:20.489, 762093850285, vstest.console.dll, TestRunRequest.ExecuteAsync: Wait for the first run request is over.
TpTrace Verbose: 0 : 224, 1, 2024/07/16, 18:15:20.490, 762093855249, vstest.console.dll, MulticastDelegateUtilities.SafeInvoke: TestRun.TestRunStart: Invoking callbacks was skipped because there are no subscribers.
TpTrace Verbose: 0 : 224, 4, 2024/07/16, 18:15:20.490, 762093859138, vstest.console.dll, MulticastDelegateUtilities.SafeInvoke: InternalTestLoggerEvents.SendTestRunStart: Invoking callback 1/1 for Microsoft.VisualStudio.TestPlatform.CommandLine.Internal.ConsoleLogger., took 0 ms.
TpTrace Verbose: 0 : 224, 1, 2024/07/16, 18:15:20.492, 762093873603, vstest.console.dll, ParallelProxyExecutionManager: Start execution. Total sources: 1
TpTrace Verbose: 0 : 224, 1, 2024/07/16, 18:15:20.492, 762093879187, vstest.console.dll, ParallelOperationManager.StartWork: Starting adding 1 workloads.
TpTrace Verbose: 0 : 224, 1, 2024/07/16, 18:15:20.492, 762093880343, vstest.console.dll, ParallelOperationManager.ClearSlots: Clearing all slots. Slots should accept more work: True
TpTrace Verbose: 0 : 224, 1, 2024/07/16, 18:15:20.493, 762093881614, vstest.console.dll, ParallelOperationManager.SetOccupiedSlotCount: Setting slot counts AvailableSlotCount = 1, OccupiedSlotCount = 0.
TpTrace Verbose: 0 : 224, 1, 2024/07/16, 18:15:20.493, 762093882362, vstest.console.dll, Occupied slots:

TpTrace Verbose: 0 : 224, 1, 2024/07/16, 18:15:20.495, 762093907201, vstest.console.dll, TestRequestSender is acting as server.
TpTrace Verbose: 0 : 224, 1, 2024/07/16, 18:15:20.498, 762093932156, vstest.console.dll, ParallelOperationManager.RunWorkInParallel: Adding 1 workload to slot, remaining workloads 0.
TpTrace Verbose: 0 : 224, 1, 2024/07/16, 18:15:20.498, 762093933421, vstest.console.dll, ParallelOperationManager.SetOccupiedSlotCount: Setting slot counts AvailableSlotCount = 0, OccupiedSlotCount = 1.
TpTrace Verbose: 0 : 224, 1, 2024/07/16, 18:15:20.498, 762093935440, vstest.console.dll, Occupied slots:
0: C:\Users\PC\Desktop\SeleniumWaits\DynamicDemo\bin\Debug\net6.0\fine-code-coverage\build-output\DynamicDemo.dll
TpTrace Verbose: 0 : 224, 1, 2024/07/16, 18:15:20.500, 762093957491, vstest.console.dll, ParallelOperationManager.RunWorkInParallel: Started host in slot number 0 for work (source): C:\Users\PC\Desktop\SeleniumWaits\DynamicDemo\bin\Debug\net6.0\fine-code-coverage\build-output\DynamicDemo.dll.
TpTrace Verbose: 0 : 224, 1, 2024/07/16, 18:15:20.502, 762093973055, vstest.console.dll, ParallelOperationManager.RunWorkInParallel: We started 1 work items, which is the max parallel level. Won't start more work.
TpTrace Verbose: 0 : 224, 5, 2024/07/16, 18:15:20.502, 762093973936, vstest.console.dll, ParallelProxyExecutionManager.StartTestRunOnConcurrentManager: Initializing uninitialized client. Started clients: 0
TpTrace Verbose: 0 : 224, 1, 2024/07/16, 18:15:20.502, 762093974900, vstest.console.dll, ParallelOperationManager.RunWorkInParallel: We started 1 work items in here, returning True.
TpTrace Information: 0 : 224, 1, 2024/07/16, 18:15:20.502, 762093976973, vstest.console.dll, TestRunRequest.ExecuteAsync: Started.
TpTrace Verbose: 0 : 224, 5, 2024/07/16, 18:15:20.502, 762093977407, vstest.console.dll, DataCollectionRequestSender.InitializeCommunication : Initialize communication. 
TpTrace Verbose: 0 : 224, 1, 2024/07/16, 18:15:20.504, 762093990937, vstest.console.dll, TestRunRequest.WaitForCompletion: Waiting with timeout -1.
TpTrace Information: 0 : 224, 5, 2024/07/16, 18:15:20.513, 762094089253, vstest.console.dll, Listening on Endpoint : 127.0.0.1:51598
TpTrace Verbose: 0 : 224, 5, 2024/07/16, 18:15:20.524, 762094199182, vstest.console.dll, DotnetDataCollectionLauncher: Adding  --runtimeconfig "C:\Program Files\dotnet\sdk\8.0.300\datacollector.runtimeconfig.json" in args
TpTrace Verbose: 0 : 224, 5, 2024/07/16, 18:15:20.525, 762094204507, vstest.console.dll, DotnetDataCollectionLauncher: Adding  --depsfile "C:\Program Files\dotnet\sdk\8.0.300\datacollector.deps.json" in args
TpTrace Verbose: 0 : 224, 5, 2024/07/16, 18:15:20.525, 762094208189, vstest.console.dll, DotnetDataCollectionLauncher: Full path of dotnet.exe is C:\Program Files\dotnet\dotnet.exe
TpTrace Information: 0 : 224, 5, 2024/07/16, 18:15:20.537, 762094324644, vstest.console.dll, ProxyDataCollectionManager.Initialize: Launched datacollector processId: 4160 port: 51598
TpTrace Information: 0 : 224, 5, 2024/07/16, 18:15:20.537, 762094327619, vstest.console.dll, ProxyDataCollectionManager.Initialize: waiting for connection with timeout: 90 seconds
TpTrace Verbose: 0 : 224, 5, 2024/07/16, 18:15:20.537, 762094329183, vstest.console.dll, DataCollectionRequestSender.WaitForRequestHandlerConnection : Waiting for connection with timeout: 90000
TpTrace Information: 0 : 224, 11, 2024/07/16, 18:15:20.799, 762096947840, vstest.console.dll, Using the buffer size of 16384 bytes
TpTrace Verbose: 0 : 224, 5, 2024/07/16, 18:15:20.799, 762096947897, vstest.console.dll, SocketCommunicationManager.WaitForClientConnection took: 261 ms, with 90000 ms timeout, and finished with True.
TpTrace Information: 0 : 224, 11, 2024/07/16, 18:15:20.799, 762096949866, vstest.console.dll, Accepted Client request and set the flag
TpTrace Verbose: 0 : 224, 5, 2024/07/16, 18:15:20.800, 762096951995, vstest.console.dll, ProxyDataCollectionManager.InvokeDataCollectionServiceAction: Starting.
TpTrace Information: 0 : 224, 5, 2024/07/16, 18:15:20.800, 762096953845, vstest.console.dll, ProxyDataCollectionManager.BeforeTestRunStart: Get environment variable and port for datacollector processId: 4160 port: 51598
TpTrace Verbose: 0 : 224, 5, 2024/07/16, 18:15:20.800, 762096956389, vstest.console.dll, DataCollectionRequestSender.SendBeforeTestRunStartAndGetResult: Send BeforeTestRunStart message with settingsXml <RunSettings><RunConfiguration><ResultsDirectory>C:\Users\PC\Desktop\SeleniumWaits\DynamicDemo\bin\Debug\net6.0\fine-code-coverage\coverage-tool-output</ResultsDirectory><TargetPlatform>X64</TargetPlatform><TargetFrameworkVersion>.NETCoreApp,Version=v6.0</TargetFrameworkVersion><DesignMode>False</DesignMode><CollectSourceInformation>False</CollectSourceInformation><TestAdaptersPaths>C:\Program Files\dotnet\sdk\8.0.300\Extensions</TestAdaptersPaths></RunConfiguration><LoggerRunSettings><Loggers><Logger friendlyName="blame" enabled="True" /><Logger friendlyName="Console" uri="logger://microsoft/TestPlatform/ConsoleLogger/v1" assemblyQualifiedName="Microsoft.VisualStudio.TestPlatform.CommandLine.Internal.ConsoleLogger, vstest.console, Version=15.0.0.0, Culture=neutral, PublicKeyToken=b03f5f7f11d50a3a" codeBase="C:\Program Files\dotnet\sdk\8.0.300\vstest.console.dll" enabled="True" /></Loggers></LoggerRunSettings><DataCollectionRunSettings><DataCollectors><DataCollector friendlyName="blame" enabled="True"><Configuration><ResultsDirectory>C:\Users\PC\Desktop\SeleniumWaits\DynamicDemo\bin\Debug\net6.0\fine-code-coverage\coverage-tool-output</ResultsDirectory></Configuration></DataCollector></DataCollectors></DataCollectionRunSettings></RunSettings> and sources System.Collections.Generic.List`1[System.String]: 
TpTrace Verbose: 0 : 224, 5, 2024/07/16, 18:15:20.915, 762098106225, vstest.console.dll, DataCollectionRequestSender.SendBeforeTestRunStartAndGetResult: Received message: (DataCollection.SendMessage) -> {"MessageType":"DataCollection.SendMessage","Payload":{"FriendlyName":null,"Uri":null,"TestCaseId":"00000000-0000-0000-0000-000000000000","Message":"Logging DataCollector Diagnostics in file: C:\\Users\\PC\\Desktop\\SeleniumWaits\\DynamicDemo\\bin\\Debug\\net6.0\\fine-code-coverage\\coverage-tool-output\\diagnostics.datacollector.24-07-16_18-15-20_52394_5.log","Level":0}}
TpTrace Verbose: 0 : 224, 5, 2024/07/16, 18:15:21.067, 762099621122, vstest.console.dll, DataCollectionRequestSender.SendBeforeTestRunStartAndGetResult: Received message: (DataCollection.BeforeTestRunStartResult) -> {"MessageType":"DataCollection.BeforeTestRunStartResult","Payload":{"EnvironmentVariables":{},"DataCollectionEventsPort":51600}}
TpTrace Information: 0 : 224, 5, 2024/07/16, 18:15:21.077, 762099723256, vstest.console.dll, ProxyDataCollectionManager.BeforeTestRunStart: SendBeforeTestRunStartAndGetResult successful, env variable from datacollector:   and testhost port: 51600
TpTrace Information: 0 : 224, 5, 2024/07/16, 18:15:21.077, 762099725290, vstest.console.dll, ProxyDataCollectionManager.InvokeDataCollectionServiceAction: Completed.
TpTrace Verbose: 0 : 224, 5, 2024/07/16, 18:15:21.077, 762099726498, vstest.console.dll, ParallelProxyExecutionManager.StartTestRunOnConcurrentManager: Initializing test run. Started clients: 0
TpTrace Verbose: 0 : 224, 5, 2024/07/16, 18:15:21.077, 762099729024, vstest.console.dll, ProxyExecutionManager: Test host is always Lazy initialize.
TpTrace Verbose: 0 : 224, 5, 2024/07/16, 18:15:21.078, 762099732346, vstest.console.dll, TestRequestSender.InitializeCommunication: initialize communication. 
TpTrace Information: 0 : 224, 5, 2024/07/16, 18:15:21.079, 762099741893, vstest.console.dll, SocketServer.Start: Listening on endpoint : 127.0.0.1:51601
TpTrace Verbose: 0 : 224, 5, 2024/07/16, 18:15:21.080, 762099752803, vstest.console.dll, DotnetTestHostmanager.GetTestHostProcessStartInfo: Platform environment 'X64' target architecture 'X64' framework '.NETCoreApp,Version=v6.0' OS 'Windows'
TpTrace Verbose: 0 : 224, 5, 2024/07/16, 18:15:21.080, 762099756572, vstest.console.dll, DotnetTestHostmanager: Adding  --runtimeconfig "C:\Users\PC\Desktop\SeleniumWaits\DynamicDemo\bin\Debug\net6.0\fine-code-coverage\build-output\DynamicDemo.runtimeconfig.json" in args
TpTrace Verbose: 0 : 224, 5, 2024/07/16, 18:15:21.080, 762099758225, vstest.console.dll, DotnetTestHostmanager: Adding  --depsfile "C:\Users\PC\Desktop\SeleniumWaits\DynamicDemo\bin\Debug\net6.0\fine-code-coverage\build-output\DynamicDemo.deps.json" in args
TpTrace Verbose: 0 : 224, 5, 2024/07/16, 18:15:21.081, 762099761003, vstest.console.dll, DotnetTestHostmanager.IsWinOnArm: Current PROCESSOR_ARCHITECTURE from environment variable 'AMD64'
TpTrace Verbose: 0 : 224, 5, 2024/07/16, 18:15:21.081, 762099762075, vstest.console.dll, DotnetTestHostmanager.IsWinOnArm: Is Windows on ARM 'False'
TpTrace Verbose: 0 : 224, 5, 2024/07/16, 18:15:21.081, 762099763389, vstest.console.dll, DotnetTestHostManager: testhost.exe found at path: C:\Users\PC\Desktop\SeleniumWaits\DynamicDemo\bin\Debug\net6.0\fine-code-coverage\build-output\testhost.exe
TpTrace Verbose: 0 : 224, 5, 2024/07/16, 18:15:21.081, 762099764189, vstest.console.dll, DotnetTestHostmanager: Full path of host exe is C:\Users\PC\Desktop\SeleniumWaits\DynamicDemo\bin\Debug\net6.0\fine-code-coverage\build-output\testhost.exe
TpTrace Verbose: 0 : 224, 5, 2024/07/16, 18:15:21.081, 762099766531, vstest.console.dll, DotnetTestHostmanager.LaunchTestHostAsync: Found 'VSTEST_WINAPPHOST_DOTNET_ROOT' in env variables, value 'C:\Program Files\dotnet', forwarding to 'DOTNET_ROOT'
TpTrace Verbose: 0 : 224, 5, 2024/07/16, 18:15:21.081, 762099768567, vstest.console.dll, DotnetTestHostManager: Starting process 'C:\Users\PC\Desktop\SeleniumWaits\DynamicDemo\bin\Debug\net6.0\fine-code-coverage\build-output\testhost.exe' with command line ' --runtimeconfig "C:\Users\PC\Desktop\SeleniumWaits\DynamicDemo\bin\Debug\net6.0\fine-code-coverage\build-output\DynamicDemo.runtimeconfig.json" --depsfile "C:\Users\PC\Desktop\SeleniumWaits\DynamicDemo\bin\Debug\net6.0\fine-code-coverage\build-output\DynamicDemo.deps.json" --port 51601 --endpoint 127.0.0.1:051601 --role client --parentprocessid 224 --diag "C:\Users\PC\Desktop\SeleniumWaits\DynamicDemo\bin\Debug\net6.0\fine-code-coverage\coverage-tool-output\diagnostics.host.24-07-16_18-15-21_07965_5.log" --tracelevel 4 --datacollectionport 51600 --telemetryoptedin false'
TpTrace Verbose: 0 : 224, 5, 2024/07/16, 18:15:21.095, 762099901771, vstest.console.dll, MulticastDelegateUtilities.SafeInvoke: HostProviderEvents.OnHostLaunched: Invoking callback 1/2 for Microsoft.VisualStudio.TestPlatform.CrossPlatEngine.Client.ProxyExecutionManagerWithDataCollection., took 2 ms.
TpTrace Verbose: 0 : 224, 5, 2024/07/16, 18:15:21.095, 762099908445, vstest.console.dll, Test Runtime launched
TpTrace Verbose: 0 : 224, 5, 2024/07/16, 18:15:21.096, 762099910934, vstest.console.dll, MulticastDelegateUtilities.SafeInvoke: HostProviderEvents.OnHostLaunched: Invoking callback 2/2 for Microsoft.VisualStudio.TestPlatform.CrossPlatEngine.Client.ProxyOperationManager., took 0 ms.
TpTrace Verbose: 0 : 224, 5, 2024/07/16, 18:15:21.096, 762099914084, vstest.console.dll, TestRequestSender.WaitForRequestHandlerConnection: waiting for connection with timeout: 90000.
TpTrace Verbose: 0 : 224, 5, 2024/07/16, 18:15:21.461, 762103561966, vstest.console.dll, TestRequestSender.WaitForRequestHandlerConnection: waiting took 364 ms, with timeout 90000 ms, and result 0, which is success.
TpTrace Verbose: 0 : 224, 12, 2024/07/16, 18:15:21.461, 762103561939, vstest.console.dll, MulticastDelegateUtilities.SafeInvoke: SocketServer: ClientConnected: Invoking callback 1/1 for Microsoft.VisualStudio.TestPlatform.CommunicationUtilities.TestRequestSender., took 0 ms.
TpTrace Verbose: 0 : 224, 12, 2024/07/16, 18:15:21.461, 762103565620, vstest.console.dll, SocketServer.OnClientConnected: Client connected for endPoint: 127.0.0.1:51601, starting MessageLoopAsync:
TpTrace Verbose: 0 : 224, 12, 2024/07/16, 18:15:21.462, 762103575405, vstest.console.dll, TcpClientExtensions.MessageLoopAsync: Polling on remoteEndPoint: 127.0.0.1:51602 localEndPoint: 127.0.0.1:51601 after 0 ms
TpTrace Verbose: 0 : 224, 5, 2024/07/16, 18:15:21.463, 762103589930, vstest.console.dll, TestRequestSender.CheckVersionWithTestHost: Sending check version message: {"MessageType":"ProtocolVersion","Payload":7}
TpTrace Verbose: 0 : 224, 12, 2024/07/16, 18:15:21.780, 762106751504, vstest.console.dll, TcpClientExtensions.MessageLoopAsync: NotifyDataAvailable remoteEndPoint: 127.0.0.1:51602 localEndPoint: 127.0.0.1:51601
TpTrace Verbose: 0 : 224, 12, 2024/07/16, 18:15:21.780, 762106757417, vstest.console.dll, TestRequestSender.CheckVersionWithTestHost: onMessageReceived received message: (ProtocolVersion) -> {"MessageType":"ProtocolVersion","Payload":5}
TpTrace Verbose: 0 : 224, 12, 2024/07/16, 18:15:21.782, 762106776466, vstest.console.dll, MulticastDelegateUtilities.SafeInvoke: LengthPrefixCommunicationChannel: MessageReceived: Invoking callback 1/1 for Microsoft.VisualStudio.TestPlatform.CommunicationUtilities.TestRequestSender+<>c__DisplayClass29_0., took 1 ms.
TpTrace Verbose: 0 : 224, 12, 2024/07/16, 18:15:21.782, 762106779085, vstest.console.dll, TcpClientExtensions.MessageLoopAsync: Polling on remoteEndPoint: 127.0.0.1:51602 localEndPoint: 127.0.0.1:51601 after 320 ms
TpTrace Verbose: 0 : 224, 5, 2024/07/16, 18:15:21.783, 762106783233, vstest.console.dll, TestPluginCache.GetExtensionPaths: Filtered extension paths: 
TpTrace Verbose: 0 : 224, 5, 2024/07/16, 18:15:21.783, 762106785314, vstest.console.dll, TestPluginCache.GetExtensionPaths: Added default extension paths: C:\Program Files\dotnet\sdk\8.0.300\Extensions\Microsoft.Diagnostics.NETCore.Client.dll
C:\Program Files\dotnet\sdk\8.0.300\Extensions\Microsoft.TestPlatform.Extensions.BlameDataCollector.dll
C:\Program Files\dotnet\sdk\8.0.300\Extensions\Microsoft.TestPlatform.Extensions.EventLogCollector.dll
C:\Program Files\dotnet\sdk\8.0.300\Extensions\Microsoft.TestPlatform.TestHostRuntimeProvider.dll
C:\Program Files\dotnet\sdk\8.0.300\Extensions\Microsoft.VisualStudio.TestPlatform.Extensions.Html.TestLogger.dll
C:\Program Files\dotnet\sdk\8.0.300\Extensions\Microsoft.VisualStudio.TestPlatform.Extensions.Trx.TestLogger.dll
TpTrace Verbose: 0 : 224, 5, 2024/07/16, 18:15:21.783, 762106786754, vstest.console.dll, TestPluginCache.GetExtensionPaths: Added unfilterableExtensionPaths: 
TpTrace Verbose: 0 : 224, 5, 2024/07/16, 18:15:21.792, 762106872052, vstest.console.dll, TestRequestSender.InitializeExecution: Sending initialize execution with message: {"Version":5,"MessageType":"TestExecution.Initialize","Payload":["C:\\Users\\PC\\Desktop\\SeleniumWaits\\DynamicDemo\\bin\\Debug\\net6.0\\fine-code-coverage\\build-output\\NUnit3.TestAdapter.dll"]}
TpTrace Verbose: 0 : 224, 5, 2024/07/16, 18:15:21.792, 762106876446, vstest.console.dll, ParallelProxyExecutionManager.StartTestRunOnConcurrentManager: Execution starting. Started clients: 1
TpTrace Verbose: 0 : 224, 5, 2024/07/16, 18:15:21.793, 762106886686, vstest.console.dll, TestRunRequest:SendTestRunMessage: Starting.
TpTrace Verbose: 0 : 224, 5, 2024/07/16, 18:15:21.794, 762106894830, vstest.console.dll, MulticastDelegateUtilities.SafeInvoke: TestRun.LogMessages: Invoking callback 1/1 for Microsoft.VisualStudio.TestPlatform.CommandLine.TestRunResultAggregator., took 0 ms.
TpTrace Information: 0 : 224, 5, 2024/07/16, 18:15:21.794, 762106896315, vstest.console.dll, TestRunRequest:SendTestRunMessage: Completed.
TpTrace Warning: 0 : 224, 5, 2024/07/16, 18:15:21.795, 762106908344, vstest.console.dll, InferRunSettingsHelper.MakeRunsettingsCompatible: Removing the following settings: TargetPlatform from RunSettings file. To use those settings please move to latest version of Microsoft.NET.Test.Sdk
TpTrace Verbose: 0 : 224, 4, 2024/07/16, 18:15:21.802, 762106979639, vstest.console.dll, MulticastDelegateUtilities.SafeInvoke: InternalTestLoggerEvents.SendTestRunMessage: Invoking callback 1/1 for Microsoft.VisualStudio.TestPlatform.CommandLine.Internal.ConsoleLogger., took 0 ms.
TpTrace Verbose: 0 : 224, 12, 2024/07/16, 18:15:21.810, 762107054296, vstest.console.dll, TcpClientExtensions.MessageLoopAsync: NotifyDataAvailable remoteEndPoint: 127.0.0.1:51602 localEndPoint: 127.0.0.1:51601
TpTrace Verbose: 0 : 224, 12, 2024/07/16, 18:15:21.811, 762107063599, vstest.console.dll, TestRequestSender.OnExecutionMessageReceived: Received message: {"Version":5,"MessageType":"TestSession.Message","Payload":{"MessageLevel":0,"Message":"Logging TestHost Diagnostics in file: C:\\Users\\PC\\Desktop\\SeleniumWaits\\DynamicDemo\\bin\\Debug\\net6.0\\fine-code-coverage\\coverage-tool-output\\diagnostics.host.24-07-16_18-15-21_07965_5.log"}}
TpTrace Verbose: 0 : 224, 12, 2024/07/16, 18:15:21.817, 762107125552, vstest.console.dll, TestRunRequest:SendTestRunMessage: Starting.
TpTrace Verbose: 0 : 224, 12, 2024/07/16, 18:15:21.817, 762107128756, vstest.console.dll, MulticastDelegateUtilities.SafeInvoke: TestRun.LogMessages: Invoking callback 1/1 for Microsoft.VisualStudio.TestPlatform.CommandLine.TestRunResultAggregator., took 0 ms.
TpTrace Information: 0 : 224, 12, 2024/07/16, 18:15:21.817, 762107130150, vstest.console.dll, TestRunRequest:SendTestRunMessage: Completed.
TpTrace Verbose: 0 : 224, 12, 2024/07/16, 18:15:21.818, 762107131789, vstest.console.dll, MulticastDelegateUtilities.SafeInvoke: LengthPrefixCommunicationChannel: MessageReceived: Invoking callback 1/1 for Microsoft.VisualStudio.TestPlatform.CommunicationUtilities.TestRequestSender+<>c__DisplayClass34_0., took 7 ms.
TpTrace Verbose: 0 : 224, 12, 2024/07/16, 18:15:21.818, 762107132954, vstest.console.dll, TcpClientExtensions.MessageLoopAsync: Polling on remoteEndPoint: 127.0.0.1:51602 localEndPoint: 127.0.0.1:51601 after 35 ms
TpTrace Verbose: 0 : 224, 4, 2024/07/16, 18:15:21.818, 762107134812, vstest.console.dll, MulticastDelegateUtilities.SafeInvoke: InternalTestLoggerEvents.SendTestRunMessage: Invoking callback 1/1 for Microsoft.VisualStudio.TestPlatform.CommandLine.Internal.ConsoleLogger., took 0 ms.
TpTrace Verbose: 0 : 224, 5, 2024/07/16, 18:15:21.819, 762107141681, vstest.console.dll, TestRequestSender.StartTestRun: Sending test run with message: {"Version":5,"MessageType":"TestExecution.StartWithSources","Payload":{"AdapterSourceMap":{"_none_":["C:\\Users\\PC\\Desktop\\SeleniumWaits\\DynamicDemo\\bin\\Debug\\net6.0\\fine-code-coverage\\build-output\\DynamicDemo.dll"]},"RunSettings":"<RunSettings>\r\n  <RunConfiguration>\r\n    <ResultsDirectory>C:\\Users\\PC\\Desktop\\SeleniumWaits\\DynamicDemo\\bin\\Debug\\net6.0\\fine-code-coverage\\coverage-tool-output</ResultsDirectory>\r\n    <TargetFrameworkVersion>.NETCoreApp,Version=v6.0</TargetFrameworkVersion>\r\n    <DesignMode>False</DesignMode>\r\n    <CollectSourceInformation>False</CollectSourceInformation>\r\n  </RunConfiguration>\r\n  <LoggerRunSettings>\r\n    <Loggers>\r\n      <Logger friendlyName=\"blame\" enabled=\"True\" />\r\n      <Logger friendlyName=\"Console\" uri=\"logger://microsoft/TestPlatform/ConsoleLogger/v1\" assemblyQualifiedName=\"Microsoft.VisualStudio.TestPlatform.CommandLine.Internal.ConsoleLogger, vstest.console, Version=15.0.0.0, Culture=neutral, PublicKeyToken=b03f5f7f11d50a3a\" codeBase=\"C:\\Program Files\\dotnet\\sdk\\8.0.300\\vstest.console.dll\" enabled=\"True\" />\r\n    </Loggers>\r\n  </LoggerRunSettings>\r\n  <DataCollectionRunSettings>\r\n    <DataCollectors>\r\n      <DataCollector friendlyName=\"blame\" enabled=\"True\">\r\n        <Configuration>\r\n          <ResultsDirectory>C:\\Users\\PC\\Desktop\\SeleniumWaits\\DynamicDemo\\bin\\Debug\\net6.0\\fine-code-coverage\\coverage-tool-output</ResultsDirectory>\r\n        </Configuration>\r\n      </DataCollector>\r\n    </DataCollectors>\r\n  </DataCollectionRunSettings>\r\n</RunSettings>","TestExecutionContext":{"FrequencyOfRunStatsChangeEvent":10,"RunStatsChangeEventTimeout":"00:00:01.5000000","InIsolation":false,"KeepAlive":false,"AreTestCaseLevelEventsRequired":false,"IsDebug":false,"TestCaseFilter":null,"FilterOptions":null},"Package":null}}
TpTrace Verbose: 0 : 224, 5, 2024/07/16, 18:15:21.819, 762107145006, vstest.console.dll, ParallelProxyExecutionManager.StartTestRunOnConcurrentManager: Execution started. Started clients: 1
TpTrace Verbose: 0 : 224, 12, 2024/07/16, 18:15:22.179, 762110744638, vstest.console.dll, TcpClientExtensions.MessageLoopAsync: NotifyDataAvailable remoteEndPoint: 127.0.0.1:51602 localEndPoint: 127.0.0.1:51601
TpTrace Verbose: 0 : 224, 12, 2024/07/16, 18:15:22.179, 762110747528, vstest.console.dll, TestRequestSender.OnExecutionMessageReceived: Received message: {"Version":5,"MessageType":"TestSession.Message","Payload":{"MessageLevel":0,"Message":"NUnit Adapter 4.2.0.0: Test execution started"}}
TpTrace Verbose: 0 : 224, 12, 2024/07/16, 18:15:22.180, 762110752100, vstest.console.dll, TestRunRequest:SendTestRunMessage: Starting.
TpTrace Verbose: 0 : 224, 12, 2024/07/16, 18:15:22.180, 762110754346, vstest.console.dll, MulticastDelegateUtilities.SafeInvoke: TestRun.LogMessages: Invoking callback 1/1 for Microsoft.VisualStudio.TestPlatform.CommandLine.TestRunResultAggregator., took 0 ms.
TpTrace Verbose: 0 : 224, 4, 2024/07/16, 18:15:22.180, 762110754960, vstest.console.dll, MulticastDelegateUtilities.SafeInvoke: InternalTestLoggerEvents.SendTestRunMessage: Invoking callback 1/1 for Microsoft.VisualStudio.TestPlatform.CommandLine.Internal.ConsoleLogger., took 0 ms.
TpTrace Information: 0 : 224, 12, 2024/07/16, 18:15:22.180, 762110755534, vstest.console.dll, TestRunRequest:SendTestRunMessage: Completed.
TpTrace Verbose: 0 : 224, 12, 2024/07/16, 18:15:22.180, 762110757632, vstest.console.dll, MulticastDelegateUtilities.SafeInvoke: LengthPrefixCommunicationChannel: MessageReceived: Invoking callback 1/1 for Microsoft.VisualStudio.TestPlatform.CommunicationUtilities.TestRequestSender+<>c__DisplayClass34_0., took 1 ms.
TpTrace Verbose: 0 : 224, 12, 2024/07/16, 18:15:22.180, 762110758695, vstest.console.dll, TcpClientExtensions.MessageLoopAsync: Polling on remoteEndPoint: 127.0.0.1:51602 localEndPoint: 127.0.0.1:51601 after 362 ms
TpTrace Verbose: 0 : 224, 12, 2024/07/16, 18:15:22.232, 762111273488, vstest.console.dll, TcpClientExtensions.MessageLoopAsync: NotifyDataAvailable remoteEndPoint: 127.0.0.1:51602 localEndPoint: 127.0.0.1:51601
TpTrace Verbose: 0 : 224, 12, 2024/07/16, 18:15:22.232, 762111275792, vstest.console.dll, TestRequestSender.OnExecutionMessageReceived: Received message: {"Version":5,"MessageType":"TestSession.Message","Payload":{"MessageLevel":0,"Message":"Running all tests in C:\\Users\\PC\\Desktop\\SeleniumWaits\\DynamicDemo\\bin\\Debug\\net6.0\\fine-code-coverage\\build-output\\DynamicDemo.dll"}}
TpTrace Verbose: 0 : 224, 12, 2024/07/16, 18:15:22.232, 762111278043, vstest.console.dll, TestRunRequest:SendTestRunMessage: Starting.
TpTrace Verbose: 0 : 224, 12, 2024/07/16, 18:15:22.233, 762111282847, vstest.console.dll, MulticastDelegateUtilities.SafeInvoke: TestRun.LogMessages: Invoking callback 1/1 for Microsoft.VisualStudio.TestPlatform.CommandLine.TestRunResultAggregator., took 0 ms.
TpTrace Verbose: 0 : 224, 4, 2024/07/16, 18:15:22.233, 762111283115, vstest.console.dll, MulticastDelegateUtilities.SafeInvoke: InternalTestLoggerEvents.SendTestRunMessage: Invoking callback 1/1 for Microsoft.VisualStudio.TestPlatform.CommandLine.Internal.ConsoleLogger., took 0 ms.
TpTrace Information: 0 : 224, 12, 2024/07/16, 18:15:22.233, 762111284588, vstest.console.dll, TestRunRequest:SendTestRunMessage: Completed.
TpTrace Verbose: 0 : 224, 12, 2024/07/16, 18:15:22.233, 762111286775, vstest.console.dll, MulticastDelegateUtilities.SafeInvoke: LengthPrefixCommunicationChannel: MessageReceived: Invoking callback 1/1 for Microsoft.VisualStudio.TestPlatform.CommunicationUtilities.TestRequestSender+<>c__DisplayClass34_0., took 1 ms.
TpTrace Verbose: 0 : 224, 12, 2024/07/16, 18:15:22.233, 762111287631, vstest.console.dll, TcpClientExtensions.MessageLoopAsync: Polling on remoteEndPoint: 127.0.0.1:51602 localEndPoint: 127.0.0.1:51601 after 52 ms
TpTrace Verbose: 0 : 224, 12, 2024/07/16, 18:15:22.519, 762114149803, vstest.console.dll, TcpClientExtensions.MessageLoopAsync: NotifyDataAvailable remoteEndPoint: 127.0.0.1:51602 localEndPoint: 127.0.0.1:51601
TpTrace Verbose: 0 : 224, 12, 2024/07/16, 18:15:22.520, 762114152833, vstest.console.dll, TestRequestSender.OnExecutionMessageReceived: Received message: {"Version":5,"MessageType":"TestSession.Message","Payload":{"MessageLevel":0,"Message":"   NUnit3TestExecutor discovered 8 of 8 NUnit test cases using Current Discovery mode, Non-Explicit run"}}
TpTrace Verbose: 0 : 224, 12, 2024/07/16, 18:15:22.520, 762114155635, vstest.console.dll, TestRunRequest:SendTestRunMessage: Starting.
TpTrace Verbose: 0 : 224, 12, 2024/07/16, 18:15:22.520, 762114157430, vstest.console.dll, MulticastDelegateUtilities.SafeInvoke: TestRun.LogMessages: Invoking callback 1/1 for Microsoft.VisualStudio.TestPlatform.CommandLine.TestRunResultAggregator., took 0 ms.
TpTrace Verbose: 0 : 224, 4, 2024/07/16, 18:15:22.520, 762114157772, vstest.console.dll, MulticastDelegateUtilities.SafeInvoke: InternalTestLoggerEvents.SendTestRunMessage: Invoking callback 1/1 for Microsoft.VisualStudio.TestPlatform.CommandLine.Internal.ConsoleLogger., took 0 ms.
TpTrace Information: 0 : 224, 12, 2024/07/16, 18:15:22.520, 762114158885, vstest.console.dll, TestRunRequest:SendTestRunMessage: Completed.
TpTrace Verbose: 0 : 224, 12, 2024/07/16, 18:15:22.521, 762114161163, vstest.console.dll, MulticastDelegateUtilities.SafeInvoke: LengthPrefixCommunicationChannel: MessageReceived: Invoking callback 1/1 for Microsoft.VisualStudio.TestPlatform.CommunicationUtilities.TestRequestSender+<>c__DisplayClass34_0., took 0 ms.
TpTrace Verbose: 0 : 224, 12, 2024/07/16, 18:15:22.521, 762114162150, vstest.console.dll, TcpClientExtensions.MessageLoopAsync: Polling on remoteEndPoint: 127.0.0.1:51602 localEndPoint: 127.0.0.1:51601 after 287 ms
TpTrace Verbose: 0 : 224, 12, 2024/07/16, 18:15:23.528, 762124239082, vstest.console.dll, TcpClientExtensions.MessageLoopAsync: Polling on remoteEndPoint: 127.0.0.1:51602 localEndPoint: 127.0.0.1:51601 after 1006 ms
TpTrace Verbose: 0 : 224, 12, 2024/07/16, 18:15:23.563, 762124582263, vstest.console.dll, TcpClientExtensions.MessageLoopAsync: NotifyDataAvailable remoteEndPoint: 127.0.0.1:51602 localEndPoint: 127.0.0.1:51601
TpTrace Verbose: 0 : 224, 12, 2024/07/16, 18:15:23.563, 762124585508, vstest.console.dll, TestRequestSender.OnExecutionMessageReceived: Received message: {"Version":5,"MessageType":"TestExecution.StatsChange","Payload":{"NewTestResults":[],"TestRunStatistics":{"ExecutedTests":0,"Stats":{}},"ActiveTests":[{"Id":"c26d5494-aa29-fb0d-b491-4863b18797ea","FullyQualifiedName":"DynamicDemo.TestBoxAndInput.AddBoxWithoutWaitsFails","DisplayName":"AddBoxWithoutWaitsFails","ExecutorUri":"executor://NUnit3TestExecutor","Source":"C:\\Users\\PC\\Desktop\\SeleniumWaits\\DynamicDemo\\bin\\Debug\\net6.0\\fine-code-coverage\\build-output\\DynamicDemo.dll","CodeFilePath":null,"LineNumber":0,"Properties":[{"Key":{"Id":"NUnit.Seed","Label":"Seed","Category":"","Description":"","Attributes":0,"ValueType":"System.String"},"Value":"498466235"}]}]}}
TpTrace Verbose: 0 : 224, 12, 2024/07/16, 18:15:23.613, 762125081816, vstest.console.dll, TestRunRequest:SendTestRunStatsChange: Starting.
TpTrace Verbose: 0 : 224, 12, 2024/07/16, 18:15:23.613, 762125084855, vstest.console.dll, InProgress is AddBoxWithoutWaitsFails
TpTrace Verbose: 0 : 224, 12, 2024/07/16, 18:15:23.613, 762125087028, vstest.console.dll, MulticastDelegateUtilities.SafeInvoke: TestRun.RunStatsChanged: Invoking callbacks was skipped because there are no subscribers.
TpTrace Information: 0 : 224, 12, 2024/07/16, 18:15:23.613, 762125088019, vstest.console.dll, TestRunRequest:SendTestRunStatsChange: Completed.
TpTrace Verbose: 0 : 224, 12, 2024/07/16, 18:15:23.613, 762125088887, vstest.console.dll, MulticastDelegateUtilities.SafeInvoke: LengthPrefixCommunicationChannel: MessageReceived: Invoking callback 1/1 for Microsoft.VisualStudio.TestPlatform.CommunicationUtilities.TestRequestSender+<>c__DisplayClass34_0., took 50 ms.
TpTrace Verbose: 0 : 224, 12, 2024/07/16, 18:15:23.613, 762125089743, vstest.console.dll, TcpClientExtensions.MessageLoopAsync: Polling on remoteEndPoint: 127.0.0.1:51602 localEndPoint: 127.0.0.1:51601 after 84 ms
TpTrace Verbose: 0 : 224, 12, 2024/07/16, 18:15:24.627, 762135221450, vstest.console.dll, TcpClientExtensions.MessageLoopAsync: Polling on remoteEndPoint: 127.0.0.1:51602 localEndPoint: 127.0.0.1:51601 after 1013 ms
TpTrace Verbose: 0 : 224, 12, 2024/07/16, 18:15:25.629, 762145241419, vstest.console.dll, TcpClientExtensions.MessageLoopAsync: Polling on remoteEndPoint: 127.0.0.1:51602 localEndPoint: 127.0.0.1:51601 after 1001 ms
TpTrace Verbose: 0 : 224, 12, 2024/07/16, 18:15:26.631, 762155261498, vstest.console.dll, TcpClientExtensions.MessageLoopAsync: Polling on remoteEndPoint: 127.0.0.1:51602 localEndPoint: 127.0.0.1:51601 after 1001 ms
TpTrace Verbose: 0 : 224, 12, 2024/07/16, 18:15:26.801, 762156969423, vstest.console.dll, TcpClientExtensions.MessageLoopAsync: NotifyDataAvailable remoteEndPoint: 127.0.0.1:51602 localEndPoint: 127.0.0.1:51601
TpTrace Verbose: 0 : 224, 12, 2024/07/16, 18:15:26.802, 762156973884, vstest.console.dll, TestRequestSender.OnExecutionMessageReceived: Received message: {"Version":5,"MessageType":"TestExecution.StatsChange","Payload":{"NewTestResults":[{"TestCase":{"Id":"c26d5494-aa29-fb0d-b491-4863b18797ea","FullyQualifiedName":"DynamicDemo.TestBoxAndInput.AddBoxWithoutWaitsFails","DisplayName":"AddBoxWithoutWaitsFails","ExecutorUri":"executor://NUnit3TestExecutor","Source":"C:\\Users\\PC\\Desktop\\SeleniumWaits\\DynamicDemo\\bin\\Debug\\net6.0\\fine-code-coverage\\build-output\\DynamicDemo.dll","CodeFilePath":null,"LineNumber":0,"Properties":[{"Key":{"Id":"NUnit.Seed","Label":"Seed","Category":"","Description":"","Attributes":0,"ValueType":"System.String"},"Value":"498466235"}]},"Attachments":[],"Outcome":1,"ErrorMessage":null,"ErrorStackTrace":null,"DisplayName":"AddBoxWithoutWaitsFails","Messages":[],"ComputerName":"DESKTOP-78QNQ9Q","Duration":"00:00:04.1278570","StartTime":"2024-07-16T15:15:22.5799465+00:00","EndTime":"2024-07-16T15:15:26.7075629+00:00","Properties":[{"Key":{"Id":"NUnit.Seed","Label":"Seed","Category":"","Description":"","Attributes":0,"ValueType":"System.String"},"Value":"498466235"}]}],"TestRunStatistics":{"ExecutedTests":1,"Stats":{"Passed":1}},"ActiveTests":[{"Id":"6e37e657-0cd1-965f-a773-397797f5e87f","FullyQualifiedName":"DynamicDemo.TestBoxAndInput.RevealInputWithoutWaitsFail","DisplayName":"RevealInputWithoutWaitsFail","ExecutorUri":"executor://NUnit3TestExecutor","Source":"C:\\Users\\PC\\Desktop\\SeleniumWaits\\DynamicDemo\\bin\\Debug\\net6.0\\fine-code-coverage\\build-output\\DynamicDemo.dll","CodeFilePath":null,"LineNumber":0,"Properties":[{"Key":{"Id":"NUnit.Seed","Label":"Seed","Category":"","Description":"","Attributes":0,"ValueType":"System.String"},"Value":"372119396"}]}]}}
TpTrace Verbose: 0 : 224, 12, 2024/07/16, 18:15:26.820, 762157153942, vstest.console.dll, TestRunRequest:SendTestRunStatsChange: Starting.
TpTrace Verbose: 0 : 224, 12, 2024/07/16, 18:15:26.820, 762157156492, vstest.console.dll, InProgress is RevealInputWithoutWaitsFail
TpTrace Verbose: 0 : 224, 12, 2024/07/16, 18:15:26.820, 762157160847, vstest.console.dll, MulticastDelegateUtilities.SafeInvoke: TestRun.RunStatsChanged: Invoking callbacks was skipped because there are no subscribers.
TpTrace Information: 0 : 224, 12, 2024/07/16, 18:15:26.821, 762157161819, vstest.console.dll, TestRunRequest:SendTestRunStatsChange: Completed.
TpTrace Verbose: 0 : 224, 12, 2024/07/16, 18:15:26.821, 762157162619, vstest.console.dll, MulticastDelegateUtilities.SafeInvoke: LengthPrefixCommunicationChannel: MessageReceived: Invoking callback 1/1 for Microsoft.VisualStudio.TestPlatform.CommunicationUtilities.TestRequestSender+<>c__DisplayClass34_0., took 18 ms.
TpTrace Verbose: 0 : 224, 12, 2024/07/16, 18:15:26.821, 762157163436, vstest.console.dll, TcpClientExtensions.MessageLoopAsync: Polling on remoteEndPoint: 127.0.0.1:51602 localEndPoint: 127.0.0.1:51601 after 190 ms
TpTrace Verbose: 0 : 224, 4, 2024/07/16, 18:15:26.825, 762157208299, vstest.console.dll, MulticastDelegateUtilities.SafeInvoke: InternalTestLoggerEvents.SendTestResult: Invoking callback 1/1 for Microsoft.VisualStudio.TestPlatform.CommandLine.Internal.ConsoleLogger., took 4 ms.
TpTrace Verbose: 0 : 224, 12, 2024/07/16, 18:15:27.825, 762167201796, vstest.console.dll, TcpClientExtensions.MessageLoopAsync: Polling on remoteEndPoint: 127.0.0.1:51602 localEndPoint: 127.0.0.1:51601 after 1003 ms
TpTrace Verbose: 0 : 224, 12, 2024/07/16, 18:15:28.825, 762177202893, vstest.console.dll, TcpClientExtensions.MessageLoopAsync: Polling on remoteEndPoint: 127.0.0.1:51602 localEndPoint: 127.0.0.1:51601 after 999 ms
TpTrace Verbose: 0 : 224, 12, 2024/07/16, 18:15:29.828, 762187232888, vstest.console.dll, TcpClientExtensions.MessageLoopAsync: Polling on remoteEndPoint: 127.0.0.1:51602 localEndPoint: 127.0.0.1:51601 after 1002 ms
TpTrace Verbose: 0 : 224, 12, 2024/07/16, 18:15:30.088, 762189837543, vstest.console.dll, TcpClientExtensions.MessageLoopAsync: NotifyDataAvailable remoteEndPoint: 127.0.0.1:51602 localEndPoint: 127.0.0.1:51601
TpTrace Verbose: 0 : 224, 12, 2024/07/16, 18:15:30.088, 762189840276, vstest.console.dll, TestRequestSender.OnExecutionMessageReceived: Received message: {"Version":5,"MessageType":"TestExecution.StatsChange","Payload":{"NewTestResults":[{"TestCase":{"Id":"6e37e657-0cd1-965f-a773-397797f5e87f","FullyQualifiedName":"DynamicDemo.TestBoxAndInput.RevealInputWithoutWaitsFail","DisplayName":"RevealInputWithoutWaitsFail","ExecutorUri":"executor://NUnit3TestExecutor","Source":"C:\\Users\\PC\\Desktop\\SeleniumWaits\\DynamicDemo\\bin\\Debug\\net6.0\\fine-code-coverage\\build-output\\DynamicDemo.dll","CodeFilePath":null,"LineNumber":0,"Properties":[{"Key":{"Id":"NUnit.Seed","Label":"Seed","Category":"","Description":"","Attributes":0,"ValueType":"System.String"},"Value":"372119396"}]},"Attachments":[],"Outcome":1,"ErrorMessage":null,"ErrorStackTrace":null,"DisplayName":"RevealInputWithoutWaitsFail","Messages":[],"ComputerName":"DESKTOP-78QNQ9Q","Duration":"00:00:03.3714070","StartTime":"2024-07-16T15:15:26.7119385+00:00","EndTime":"2024-07-16T15:15:30.0833462+00:00","Properties":[{"Key":{"Id":"NUnit.Seed","Label":"Seed","Category":"","Description":"","Attributes":0,"ValueType":"System.String"},"Value":"372119396"}]}],"TestRunStatistics":{"ExecutedTests":2,"Stats":{"Passed":2}},"ActiveTests":[{"Id":"e5f110d9-73c0-fcae-ce8c-873499fd125f","FullyQualifiedName":"DynamicDemo.TestBoxAndInput.AddBoxWithThreadSleep","DisplayName":"AddBoxWithThreadSleep","ExecutorUri":"executor://NUnit3TestExecutor","Source":"C:\\Users\\PC\\Desktop\\SeleniumWaits\\DynamicDemo\\bin\\Debug\\net6.0\\fine-code-coverage\\build-output\\DynamicDemo.dll","CodeFilePath":null,"LineNumber":0,"Properties":[{"Key":{"Id":"NUnit.Seed","Label":"Seed","Category":"","Description":"","Attributes":0,"ValueType":"System.String"},"Value":"341948721"}]}]}}
TpTrace Verbose: 0 : 224, 12, 2024/07/16, 18:15:30.091, 762189869252, vstest.console.dll, TestRunRequest:SendTestRunStatsChange: Starting.
TpTrace Verbose: 0 : 224, 12, 2024/07/16, 18:15:30.092, 762189873727, vstest.console.dll, InProgress is AddBoxWithThreadSleep
TpTrace Verbose: 0 : 224, 12, 2024/07/16, 18:15:30.092, 762189876300, vstest.console.dll, MulticastDelegateUtilities.SafeInvoke: TestRun.RunStatsChanged: Invoking callbacks was skipped because there are no subscribers.
TpTrace Information: 0 : 224, 12, 2024/07/16, 18:15:30.092, 762189877084, vstest.console.dll, TestRunRequest:SendTestRunStatsChange: Completed.
TpTrace Verbose: 0 : 224, 12, 2024/07/16, 18:15:30.092, 762189877827, vstest.console.dll, MulticastDelegateUtilities.SafeInvoke: LengthPrefixCommunicationChannel: MessageReceived: Invoking callback 1/1 for Microsoft.VisualStudio.TestPlatform.CommunicationUtilities.TestRequestSender+<>c__DisplayClass34_0., took 3 ms.
TpTrace Verbose: 0 : 224, 12, 2024/07/16, 18:15:30.092, 762189878649, vstest.console.dll, TcpClientExtensions.MessageLoopAsync: Polling on remoteEndPoint: 127.0.0.1:51602 localEndPoint: 127.0.0.1:51601 after 264 ms
TpTrace Verbose: 0 : 224, 4, 2024/07/16, 18:15:30.094, 762189898317, vstest.console.dll, MulticastDelegateUtilities.SafeInvoke: InternalTestLoggerEvents.SendTestResult: Invoking callback 1/1 for Microsoft.VisualStudio.TestPlatform.CommandLine.Internal.ConsoleLogger., took 0 ms.
TpTrace Verbose: 0 : 224, 12, 2024/07/16, 18:15:31.101, 762199970594, vstest.console.dll, TcpClientExtensions.MessageLoopAsync: Polling on remoteEndPoint: 127.0.0.1:51602 localEndPoint: 127.0.0.1:51601 after 1009 ms
TpTrace Verbose: 0 : 224, 12, 2024/07/16, 18:15:32.116, 762210118501, vstest.console.dll, TcpClientExtensions.MessageLoopAsync: Polling on remoteEndPoint: 127.0.0.1:51602 localEndPoint: 127.0.0.1:51601 after 1014 ms
TpTrace Verbose: 0 : 224, 12, 2024/07/16, 18:15:33.119, 762220147631, vstest.console.dll, TcpClientExtensions.MessageLoopAsync: Polling on remoteEndPoint: 127.0.0.1:51602 localEndPoint: 127.0.0.1:51601 after 1002 ms
TpTrace Verbose: 0 : 224, 12, 2024/07/16, 18:15:34.125, 762230208227, vstest.console.dll, TcpClientExtensions.MessageLoopAsync: Polling on remoteEndPoint: 127.0.0.1:51602 localEndPoint: 127.0.0.1:51601 after 1005 ms
TpTrace Verbose: 0 : 224, 12, 2024/07/16, 18:15:35.126, 762240216560, vstest.console.dll, TcpClientExtensions.MessageLoopAsync: Polling on remoteEndPoint: 127.0.0.1:51602 localEndPoint: 127.0.0.1:51601 after 1000 ms
TpTrace Verbose: 0 : 224, 12, 2024/07/16, 18:15:36.138, 762250339527, vstest.console.dll, TcpClientExtensions.MessageLoopAsync: Polling on remoteEndPoint: 127.0.0.1:51602 localEndPoint: 127.0.0.1:51601 after 1012 ms
TpTrace Verbose: 0 : 224, 12, 2024/07/16, 18:15:36.251, 762251462950, vstest.console.dll, TcpClientExtensions.MessageLoopAsync: NotifyDataAvailable remoteEndPoint: 127.0.0.1:51602 localEndPoint: 127.0.0.1:51601
TpTrace Verbose: 0 : 224, 12, 2024/07/16, 18:15:36.251, 762251466847, vstest.console.dll, TestRequestSender.OnExecutionMessageReceived: Received message: {"Version":5,"MessageType":"TestExecution.StatsChange","Payload":{"NewTestResults":[{"TestCase":{"Id":"e5f110d9-73c0-fcae-ce8c-873499fd125f","FullyQualifiedName":"DynamicDemo.TestBoxAndInput.AddBoxWithThreadSleep","DisplayName":"AddBoxWithThreadSleep","ExecutorUri":"executor://NUnit3TestExecutor","Source":"C:\\Users\\PC\\Desktop\\SeleniumWaits\\DynamicDemo\\bin\\Debug\\net6.0\\fine-code-coverage\\build-output\\DynamicDemo.dll","CodeFilePath":null,"LineNumber":0,"Properties":[{"Key":{"Id":"NUnit.Seed","Label":"Seed","Category":"","Description":"","Attributes":0,"ValueType":"System.String"},"Value":"341948721"}]},"Attachments":[],"Outcome":1,"ErrorMessage":null,"ErrorStackTrace":null,"DisplayName":"AddBoxWithThreadSleep","Messages":[],"ComputerName":"DESKTOP-78QNQ9Q","Duration":"00:00:06.1632870","StartTime":"2024-07-16T15:15:30.0834368+00:00","EndTime":"2024-07-16T15:15:36.2467238+00:00","Properties":[{"Key":{"Id":"NUnit.Seed","Label":"Seed","Category":"","Description":"","Attributes":0,"ValueType":"System.String"},"Value":"341948721"}]}],"TestRunStatistics":{"ExecutedTests":3,"Stats":{"Passed":3}},"ActiveTests":[{"Id":"0158e218-012a-b2b6-4158-bf22da751b32","FullyQualifiedName":"DynamicDemo.TestBoxAndInput.AddBoxWithImplicitWait","DisplayName":"AddBoxWithImplicitWait","ExecutorUri":"executor://NUnit3TestExecutor","Source":"C:\\Users\\PC\\Desktop\\SeleniumWaits\\DynamicDemo\\bin\\Debug\\net6.0\\fine-code-coverage\\build-output\\DynamicDemo.dll","CodeFilePath":null,"LineNumber":0,"Properties":[{"Key":{"Id":"NUnit.Seed","Label":"Seed","Category":"","Description":"","Attributes":0,"ValueType":"System.String"},"Value":"2130174611"}]}]}}
TpTrace Verbose: 0 : 224, 12, 2024/07/16, 18:15:36.252, 762251478078, vstest.console.dll, TestRunRequest:SendTestRunStatsChange: Starting.
TpTrace Verbose: 0 : 224, 12, 2024/07/16, 18:15:36.252, 762251479279, vstest.console.dll, InProgress is AddBoxWithImplicitWait
TpTrace Verbose: 0 : 224, 12, 2024/07/16, 18:15:36.252, 762251480569, vstest.console.dll, MulticastDelegateUtilities.SafeInvoke: TestRun.RunStatsChanged: Invoking callbacks was skipped because there are no subscribers.
TpTrace Information: 0 : 224, 12, 2024/07/16, 18:15:36.253, 762251481213, vstest.console.dll, TestRunRequest:SendTestRunStatsChange: Completed.
TpTrace Verbose: 0 : 224, 12, 2024/07/16, 18:15:36.253, 762251481939, vstest.console.dll, MulticastDelegateUtilities.SafeInvoke: LengthPrefixCommunicationChannel: MessageReceived: Invoking callback 1/1 for Microsoft.VisualStudio.TestPlatform.CommunicationUtilities.TestRequestSender+<>c__DisplayClass34_0., took 1 ms.
TpTrace Verbose: 0 : 224, 12, 2024/07/16, 18:15:36.253, 762251482756, vstest.console.dll, TcpClientExtensions.MessageLoopAsync: Polling on remoteEndPoint: 127.0.0.1:51602 localEndPoint: 127.0.0.1:51601 after 114 ms
TpTrace Verbose: 0 : 224, 4, 2024/07/16, 18:15:36.253, 762251483694, vstest.console.dll, MulticastDelegateUtilities.SafeInvoke: InternalTestLoggerEvents.SendTestResult: Invoking callback 1/1 for Microsoft.VisualStudio.TestPlatform.CommandLine.Internal.ConsoleLogger., took 0 ms.
TpTrace Verbose: 0 : 224, 12, 2024/07/16, 18:15:37.265, 762261608448, vstest.console.dll, TcpClientExtensions.MessageLoopAsync: Polling on remoteEndPoint: 127.0.0.1:51602 localEndPoint: 127.0.0.1:51601 after 1012 ms
TpTrace Verbose: 0 : 224, 12, 2024/07/16, 18:15:38.269, 762271642196, vstest.console.dll, TcpClientExtensions.MessageLoopAsync: Polling on remoteEndPoint: 127.0.0.1:51602 localEndPoint: 127.0.0.1:51601 after 1002 ms
TpTrace Verbose: 0 : 224, 12, 2024/07/16, 18:15:39.275, 762281704936, vstest.console.dll, TcpClientExtensions.MessageLoopAsync: Polling on remoteEndPoint: 127.0.0.1:51602 localEndPoint: 127.0.0.1:51601 after 1006 ms
TpTrace Verbose: 0 : 224, 12, 2024/07/16, 18:15:40.255, 762291503411, vstest.console.dll, TcpClientExtensions.MessageLoopAsync: NotifyDataAvailable remoteEndPoint: 127.0.0.1:51602 localEndPoint: 127.0.0.1:51601
TpTrace Verbose: 0 : 224, 12, 2024/07/16, 18:15:40.255, 762291505883, vstest.console.dll, TestRequestSender.OnExecutionMessageReceived: Received message: {"Version":5,"MessageType":"TestExecution.StatsChange","Payload":{"NewTestResults":[{"TestCase":{"Id":"0158e218-012a-b2b6-4158-bf22da751b32","FullyQualifiedName":"DynamicDemo.TestBoxAndInput.AddBoxWithImplicitWait","DisplayName":"AddBoxWithImplicitWait","ExecutorUri":"executor://NUnit3TestExecutor","Source":"C:\\Users\\PC\\Desktop\\SeleniumWaits\\DynamicDemo\\bin\\Debug\\net6.0\\fine-code-coverage\\build-output\\DynamicDemo.dll","CodeFilePath":null,"LineNumber":0,"Properties":[{"Key":{"Id":"NUnit.Seed","Label":"Seed","Category":"","Description":"","Attributes":0,"ValueType":"System.String"},"Value":"2130174611"}]},"Attachments":[],"Outcome":1,"ErrorMessage":null,"ErrorStackTrace":null,"DisplayName":"AddBoxWithImplicitWait","Messages":[],"ComputerName":"DESKTOP-78QNQ9Q","Duration":"00:00:04.0047870","StartTime":"2024-07-16T15:15:36.2467837+00:00","EndTime":"2024-07-16T15:15:40.2515705+00:00","Properties":[{"Key":{"Id":"NUnit.Seed","Label":"Seed","Category":"","Description":"","Attributes":0,"ValueType":"System.String"},"Value":"2130174611"}]}],"TestRunStatistics":{"ExecutedTests":4,"Stats":{"Passed":4}},"ActiveTests":[{"Id":"70db0621-186f-8f4c-a194-30d1907b966f","FullyQualifiedName":"DynamicDemo.TestBoxAndInput.RevealInputWithImplicitWaits","DisplayName":"RevealInputWithImplicitWaits","ExecutorUri":"executor://NUnit3TestExecutor","Source":"C:\\Users\\PC\\Desktop\\SeleniumWaits\\DynamicDemo\\bin\\Debug\\net6.0\\fine-code-coverage\\build-output\\DynamicDemo.dll","CodeFilePath":null,"LineNumber":0,"Properties":[{"Key":{"Id":"NUnit.Seed","Label":"Seed","Category":"","Description":"","Attributes":0,"ValueType":"System.String"},"Value":"374646404"}]}]}}
TpTrace Verbose: 0 : 224, 12, 2024/07/16, 18:15:40.256, 762291515994, vstest.console.dll, TestRunRequest:SendTestRunStatsChange: Starting.
TpTrace Verbose: 0 : 224, 12, 2024/07/16, 18:15:40.256, 762291517031, vstest.console.dll, InProgress is RevealInputWithImplicitWaits
TpTrace Verbose: 0 : 224, 12, 2024/07/16, 18:15:40.256, 762291518145, vstest.console.dll, MulticastDelegateUtilities.SafeInvoke: TestRun.RunStatsChanged: Invoking callbacks was skipped because there are no subscribers.
TpTrace Information: 0 : 224, 12, 2024/07/16, 18:15:40.256, 762291518798, vstest.console.dll, TestRunRequest:SendTestRunStatsChange: Completed.
TpTrace Verbose: 0 : 224, 12, 2024/07/16, 18:15:40.256, 762291519521, vstest.console.dll, MulticastDelegateUtilities.SafeInvoke: LengthPrefixCommunicationChannel: MessageReceived: Invoking callback 1/1 for Microsoft.VisualStudio.TestPlatform.CommunicationUtilities.TestRequestSender+<>c__DisplayClass34_0., took 1 ms.
TpTrace Verbose: 0 : 224, 12, 2024/07/16, 18:15:40.256, 762291520325, vstest.console.dll, TcpClientExtensions.MessageLoopAsync: Polling on remoteEndPoint: 127.0.0.1:51602 localEndPoint: 127.0.0.1:51601 after 981 ms
TpTrace Verbose: 0 : 224, 4, 2024/07/16, 18:15:40.257, 762291522948, vstest.console.dll, MulticastDelegateUtilities.SafeInvoke: InternalTestLoggerEvents.SendTestResult: Invoking callback 1/1 for Microsoft.VisualStudio.TestPlatform.CommandLine.Internal.ConsoleLogger., took 0 ms.
TpTrace Verbose: 0 : 224, 12, 2024/07/16, 18:15:41.271, 762301669498, vstest.console.dll, TcpClientExtensions.MessageLoopAsync: Polling on remoteEndPoint: 127.0.0.1:51602 localEndPoint: 127.0.0.1:51601 after 1014 ms
TpTrace Verbose: 0 : 224, 12, 2024/07/16, 18:15:42.285, 762311808585, vstest.console.dll, TcpClientExtensions.MessageLoopAsync: Polling on remoteEndPoint: 127.0.0.1:51602 localEndPoint: 127.0.0.1:51601 after 1013 ms
TpTrace Verbose: 0 : 224, 12, 2024/07/16, 18:15:43.298, 762321938515, vstest.console.dll, TcpClientExtensions.MessageLoopAsync: Polling on remoteEndPoint: 127.0.0.1:51602 localEndPoint: 127.0.0.1:51601 after 1012 ms
TpTrace Verbose: 0 : 224, 12, 2024/07/16, 18:15:43.333, 762322283728, vstest.console.dll, TcpClientExtensions.MessageLoopAsync: NotifyDataAvailable remoteEndPoint: 127.0.0.1:51602 localEndPoint: 127.0.0.1:51601
TpTrace Verbose: 0 : 224, 12, 2024/07/16, 18:15:43.333, 762322286332, vstest.console.dll, TestRequestSender.OnExecutionMessageReceived: Received message: {"Version":5,"MessageType":"TestExecution.StatsChange","Payload":{"NewTestResults":[{"TestCase":{"Id":"70db0621-186f-8f4c-a194-30d1907b966f","FullyQualifiedName":"DynamicDemo.TestBoxAndInput.RevealInputWithImplicitWaits","DisplayName":"RevealInputWithImplicitWaits","ExecutorUri":"executor://NUnit3TestExecutor","Source":"C:\\Users\\PC\\Desktop\\SeleniumWaits\\DynamicDemo\\bin\\Debug\\net6.0\\fine-code-coverage\\build-output\\DynamicDemo.dll","CodeFilePath":null,"LineNumber":0,"Properties":[{"Key":{"Id":"NUnit.Seed","Label":"Seed","Category":"","Description":"","Attributes":0,"ValueType":"System.String"},"Value":"374646404"}]},"Attachments":[],"Outcome":1,"ErrorMessage":null,"ErrorStackTrace":null,"DisplayName":"RevealInputWithImplicitWaits","Messages":[],"ComputerName":"DESKTOP-78QNQ9Q","Duration":"00:00:03.0716980","StartTime":"2024-07-16T15:15:40.2577227+00:00","EndTime":"2024-07-16T15:15:43.3294213+00:00","Properties":[{"Key":{"Id":"NUnit.Seed","Label":"Seed","Category":"","Description":"","Attributes":0,"ValueType":"System.String"},"Value":"374646404"}]}],"TestRunStatistics":{"ExecutedTests":5,"Stats":{"Passed":5}},"ActiveTests":[{"Id":"8c50b189-1d10-5537-5050-923774d77dd6","FullyQualifiedName":"DynamicDemo.TestBoxAndInput.RevealInputWithExplicitWaits","DisplayName":"RevealInputWithExplicitWaits","ExecutorUri":"executor://NUnit3TestExecutor","Source":"C:\\Users\\PC\\Desktop\\SeleniumWaits\\DynamicDemo\\bin\\Debug\\net6.0\\fine-code-coverage\\build-output\\DynamicDemo.dll","CodeFilePath":null,"LineNumber":0,"Properties":[{"Key":{"Id":"NUnit.Seed","Label":"Seed","Category":"","Description":"","Attributes":0,"ValueType":"System.String"},"Value":"771092478"}]}]}}
TpTrace Verbose: 0 : 224, 12, 2024/07/16, 18:15:43.334, 762322294152, vstest.console.dll, TestRunRequest:SendTestRunStatsChange: Starting.
TpTrace Verbose: 0 : 224, 12, 2024/07/16, 18:15:43.334, 762322295198, vstest.console.dll, InProgress is RevealInputWithExplicitWaits
TpTrace Verbose: 0 : 224, 12, 2024/07/16, 18:15:43.334, 762322296050, vstest.console.dll, MulticastDelegateUtilities.SafeInvoke: TestRun.RunStatsChanged: Invoking callbacks was skipped because there are no subscribers.
TpTrace Information: 0 : 224, 12, 2024/07/16, 18:15:43.334, 762322297021, vstest.console.dll, TestRunRequest:SendTestRunStatsChange: Completed.
TpTrace Verbose: 0 : 224, 12, 2024/07/16, 18:15:43.335, 762322302976, vstest.console.dll, MulticastDelegateUtilities.SafeInvoke: LengthPrefixCommunicationChannel: MessageReceived: Invoking callback 1/1 for Microsoft.VisualStudio.TestPlatform.CommunicationUtilities.TestRequestSender+<>c__DisplayClass34_0., took 1 ms.
TpTrace Verbose: 0 : 224, 12, 2024/07/16, 18:15:43.335, 762322304093, vstest.console.dll, TcpClientExtensions.MessageLoopAsync: Polling on remoteEndPoint: 127.0.0.1:51602 localEndPoint: 127.0.0.1:51601 after 36 ms
TpTrace Verbose: 0 : 224, 4, 2024/07/16, 18:15:43.335, 762322305628, vstest.console.dll, MulticastDelegateUtilities.SafeInvoke: InternalTestLoggerEvents.SendTestResult: Invoking callback 1/1 for Microsoft.VisualStudio.TestPlatform.CommandLine.Internal.ConsoleLogger., took 0 ms.
TpTrace Verbose: 0 : 224, 12, 2024/07/16, 18:15:44.348, 762332440663, vstest.console.dll, TcpClientExtensions.MessageLoopAsync: Polling on remoteEndPoint: 127.0.0.1:51602 localEndPoint: 127.0.0.1:51601 after 1013 ms
TpTrace Verbose: 0 : 224, 12, 2024/07/16, 18:15:45.360, 762342559225, vstest.console.dll, TcpClientExtensions.MessageLoopAsync: Polling on remoteEndPoint: 127.0.0.1:51602 localEndPoint: 127.0.0.1:51601 after 1011 ms
TpTrace Verbose: 0 : 224, 12, 2024/07/16, 18:15:46.373, 762352688747, vstest.console.dll, TcpClientExtensions.MessageLoopAsync: Polling on remoteEndPoint: 127.0.0.1:51602 localEndPoint: 127.0.0.1:51601 after 1012 ms
TpTrace Verbose: 0 : 224, 12, 2024/07/16, 18:15:47.377, 762362723347, vstest.console.dll, TcpClientExtensions.MessageLoopAsync: Polling on remoteEndPoint: 127.0.0.1:51602 localEndPoint: 127.0.0.1:51601 after 1003 ms
TpTrace Verbose: 0 : 224, 12, 2024/07/16, 18:15:47.960, 762368560288, vstest.console.dll, TcpClientExtensions.MessageLoopAsync: NotifyDataAvailable remoteEndPoint: 127.0.0.1:51602 localEndPoint: 127.0.0.1:51601
TpTrace Verbose: 0 : 224, 12, 2024/07/16, 18:15:47.961, 762368564636, vstest.console.dll, TestRequestSender.OnExecutionMessageReceived: Received message: {"Version":5,"MessageType":"TestExecution.StatsChange","Payload":{"NewTestResults":[{"TestCase":{"Id":"8c50b189-1d10-5537-5050-923774d77dd6","FullyQualifiedName":"DynamicDemo.TestBoxAndInput.RevealInputWithExplicitWaits","DisplayName":"RevealInputWithExplicitWaits","ExecutorUri":"executor://NUnit3TestExecutor","Source":"C:\\Users\\PC\\Desktop\\SeleniumWaits\\DynamicDemo\\bin\\Debug\\net6.0\\fine-code-coverage\\build-output\\DynamicDemo.dll","CodeFilePath":null,"LineNumber":0,"Properties":[{"Key":{"Id":"NUnit.Seed","Label":"Seed","Category":"","Description":"","Attributes":0,"ValueType":"System.String"},"Value":"771092478"}]},"Attachments":[],"Outcome":1,"ErrorMessage":null,"ErrorStackTrace":null,"DisplayName":"RevealInputWithExplicitWaits","Messages":[],"ComputerName":"DESKTOP-78QNQ9Q","Duration":"00:00:04.6275750","StartTime":"2024-07-16T15:15:43.3297462+00:00","EndTime":"2024-07-16T15:15:47.9573216+00:00","Properties":[{"Key":{"Id":"NUnit.Seed","Label":"Seed","Category":"","Description":"","Attributes":0,"ValueType":"System.String"},"Value":"771092478"}]}],"TestRunStatistics":{"ExecutedTests":6,"Stats":{"Passed":6}},"ActiveTests":[{"Id":"ea52e16f-a489-6cd8-d34e-7f14765d93f5","FullyQualifiedName":"DynamicDemo.TestBoxAndInput.AddBoxWithFluentWaitExpectedConditionsAndIgnoredExceptions","DisplayName":"AddBoxWithFluentWaitExpectedConditionsAndIgnoredExceptions","ExecutorUri":"executor://NUnit3TestExecutor","Source":"C:\\Users\\PC\\Desktop\\SeleniumWaits\\DynamicDemo\\bin\\Debug\\net6.0\\fine-code-coverage\\build-output\\DynamicDemo.dll","CodeFilePath":null,"LineNumber":0,"Properties":[{"Key":{"Id":"NUnit.Seed","Label":"Seed","Category":"","Description":"","Attributes":0,"ValueType":"System.String"},"Value":"379661435"}]}]}}
TpTrace Verbose: 0 : 224, 12, 2024/07/16, 18:15:47.962, 762368573971, vstest.console.dll, TestRunRequest:SendTestRunStatsChange: Starting.
TpTrace Verbose: 0 : 224, 12, 2024/07/16, 18:15:47.962, 762368575119, vstest.console.dll, InProgress is AddBoxWithFluentWaitExpectedConditionsAndIgnoredExceptions
TpTrace Verbose: 0 : 224, 12, 2024/07/16, 18:15:47.962, 762368576090, vstest.console.dll, MulticastDelegateUtilities.SafeInvoke: TestRun.RunStatsChanged: Invoking callbacks was skipped because there are no subscribers.
TpTrace Information: 0 : 224, 12, 2024/07/16, 18:15:47.962, 762368576789, vstest.console.dll, TestRunRequest:SendTestRunStatsChange: Completed.
TpTrace Verbose: 0 : 224, 12, 2024/07/16, 18:15:47.962, 762368577563, vstest.console.dll, MulticastDelegateUtilities.SafeInvoke: LengthPrefixCommunicationChannel: MessageReceived: Invoking callback 1/1 for Microsoft.VisualStudio.TestPlatform.CommunicationUtilities.TestRequestSender+<>c__DisplayClass34_0., took 1 ms.
TpTrace Verbose: 0 : 224, 12, 2024/07/16, 18:15:47.962, 762368578388, vstest.console.dll, TcpClientExtensions.MessageLoopAsync: Polling on remoteEndPoint: 127.0.0.1:51602 localEndPoint: 127.0.0.1:51601 after 585 ms
TpTrace Verbose: 0 : 224, 4, 2024/07/16, 18:15:47.963, 762368582669, vstest.console.dll, MulticastDelegateUtilities.SafeInvoke: InternalTestLoggerEvents.SendTestResult: Invoking callback 1/1 for Microsoft.VisualStudio.TestPlatform.CommandLine.Internal.ConsoleLogger., took 0 ms.
TpTrace Verbose: 0 : 224, 12, 2024/07/16, 18:15:48.964, 762378596142, vstest.console.dll, TcpClientExtensions.MessageLoopAsync: Polling on remoteEndPoint: 127.0.0.1:51602 localEndPoint: 127.0.0.1:51601 after 1001 ms
TpTrace Verbose: 0 : 224, 12, 2024/07/16, 18:15:49.969, 762388648650, vstest.console.dll, TcpClientExtensions.MessageLoopAsync: Polling on remoteEndPoint: 127.0.0.1:51602 localEndPoint: 127.0.0.1:51601 after 1004 ms
TpTrace Verbose: 0 : 224, 12, 2024/07/16, 18:15:50.980, 762398757034, vstest.console.dll, TcpClientExtensions.MessageLoopAsync: Polling on remoteEndPoint: 127.0.0.1:51602 localEndPoint: 127.0.0.1:51601 after 1010 ms
TpTrace Verbose: 0 : 224, 12, 2024/07/16, 18:15:51.986, 762408819743, vstest.console.dll, TcpClientExtensions.MessageLoopAsync: Polling on remoteEndPoint: 127.0.0.1:51602 localEndPoint: 127.0.0.1:51601 after 1005 ms
TpTrace Verbose: 0 : 224, 12, 2024/07/16, 18:15:52.041, 762409367446, vstest.console.dll, TcpClientExtensions.MessageLoopAsync: NotifyDataAvailable remoteEndPoint: 127.0.0.1:51602 localEndPoint: 127.0.0.1:51601
TpTrace Verbose: 0 : 224, 12, 2024/07/16, 18:15:52.041, 762409369887, vstest.console.dll, TestRequestSender.OnExecutionMessageReceived: Received message: {"Version":5,"MessageType":"TestExecution.StatsChange","Payload":{"NewTestResults":[{"TestCase":{"Id":"ea52e16f-a489-6cd8-d34e-7f14765d93f5","FullyQualifiedName":"DynamicDemo.TestBoxAndInput.AddBoxWithFluentWaitExpectedConditionsAndIgnoredExceptions","DisplayName":"AddBoxWithFluentWaitExpectedConditionsAndIgnoredExceptions","ExecutorUri":"executor://NUnit3TestExecutor","Source":"C:\\Users\\PC\\Desktop\\SeleniumWaits\\DynamicDemo\\bin\\Debug\\net6.0\\fine-code-coverage\\build-output\\DynamicDemo.dll","CodeFilePath":null,"LineNumber":0,"Properties":[{"Key":{"Id":"NUnit.Seed","Label":"Seed","Category":"","Description":"","Attributes":0,"ValueType":"System.String"},"Value":"379661435"}]},"Attachments":[],"Outcome":1,"ErrorMessage":null,"ErrorStackTrace":null,"DisplayName":"AddBoxWithFluentWaitExpectedConditionsAndIgnoredExceptions","Messages":[],"ComputerName":"DESKTOP-78QNQ9Q","Duration":"00:00:04.0809650","StartTime":"2024-07-16T15:15:47.9573746+00:00","EndTime":"2024-07-16T15:15:52.0383391+00:00","Properties":[{"Key":{"Id":"NUnit.Seed","Label":"Seed","Category":"","Description":"","Attributes":0,"ValueType":"System.String"},"Value":"379661435"}]}],"TestRunStatistics":{"ExecutedTests":7,"Stats":{"Passed":7}},"ActiveTests":[{"Id":"665e07fd-1c7c-ec24-ef38-dd6f0ae71da9","FullyQualifiedName":"DynamicDemo.TestBoxAndInput.RevealInputWithCustomFluentWait","DisplayName":"RevealInputWithCustomFluentWait","ExecutorUri":"executor://NUnit3TestExecutor","Source":"C:\\Users\\PC\\Desktop\\SeleniumWaits\\DynamicDemo\\bin\\Debug\\net6.0\\fine-code-coverage\\build-output\\DynamicDemo.dll","CodeFilePath":null,"LineNumber":0,"Properties":[{"Key":{"Id":"NUnit.Seed","Label":"Seed","Category":"","Description":"","Attributes":0,"ValueType":"System.String"},"Value":"840877454"}]}]}}
TpTrace Verbose: 0 : 224, 12, 2024/07/16, 18:15:52.042, 762409377401, vstest.console.dll, TestRunRequest:SendTestRunStatsChange: Starting.
TpTrace Verbose: 0 : 224, 12, 2024/07/16, 18:15:52.042, 762409378588, vstest.console.dll, InProgress is RevealInputWithCustomFluentWait
TpTrace Verbose: 0 : 224, 12, 2024/07/16, 18:15:52.042, 762409379593, vstest.console.dll, MulticastDelegateUtilities.SafeInvoke: TestRun.RunStatsChanged: Invoking callbacks was skipped because there are no subscribers.
TpTrace Information: 0 : 224, 12, 2024/07/16, 18:15:52.042, 762409380423, vstest.console.dll, TestRunRequest:SendTestRunStatsChange: Completed.
TpTrace Verbose: 0 : 224, 4, 2024/07/16, 18:15:52.042, 762409380465, vstest.console.dll, MulticastDelegateUtilities.SafeInvoke: InternalTestLoggerEvents.SendTestResult: Invoking callback 1/1 for Microsoft.VisualStudio.TestPlatform.CommandLine.Internal.ConsoleLogger., took 0 ms.
TpTrace Verbose: 0 : 224, 12, 2024/07/16, 18:15:52.043, 762409381819, vstest.console.dll, MulticastDelegateUtilities.SafeInvoke: LengthPrefixCommunicationChannel: MessageReceived: Invoking callback 1/1 for Microsoft.VisualStudio.TestPlatform.CommunicationUtilities.TestRequestSender+<>c__DisplayClass34_0., took 1 ms.
TpTrace Verbose: 0 : 224, 12, 2024/07/16, 18:15:52.043, 762409382571, vstest.console.dll, TcpClientExtensions.MessageLoopAsync: Polling on remoteEndPoint: 127.0.0.1:51602 localEndPoint: 127.0.0.1:51601 after 56 ms
TpTrace Verbose: 0 : 224, 12, 2024/07/16, 18:15:53.051, 762419461497, vstest.console.dll, TcpClientExtensions.MessageLoopAsync: Polling on remoteEndPoint: 127.0.0.1:51602 localEndPoint: 127.0.0.1:51601 after 1007 ms
TpTrace Verbose: 0 : 224, 12, 2024/07/16, 18:15:54.065, 762429605258, vstest.console.dll, TcpClientExtensions.MessageLoopAsync: Polling on remoteEndPoint: 127.0.0.1:51602 localEndPoint: 127.0.0.1:51601 after 1014 ms
TpTrace Verbose: 0 : 224, 12, 2024/07/16, 18:15:55.079, 762439745638, vstest.console.dll, TcpClientExtensions.MessageLoopAsync: Polling on remoteEndPoint: 127.0.0.1:51602 localEndPoint: 127.0.0.1:51601 after 1013 ms
TpTrace Verbose: 0 : 224, 12, 2024/07/16, 18:15:56.088, 762449832214, vstest.console.dll, TcpClientExtensions.MessageLoopAsync: Polling on remoteEndPoint: 127.0.0.1:51602 localEndPoint: 127.0.0.1:51601 after 1008 ms
TpTrace Verbose: 0 : 224, 12, 2024/07/16, 18:15:56.293, 762451886327, vstest.console.dll, TcpClientExtensions.MessageLoopAsync: NotifyDataAvailable remoteEndPoint: 127.0.0.1:51602 localEndPoint: 127.0.0.1:51601
TpTrace Verbose: 0 : 224, 12, 2024/07/16, 18:15:56.293, 762451888930, vstest.console.dll, TestRequestSender.OnExecutionMessageReceived: Received message: {"Version":5,"MessageType":"TestSession.Message","Payload":{"MessageLevel":0,"Message":"NUnit Adapter 4.2.0.0: Test execution complete"}}
TpTrace Verbose: 0 : 224, 12, 2024/07/16, 18:15:56.294, 762451891483, vstest.console.dll, TestRunRequest:SendTestRunMessage: Starting.
TpTrace Verbose: 0 : 224, 12, 2024/07/16, 18:15:56.294, 762451893051, vstest.console.dll, MulticastDelegateUtilities.SafeInvoke: TestRun.LogMessages: Invoking callback 1/1 for Microsoft.VisualStudio.TestPlatform.CommandLine.TestRunResultAggregator., took 0 ms.
TpTrace Information: 0 : 224, 12, 2024/07/16, 18:15:56.294, 762451893903, vstest.console.dll, TestRunRequest:SendTestRunMessage: Completed.
TpTrace Verbose: 0 : 224, 12, 2024/07/16, 18:15:56.294, 762451894800, vstest.console.dll, MulticastDelegateUtilities.SafeInvoke: LengthPrefixCommunicationChannel: MessageReceived: Invoking callback 1/1 for Microsoft.VisualStudio.TestPlatform.CommunicationUtilities.TestRequestSender+<>c__DisplayClass34_0., took 0 ms.
TpTrace Verbose: 0 : 224, 12, 2024/07/16, 18:15:56.294, 762451895878, vstest.console.dll, TcpClientExtensions.MessageLoopAsync: Polling on remoteEndPoint: 127.0.0.1:51602 localEndPoint: 127.0.0.1:51601 after 206 ms
TpTrace Verbose: 0 : 224, 4, 2024/07/16, 18:15:56.294, 762451893062, vstest.console.dll, MulticastDelegateUtilities.SafeInvoke: InternalTestLoggerEvents.SendTestRunMessage: Invoking callback 1/1 for Microsoft.VisualStudio.TestPlatform.CommandLine.Internal.ConsoleLogger., took 0 ms.
TpTrace Verbose: 0 : 224, 12, 2024/07/16, 18:15:56.323, 762452188307, vstest.console.dll, TcpClientExtensions.MessageLoopAsync: NotifyDataAvailable remoteEndPoint: 127.0.0.1:51602 localEndPoint: 127.0.0.1:51601
TpTrace Verbose: 0 : 224, 12, 2024/07/16, 18:15:56.323, 762452190517, vstest.console.dll, TestRequestSender.OnExecutionMessageReceived: Received message: {"Version":5,"MessageType":"TestExecution.Completed","Payload":{"TestRunCompleteArgs":{"TestRunStatistics":{"ExecutedTests":8,"Stats":{"Passed":8}},"IsCanceled":false,"IsAborted":false,"Error":null,"AttachmentSets":[],"ElapsedTimeInRunningTests":"00:00:34.1611965","Metrics":{}},"LastRunTests":{"NewTestResults":[{"TestCase":{"Id":"665e07fd-1c7c-ec24-ef38-dd6f0ae71da9","FullyQualifiedName":"DynamicDemo.TestBoxAndInput.RevealInputWithCustomFluentWait","DisplayName":"RevealInputWithCustomFluentWait","ExecutorUri":"executor://NUnit3TestExecutor","Source":"C:\\Users\\PC\\Desktop\\SeleniumWaits\\DynamicDemo\\bin\\Debug\\net6.0\\fine-code-coverage\\build-output\\DynamicDemo.dll","CodeFilePath":null,"LineNumber":0,"Properties":[{"Key":{"Id":"NUnit.Seed","Label":"Seed","Category":"","Description":"","Attributes":0,"ValueType":"System.String"},"Value":"840877454"}]},"Attachments":[],"Outcome":1,"ErrorMessage":null,"ErrorStackTrace":null,"DisplayName":"RevealInputWithCustomFluentWait","Messages":[],"ComputerName":"DESKTOP-78QNQ9Q","Duration":"00:00:04.2389700","StartTime":"2024-07-16T15:15:52.0383806+00:00","EndTime":"2024-07-16T15:15:56.2773508+00:00","Properties":[{"Key":{"Id":"NUnit.Seed","Label":"Seed","Category":"","Description":"","Attributes":0,"ValueType":"System.String"},"Value":"840877454"}]}],"TestRunStatistics":{"ExecutedTests":8,"Stats":{"Passed":8}},"ActiveTests":[]},"RunAttachments":[],"ExecutorUris":["executor://nunit3testexecutor/"]}}
TpTrace Verbose: 0 : 224, 12, 2024/07/16, 18:15:56.324, 762452192531, vstest.console.dll, TestRequestSender.EndSession: Sending end session.
TpTrace Verbose: 0 : 224, 12, 2024/07/16, 18:15:56.324, 762452195282, vstest.console.dll, ProxyOperationManager.Close: waiting for test host to exit for 100 ms
TpTrace Verbose: 0 : 224, 11, 2024/07/16, 18:15:56.356, 762452519991, vstest.console.dll, TestHostManagerCallbacks.ctor: Experimental forwarding output is disabled.
TpTrace Warning: 0 : 224, 11, 2024/07/16, 18:15:56.357, 762452521891, vstest.console.dll, TestHostManagerCallbacks.ErrorReceivedCallback Test host standard error line: 
TpTrace Verbose: 0 : 224, 11, 2024/07/16, 18:15:56.369, 762452641258, vstest.console.dll, TestHostProvider.ExitCallBack: Host exited starting callback.
TpTrace Information: 0 : 224, 11, 2024/07/16, 18:15:56.369, 762452643140, vstest.console.dll, TestHostManagerCallbacks.ExitCallBack: Testhost processId: 2212 exited with exitcode: 0 error: ''
TpTrace Verbose: 0 : 224, 11, 2024/07/16, 18:15:56.369, 762452643760, vstest.console.dll, DotnetTestHostManager.OnHostExited: invoking OnHostExited callback
TpTrace Verbose: 0 : 224, 11, 2024/07/16, 18:15:56.369, 762452644440, vstest.console.dll, CrossPlatEngine.TestHostManagerHostExited: calling on client process exit callback.
TpTrace Information: 0 : 224, 11, 2024/07/16, 18:15:56.369, 762452645235, vstest.console.dll, TestRequestSender.OnClientProcessExit: Test host process exited. Standard error: 
TpTrace Information: 0 : 224, 12, 2024/07/16, 18:15:56.369, 762452645604, vstest.console.dll, SocketServer.Stop: Stop server endPoint: 127.0.0.1:51601
TpTrace Information: 0 : 224, 11, 2024/07/16, 18:15:56.369, 762452646176, vstest.console.dll, SocketServer.Stop: Stop server endPoint: 127.0.0.1:51601
TpTrace Information: 0 : 224, 12, 2024/07/16, 18:15:56.369, 762452646269, vstest.console.dll, SocketServer.Stop: Cancellation requested. Stopping message loop.
TpTrace Information: 0 : 224, 11, 2024/07/16, 18:15:56.369, 762452646699, vstest.console.dll, SocketServer.Stop: Cancellation requested. Stopping message loop.
TpTrace Verbose: 0 : 224, 11, 2024/07/16, 18:15:56.369, 762452647794, vstest.console.dll, MulticastDelegateUtilities.SafeInvoke: HostProviderEvents.OnHostExited: Invoking callback 1/1 for Microsoft.VisualStudio.TestPlatform.CrossPlatEngine.Client.ProxyOperationManager., took 0 ms.
TpTrace Information: 0 : 224, 12, 2024/07/16, 18:15:56.369, 762452648418, vstest.console.dll, Closing the connection
TpTrace Verbose: 0 : 224, 12, 2024/07/16, 18:15:56.370, 762452651169, vstest.console.dll, ProxyDataCollectionManager.InvokeDataCollectionServiceAction: Starting.
TpTrace Information: 0 : 224, 12, 2024/07/16, 18:15:56.370, 762452651755, vstest.console.dll, ProxyDataCollectionManager.AfterTestRunEnd: Get attachment set and invoked data collectors processId: 4160 port: 51598
TpTrace Verbose: 0 : 224, 12, 2024/07/16, 18:15:56.370, 762452652395, vstest.console.dll, DataCollectionRequestSender.SendAfterTestRunStartAndGetResult: Send AfterTestRunEnd message with isCancelled: False
TpTrace Verbose: 0 : 224, 12, 2024/07/16, 18:15:56.381, 762452762807, vstest.console.dll, DataCollectionRequestSender.SendAfterTestRunStartAndGetResult: Received message: (DataCollection.AfterTestRunEndResult) -> {"MessageType":"DataCollection.AfterTestRunEndResult","Payload":{"AttachmentSets":[],"InvokedDataCollectors":[{"Uri":"datacollector://Microsoft/TestPlatform/Extensions/Blame/v1","FriendlyName":"Blame","AssemblyQualifiedName":"Microsoft.TestPlatform.Extensions.BlameDataCollector.BlameCollector, Microsoft.TestPlatform.Extensions.BlameDataCollector, Version=15.0.0.0, Culture=neutral, PublicKeyToken=b03f5f7f11d50a3a","FilePath":"C:\\Program Files\\dotnet\\sdk\\8.0.300\\Extensions\\Microsoft.TestPlatform.Extensions.BlameDataCollector.dll","HasAttachmentProcessor":false}],"Metrics":{}}}
TpTrace Warning: 0 : 224, 10, 2024/07/16, 18:15:56.388, 762452833752, vstest.console.dll, DataCollectionLauncher.ErrorReceivedCallback datacollector standard error line: 
TpTrace Information: 0 : 224, 12, 2024/07/16, 18:15:56.390, 762452853012, vstest.console.dll, ProxyDataCollectionManager.InvokeDataCollectionServiceAction: Completed.
TpTrace Information: 0 : 224, 10, 2024/07/16, 18:15:56.404, 762452998422, vstest.console.dll, DataCollectionLauncher.ExitCallBack: Data collector exited with exitcode: 0 error: ''
TpTrace Verbose: 0 : 224, 12, 2024/07/16, 18:15:56.444, 762453397950, vstest.console.dll, TestRunRequest:SendTestRunStatsChange: Starting.
TpTrace Verbose: 0 : 224, 12, 2024/07/16, 18:15:56.444, 762453399276, vstest.console.dll, MulticastDelegateUtilities.SafeInvoke: TestRun.RunStatsChanged: Invoking callbacks was skipped because there are no subscribers.
TpTrace Information: 0 : 224, 12, 2024/07/16, 18:15:56.444, 762453399802, vstest.console.dll, TestRunRequest:SendTestRunStatsChange: Completed.
TpTrace Verbose: 0 : 224, 4, 2024/07/16, 18:15:56.444, 762453400318, vstest.console.dll, MulticastDelegateUtilities.SafeInvoke: InternalTestLoggerEvents.SendTestResult: Invoking callback 1/1 for Microsoft.VisualStudio.TestPlatform.CommandLine.Internal.ConsoleLogger., took 0 ms.
TpTrace Verbose: 0 : 224, 12, 2024/07/16, 18:15:56.445, 762453404109, vstest.console.dll, ParallelProxyExecutionManager: HandlePartialRunComplete: Total workloads = 1, Total started clients = 1 Total completed clients = 1, Run complete = True, Run canceled: False.
TpTrace Verbose: 0 : 224, 12, 2024/07/16, 18:15:56.445, 762453404615, vstest.console.dll, ParallelProxyExecutionManager: HandlePartialRunComplete: All runs completed stopping all managers.
TpTrace Verbose: 0 : 224, 12, 2024/07/16, 18:15:56.445, 762453405130, vstest.console.dll, ParallelOperationManager.StopAllManagers: Stopping all managers.
TpTrace Verbose: 0 : 224, 12, 2024/07/16, 18:15:56.445, 762453405582, vstest.console.dll, ParallelOperationManager.ClearSlots: Clearing all slots. Slots should accept more work: False
TpTrace Verbose: 0 : 224, 12, 2024/07/16, 18:15:56.445, 762453406193, vstest.console.dll, ParallelOperationManager.SetOccupiedSlotCount: Setting slot counts AvailableSlotCount = 1, OccupiedSlotCount = 0.
TpTrace Verbose: 0 : 224, 12, 2024/07/16, 18:15:56.445, 762453406924, vstest.console.dll, Occupied slots:

TpTrace Verbose: 0 : 224, 4, 2024/07/16, 18:15:56.459, 762453545120, vstest.console.dll, MulticastDelegateUtilities.SafeInvoke: InternalTestLoggerEvents.SendTestRunComplete: Invoking callback 1/2 for Microsoft.TestPlatform.Extensions.BlameDataCollector.BlameLogger., took 0 ms.
TpTrace Verbose: 0 : 224, 4, 2024/07/16, 18:15:56.466, 762453618406, vstest.console.dll, MulticastDelegateUtilities.SafeInvoke: InternalTestLoggerEvents.SendTestRunComplete: Invoking callback 2/2 for Microsoft.VisualStudio.TestPlatform.CommandLine.Internal.ConsoleLogger., took 7 ms.
TpTrace Verbose: 0 : 224, 12, 2024/07/16, 18:15:56.467, 762453622764, vstest.console.dll, TestRunRequest:TestRunComplete: Starting. IsAborted:False IsCanceled:False.
TpTrace Verbose: 0 : 224, 12, 2024/07/16, 18:15:56.467, 762453624973, vstest.console.dll, ParallelOperationManager.DoActionOnAllManagers: Calling an action on all managers.
TpTrace Verbose: 0 : 224, 12, 2024/07/16, 18:15:56.469, 762453641242, vstest.console.dll, TestLoggerManager.HandleTestRunComplete: Ignoring as the object is disposed.
TpTrace Verbose: 0 : 224, 12, 2024/07/16, 18:15:56.469, 762453644065, vstest.console.dll, MulticastDelegateUtilities.SafeInvoke: TestRun.TestRunComplete: Invoking callback 1/2 for Microsoft.VisualStudio.TestPlatform.CommandLine.TestRunResultAggregator., took 0 ms.
TpTrace Verbose: 0 : 224, 12, 2024/07/16, 18:15:56.469, 762453645600, vstest.console.dll, MulticastDelegateUtilities.SafeInvoke: TestRun.TestRunComplete: Invoking callback 2/2 for Microsoft.VisualStudio.TestPlatform.CommandLine.Processors.RunTestsArgumentExecutor+TestRunRequestEventsRegistrar., took 0 ms.
TpTrace Information: 0 : 224, 12, 2024/07/16, 18:15:56.469, 762453646902, vstest.console.dll, TestRunRequest:TestRunComplete: Completed.
TpTrace Verbose: 0 : 224, 1, 2024/07/16, 18:15:56.469, 762453647152, vstest.console.dll, TestRunRequest.Dispose: Starting.
TpTrace Verbose: 0 : 224, 12, 2024/07/16, 18:15:56.469, 762453647913, vstest.console.dll, TestRequestSender.SetOperationComplete: Setting operation complete.
TpTrace Information: 0 : 224, 1, 2024/07/16, 18:15:56.469, 762453648007, vstest.console.dll, TestRunRequest.Dispose: Completed.
TpTrace Information: 0 : 224, 12, 2024/07/16, 18:15:56.469, 762453648479, vstest.console.dll, SocketServer.Stop: Stop server endPoint: 127.0.0.1:51601
TpTrace Information: 0 : 224, 1, 2024/07/16, 18:15:56.469, 762453649151, vstest.console.dll, TestRequestManager.RunTests: run tests completed.
TpTrace Information: 0 : 224, 12, 2024/07/16, 18:15:56.469, 762453649691, vstest.console.dll, SocketServer.Stop: Cancellation requested. Stopping message loop.
TpTrace Information: 0 : 224, 1, 2024/07/16, 18:15:56.469, 762453650268, vstest.console.dll, RunTestsArgumentProcessor:Execute: Test run is completed.
TpTrace Verbose: 0 : 224, 12, 2024/07/16, 18:15:56.469, 762453650354, vstest.console.dll, MulticastDelegateUtilities.SafeInvoke: LengthPrefixCommunicationChannel: MessageReceived: Invoking callback 1/1 for Microsoft.VisualStudio.TestPlatform.CommunicationUtilities.TestRequestSender+<>c__DisplayClass34_0., took 146 ms.
TpTrace Information: 0 : 224, 12, 2024/07/16, 18:15:56.470, 762453654274, vstest.console.dll, SocketServer.PrivateStop: Stopping server endPoint: 127.0.0.1:51601 error: 
TpTrace Verbose: 0 : 224, 1, 2024/07/16, 18:15:56.470, 762453660188, vstest.console.dll, Executor.Execute: Exiting with exit code of 0
TpTrace Verbose: 0 : 224, 12, 2024/07/16, 18:15:56.471, 762453664004, vstest.console.dll, LengthPrefixCommunicationChannel.Dispose: Dispose reader and writer.
TpTrace Information: 0 : 224, 12, 2024/07/16, 18:15:56.471, 762453665525, vstest.console.dll, SocketServer.Stop: Raise disconnected event endPoint: 127.0.0.1:51601 error: 
TpTrace Verbose: 0 : 224, 12, 2024/07/16, 18:15:56.471, 762453667361, vstest.console.dll, TestRequestSender: OnTestRunAbort: Operation is already complete. Skip error message.
TpTrace Verbose: 0 : 224, 12, 2024/07/16, 18:15:56.471, 762453668264, vstest.console.dll, MulticastDelegateUtilities.SafeInvoke: SocketServer: ClientDisconnected: Invoking callback 1/1 for Microsoft.VisualStudio.TestPlatform.CommunicationUtilities.TestRequestSender., took 0 ms.
