TpTrace Verbose: 0 : 19580, 1, 2024/07/19, 00:14:39.754, 2705651285553, vstest.console.dll, Version: 17.10.0-release-24203-04 Current process architecture: X64
TpTrace Verbose: 0 : 19580, 1, 2024/07/19, 00:14:39.760, 2705651344058, vstest.console.dll, Runtime location: C:\Program Files\dotnet\shared\Microsoft.NETCore.App\8.0.5
TpTrace Verbose: 0 : 19580, 1, 2024/07/19, 00:14:39.765, 2705651391847, vstest.console.dll, ArtifactProcessingPostProcessModeProcessorExecutor.Initialize: ArtifactProcessingMode.Collect
TpTrace Verbose: 0 : 19580, 1, 2024/07/19, 00:14:39.765, 2705651394297, vstest.console.dll, TestSessionCorrelationIdProcessorModeProcessorExecutor.Initialize: TestSessionCorrelationId '21144_dae6da88-57a5-4665-a0f6-e1441841f2c5'
TpTrace Information: 0 : 19580, 1, 2024/07/19, 00:14:39.776, 2705651504701, vstest.console.dll, FilePatternParser: The given file C:\Users\PC\source\repos\ExerciseSeleniumWaits\ExerciseSeleniumWaits\bin\Debug\net6.0\fine-code-coverage\build-output\SearchWithImplicitWait.dll is a full path.
TpTrace Verbose: 0 : 19580, 1, 2024/07/19, 00:14:39.784, 2705651581570, vstest.console.dll, TestPluginCache.DiscoverTestExtensions: finding test extensions in assemblies ends with: RuntimeProvider.dll TPluginInfo: Microsoft.VisualStudio.TestPlatform.Common.ExtensionFramework.Utilities.TestRuntimePluginInformation TExtension: Microsoft.VisualStudio.TestPlatform.ObjectModel.Host.ITestRuntimeProvider
TpTrace Verbose: 0 : 19580, 1, 2024/07/19, 00:14:39.784, 2705651586494, vstest.console.dll, TestPluginCache.GetExtensionPaths: Filtered extension paths: 
TpTrace Verbose: 0 : 19580, 1, 2024/07/19, 00:14:39.784, 2705651587807, vstest.console.dll, TestPluginCache.GetExtensionPaths: Added default extension paths: C:\Program Files\dotnet\sdk\8.0.300\Extensions\Microsoft.Diagnostics.NETCore.Client.dll
C:\Program Files\dotnet\sdk\8.0.300\Extensions\Microsoft.TestPlatform.Extensions.BlameDataCollector.dll
C:\Program Files\dotnet\sdk\8.0.300\Extensions\Microsoft.TestPlatform.Extensions.EventLogCollector.dll
C:\Program Files\dotnet\sdk\8.0.300\Extensions\Microsoft.TestPlatform.TestHostRuntimeProvider.dll
C:\Program Files\dotnet\sdk\8.0.300\Extensions\Microsoft.VisualStudio.TestPlatform.Extensions.Html.TestLogger.dll
C:\Program Files\dotnet\sdk\8.0.300\Extensions\Microsoft.VisualStudio.TestPlatform.Extensions.Trx.TestLogger.dll
TpTrace Verbose: 0 : 19580, 1, 2024/07/19, 00:14:39.785, 2705651588474, vstest.console.dll, TestPluginCache.GetExtensionPaths: Added unfilterableExtensionPaths: 
TpTrace Information: 0 : 19580, 1, 2024/07/19, 00:14:39.785, 2705651597064, vstest.console.dll, AssemblyResolver.ctor: Creating AssemblyResolver with searchDirectories C:\Program Files\dotnet\sdk\8.0.300\Extensions,C:\Program Files\dotnet\sdk\8.0.300
TpTrace Verbose: 0 : 19580, 1, 2024/07/19, 00:14:39.788, 2705651622203, vstest.console.dll, TestPluginCache.DiscoverTestExtensions: Discovering the extensions using extension path.
TpTrace Verbose: 0 : 19580, 1, 2024/07/19, 00:14:39.788, 2705651624700, vstest.console.dll, TestPluginCache.GetExtensionPaths: Filtered extension paths: 
TpTrace Verbose: 0 : 19580, 1, 2024/07/19, 00:14:39.788, 2705651625585, vstest.console.dll, TestPluginCache.GetExtensionPaths: Added default extension paths: C:\Program Files\dotnet\sdk\8.0.300\Extensions\Microsoft.Diagnostics.NETCore.Client.dll
C:\Program Files\dotnet\sdk\8.0.300\Extensions\Microsoft.TestPlatform.Extensions.BlameDataCollector.dll
C:\Program Files\dotnet\sdk\8.0.300\Extensions\Microsoft.TestPlatform.Extensions.EventLogCollector.dll
C:\Program Files\dotnet\sdk\8.0.300\Extensions\Microsoft.TestPlatform.TestHostRuntimeProvider.dll
C:\Program Files\dotnet\sdk\8.0.300\Extensions\Microsoft.VisualStudio.TestPlatform.Extensions.Html.TestLogger.dll
C:\Program Files\dotnet\sdk\8.0.300\Extensions\Microsoft.VisualStudio.TestPlatform.Extensions.Trx.TestLogger.dll
TpTrace Verbose: 0 : 19580, 1, 2024/07/19, 00:14:39.788, 2705651626266, vstest.console.dll, TestPluginCache.GetExtensionPaths: Added unfilterableExtensionPaths: 
TpTrace Verbose: 0 : 19580, 1, 2024/07/19, 00:14:39.788, 2705651627537, vstest.console.dll, TestPluginCache.DiscoverTestExtensions: Discovering the extensions using allExtensionPaths: C:\Program Files\dotnet\sdk\8.0.300\Extensions\Microsoft.Diagnostics.NETCore.Client.dll
C:\Program Files\dotnet\sdk\8.0.300\Extensions\Microsoft.TestPlatform.Extensions.BlameDataCollector.dll
C:\Program Files\dotnet\sdk\8.0.300\Extensions\Microsoft.TestPlatform.Extensions.EventLogCollector.dll
C:\Program Files\dotnet\sdk\8.0.300\Extensions\Microsoft.TestPlatform.TestHostRuntimeProvider.dll
C:\Program Files\dotnet\sdk\8.0.300\Extensions\Microsoft.VisualStudio.TestPlatform.Extensions.Html.TestLogger.dll
C:\Program Files\dotnet\sdk\8.0.300\Extensions\Microsoft.VisualStudio.TestPlatform.Extensions.Trx.TestLogger.dll
TpTrace Information: 0 : 19580, 1, 2024/07/19, 00:14:39.789, 2705651630028, vstest.console.dll, AssemblyResolver.AddSearchDirectories: Adding more searchDirectories C:\Program Files\dotnet\sdk\8.0.300\Extensions,C:\Program Files\dotnet\sdk\8.0.300
TpTrace Information: 0 : 19580, 1, 2024/07/19, 00:14:39.789, 2705651631182, vstest.console.dll, AssemblyResolver.AddSearchDirectories: Adding more searchDirectories C:\Program Files\dotnet\sdk\8.0.300\Extensions,C:\Program Files\dotnet\sdk\8.0.300
TpTrace Information: 0 : 19580, 1, 2024/07/19, 00:14:39.789, 2705651631925, vstest.console.dll, AssemblyResolver.AddSearchDirectories: Adding more searchDirectories C:\Program Files\dotnet\sdk\8.0.300\Extensions,C:\Program Files\dotnet\sdk\8.0.300
TpTrace Information: 0 : 19580, 1, 2024/07/19, 00:14:39.789, 2705651632620, vstest.console.dll, AssemblyResolver.AddSearchDirectories: Adding more searchDirectories C:\Program Files\dotnet\sdk\8.0.300\Extensions,C:\Program Files\dotnet\sdk\8.0.300
TpTrace Information: 0 : 19580, 1, 2024/07/19, 00:14:39.789, 2705651633363, vstest.console.dll, AssemblyResolver.AddSearchDirectories: Adding more searchDirectories C:\Program Files\dotnet\sdk\8.0.300\Extensions,C:\Program Files\dotnet\sdk\8.0.300
TpTrace Information: 0 : 19580, 1, 2024/07/19, 00:14:39.789, 2705651634057, vstest.console.dll, AssemblyResolver.AddSearchDirectories: Adding more searchDirectories C:\Program Files\dotnet\sdk\8.0.300\Extensions,C:\Program Files\dotnet\sdk\8.0.300
TpTrace Information: 0 : 19580, 1, 2024/07/19, 00:14:39.790, 2705651641870, vstest.console.dll, AssemblyResolver.OnResolve: Microsoft.Diagnostics.NETCore.Client: Resolving assembly.
TpTrace Information: 0 : 19580, 1, 2024/07/19, 00:14:39.790, 2705651643296, vstest.console.dll, AssemblyResolver.OnResolve: Microsoft.Diagnostics.NETCore.Client: Searching in: 'C:\Program Files\dotnet\sdk\8.0.300\Extensions'.
TpTrace Information: 0 : 19580, 1, 2024/07/19, 00:14:39.803, 2705651771308, vstest.console.dll, AssemblyResolver.OnResolve: Microsoft.Diagnostics.NETCore.Client: Loading assembly 'C:\Program Files\dotnet\sdk\8.0.300\Extensions\Microsoft.Diagnostics.NETCore.Client.dll'.
TpTrace Information: 0 : 19580, 1, 2024/07/19, 00:14:39.804, 2705651784587, vstest.console.dll, AssemblyResolver.OnResolve: Resolved assembly: Microsoft.Diagnostics.NETCore.Client, from path: C:\Program Files\dotnet\sdk\8.0.300\Extensions\Microsoft.Diagnostics.NETCore.Client.dll
TpTrace Verbose: 0 : 19580, 1, 2024/07/19, 00:14:39.811, 2705651853267, vstest.console.dll, MetadataReaderExtensionsHelper: Discovering extensions inside assembly 'Microsoft.Diagnostics.NETCore.Client, Version=0.2.10.15101, Culture=neutral, PublicKeyToken=31bf3856ad364e35' file path 'C:\Program Files\dotnet\sdk\8.0.300\Extensions\Microsoft.Diagnostics.NETCore.Client.dll'
TpTrace Information: 0 : 19580, 1, 2024/07/19, 00:14:39.819, 2705651938075, vstest.console.dll, AssemblyResolver.OnResolve: Microsoft.Bcl.AsyncInterfaces: Resolving assembly.
TpTrace Information: 0 : 19580, 1, 2024/07/19, 00:14:39.820, 2705651939763, vstest.console.dll, AssemblyResolver.OnResolve: Microsoft.Bcl.AsyncInterfaces: Searching in: 'C:\Program Files\dotnet\sdk\8.0.300\Extensions'.
TpTrace Information: 0 : 19580, 1, 2024/07/19, 00:14:39.820, 2705651941336, vstest.console.dll, AssemblyResolver.OnResolve: Microsoft.Bcl.AsyncInterfaces: Assembly path does not exist: 'C:\Program Files\dotnet\sdk\8.0.300\Extensions\Microsoft.Bcl.AsyncInterfaces.dll', returning.
TpTrace Information: 0 : 19580, 1, 2024/07/19, 00:14:39.820, 2705651943452, vstest.console.dll, AssemblyResolver.OnResolve: Microsoft.Bcl.AsyncInterfaces: Assembly path does not exist: 'C:\Program Files\dotnet\sdk\8.0.300\Extensions\Microsoft.Bcl.AsyncInterfaces.exe', returning.
TpTrace Information: 0 : 19580, 1, 2024/07/19, 00:14:39.820, 2705651944197, vstest.console.dll, AssemblyResolver.OnResolve: Microsoft.Bcl.AsyncInterfaces: Searching in: 'C:\Program Files\dotnet\sdk\8.0.300'.
TpTrace Information: 0 : 19580, 1, 2024/07/19, 00:14:39.820, 2705651945392, vstest.console.dll, AssemblyResolver.OnResolve: Microsoft.Bcl.AsyncInterfaces: Assembly path does not exist: 'C:\Program Files\dotnet\sdk\8.0.300\Microsoft.Bcl.AsyncInterfaces.dll', returning.
TpTrace Information: 0 : 19580, 1, 2024/07/19, 00:14:39.820, 2705651946531, vstest.console.dll, AssemblyResolver.OnResolve: Microsoft.Bcl.AsyncInterfaces: Assembly path does not exist: 'C:\Program Files\dotnet\sdk\8.0.300\Microsoft.Bcl.AsyncInterfaces.exe', returning.
TpTrace Information: 0 : 19580, 1, 2024/07/19, 00:14:39.820, 2705651947351, vstest.console.dll, AssemblyResolver.OnResolve: Microsoft.Bcl.AsyncInterfaces: Failed to load assembly.
TpTrace Verbose: 0 : 19580, 1, 2024/07/19, 00:14:39.821, 2705651948088, vstest.console.dll, CurrentDomainAssemblyResolve: Resolving assembly 'Microsoft.Bcl.AsyncInterfaces'.
TpTrace Information: 0 : 19580, 1, 2024/07/19, 00:14:39.821, 2705651949277, vstest.console.dll, AssemblyResolver.OnResolve: Microsoft.Bcl.AsyncInterfaces: Resolving assembly.
TpTrace Information: 0 : 19580, 1, 2024/07/19, 00:14:39.821, 2705651950100, vstest.console.dll, AssemblyResolver.OnResolve: Microsoft.Bcl.AsyncInterfaces: Resolved from cache.
TpTrace Verbose: 0 : 19580, 1, 2024/07/19, 00:14:39.821, 2705651950711, vstest.console.dll, CurrentDomainAssemblyResolve: Resolving assembly 'Microsoft.Bcl.AsyncInterfaces'.
TpTrace Verbose: 0 : 19580, 1, 2024/07/19, 00:14:39.821, 2705651951542, vstest.console.dll, CurrentDomainAssemblyResolve: Failed to resolve assembly 'Microsoft.Bcl.AsyncInterfaces'.
TpTrace Verbose: 0 : 19580, 1, 2024/07/19, 00:14:39.822, 2705651964699, vstest.console.dll, CurrentDomainAssemblyResolve: Failed to resolve assembly 'Microsoft.Bcl.AsyncInterfaces'.
TpTrace Warning: 0 : 19580, 1, 2024/07/19, 00:14:39.841, 2705652149791, vstest.console.dll, TestPluginDiscoverer: Failed to get types from assembly 'Microsoft.Diagnostics.NETCore.Client, Version=0.2.10.15101, Culture=neutral, PublicKeyToken=31bf3856ad364e35'. Error: System.Reflection.ReflectionTypeLoadException: Unable to load one or more of the requested types.
Could not load file or assembly 'Microsoft.Bcl.AsyncInterfaces, Version=6.0.0.0, Culture=neutral, PublicKeyToken=cc7b13ffcd2ddd51'. The system cannot find the file specified.
   at System.Reflection.RuntimeModule.GetTypes(RuntimeModule module)
   at System.Reflection.RuntimeModule.GetTypes()
   at Microsoft.VisualStudio.TestPlatform.Common.ExtensionFramework.TestPluginDiscoverer.GetTestExtensionsFromAssembly[TPluginInfo,TExtension](Assembly assembly, Dictionary`2 pluginInfos, String filePath) in /_/src/Microsoft.TestPlatform.Common/ExtensionFramework/TestPluginDiscoverer.cs:line 158
System.IO.FileNotFoundException: Could not load file or assembly 'Microsoft.Bcl.AsyncInterfaces, Version=6.0.0.0, Culture=neutral, PublicKeyToken=cc7b13ffcd2ddd51'. The system cannot find the file specified.
File name: 'Microsoft.Bcl.AsyncInterfaces, Version=6.0.0.0, Culture=neutral, PublicKeyToken=cc7b13ffcd2ddd51'
 ---> System.IO.FileNotFoundException: Could not load file or assembly 'Microsoft.Bcl.AsyncInterfaces, Culture=neutral, PublicKeyToken=null'. The system cannot find the file specified.
File name: 'Microsoft.Bcl.AsyncInterfaces, Culture=neutral, PublicKeyToken=null'
   at System.Reflection.RuntimeAssembly.InternalLoad(AssemblyName assemblyName, StackCrawlMark& stackMark, AssemblyLoadContext assemblyLoadContext, RuntimeAssembly requestingAssembly, Boolean throwOnFileNotFound)
   at System.Reflection.Assembly.Load(AssemblyName assemblyRef)
   at Microsoft.VisualStudio.TestPlatform.Common.ExtensionFramework.TestPluginCache.CurrentDomainAssemblyResolve(Object sender, AssemblyResolveEventArgs args) in /_/src/Microsoft.TestPlatform.Common/ExtensionFramework/TestPluginCache.cs:line 513
   at System.Runtime.Loader.AssemblyLoadContext.GetFirstResolvedAssemblyFromResolvingEvent(AssemblyName assemblyName)
   at System.Runtime.Loader.AssemblyLoadContext.ResolveUsingEvent(AssemblyName assemblyName)
   at System.Runtime.Loader.AssemblyLoadContext.ResolveUsingResolvingEvent(IntPtr gchManagedAssemblyLoadContext, AssemblyName assemblyName)
TpTrace Warning: 0 : 19580, 1, 2024/07/19, 00:14:39.841, 2705652155112, vstest.console.dll, LoaderExceptions: System.IO.FileNotFoundException: Could not load file or assembly 'Microsoft.Bcl.AsyncInterfaces, Version=6.0.0.0, Culture=neutral, PublicKeyToken=cc7b13ffcd2ddd51'. The system cannot find the file specified.
File name: 'Microsoft.Bcl.AsyncInterfaces, Version=6.0.0.0, Culture=neutral, PublicKeyToken=cc7b13ffcd2ddd51'
 ---> System.IO.FileNotFoundException: Could not load file or assembly 'Microsoft.Bcl.AsyncInterfaces, Culture=neutral, PublicKeyToken=null'. The system cannot find the file specified.
File name: 'Microsoft.Bcl.AsyncInterfaces, Culture=neutral, PublicKeyToken=null'
   at System.Reflection.RuntimeAssembly.InternalLoad(AssemblyName assemblyName, StackCrawlMark& stackMark, AssemblyLoadContext assemblyLoadContext, RuntimeAssembly requestingAssembly, Boolean throwOnFileNotFound)
   at System.Reflection.Assembly.Load(AssemblyName assemblyRef)
   at Microsoft.VisualStudio.TestPlatform.Common.ExtensionFramework.TestPluginCache.CurrentDomainAssemblyResolve(Object sender, AssemblyResolveEventArgs args) in /_/src/Microsoft.TestPlatform.Common/ExtensionFramework/TestPluginCache.cs:line 513
   at System.Runtime.Loader.AssemblyLoadContext.GetFirstResolvedAssemblyFromResolvingEvent(AssemblyName assemblyName)
   at System.Runtime.Loader.AssemblyLoadContext.ResolveUsingEvent(AssemblyName assemblyName)
   at System.Runtime.Loader.AssemblyLoadContext.ResolveUsingResolvingEvent(IntPtr gchManagedAssemblyLoadContext, AssemblyName assemblyName)
TpTrace Information: 0 : 19580, 1, 2024/07/19, 00:14:39.841, 2705652157223, vstest.console.dll, AssemblyResolver.OnResolve: Microsoft.TestPlatform.Extensions.BlameDataCollector: Resolving assembly.
TpTrace Information: 0 : 19580, 1, 2024/07/19, 00:14:39.841, 2705652157954, vstest.console.dll, AssemblyResolver.OnResolve: Microsoft.TestPlatform.Extensions.BlameDataCollector: Searching in: 'C:\Program Files\dotnet\sdk\8.0.300\Extensions'.
TpTrace Information: 0 : 19580, 1, 2024/07/19, 00:14:39.842, 2705652167349, vstest.console.dll, AssemblyResolver.OnResolve: Microsoft.TestPlatform.Extensions.BlameDataCollector: Loading assembly 'C:\Program Files\dotnet\sdk\8.0.300\Extensions\Microsoft.TestPlatform.Extensions.BlameDataCollector.dll'.
TpTrace Information: 0 : 19580, 1, 2024/07/19, 00:14:39.843, 2705652176931, vstest.console.dll, AssemblyResolver.OnResolve: Resolved assembly: Microsoft.TestPlatform.Extensions.BlameDataCollector, from path: C:\Program Files\dotnet\sdk\8.0.300\Extensions\Microsoft.TestPlatform.Extensions.BlameDataCollector.dll
TpTrace Verbose: 0 : 19580, 1, 2024/07/19, 00:14:39.844, 2705652178722, vstest.console.dll, MetadataReaderExtensionsHelper: Discovering extensions inside assembly 'Microsoft.TestPlatform.Extensions.BlameDataCollector, Version=15.0.0.0, Culture=neutral, PublicKeyToken=b03f5f7f11d50a3a' file path 'C:\Program Files\dotnet\sdk\8.0.300\Extensions\Microsoft.TestPlatform.Extensions.BlameDataCollector.dll'
TpTrace Information: 0 : 19580, 1, 2024/07/19, 00:14:39.847, 2705652208345, vstest.console.dll, AssemblyResolver.OnResolve: Microsoft.TestPlatform.Extensions.EventLogCollector: Resolving assembly.
TpTrace Information: 0 : 19580, 1, 2024/07/19, 00:14:39.847, 2705652210107, vstest.console.dll, AssemblyResolver.OnResolve: Microsoft.TestPlatform.Extensions.EventLogCollector: Searching in: 'C:\Program Files\dotnet\sdk\8.0.300\Extensions'.
TpTrace Information: 0 : 19580, 1, 2024/07/19, 00:14:39.848, 2705652219545, vstest.console.dll, AssemblyResolver.OnResolve: Microsoft.TestPlatform.Extensions.EventLogCollector: Loading assembly 'C:\Program Files\dotnet\sdk\8.0.300\Extensions\Microsoft.TestPlatform.Extensions.EventLogCollector.dll'.
TpTrace Information: 0 : 19580, 1, 2024/07/19, 00:14:39.849, 2705652228459, vstest.console.dll, AssemblyResolver.OnResolve: Resolved assembly: Microsoft.TestPlatform.Extensions.EventLogCollector, from path: C:\Program Files\dotnet\sdk\8.0.300\Extensions\Microsoft.TestPlatform.Extensions.EventLogCollector.dll
TpTrace Verbose: 0 : 19580, 1, 2024/07/19, 00:14:39.849, 2705652229866, vstest.console.dll, MetadataReaderExtensionsHelper: Discovering extensions inside assembly 'Microsoft.TestPlatform.Extensions.EventLogCollector, Version=15.0.0.0, Culture=neutral, PublicKeyToken=b03f5f7f11d50a3a' file path 'C:\Program Files\dotnet\sdk\8.0.300\Extensions\Microsoft.TestPlatform.Extensions.EventLogCollector.dll'
TpTrace Information: 0 : 19580, 1, 2024/07/19, 00:14:39.852, 2705652267311, vstest.console.dll, AssemblyResolver.OnResolve: Microsoft.TestPlatform.TestHostRuntimeProvider: Resolving assembly.
TpTrace Information: 0 : 19580, 1, 2024/07/19, 00:14:39.853, 2705652268710, vstest.console.dll, AssemblyResolver.OnResolve: Microsoft.TestPlatform.TestHostRuntimeProvider: Searching in: 'C:\Program Files\dotnet\sdk\8.0.300\Extensions'.
TpTrace Information: 0 : 19580, 1, 2024/07/19, 00:14:39.853, 2705652276046, vstest.console.dll, AssemblyResolver.OnResolve: Microsoft.TestPlatform.TestHostRuntimeProvider: Loading assembly 'C:\Program Files\dotnet\sdk\8.0.300\Extensions\Microsoft.TestPlatform.TestHostRuntimeProvider.dll'.
TpTrace Information: 0 : 19580, 1, 2024/07/19, 00:14:39.854, 2705652283591, vstest.console.dll, AssemblyResolver.OnResolve: Resolved assembly: Microsoft.TestPlatform.TestHostRuntimeProvider, from path: C:\Program Files\dotnet\sdk\8.0.300\Extensions\Microsoft.TestPlatform.TestHostRuntimeProvider.dll
TpTrace Verbose: 0 : 19580, 1, 2024/07/19, 00:14:39.854, 2705652284949, vstest.console.dll, MetadataReaderExtensionsHelper: Discovering extensions inside assembly 'Microsoft.TestPlatform.TestHostRuntimeProvider, Version=15.0.0.0, Culture=neutral, PublicKeyToken=b03f5f7f11d50a3a' file path 'C:\Program Files\dotnet\sdk\8.0.300\Extensions\Microsoft.TestPlatform.TestHostRuntimeProvider.dll'
TpTrace Information: 0 : 19580, 1, 2024/07/19, 00:14:39.857, 2705652309719, vstest.console.dll, GetTestExtensionFromType: Register extension with identifier data 'HostProvider://DefaultTestHost' and type 'Microsoft.VisualStudio.TestPlatform.CrossPlatEngine.Hosting.DefaultTestHostManager, Microsoft.TestPlatform.TestHostRuntimeProvider, Version=15.0.0.0, Culture=neutral, PublicKeyToken=b03f5f7f11d50a3a' inside file 'C:\Program Files\dotnet\sdk\8.0.300\Extensions\Microsoft.TestPlatform.TestHostRuntimeProvider.dll'
TpTrace Information: 0 : 19580, 1, 2024/07/19, 00:14:39.857, 2705652314722, vstest.console.dll, GetTestExtensionFromType: Register extension with identifier data 'HostProvider://DotnetTestHost' and type 'Microsoft.VisualStudio.TestPlatform.CrossPlatEngine.Hosting.DotnetTestHostManager, Microsoft.TestPlatform.TestHostRuntimeProvider, Version=15.0.0.0, Culture=neutral, PublicKeyToken=b03f5f7f11d50a3a' inside file 'C:\Program Files\dotnet\sdk\8.0.300\Extensions\Microsoft.TestPlatform.TestHostRuntimeProvider.dll'
TpTrace Information: 0 : 19580, 1, 2024/07/19, 00:14:39.857, 2705652316524, vstest.console.dll, AssemblyResolver.OnResolve: Microsoft.VisualStudio.TestPlatform.Extensions.Html.TestLogger: Resolving assembly.
TpTrace Information: 0 : 19580, 1, 2024/07/19, 00:14:39.857, 2705652317290, vstest.console.dll, AssemblyResolver.OnResolve: Microsoft.VisualStudio.TestPlatform.Extensions.Html.TestLogger: Searching in: 'C:\Program Files\dotnet\sdk\8.0.300\Extensions'.
TpTrace Information: 0 : 19580, 1, 2024/07/19, 00:14:39.858, 2705652325946, vstest.console.dll, AssemblyResolver.OnResolve: Microsoft.VisualStudio.TestPlatform.Extensions.Html.TestLogger: Loading assembly 'C:\Program Files\dotnet\sdk\8.0.300\Extensions\Microsoft.VisualStudio.TestPlatform.Extensions.Html.TestLogger.dll'.
TpTrace Information: 0 : 19580, 1, 2024/07/19, 00:14:39.859, 2705652334096, vstest.console.dll, AssemblyResolver.OnResolve: Resolved assembly: Microsoft.VisualStudio.TestPlatform.Extensions.Html.TestLogger, from path: C:\Program Files\dotnet\sdk\8.0.300\Extensions\Microsoft.VisualStudio.TestPlatform.Extensions.Html.TestLogger.dll
TpTrace Verbose: 0 : 19580, 1, 2024/07/19, 00:14:39.859, 2705652335639, vstest.console.dll, MetadataReaderExtensionsHelper: Discovering extensions inside assembly 'Microsoft.VisualStudio.TestPlatform.Extensions.Html.TestLogger, Version=15.0.0.0, Culture=neutral, PublicKeyToken=b03f5f7f11d50a3a' file path 'C:\Program Files\dotnet\sdk\8.0.300\Extensions\Microsoft.VisualStudio.TestPlatform.Extensions.Html.TestLogger.dll'
TpTrace Information: 0 : 19580, 1, 2024/07/19, 00:14:39.861, 2705652354165, vstest.console.dll, AssemblyResolver.OnResolve: Microsoft.VisualStudio.TestPlatform.Extensions.Trx.TestLogger: Resolving assembly.
TpTrace Information: 0 : 19580, 1, 2024/07/19, 00:14:39.861, 2705652355587, vstest.console.dll, AssemblyResolver.OnResolve: Microsoft.VisualStudio.TestPlatform.Extensions.Trx.TestLogger: Searching in: 'C:\Program Files\dotnet\sdk\8.0.300\Extensions'.
TpTrace Information: 0 : 19580, 1, 2024/07/19, 00:14:39.862, 2705652363619, vstest.console.dll, AssemblyResolver.OnResolve: Microsoft.VisualStudio.TestPlatform.Extensions.Trx.TestLogger: Loading assembly 'C:\Program Files\dotnet\sdk\8.0.300\Extensions\Microsoft.VisualStudio.TestPlatform.Extensions.Trx.TestLogger.dll'.
TpTrace Information: 0 : 19580, 1, 2024/07/19, 00:14:39.863, 2705652374197, vstest.console.dll, AssemblyResolver.OnResolve: Resolved assembly: Microsoft.VisualStudio.TestPlatform.Extensions.Trx.TestLogger, from path: C:\Program Files\dotnet\sdk\8.0.300\Extensions\Microsoft.VisualStudio.TestPlatform.Extensions.Trx.TestLogger.dll
TpTrace Verbose: 0 : 19580, 1, 2024/07/19, 00:14:39.863, 2705652375868, vstest.console.dll, MetadataReaderExtensionsHelper: Discovering extensions inside assembly 'Microsoft.VisualStudio.TestPlatform.Extensions.Trx.TestLogger, Version=15.0.0.0, Culture=neutral, PublicKeyToken=b03f5f7f11d50a3a' file path 'C:\Program Files\dotnet\sdk\8.0.300\Extensions\Microsoft.VisualStudio.TestPlatform.Extensions.Trx.TestLogger.dll'
TpTrace Verbose: 0 : 19580, 1, 2024/07/19, 00:14:39.866, 2705652401308, vstest.console.dll, TestPluginCache: Discovered the extensions using extension path ''.
TpTrace Verbose: 0 : 19580, 1, 2024/07/19, 00:14:39.866, 2705652402762, vstest.console.dll, TestPluginCache: Discoverers are ''.
TpTrace Verbose: 0 : 19580, 1, 2024/07/19, 00:14:39.866, 2705652403395, vstest.console.dll, TestPluginCache: Executors are ''.
TpTrace Verbose: 0 : 19580, 1, 2024/07/19, 00:14:39.866, 2705652403971, vstest.console.dll, TestPluginCache: Executors2 are ''.
TpTrace Verbose: 0 : 19580, 1, 2024/07/19, 00:14:39.866, 2705652404527, vstest.console.dll, TestPluginCache: Setting providers are ''.
TpTrace Verbose: 0 : 19580, 1, 2024/07/19, 00:14:39.866, 2705652405087, vstest.console.dll, TestPluginCache: Loggers are ''.
TpTrace Verbose: 0 : 19580, 1, 2024/07/19, 00:14:39.866, 2705652407875, vstest.console.dll, TestPluginCache: TestHosts are 'HostProvider://DefaultTestHost,HostProvider://DotnetTestHost'.
TpTrace Verbose: 0 : 19580, 1, 2024/07/19, 00:14:39.867, 2705652408586, vstest.console.dll, TestPluginCache: DataCollectors are ''.
TpTrace Information: 0 : 19580, 1, 2024/07/19, 00:14:39.888, 2705652621872, vstest.console.dll, RunTestsArgumentProcessor:Execute: Test run is starting.
TpTrace Verbose: 0 : 19580, 1, 2024/07/19, 00:14:39.888, 2705652623318, vstest.console.dll, RunTestsArgumentProcessor:Execute: Queuing Test run.
TpTrace Information: 0 : 19580, 1, 2024/07/19, 00:14:39.888, 2705652626732, vstest.console.dll, TestRequestManager.RunTests: run tests started.
TpTrace Information: 0 : 19580, 1, 2024/07/19, 00:14:39.890, 2705652645037, vstest.console.dll, AssemblyMetadataProvider.GetFrameworkName: Determined framework:'.NETCoreApp,Version=v6.0' for source: 'C:\Users\PC\source\repos\ExerciseSeleniumWaits\ExerciseSeleniumWaits\bin\Debug\net6.0\fine-code-coverage\build-output\SearchWithImplicitWait.dll'
TpTrace Information: 0 : 19580, 1, 2024/07/19, 00:14:39.891, 2705652648133, vstest.console.dll, Determined framework for all sources: .NETCoreApp,Version=v6.0
TpTrace Verbose: 0 : 19580, 1, 2024/07/19, 00:14:39.891, 2705652653222, vstest.console.dll, TestRequestManager.UpdateRunSettingsIfRequired: Default architecture: X64 IsDefaultTargetArchitecture: True, Current process architecture: X64 OperatingSystem: Windows.
TpTrace Information: 0 : 19580, 1, 2024/07/19, 00:14:39.894, 2705652681408, vstest.console.dll, AssemblyMetadataProvider.GetArchitecture: Determined architecture:AnyCPU info for assembly: C:\Users\PC\source\repos\ExerciseSeleniumWaits\ExerciseSeleniumWaits\bin\Debug\net6.0\fine-code-coverage\build-output\SearchWithImplicitWait.dll
TpTrace Information: 0 : 19580, 1, 2024/07/19, 00:14:39.894, 2705652682833, vstest.console.dll, Determined platform for source 'C:\Users\PC\source\repos\ExerciseSeleniumWaits\ExerciseSeleniumWaits\bin\Debug\net6.0\fine-code-coverage\build-output\SearchWithImplicitWait.dll' was AnyCPU and it will use the default plaform X64.
TpTrace Information: 0 : 19580, 1, 2024/07/19, 00:14:39.894, 2705652683492, vstest.console.dll, None of the sources provided any runnable platform, using the default platform: X64
TpTrace Information: 0 : 19580, 1, 2024/07/19, 00:14:39.894, 2705652685145, vstest.console.dll, Platform was updated to 'X64'.
TpTrace Information: 0 : 19580, 1, 2024/07/19, 00:14:39.899, 2705652731586, vstest.console.dll, InferRunSettingsHelper.IsTestSettingsEnabled: Unable to navigate to RunSettings/MSTest. Current node: RunSettings
TpTrace Information: 0 : 19580, 1, 2024/07/19, 00:14:39.900, 2705652741191, vstest.console.dll, AssemblyResolver.OnResolve: Microsoft.VisualStudio.TestPlatform.Fakes: Resolving assembly.
TpTrace Information: 0 : 19580, 1, 2024/07/19, 00:14:39.900, 2705652742209, vstest.console.dll, AssemblyResolver.OnResolve: Microsoft.VisualStudio.TestPlatform.Fakes: Searching in: 'C:\Program Files\dotnet\sdk\8.0.300\Extensions'.
TpTrace Information: 0 : 19580, 1, 2024/07/19, 00:14:39.900, 2705652743943, vstest.console.dll, AssemblyResolver.OnResolve: Microsoft.VisualStudio.TestPlatform.Fakes: Assembly path does not exist: 'C:\Program Files\dotnet\sdk\8.0.300\Extensions\Microsoft.VisualStudio.TestPlatform.Fakes.dll', returning.
TpTrace Information: 0 : 19580, 1, 2024/07/19, 00:14:39.900, 2705652745116, vstest.console.dll, AssemblyResolver.OnResolve: Microsoft.VisualStudio.TestPlatform.Fakes: Assembly path does not exist: 'C:\Program Files\dotnet\sdk\8.0.300\Extensions\Microsoft.VisualStudio.TestPlatform.Fakes.exe', returning.
TpTrace Information: 0 : 19580, 1, 2024/07/19, 00:14:39.900, 2705652745738, vstest.console.dll, AssemblyResolver.OnResolve: Microsoft.VisualStudio.TestPlatform.Fakes: Searching in: 'C:\Program Files\dotnet\sdk\8.0.300'.
TpTrace Information: 0 : 19580, 1, 2024/07/19, 00:14:39.900, 2705652746807, vstest.console.dll, AssemblyResolver.OnResolve: Microsoft.VisualStudio.TestPlatform.Fakes: Assembly path does not exist: 'C:\Program Files\dotnet\sdk\8.0.300\Microsoft.VisualStudio.TestPlatform.Fakes.dll', returning.
TpTrace Information: 0 : 19580, 1, 2024/07/19, 00:14:39.900, 2705652747983, vstest.console.dll, AssemblyResolver.OnResolve: Microsoft.VisualStudio.TestPlatform.Fakes: Assembly path does not exist: 'C:\Program Files\dotnet\sdk\8.0.300\Microsoft.VisualStudio.TestPlatform.Fakes.exe', returning.
TpTrace Information: 0 : 19580, 1, 2024/07/19, 00:14:39.901, 2705652748712, vstest.console.dll, AssemblyResolver.OnResolve: Microsoft.VisualStudio.TestPlatform.Fakes: Failed to load assembly.
TpTrace Information: 0 : 19580, 1, 2024/07/19, 00:14:39.901, 2705652752730, vstest.console.dll, Failed to load assembly Microsoft.VisualStudio.TestPlatform.Fakes, Version=17.0.0.0, Culture=neutral. Reason:System.IO.FileNotFoundException: Could not load file or assembly 'Microsoft.VisualStudio.TestPlatform.Fakes, Version=17.0.0.0, Culture=neutral, PublicKeyToken=null'. The system cannot find the file specified.
File name: 'Microsoft.VisualStudio.TestPlatform.Fakes, Version=17.0.0.0, Culture=neutral, PublicKeyToken=null'
   at System.Reflection.RuntimeAssembly.InternalLoad(AssemblyName assemblyName, StackCrawlMark& stackMark, AssemblyLoadContext assemblyLoadContext, RuntimeAssembly requestingAssembly, Boolean throwOnFileNotFound)
   at System.Reflection.Assembly.Load(AssemblyName assemblyRef)
   at Microsoft.VisualStudio.TestPlatform.Common.Utilities.FakesUtilities.LoadTestPlatformAssembly() in /_/src/Microsoft.TestPlatform.Common/Utilities/FakesUtilities.cs:line 272
TpTrace Verbose: 0 : 19580, 1, 2024/07/19, 00:14:39.905, 2705652796384, vstest.console.dll, TestPluginCache.DiscoverTestExtensions: finding test extensions in assemblies ends with: TestLogger.dll TPluginInfo: Microsoft.VisualStudio.TestPlatform.Common.ExtensionFramework.Utilities.TestLoggerPluginInformation TExtension: Microsoft.VisualStudio.TestPlatform.ObjectModel.Client.ITestLogger
TpTrace Verbose: 0 : 19580, 1, 2024/07/19, 00:14:39.905, 2705652798010, vstest.console.dll, TestPluginCache.GetExtensionPaths: Filtered extension paths: 
TpTrace Verbose: 0 : 19580, 1, 2024/07/19, 00:14:39.906, 2705652798806, vstest.console.dll, TestPluginCache.GetExtensionPaths: Added default extension paths: C:\Program Files\dotnet\sdk\8.0.300\Extensions\Microsoft.Diagnostics.NETCore.Client.dll
C:\Program Files\dotnet\sdk\8.0.300\Extensions\Microsoft.TestPlatform.Extensions.BlameDataCollector.dll
C:\Program Files\dotnet\sdk\8.0.300\Extensions\Microsoft.TestPlatform.Extensions.EventLogCollector.dll
C:\Program Files\dotnet\sdk\8.0.300\Extensions\Microsoft.TestPlatform.TestHostRuntimeProvider.dll
C:\Program Files\dotnet\sdk\8.0.300\Extensions\Microsoft.VisualStudio.TestPlatform.Extensions.Html.TestLogger.dll
C:\Program Files\dotnet\sdk\8.0.300\Extensions\Microsoft.VisualStudio.TestPlatform.Extensions.Trx.TestLogger.dll
TpTrace Verbose: 0 : 19580, 1, 2024/07/19, 00:14:39.906, 2705652799683, vstest.console.dll, TestPluginCache.GetExtensionPaths: Added unfilterableExtensionPaths: 
TpTrace Information: 0 : 19580, 1, 2024/07/19, 00:14:39.908, 2705652818086, vstest.console.dll, AssemblyResolver.AddSearchDirectories: Adding more searchDirectories C:\Program Files\dotnet\sdk\8.0.300\Extensions,C:\Program Files\dotnet\sdk\8.0.300
TpTrace Verbose: 0 : 19580, 1, 2024/07/19, 00:14:39.908, 2705652820936, vstest.console.dll, TestPluginCache.DiscoverTestExtensions: Discovering the extensions using extension path.
TpTrace Verbose: 0 : 19580, 1, 2024/07/19, 00:14:39.908, 2705652822253, vstest.console.dll, TestPluginCache.GetExtensionPaths: Filtered extension paths: 
TpTrace Verbose: 0 : 19580, 1, 2024/07/19, 00:14:39.908, 2705652823409, vstest.console.dll, TestPluginCache.GetExtensionPaths: Added default extension paths: C:\Program Files\dotnet\sdk\8.0.300\Extensions\Microsoft.Diagnostics.NETCore.Client.dll
C:\Program Files\dotnet\sdk\8.0.300\Extensions\Microsoft.TestPlatform.Extensions.BlameDataCollector.dll
C:\Program Files\dotnet\sdk\8.0.300\Extensions\Microsoft.TestPlatform.Extensions.EventLogCollector.dll
C:\Program Files\dotnet\sdk\8.0.300\Extensions\Microsoft.TestPlatform.TestHostRuntimeProvider.dll
C:\Program Files\dotnet\sdk\8.0.300\Extensions\Microsoft.VisualStudio.TestPlatform.Extensions.Html.TestLogger.dll
C:\Program Files\dotnet\sdk\8.0.300\Extensions\Microsoft.VisualStudio.TestPlatform.Extensions.Trx.TestLogger.dll
TpTrace Verbose: 0 : 19580, 1, 2024/07/19, 00:14:39.908, 2705652824603, vstest.console.dll, TestPluginCache.GetExtensionPaths: Added unfilterableExtensionPaths: 
TpTrace Verbose: 0 : 19580, 1, 2024/07/19, 00:14:39.908, 2705652825337, vstest.console.dll, TestPluginCache.DiscoverTestExtensions: Discovering the extensions using allExtensionPaths: C:\Program Files\dotnet\sdk\8.0.300\Extensions\Microsoft.Diagnostics.NETCore.Client.dll
C:\Program Files\dotnet\sdk\8.0.300\Extensions\Microsoft.TestPlatform.Extensions.BlameDataCollector.dll
C:\Program Files\dotnet\sdk\8.0.300\Extensions\Microsoft.TestPlatform.Extensions.EventLogCollector.dll
C:\Program Files\dotnet\sdk\8.0.300\Extensions\Microsoft.TestPlatform.TestHostRuntimeProvider.dll
C:\Program Files\dotnet\sdk\8.0.300\Extensions\Microsoft.VisualStudio.TestPlatform.Extensions.Html.TestLogger.dll
C:\Program Files\dotnet\sdk\8.0.300\Extensions\Microsoft.VisualStudio.TestPlatform.Extensions.Trx.TestLogger.dll
TpTrace Information: 0 : 19580, 1, 2024/07/19, 00:14:39.908, 2705652827114, vstest.console.dll, AssemblyResolver.AddSearchDirectories: Adding more searchDirectories C:\Program Files\dotnet\sdk\8.0.300\Extensions,C:\Program Files\dotnet\sdk\8.0.300
TpTrace Information: 0 : 19580, 1, 2024/07/19, 00:14:39.908, 2705652827895, vstest.console.dll, AssemblyResolver.AddSearchDirectories: Adding more searchDirectories C:\Program Files\dotnet\sdk\8.0.300\Extensions,C:\Program Files\dotnet\sdk\8.0.300
TpTrace Information: 0 : 19580, 1, 2024/07/19, 00:14:39.909, 2705652828664, vstest.console.dll, AssemblyResolver.AddSearchDirectories: Adding more searchDirectories C:\Program Files\dotnet\sdk\8.0.300\Extensions,C:\Program Files\dotnet\sdk\8.0.300
TpTrace Information: 0 : 19580, 1, 2024/07/19, 00:14:39.909, 2705652829609, vstest.console.dll, AssemblyResolver.AddSearchDirectories: Adding more searchDirectories C:\Program Files\dotnet\sdk\8.0.300\Extensions,C:\Program Files\dotnet\sdk\8.0.300
TpTrace Information: 0 : 19580, 1, 2024/07/19, 00:14:39.909, 2705652830253, vstest.console.dll, AssemblyResolver.AddSearchDirectories: Adding more searchDirectories C:\Program Files\dotnet\sdk\8.0.300\Extensions,C:\Program Files\dotnet\sdk\8.0.300
TpTrace Information: 0 : 19580, 1, 2024/07/19, 00:14:39.909, 2705652830888, vstest.console.dll, AssemblyResolver.AddSearchDirectories: Adding more searchDirectories C:\Program Files\dotnet\sdk\8.0.300\Extensions,C:\Program Files\dotnet\sdk\8.0.300
TpTrace Verbose: 0 : 19580, 1, 2024/07/19, 00:14:39.909, 2705652832587, vstest.console.dll, MetadataReaderExtensionsHelper: Discovering extensions inside assembly 'Microsoft.Diagnostics.NETCore.Client, Version=0.2.10.15101, Culture=neutral, PublicKeyToken=31bf3856ad364e35' file path 'C:\Program Files\dotnet\sdk\8.0.300\Extensions\Microsoft.Diagnostics.NETCore.Client.dll'
TpTrace Information: 0 : 19580, 1, 2024/07/19, 00:14:39.910, 2705652843974, vstest.console.dll, AssemblyResolver.OnResolve: Microsoft.Bcl.AsyncInterfaces: Resolving assembly.
TpTrace Information: 0 : 19580, 1, 2024/07/19, 00:14:39.910, 2705652844886, vstest.console.dll, AssemblyResolver.OnResolve: Microsoft.Bcl.AsyncInterfaces: Resolved from cache.
TpTrace Verbose: 0 : 19580, 1, 2024/07/19, 00:14:39.910, 2705652845461, vstest.console.dll, CurrentDomainAssemblyResolve: Resolving assembly 'Microsoft.Bcl.AsyncInterfaces'.
TpTrace Information: 0 : 19580, 1, 2024/07/19, 00:14:39.910, 2705652846267, vstest.console.dll, AssemblyResolver.OnResolve: Microsoft.Bcl.AsyncInterfaces: Resolving assembly.
TpTrace Information: 0 : 19580, 1, 2024/07/19, 00:14:39.910, 2705652846868, vstest.console.dll, AssemblyResolver.OnResolve: Microsoft.Bcl.AsyncInterfaces: Resolved from cache.
TpTrace Verbose: 0 : 19580, 1, 2024/07/19, 00:14:39.910, 2705652847407, vstest.console.dll, CurrentDomainAssemblyResolve: Resolving assembly 'Microsoft.Bcl.AsyncInterfaces'.
TpTrace Verbose: 0 : 19580, 1, 2024/07/19, 00:14:39.910, 2705652847932, vstest.console.dll, CurrentDomainAssemblyResolve: Failed to resolve assembly 'Microsoft.Bcl.AsyncInterfaces'.
TpTrace Verbose: 0 : 19580, 1, 2024/07/19, 00:14:39.911, 2705652850226, vstest.console.dll, CurrentDomainAssemblyResolve: Failed to resolve assembly 'Microsoft.Bcl.AsyncInterfaces'.
TpTrace Warning: 0 : 19580, 1, 2024/07/19, 00:14:39.911, 2705652855498, vstest.console.dll, TestPluginDiscoverer: Failed to get types from assembly 'Microsoft.Diagnostics.NETCore.Client, Version=0.2.10.15101, Culture=neutral, PublicKeyToken=31bf3856ad364e35'. Error: System.Reflection.ReflectionTypeLoadException: Unable to load one or more of the requested types.
Could not load file or assembly 'Microsoft.Bcl.AsyncInterfaces, Version=6.0.0.0, Culture=neutral, PublicKeyToken=cc7b13ffcd2ddd51'. The system cannot find the file specified.
   at System.Reflection.RuntimeModule.GetTypes(RuntimeModule module)
   at System.Reflection.RuntimeModule.GetTypes()
   at Microsoft.VisualStudio.TestPlatform.Common.ExtensionFramework.TestPluginDiscoverer.GetTestExtensionsFromAssembly[TPluginInfo,TExtension](Assembly assembly, Dictionary`2 pluginInfos, String filePath) in /_/src/Microsoft.TestPlatform.Common/ExtensionFramework/TestPluginDiscoverer.cs:line 158
System.IO.FileNotFoundException: Could not load file or assembly 'Microsoft.Bcl.AsyncInterfaces, Version=6.0.0.0, Culture=neutral, PublicKeyToken=cc7b13ffcd2ddd51'. The system cannot find the file specified.
File name: 'Microsoft.Bcl.AsyncInterfaces, Version=6.0.0.0, Culture=neutral, PublicKeyToken=cc7b13ffcd2ddd51'
 ---> System.IO.FileNotFoundException: Could not load file or assembly 'Microsoft.Bcl.AsyncInterfaces, Culture=neutral, PublicKeyToken=null'. The system cannot find the file specified.
File name: 'Microsoft.Bcl.AsyncInterfaces, Culture=neutral, PublicKeyToken=null'
   at System.Reflection.RuntimeAssembly.InternalLoad(AssemblyName assemblyName, StackCrawlMark& stackMark, AssemblyLoadContext assemblyLoadContext, RuntimeAssembly requestingAssembly, Boolean throwOnFileNotFound)
   at System.Reflection.Assembly.Load(AssemblyName assemblyRef)
   at Microsoft.VisualStudio.TestPlatform.Common.ExtensionFramework.TestPluginCache.CurrentDomainAssemblyResolve(Object sender, AssemblyResolveEventArgs args) in /_/src/Microsoft.TestPlatform.Common/ExtensionFramework/TestPluginCache.cs:line 513
   at System.Runtime.Loader.AssemblyLoadContext.GetFirstResolvedAssemblyFromResolvingEvent(AssemblyName assemblyName)
   at System.Runtime.Loader.AssemblyLoadContext.ResolveUsingEvent(AssemblyName assemblyName)
   at System.Runtime.Loader.AssemblyLoadContext.ResolveUsingResolvingEvent(IntPtr gchManagedAssemblyLoadContext, AssemblyName assemblyName)
TpTrace Warning: 0 : 19580, 1, 2024/07/19, 00:14:39.911, 2705652857727, vstest.console.dll, LoaderExceptions: System.IO.FileNotFoundException: Could not load file or assembly 'Microsoft.Bcl.AsyncInterfaces, Version=6.0.0.0, Culture=neutral, PublicKeyToken=cc7b13ffcd2ddd51'. The system cannot find the file specified.
File name: 'Microsoft.Bcl.AsyncInterfaces, Version=6.0.0.0, Culture=neutral, PublicKeyToken=cc7b13ffcd2ddd51'
 ---> System.IO.FileNotFoundException: Could not load file or assembly 'Microsoft.Bcl.AsyncInterfaces, Culture=neutral, PublicKeyToken=null'. The system cannot find the file specified.
File name: 'Microsoft.Bcl.AsyncInterfaces, Culture=neutral, PublicKeyToken=null'
   at System.Reflection.RuntimeAssembly.InternalLoad(AssemblyName assemblyName, StackCrawlMark& stackMark, AssemblyLoadContext assemblyLoadContext, RuntimeAssembly requestingAssembly, Boolean throwOnFileNotFound)
   at System.Reflection.Assembly.Load(AssemblyName assemblyRef)
   at Microsoft.VisualStudio.TestPlatform.Common.ExtensionFramework.TestPluginCache.CurrentDomainAssemblyResolve(Object sender, AssemblyResolveEventArgs args) in /_/src/Microsoft.TestPlatform.Common/ExtensionFramework/TestPluginCache.cs:line 513
   at System.Runtime.Loader.AssemblyLoadContext.GetFirstResolvedAssemblyFromResolvingEvent(AssemblyName assemblyName)
   at System.Runtime.Loader.AssemblyLoadContext.ResolveUsingEvent(AssemblyName assemblyName)
   at System.Runtime.Loader.AssemblyLoadContext.ResolveUsingResolvingEvent(IntPtr gchManagedAssemblyLoadContext, AssemblyName assemblyName)
TpTrace Verbose: 0 : 19580, 1, 2024/07/19, 00:14:39.912, 2705652859246, vstest.console.dll, MetadataReaderExtensionsHelper: Discovering extensions inside assembly 'Microsoft.TestPlatform.Extensions.BlameDataCollector, Version=15.0.0.0, Culture=neutral, PublicKeyToken=b03f5f7f11d50a3a' file path 'C:\Program Files\dotnet\sdk\8.0.300\Extensions\Microsoft.TestPlatform.Extensions.BlameDataCollector.dll'
TpTrace Information: 0 : 19580, 1, 2024/07/19, 00:14:39.913, 2705652870176, vstest.console.dll, GetTestExtensionFromType: Register extension with identifier data 'logger://Microsoft/TestPlatform/Extensions/Blame/v1' and type 'Microsoft.TestPlatform.Extensions.BlameDataCollector.BlameLogger, Microsoft.TestPlatform.Extensions.BlameDataCollector, Version=15.0.0.0, Culture=neutral, PublicKeyToken=b03f5f7f11d50a3a' inside file 'C:\Program Files\dotnet\sdk\8.0.300\Extensions\Microsoft.TestPlatform.Extensions.BlameDataCollector.dll'
TpTrace Verbose: 0 : 19580, 1, 2024/07/19, 00:14:39.913, 2705652871361, vstest.console.dll, MetadataReaderExtensionsHelper: Discovering extensions inside assembly 'Microsoft.TestPlatform.Extensions.EventLogCollector, Version=15.0.0.0, Culture=neutral, PublicKeyToken=b03f5f7f11d50a3a' file path 'C:\Program Files\dotnet\sdk\8.0.300\Extensions\Microsoft.TestPlatform.Extensions.EventLogCollector.dll'
TpTrace Verbose: 0 : 19580, 1, 2024/07/19, 00:14:39.914, 2705652879228, vstest.console.dll, MetadataReaderExtensionsHelper: Discovering extensions inside assembly 'Microsoft.TestPlatform.TestHostRuntimeProvider, Version=15.0.0.0, Culture=neutral, PublicKeyToken=b03f5f7f11d50a3a' file path 'C:\Program Files\dotnet\sdk\8.0.300\Extensions\Microsoft.TestPlatform.TestHostRuntimeProvider.dll'
TpTrace Verbose: 0 : 19580, 1, 2024/07/19, 00:14:39.914, 2705652886302, vstest.console.dll, MetadataReaderExtensionsHelper: Discovering extensions inside assembly 'Microsoft.VisualStudio.TestPlatform.Extensions.Html.TestLogger, Version=15.0.0.0, Culture=neutral, PublicKeyToken=b03f5f7f11d50a3a' file path 'C:\Program Files\dotnet\sdk\8.0.300\Extensions\Microsoft.VisualStudio.TestPlatform.Extensions.Html.TestLogger.dll'
TpTrace Information: 0 : 19580, 1, 2024/07/19, 00:14:39.915, 2705652897661, vstest.console.dll, GetTestExtensionFromType: Register extension with identifier data 'logger://Microsoft/TestPlatform/HtmlLogger/v1' and type 'Microsoft.VisualStudio.TestPlatform.Extensions.HtmlLogger.HtmlLogger, Microsoft.VisualStudio.TestPlatform.Extensions.Html.TestLogger, Version=15.0.0.0, Culture=neutral, PublicKeyToken=b03f5f7f11d50a3a' inside file 'C:\Program Files\dotnet\sdk\8.0.300\Extensions\Microsoft.VisualStudio.TestPlatform.Extensions.Html.TestLogger.dll'
TpTrace Verbose: 0 : 19580, 1, 2024/07/19, 00:14:39.916, 2705652899296, vstest.console.dll, MetadataReaderExtensionsHelper: Discovering extensions inside assembly 'Microsoft.VisualStudio.TestPlatform.Extensions.Trx.TestLogger, Version=15.0.0.0, Culture=neutral, PublicKeyToken=b03f5f7f11d50a3a' file path 'C:\Program Files\dotnet\sdk\8.0.300\Extensions\Microsoft.VisualStudio.TestPlatform.Extensions.Trx.TestLogger.dll'
TpTrace Information: 0 : 19580, 1, 2024/07/19, 00:14:39.917, 2705652908504, vstest.console.dll, GetTestExtensionFromType: Register extension with identifier data 'logger://Microsoft/TestPlatform/TrxLogger/v1' and type 'Microsoft.VisualStudio.TestPlatform.Extensions.TrxLogger.TrxLogger, Microsoft.VisualStudio.TestPlatform.Extensions.Trx.TestLogger, Version=15.0.0.0, Culture=neutral, PublicKeyToken=b03f5f7f11d50a3a' inside file 'C:\Program Files\dotnet\sdk\8.0.300\Extensions\Microsoft.VisualStudio.TestPlatform.Extensions.Trx.TestLogger.dll'
TpTrace Verbose: 0 : 19580, 1, 2024/07/19, 00:14:39.917, 2705652909958, vstest.console.dll, TestPluginCache: Discovered the extensions using extension path ''.
TpTrace Verbose: 0 : 19580, 1, 2024/07/19, 00:14:39.917, 2705652910561, vstest.console.dll, TestPluginCache: Discoverers are ''.
TpTrace Verbose: 0 : 19580, 1, 2024/07/19, 00:14:39.917, 2705652911084, vstest.console.dll, TestPluginCache: Executors are ''.
TpTrace Verbose: 0 : 19580, 1, 2024/07/19, 00:14:39.917, 2705652911591, vstest.console.dll, TestPluginCache: Executors2 are ''.
TpTrace Verbose: 0 : 19580, 1, 2024/07/19, 00:14:39.917, 2705652912113, vstest.console.dll, TestPluginCache: Setting providers are ''.
TpTrace Verbose: 0 : 19580, 1, 2024/07/19, 00:14:39.917, 2705652913412, vstest.console.dll, TestPluginCache: Loggers are 'logger://Microsoft/TestPlatform/Extensions/Blame/v1,logger://Microsoft/TestPlatform/HtmlLogger/v1,logger://Microsoft/TestPlatform/TrxLogger/v1'.
TpTrace Verbose: 0 : 19580, 1, 2024/07/19, 00:14:39.917, 2705652914292, vstest.console.dll, TestPluginCache: TestHosts are 'HostProvider://DefaultTestHost,HostProvider://DotnetTestHost'.
TpTrace Verbose: 0 : 19580, 1, 2024/07/19, 00:14:39.917, 2705652914869, vstest.console.dll, TestPluginCache: DataCollectors are ''.
TpTrace Information: 0 : 19580, 1, 2024/07/19, 00:14:39.918, 2705652927615, vstest.console.dll, TestPluginManager.CreateTestExtension: Attempting to load test extension: Microsoft.TestPlatform.Extensions.BlameDataCollector.BlameLogger
TpTrace Verbose: 0 : 19580, 1, 2024/07/19, 00:14:39.930, 2705653041721, vstest.console.dll, TestEngine: Initializing Parallel Execution as MaxCpuCount is set to: 1
TpTrace Information: 0 : 19580, 1, 2024/07/19, 00:14:39.932, 2705653062276, vstest.console.dll, TestPluginManager.CreateTestExtension: Attempting to load test extension: Microsoft.VisualStudio.TestPlatform.CrossPlatEngine.Hosting.DefaultTestHostManager
TpTrace Information: 0 : 19580, 1, 2024/07/19, 00:14:39.934, 2705653080280, vstest.console.dll, TestPluginManager.CreateTestExtension: Attempting to load test extension: Microsoft.VisualStudio.TestPlatform.CrossPlatEngine.Hosting.DotnetTestHostManager
TpTrace Information: 0 : 19580, 1, 2024/07/19, 00:14:39.935, 2705653089573, vstest.console.dll, InferRunSettingsHelper.IsTestSettingsEnabled: Unable to navigate to RunSettings/MSTest. Current node: RunSettings
TpTrace Verbose: 0 : 19580, 1, 2024/07/19, 00:14:39.936, 2705653098534, vstest.console.dll, ParallelOperationManager.ClearSlots: Clearing all slots. Slots should accept more work: True
TpTrace Verbose: 0 : 19580, 1, 2024/07/19, 00:14:39.936, 2705653107727, vstest.console.dll, ParallelOperationManager.SetOccupiedSlotCount: Setting slot counts AvailableSlotCount = 1, OccupiedSlotCount = 0.
TpTrace Verbose: 0 : 19580, 1, 2024/07/19, 00:14:39.937, 2705653113685, vstest.console.dll, Occupied slots:

TpTrace Verbose: 0 : 19580, 1, 2024/07/19, 00:14:39.942, 2705653167957, vstest.console.dll, TestEngine.GetExecutionManager: Chosen execution manager 'Microsoft.VisualStudio.TestPlatform.CrossPlatEngine.Client.Parallel.ParallelProxyExecutionManager, Microsoft.TestPlatform.CrossPlatEngine, Version=15.0.0.0, Culture=neutral, PublicKeyToken=b03f5f7f11d50a3a' ParallelLevel '1'.
TpTrace Verbose: 0 : 19580, 1, 2024/07/19, 00:14:39.943, 2705653170700, vstest.console.dll, TestRunRequest.ExecuteAsync: Creating test run request.
TpTrace Verbose: 0 : 19580, 1, 2024/07/19, 00:14:39.943, 2705653173980, vstest.console.dll, TestRunRequest.ExecuteAsync: Starting.
TpTrace Information: 0 : 19580, 1, 2024/07/19, 00:14:39.946, 2705653205653, vstest.console.dll, TestRunRequest.ExecuteAsync: Starting run with settings:TestRunCriteria:
   KeepAlive=False,FrequencyOfRunStatsChangeEvent=10,RunStatsChangeEventTimeout=00:00:01.5000000,TestCaseFilter=,TestExecutorLauncher=
   Settingsxml=<RunSettings>
  <RunConfiguration>
    <ResultsDirectory>C:\Users\PC\source\repos\ExerciseSeleniumWaits\ExerciseSeleniumWaits\bin\Debug\net6.0\fine-code-coverage\coverage-tool-output</ResultsDirectory>
    <TargetPlatform>X64</TargetPlatform>
    <TargetFrameworkVersion>.NETCoreApp,Version=v6.0</TargetFrameworkVersion>
    <DesignMode>False</DesignMode>
    <CollectSourceInformation>False</CollectSourceInformation>
  </RunConfiguration>
  <LoggerRunSettings>
    <Loggers>
      <Logger friendlyName="blame" enabled="True" />
      <Logger friendlyName="Console" uri="logger://microsoft/TestPlatform/ConsoleLogger/v1" assemblyQualifiedName="Microsoft.VisualStudio.TestPlatform.CommandLine.Internal.ConsoleLogger, vstest.console, Version=15.0.0.0, Culture=neutral, PublicKeyToken=b03f5f7f11d50a3a" codeBase="C:\Program Files\dotnet\sdk\8.0.300\vstest.console.dll" enabled="True" />
    </Loggers>
  </LoggerRunSettings>
  <DataCollectionRunSettings>
    <DataCollectors>
      <DataCollector friendlyName="blame" enabled="True">
        <Configuration>
          <ResultsDirectory>C:\Users\PC\source\repos\ExerciseSeleniumWaits\ExerciseSeleniumWaits\bin\Debug\net6.0\fine-code-coverage\coverage-tool-output</ResultsDirectory>
        </Configuration>
      </DataCollector>
    </DataCollectors>
  </DataCollectionRunSettings>
</RunSettings>

TpTrace Verbose: 0 : 19580, 1, 2024/07/19, 00:14:39.946, 2705653206865, vstest.console.dll, TestRunRequest.ExecuteAsync: Wait for the first run request is over.
TpTrace Verbose: 0 : 19580, 1, 2024/07/19, 00:14:39.947, 2705653211826, vstest.console.dll, MulticastDelegateUtilities.SafeInvoke: TestRun.TestRunStart: Invoking callbacks was skipped because there are no subscribers.
TpTrace Verbose: 0 : 19580, 4, 2024/07/19, 00:14:39.947, 2705653215852, vstest.console.dll, MulticastDelegateUtilities.SafeInvoke: InternalTestLoggerEvents.SendTestRunStart: Invoking callback 1/1 for Microsoft.VisualStudio.TestPlatform.CommandLine.Internal.ConsoleLogger., took 0 ms.
TpTrace Verbose: 0 : 19580, 1, 2024/07/19, 00:14:39.948, 2705653228044, vstest.console.dll, ParallelProxyExecutionManager: Start execution. Total sources: 1
TpTrace Verbose: 0 : 19580, 1, 2024/07/19, 00:14:39.949, 2705653233166, vstest.console.dll, ParallelOperationManager.StartWork: Starting adding 1 workloads.
TpTrace Verbose: 0 : 19580, 1, 2024/07/19, 00:14:39.949, 2705653234248, vstest.console.dll, ParallelOperationManager.ClearSlots: Clearing all slots. Slots should accept more work: True
TpTrace Verbose: 0 : 19580, 1, 2024/07/19, 00:14:39.949, 2705653235406, vstest.console.dll, ParallelOperationManager.SetOccupiedSlotCount: Setting slot counts AvailableSlotCount = 1, OccupiedSlotCount = 0.
TpTrace Verbose: 0 : 19580, 1, 2024/07/19, 00:14:39.949, 2705653236131, vstest.console.dll, Occupied slots:

TpTrace Verbose: 0 : 19580, 1, 2024/07/19, 00:14:39.951, 2705653255618, vstest.console.dll, TestRequestSender is acting as server.
TpTrace Verbose: 0 : 19580, 1, 2024/07/19, 00:14:39.953, 2705653272192, vstest.console.dll, ParallelOperationManager.RunWorkInParallel: Adding 1 workload to slot, remaining workloads 0.
TpTrace Verbose: 0 : 19580, 1, 2024/07/19, 00:14:39.953, 2705653273324, vstest.console.dll, ParallelOperationManager.SetOccupiedSlotCount: Setting slot counts AvailableSlotCount = 0, OccupiedSlotCount = 1.
TpTrace Verbose: 0 : 19580, 1, 2024/07/19, 00:14:39.953, 2705653275034, vstest.console.dll, Occupied slots:
0: C:\Users\PC\source\repos\ExerciseSeleniumWaits\ExerciseSeleniumWaits\bin\Debug\net6.0\fine-code-coverage\build-output\SearchWithImplicitWait.dll
TpTrace Verbose: 0 : 19580, 1, 2024/07/19, 00:14:39.955, 2705653290955, vstest.console.dll, ParallelOperationManager.RunWorkInParallel: Started host in slot number 0 for work (source): C:\Users\PC\source\repos\ExerciseSeleniumWaits\ExerciseSeleniumWaits\bin\Debug\net6.0\fine-code-coverage\build-output\SearchWithImplicitWait.dll.
TpTrace Verbose: 0 : 19580, 1, 2024/07/19, 00:14:39.956, 2705653304387, vstest.console.dll, ParallelOperationManager.RunWorkInParallel: We started 1 work items, which is the max parallel level. Won't start more work.
TpTrace Verbose: 0 : 19580, 1, 2024/07/19, 00:14:39.956, 2705653306131, vstest.console.dll, ParallelOperationManager.RunWorkInParallel: We started 1 work items in here, returning True.
TpTrace Information: 0 : 19580, 1, 2024/07/19, 00:14:39.956, 2705653307254, vstest.console.dll, TestRunRequest.ExecuteAsync: Started.
TpTrace Verbose: 0 : 19580, 5, 2024/07/19, 00:14:39.957, 2705653315786, vstest.console.dll, ParallelProxyExecutionManager.StartTestRunOnConcurrentManager: Initializing uninitialized client. Started clients: 0
TpTrace Verbose: 0 : 19580, 5, 2024/07/19, 00:14:39.958, 2705653319925, vstest.console.dll, DataCollectionRequestSender.InitializeCommunication : Initialize communication. 
TpTrace Verbose: 0 : 19580, 1, 2024/07/19, 00:14:39.959, 2705653329476, vstest.console.dll, TestRunRequest.WaitForCompletion: Waiting with timeout -1.
TpTrace Information: 0 : 19580, 5, 2024/07/19, 00:14:39.969, 2705653429003, vstest.console.dll, Listening on Endpoint : 127.0.0.1:54558
TpTrace Verbose: 0 : 19580, 5, 2024/07/19, 00:14:39.977, 2705653516950, vstest.console.dll, DotnetDataCollectionLauncher: Adding  --runtimeconfig "C:\Program Files\dotnet\sdk\8.0.300\datacollector.runtimeconfig.json" in args
TpTrace Verbose: 0 : 19580, 5, 2024/07/19, 00:14:39.978, 2705653518888, vstest.console.dll, DotnetDataCollectionLauncher: Adding  --depsfile "C:\Program Files\dotnet\sdk\8.0.300\datacollector.deps.json" in args
TpTrace Verbose: 0 : 19580, 5, 2024/07/19, 00:14:39.978, 2705653522277, vstest.console.dll, DotnetDataCollectionLauncher: Full path of dotnet.exe is C:\Program Files\dotnet\dotnet.exe
TpTrace Information: 0 : 19580, 5, 2024/07/19, 00:14:39.988, 2705653627907, vstest.console.dll, ProxyDataCollectionManager.Initialize: Launched datacollector processId: 14540 port: 54558
TpTrace Information: 0 : 19580, 5, 2024/07/19, 00:14:39.989, 2705653630570, vstest.console.dll, ProxyDataCollectionManager.Initialize: waiting for connection with timeout: 90 seconds
TpTrace Verbose: 0 : 19580, 5, 2024/07/19, 00:14:39.989, 2705653631974, vstest.console.dll, DataCollectionRequestSender.WaitForRequestHandlerConnection : Waiting for connection with timeout: 90000
TpTrace Information: 0 : 19580, 7, 2024/07/19, 00:14:40.216, 2705655907293, vstest.console.dll, Using the buffer size of 16384 bytes
TpTrace Verbose: 0 : 19580, 5, 2024/07/19, 00:14:40.216, 2705655907371, vstest.console.dll, SocketCommunicationManager.WaitForClientConnection took: 227 ms, with 90000 ms timeout, and finished with True.
TpTrace Information: 0 : 19580, 7, 2024/07/19, 00:14:40.217, 2705655909436, vstest.console.dll, Accepted Client request and set the flag
TpTrace Verbose: 0 : 19580, 5, 2024/07/19, 00:14:40.217, 2705655911619, vstest.console.dll, ProxyDataCollectionManager.InvokeDataCollectionServiceAction: Starting.
TpTrace Information: 0 : 19580, 5, 2024/07/19, 00:14:40.217, 2705655913627, vstest.console.dll, ProxyDataCollectionManager.BeforeTestRunStart: Get environment variable and port for datacollector processId: 14540 port: 54558
TpTrace Verbose: 0 : 19580, 5, 2024/07/19, 00:14:40.217, 2705655916266, vstest.console.dll, DataCollectionRequestSender.SendBeforeTestRunStartAndGetResult: Send BeforeTestRunStart message with settingsXml <RunSettings><RunConfiguration><ResultsDirectory>C:\Users\PC\source\repos\ExerciseSeleniumWaits\ExerciseSeleniumWaits\bin\Debug\net6.0\fine-code-coverage\coverage-tool-output</ResultsDirectory><TargetPlatform>X64</TargetPlatform><TargetFrameworkVersion>.NETCoreApp,Version=v6.0</TargetFrameworkVersion><DesignMode>False</DesignMode><CollectSourceInformation>False</CollectSourceInformation><TestAdaptersPaths>C:\Program Files\dotnet\sdk\8.0.300\Extensions</TestAdaptersPaths></RunConfiguration><LoggerRunSettings><Loggers><Logger friendlyName="blame" enabled="True" /><Logger friendlyName="Console" uri="logger://microsoft/TestPlatform/ConsoleLogger/v1" assemblyQualifiedName="Microsoft.VisualStudio.TestPlatform.CommandLine.Internal.ConsoleLogger, vstest.console, Version=15.0.0.0, Culture=neutral, PublicKeyToken=b03f5f7f11d50a3a" codeBase="C:\Program Files\dotnet\sdk\8.0.300\vstest.console.dll" enabled="True" /></Loggers></LoggerRunSettings><DataCollectionRunSettings><DataCollectors><DataCollector friendlyName="blame" enabled="True"><Configuration><ResultsDirectory>C:\Users\PC\source\repos\ExerciseSeleniumWaits\ExerciseSeleniumWaits\bin\Debug\net6.0\fine-code-coverage\coverage-tool-output</ResultsDirectory></Configuration></DataCollector></DataCollectors></DataCollectionRunSettings></RunSettings> and sources System.Collections.Generic.List`1[System.String]: 
TpTrace Verbose: 0 : 19580, 5, 2024/07/19, 00:14:40.317, 2705656908663, vstest.console.dll, DataCollectionRequestSender.SendBeforeTestRunStartAndGetResult: Received message: (DataCollection.SendMessage) -> {"MessageType":"DataCollection.SendMessage","Payload":{"FriendlyName":null,"Uri":null,"TestCaseId":"00000000-0000-0000-0000-000000000000","Message":"Logging DataCollector Diagnostics in file: C:\\Users\\PC\\source\\repos\\ExerciseSeleniumWaits\\ExerciseSeleniumWaits\\bin\\Debug\\net6.0\\fine-code-coverage\\coverage-tool-output\\diagnostics.datacollector.24-07-19_00-14-39_97751_5.log","Level":0}}
TpTrace Verbose: 0 : 19580, 5, 2024/07/19, 00:14:40.450, 2705658244567, vstest.console.dll, DataCollectionRequestSender.SendBeforeTestRunStartAndGetResult: Received message: (DataCollection.BeforeTestRunStartResult) -> {"MessageType":"DataCollection.BeforeTestRunStartResult","Payload":{"EnvironmentVariables":{},"DataCollectionEventsPort":54560}}
TpTrace Information: 0 : 19580, 5, 2024/07/19, 00:14:40.456, 2705658307928, vstest.console.dll, ProxyDataCollectionManager.BeforeTestRunStart: SendBeforeTestRunStartAndGetResult successful, env variable from datacollector:   and testhost port: 54560
TpTrace Information: 0 : 19580, 5, 2024/07/19, 00:14:40.457, 2705658309562, vstest.console.dll, ProxyDataCollectionManager.InvokeDataCollectionServiceAction: Completed.
TpTrace Verbose: 0 : 19580, 5, 2024/07/19, 00:14:40.457, 2705658310405, vstest.console.dll, ParallelProxyExecutionManager.StartTestRunOnConcurrentManager: Initializing test run. Started clients: 0
TpTrace Verbose: 0 : 19580, 5, 2024/07/19, 00:14:40.457, 2705658312726, vstest.console.dll, ProxyExecutionManager: Test host is always Lazy initialize.
TpTrace Verbose: 0 : 19580, 5, 2024/07/19, 00:14:40.457, 2705658316006, vstest.console.dll, TestRequestSender.InitializeCommunication: initialize communication. 
TpTrace Information: 0 : 19580, 5, 2024/07/19, 00:14:40.458, 2705658325921, vstest.console.dll, SocketServer.Start: Listening on endpoint : 127.0.0.1:54561
TpTrace Verbose: 0 : 19580, 5, 2024/07/19, 00:14:40.459, 2705658337886, vstest.console.dll, DotnetTestHostmanager.GetTestHostProcessStartInfo: Platform environment 'X64' target architecture 'X64' framework '.NETCoreApp,Version=v6.0' OS 'Windows'
TpTrace Verbose: 0 : 19580, 5, 2024/07/19, 00:14:40.460, 2705658342525, vstest.console.dll, DotnetTestHostmanager: Adding  --runtimeconfig "C:\Users\PC\source\repos\ExerciseSeleniumWaits\ExerciseSeleniumWaits\bin\Debug\net6.0\fine-code-coverage\build-output\SearchWithImplicitWait.runtimeconfig.json" in args
TpTrace Verbose: 0 : 19580, 5, 2024/07/19, 00:14:40.460, 2705658344936, vstest.console.dll, DotnetTestHostmanager: Adding  --depsfile "C:\Users\PC\source\repos\ExerciseSeleniumWaits\ExerciseSeleniumWaits\bin\Debug\net6.0\fine-code-coverage\build-output\SearchWithImplicitWait.deps.json" in args
TpTrace Verbose: 0 : 19580, 5, 2024/07/19, 00:14:40.460, 2705658347966, vstest.console.dll, DotnetTestHostmanager.IsWinOnArm: Current PROCESSOR_ARCHITECTURE from environment variable 'AMD64'
TpTrace Verbose: 0 : 19580, 5, 2024/07/19, 00:14:40.461, 2705658349077, vstest.console.dll, DotnetTestHostmanager.IsWinOnArm: Is Windows on ARM 'False'
TpTrace Verbose: 0 : 19580, 5, 2024/07/19, 00:14:40.461, 2705658350655, vstest.console.dll, DotnetTestHostManager: testhost.exe found at path: C:\Users\PC\source\repos\ExerciseSeleniumWaits\ExerciseSeleniumWaits\bin\Debug\net6.0\fine-code-coverage\build-output\testhost.exe
TpTrace Verbose: 0 : 19580, 5, 2024/07/19, 00:14:40.461, 2705658351537, vstest.console.dll, DotnetTestHostmanager: Full path of host exe is C:\Users\PC\source\repos\ExerciseSeleniumWaits\ExerciseSeleniumWaits\bin\Debug\net6.0\fine-code-coverage\build-output\testhost.exe
TpTrace Verbose: 0 : 19580, 5, 2024/07/19, 00:14:40.461, 2705658353526, vstest.console.dll, DotnetTestHostmanager.LaunchTestHostAsync: Found 'VSTEST_WINAPPHOST_DOTNET_ROOT' in env variables, value 'C:\Program Files\dotnet', forwarding to 'DOTNET_ROOT'
TpTrace Verbose: 0 : 19580, 5, 2024/07/19, 00:14:40.461, 2705658355781, vstest.console.dll, DotnetTestHostManager: Starting process 'C:\Users\PC\source\repos\ExerciseSeleniumWaits\ExerciseSeleniumWaits\bin\Debug\net6.0\fine-code-coverage\build-output\testhost.exe' with command line ' --runtimeconfig "C:\Users\PC\source\repos\ExerciseSeleniumWaits\ExerciseSeleniumWaits\bin\Debug\net6.0\fine-code-coverage\build-output\SearchWithImplicitWait.runtimeconfig.json" --depsfile "C:\Users\PC\source\repos\ExerciseSeleniumWaits\ExerciseSeleniumWaits\bin\Debug\net6.0\fine-code-coverage\build-output\SearchWithImplicitWait.deps.json" --port 54561 --endpoint 127.0.0.1:054561 --role client --parentprocessid 19580 --diag "C:\Users\PC\source\repos\ExerciseSeleniumWaits\ExerciseSeleniumWaits\bin\Debug\net6.0\fine-code-coverage\coverage-tool-output\diagnostics.host.24-07-19_00-14-40_45938_5.log" --tracelevel 4 --datacollectionport 54560 --telemetryoptedin false'
TpTrace Verbose: 0 : 19580, 5, 2024/07/19, 00:14:40.472, 2705658460457, vstest.console.dll, MulticastDelegateUtilities.SafeInvoke: HostProviderEvents.OnHostLaunched: Invoking callback 1/2 for Microsoft.VisualStudio.TestPlatform.CrossPlatEngine.Client.ProxyExecutionManagerWithDataCollection., took 2 ms.
TpTrace Verbose: 0 : 19580, 5, 2024/07/19, 00:14:40.472, 2705658467111, vstest.console.dll, Test Runtime launched
TpTrace Verbose: 0 : 19580, 5, 2024/07/19, 00:14:40.473, 2705658469310, vstest.console.dll, MulticastDelegateUtilities.SafeInvoke: HostProviderEvents.OnHostLaunched: Invoking callback 2/2 for Microsoft.VisualStudio.TestPlatform.CrossPlatEngine.Client.ProxyOperationManager., took 0 ms.
TpTrace Verbose: 0 : 19580, 5, 2024/07/19, 00:14:40.473, 2705658472501, vstest.console.dll, TestRequestSender.WaitForRequestHandlerConnection: waiting for connection with timeout: 90000.
TpTrace Verbose: 0 : 19580, 5, 2024/07/19, 00:14:40.737, 2705661116446, vstest.console.dll, TestRequestSender.WaitForRequestHandlerConnection: waiting took 264 ms, with timeout 90000 ms, and result 0, which is success.
TpTrace Verbose: 0 : 19580, 11, 2024/07/19, 00:14:40.737, 2705661116429, vstest.console.dll, MulticastDelegateUtilities.SafeInvoke: SocketServer: ClientConnected: Invoking callback 1/1 for Microsoft.VisualStudio.TestPlatform.CommunicationUtilities.TestRequestSender., took 0 ms.
TpTrace Verbose: 0 : 19580, 11, 2024/07/19, 00:14:40.738, 2705661120303, vstest.console.dll, SocketServer.OnClientConnected: Client connected for endPoint: 127.0.0.1:54561, starting MessageLoopAsync:
TpTrace Verbose: 0 : 19580, 11, 2024/07/19, 00:14:40.739, 2705661131607, vstest.console.dll, TcpClientExtensions.MessageLoopAsync: Polling on remoteEndPoint: 127.0.0.1:54562 localEndPoint: 127.0.0.1:54561 after 0 ms
TpTrace Verbose: 0 : 19580, 5, 2024/07/19, 00:14:40.740, 2705661140786, vstest.console.dll, TestRequestSender.CheckVersionWithTestHost: Sending check version message: {"MessageType":"ProtocolVersion","Payload":7}
TpTrace Verbose: 0 : 19580, 11, 2024/07/19, 00:14:40.957, 2705663314698, vstest.console.dll, TcpClientExtensions.MessageLoopAsync: NotifyDataAvailable remoteEndPoint: 127.0.0.1:54562 localEndPoint: 127.0.0.1:54561
TpTrace Verbose: 0 : 19580, 11, 2024/07/19, 00:14:40.958, 2705663319091, vstest.console.dll, TestRequestSender.CheckVersionWithTestHost: onMessageReceived received message: (ProtocolVersion) -> {"MessageType":"ProtocolVersion","Payload":5}
TpTrace Verbose: 0 : 19580, 11, 2024/07/19, 00:14:40.959, 2705663329848, vstest.console.dll, MulticastDelegateUtilities.SafeInvoke: LengthPrefixCommunicationChannel: MessageReceived: Invoking callback 1/1 for Microsoft.VisualStudio.TestPlatform.CommunicationUtilities.TestRequestSender+<>c__DisplayClass29_0., took 1 ms.
TpTrace Verbose: 0 : 19580, 5, 2024/07/19, 00:14:40.959, 2705663331730, vstest.console.dll, TestPluginCache.GetExtensionPaths: Filtered extension paths: 
TpTrace Verbose: 0 : 19580, 11, 2024/07/19, 00:14:40.959, 2705663332970, vstest.console.dll, TcpClientExtensions.MessageLoopAsync: Polling on remoteEndPoint: 127.0.0.1:54562 localEndPoint: 127.0.0.1:54561 after 219 ms
TpTrace Verbose: 0 : 19580, 5, 2024/07/19, 00:14:40.959, 2705663333764, vstest.console.dll, TestPluginCache.GetExtensionPaths: Added default extension paths: C:\Program Files\dotnet\sdk\8.0.300\Extensions\Microsoft.Diagnostics.NETCore.Client.dll
C:\Program Files\dotnet\sdk\8.0.300\Extensions\Microsoft.TestPlatform.Extensions.BlameDataCollector.dll
C:\Program Files\dotnet\sdk\8.0.300\Extensions\Microsoft.TestPlatform.Extensions.EventLogCollector.dll
C:\Program Files\dotnet\sdk\8.0.300\Extensions\Microsoft.TestPlatform.TestHostRuntimeProvider.dll
C:\Program Files\dotnet\sdk\8.0.300\Extensions\Microsoft.VisualStudio.TestPlatform.Extensions.Html.TestLogger.dll
C:\Program Files\dotnet\sdk\8.0.300\Extensions\Microsoft.VisualStudio.TestPlatform.Extensions.Trx.TestLogger.dll
TpTrace Verbose: 0 : 19580, 5, 2024/07/19, 00:14:40.959, 2705663336582, vstest.console.dll, TestPluginCache.GetExtensionPaths: Added unfilterableExtensionPaths: 
TpTrace Verbose: 0 : 19580, 5, 2024/07/19, 00:14:40.965, 2705663395726, vstest.console.dll, TestRequestSender.InitializeExecution: Sending initialize execution with message: {"Version":5,"MessageType":"TestExecution.Initialize","Payload":["C:\\Users\\PC\\source\\repos\\ExerciseSeleniumWaits\\ExerciseSeleniumWaits\\bin\\Debug\\net6.0\\fine-code-coverage\\build-output\\NUnit3.TestAdapter.dll"]}
TpTrace Verbose: 0 : 19580, 5, 2024/07/19, 00:14:40.966, 2705663399390, vstest.console.dll, ParallelProxyExecutionManager.StartTestRunOnConcurrentManager: Execution starting. Started clients: 1
TpTrace Verbose: 0 : 19580, 5, 2024/07/19, 00:14:40.966, 2705663404294, vstest.console.dll, TestRunRequest:SendTestRunMessage: Starting.
TpTrace Verbose: 0 : 19580, 5, 2024/07/19, 00:14:40.966, 2705663407543, vstest.console.dll, MulticastDelegateUtilities.SafeInvoke: TestRun.LogMessages: Invoking callback 1/1 for Microsoft.VisualStudio.TestPlatform.CommandLine.TestRunResultAggregator., took 0 ms.
TpTrace Information: 0 : 19580, 5, 2024/07/19, 00:14:40.967, 2705663408996, vstest.console.dll, TestRunRequest:SendTestRunMessage: Completed.
TpTrace Verbose: 0 : 19580, 4, 2024/07/19, 00:14:40.967, 2705663411640, vstest.console.dll, MulticastDelegateUtilities.SafeInvoke: InternalTestLoggerEvents.SendTestRunMessage: Invoking callback 1/1 for Microsoft.VisualStudio.TestPlatform.CommandLine.Internal.ConsoleLogger., took 0 ms.
TpTrace Warning: 0 : 19580, 5, 2024/07/19, 00:14:40.967, 2705663415969, vstest.console.dll, InferRunSettingsHelper.MakeRunsettingsCompatible: Removing the following settings: TargetPlatform from RunSettings file. To use those settings please move to latest version of Microsoft.NET.Test.Sdk
TpTrace Verbose: 0 : 19580, 11, 2024/07/19, 00:14:40.979, 2705663534264, vstest.console.dll, TcpClientExtensions.MessageLoopAsync: NotifyDataAvailable remoteEndPoint: 127.0.0.1:54562 localEndPoint: 127.0.0.1:54561
TpTrace Verbose: 0 : 19580, 11, 2024/07/19, 00:14:40.980, 2705663541509, vstest.console.dll, TestRequestSender.OnExecutionMessageReceived: Received message: {"Version":5,"MessageType":"TestSession.Message","Payload":{"MessageLevel":0,"Message":"Logging TestHost Diagnostics in file: C:\\Users\\PC\\source\\repos\\ExerciseSeleniumWaits\\ExerciseSeleniumWaits\\bin\\Debug\\net6.0\\fine-code-coverage\\coverage-tool-output\\diagnostics.host.24-07-19_00-14-40_45938_5.log"}}
TpTrace Verbose: 0 : 19580, 5, 2024/07/19, 00:14:40.982, 2705663559657, vstest.console.dll, TestRequestSender.StartTestRun: Sending test run with message: {"Version":5,"MessageType":"TestExecution.StartWithSources","Payload":{"AdapterSourceMap":{"_none_":["C:\\Users\\PC\\source\\repos\\ExerciseSeleniumWaits\\ExerciseSeleniumWaits\\bin\\Debug\\net6.0\\fine-code-coverage\\build-output\\SearchWithImplicitWait.dll"]},"RunSettings":"<RunSettings>\r\n  <RunConfiguration>\r\n    <ResultsDirectory>C:\\Users\\PC\\source\\repos\\ExerciseSeleniumWaits\\ExerciseSeleniumWaits\\bin\\Debug\\net6.0\\fine-code-coverage\\coverage-tool-output</ResultsDirectory>\r\n    <TargetFrameworkVersion>.NETCoreApp,Version=v6.0</TargetFrameworkVersion>\r\n    <DesignMode>False</DesignMode>\r\n    <CollectSourceInformation>False</CollectSourceInformation>\r\n  </RunConfiguration>\r\n  <LoggerRunSettings>\r\n    <Loggers>\r\n      <Logger friendlyName=\"blame\" enabled=\"True\" />\r\n      <Logger friendlyName=\"Console\" uri=\"logger://microsoft/TestPlatform/ConsoleLogger/v1\" assemblyQualifiedName=\"Microsoft.VisualStudio.TestPlatform.CommandLine.Internal.ConsoleLogger, vstest.console, Version=15.0.0.0, Culture=neutral, PublicKeyToken=b03f5f7f11d50a3a\" codeBase=\"C:\\Program Files\\dotnet\\sdk\\8.0.300\\vstest.console.dll\" enabled=\"True\" />\r\n    </Loggers>\r\n  </LoggerRunSettings>\r\n  <DataCollectionRunSettings>\r\n    <DataCollectors>\r\n      <DataCollector friendlyName=\"blame\" enabled=\"True\">\r\n        <Configuration>\r\n          <ResultsDirectory>C:\\Users\\PC\\source\\repos\\ExerciseSeleniumWaits\\ExerciseSeleniumWaits\\bin\\Debug\\net6.0\\fine-code-coverage\\coverage-tool-output</ResultsDirectory>\r\n        </Configuration>\r\n      </DataCollector>\r\n    </DataCollectors>\r\n  </DataCollectionRunSettings>\r\n</RunSettings>","TestExecutionContext":{"FrequencyOfRunStatsChangeEvent":10,"RunStatsChangeEventTimeout":"00:00:01.5000000","InIsolation":false,"KeepAlive":false,"AreTestCaseLevelEventsRequired":false,"IsDebug":false,"TestCaseFilter":null,"FilterOptions":null},"Package":null}}
TpTrace Verbose: 0 : 19580, 5, 2024/07/19, 00:14:40.982, 2705663564107, vstest.console.dll, ParallelProxyExecutionManager.StartTestRunOnConcurrentManager: Execution started. Started clients: 1
TpTrace Verbose: 0 : 19580, 11, 2024/07/19, 00:14:40.986, 2705663601335, vstest.console.dll, TestRunRequest:SendTestRunMessage: Starting.
TpTrace Verbose: 0 : 19580, 11, 2024/07/19, 00:14:40.986, 2705663604511, vstest.console.dll, MulticastDelegateUtilities.SafeInvoke: TestRun.LogMessages: Invoking callback 1/1 for Microsoft.VisualStudio.TestPlatform.CommandLine.TestRunResultAggregator., took 0 ms.
TpTrace Verbose: 0 : 19580, 4, 2024/07/19, 00:14:40.986, 2705663604511, vstest.console.dll, MulticastDelegateUtilities.SafeInvoke: InternalTestLoggerEvents.SendTestRunMessage: Invoking callback 1/1 for Microsoft.VisualStudio.TestPlatform.CommandLine.Internal.ConsoleLogger., took 0 ms.
TpTrace Information: 0 : 19580, 11, 2024/07/19, 00:14:40.986, 2705663606253, vstest.console.dll, TestRunRequest:SendTestRunMessage: Completed.
TpTrace Verbose: 0 : 19580, 11, 2024/07/19, 00:14:40.987, 2705663609338, vstest.console.dll, MulticastDelegateUtilities.SafeInvoke: LengthPrefixCommunicationChannel: MessageReceived: Invoking callback 1/1 for Microsoft.VisualStudio.TestPlatform.CommunicationUtilities.TestRequestSender+<>c__DisplayClass34_0., took 7 ms.
TpTrace Verbose: 0 : 19580, 11, 2024/07/19, 00:14:40.987, 2705663610283, vstest.console.dll, TcpClientExtensions.MessageLoopAsync: Polling on remoteEndPoint: 127.0.0.1:54562 localEndPoint: 127.0.0.1:54561 after 27 ms
TpTrace Verbose: 0 : 19580, 11, 2024/07/19, 00:14:41.299, 2705666733532, vstest.console.dll, TcpClientExtensions.MessageLoopAsync: NotifyDataAvailable remoteEndPoint: 127.0.0.1:54562 localEndPoint: 127.0.0.1:54561
TpTrace Verbose: 0 : 19580, 11, 2024/07/19, 00:14:41.299, 2705666737456, vstest.console.dll, TestRequestSender.OnExecutionMessageReceived: Received message: {"Version":5,"MessageType":"TestSession.Message","Payload":{"MessageLevel":0,"Message":"NUnit Adapter 4.2.0.0: Test execution started"}}
TpTrace Verbose: 0 : 19580, 11, 2024/07/19, 00:14:41.300, 2705666743352, vstest.console.dll, TestRunRequest:SendTestRunMessage: Starting.
TpTrace Verbose: 0 : 19580, 11, 2024/07/19, 00:14:41.300, 2705666745625, vstest.console.dll, MulticastDelegateUtilities.SafeInvoke: TestRun.LogMessages: Invoking callback 1/1 for Microsoft.VisualStudio.TestPlatform.CommandLine.TestRunResultAggregator., took 0 ms.
TpTrace Verbose: 0 : 19580, 4, 2024/07/19, 00:14:41.300, 2705666746075, vstest.console.dll, MulticastDelegateUtilities.SafeInvoke: InternalTestLoggerEvents.SendTestRunMessage: Invoking callback 1/1 for Microsoft.VisualStudio.TestPlatform.CommandLine.Internal.ConsoleLogger., took 0 ms.
TpTrace Information: 0 : 19580, 11, 2024/07/19, 00:14:41.300, 2705666747191, vstest.console.dll, TestRunRequest:SendTestRunMessage: Completed.
TpTrace Verbose: 0 : 19580, 11, 2024/07/19, 00:14:41.301, 2705666749781, vstest.console.dll, MulticastDelegateUtilities.SafeInvoke: LengthPrefixCommunicationChannel: MessageReceived: Invoking callback 1/1 for Microsoft.VisualStudio.TestPlatform.CommunicationUtilities.TestRequestSender+<>c__DisplayClass34_0., took 1 ms.
TpTrace Verbose: 0 : 19580, 11, 2024/07/19, 00:14:41.301, 2705666751319, vstest.console.dll, TcpClientExtensions.MessageLoopAsync: Polling on remoteEndPoint: 127.0.0.1:54562 localEndPoint: 127.0.0.1:54561 after 314 ms
TpTrace Verbose: 0 : 19580, 11, 2024/07/19, 00:14:41.347, 2705667216758, vstest.console.dll, TcpClientExtensions.MessageLoopAsync: NotifyDataAvailable remoteEndPoint: 127.0.0.1:54562 localEndPoint: 127.0.0.1:54561
TpTrace Verbose: 0 : 19580, 11, 2024/07/19, 00:14:41.348, 2705667219279, vstest.console.dll, TestRequestSender.OnExecutionMessageReceived: Received message: {"Version":5,"MessageType":"TestSession.Message","Payload":{"MessageLevel":0,"Message":"Running all tests in C:\\Users\\PC\\source\\repos\\ExerciseSeleniumWaits\\ExerciseSeleniumWaits\\bin\\Debug\\net6.0\\fine-code-coverage\\build-output\\SearchWithImplicitWait.dll"}}
TpTrace Verbose: 0 : 19580, 11, 2024/07/19, 00:14:41.348, 2705667221633, vstest.console.dll, TestRunRequest:SendTestRunMessage: Starting.
TpTrace Verbose: 0 : 19580, 11, 2024/07/19, 00:14:41.348, 2705667223295, vstest.console.dll, MulticastDelegateUtilities.SafeInvoke: TestRun.LogMessages: Invoking callback 1/1 for Microsoft.VisualStudio.TestPlatform.CommandLine.TestRunResultAggregator., took 0 ms.
TpTrace Verbose: 0 : 19580, 4, 2024/07/19, 00:14:41.348, 2705667223652, vstest.console.dll, MulticastDelegateUtilities.SafeInvoke: InternalTestLoggerEvents.SendTestRunMessage: Invoking callback 1/1 for Microsoft.VisualStudio.TestPlatform.CommandLine.Internal.ConsoleLogger., took 0 ms.
TpTrace Information: 0 : 19580, 11, 2024/07/19, 00:14:41.348, 2705667224869, vstest.console.dll, TestRunRequest:SendTestRunMessage: Completed.
TpTrace Verbose: 0 : 19580, 11, 2024/07/19, 00:14:41.348, 2705667227089, vstest.console.dll, MulticastDelegateUtilities.SafeInvoke: LengthPrefixCommunicationChannel: MessageReceived: Invoking callback 1/1 for Microsoft.VisualStudio.TestPlatform.CommunicationUtilities.TestRequestSender+<>c__DisplayClass34_0., took 0 ms.
TpTrace Verbose: 0 : 19580, 11, 2024/07/19, 00:14:41.348, 2705667227866, vstest.console.dll, TcpClientExtensions.MessageLoopAsync: Polling on remoteEndPoint: 127.0.0.1:54562 localEndPoint: 127.0.0.1:54561 after 47 ms
TpTrace Verbose: 0 : 19580, 11, 2024/07/19, 00:14:41.599, 2705669737927, vstest.console.dll, TcpClientExtensions.MessageLoopAsync: NotifyDataAvailable remoteEndPoint: 127.0.0.1:54562 localEndPoint: 127.0.0.1:54561
TpTrace Verbose: 0 : 19580, 11, 2024/07/19, 00:14:41.600, 2705669741799, vstest.console.dll, TestRequestSender.OnExecutionMessageReceived: Received message: {"Version":5,"MessageType":"TestSession.Message","Payload":{"MessageLevel":0,"Message":"   NUnit3TestExecutor discovered 2 of 2 NUnit test cases using Current Discovery mode, Non-Explicit run"}}
TpTrace Verbose: 0 : 19580, 11, 2024/07/19, 00:14:41.600, 2705669744637, vstest.console.dll, TestRunRequest:SendTestRunMessage: Starting.
TpTrace Verbose: 0 : 19580, 11, 2024/07/19, 00:14:41.600, 2705669746944, vstest.console.dll, MulticastDelegateUtilities.SafeInvoke: TestRun.LogMessages: Invoking callback 1/1 for Microsoft.VisualStudio.TestPlatform.CommandLine.TestRunResultAggregator., took 0 ms.
TpTrace Verbose: 0 : 19580, 4, 2024/07/19, 00:14:41.600, 2705669747090, vstest.console.dll, MulticastDelegateUtilities.SafeInvoke: InternalTestLoggerEvents.SendTestRunMessage: Invoking callback 1/1 for Microsoft.VisualStudio.TestPlatform.CommandLine.Internal.ConsoleLogger., took 0 ms.
TpTrace Information: 0 : 19580, 11, 2024/07/19, 00:14:41.601, 2705669748232, vstest.console.dll, TestRunRequest:SendTestRunMessage: Completed.
TpTrace Verbose: 0 : 19580, 11, 2024/07/19, 00:14:41.601, 2705669750525, vstest.console.dll, MulticastDelegateUtilities.SafeInvoke: LengthPrefixCommunicationChannel: MessageReceived: Invoking callback 1/1 for Microsoft.VisualStudio.TestPlatform.CommunicationUtilities.TestRequestSender+<>c__DisplayClass34_0., took 0 ms.
TpTrace Verbose: 0 : 19580, 11, 2024/07/19, 00:14:41.601, 2705669751355, vstest.console.dll, TcpClientExtensions.MessageLoopAsync: Polling on remoteEndPoint: 127.0.0.1:54562 localEndPoint: 127.0.0.1:54561 after 252 ms
TpTrace Verbose: 0 : 19580, 11, 2024/07/19, 00:14:42.603, 2705679777959, vstest.console.dll, TcpClientExtensions.MessageLoopAsync: Polling on remoteEndPoint: 127.0.0.1:54562 localEndPoint: 127.0.0.1:54561 after 1002 ms
TpTrace Verbose: 0 : 19580, 11, 2024/07/19, 00:14:42.701, 2705680757280, vstest.console.dll, TcpClientExtensions.MessageLoopAsync: NotifyDataAvailable remoteEndPoint: 127.0.0.1:54562 localEndPoint: 127.0.0.1:54561
TpTrace Verbose: 0 : 19580, 11, 2024/07/19, 00:14:42.702, 2705680760437, vstest.console.dll, TestRequestSender.OnExecutionMessageReceived: Received message: {"Version":5,"MessageType":"TestExecution.StatsChange","Payload":{"NewTestResults":[],"TestRunStatistics":{"ExecutedTests":0,"Stats":{}},"ActiveTests":[{"Id":"78f1e971-705d-263d-4ae9-5191f0da7a01","FullyQualifiedName":"SearchWhithImplicitWait.TestsSearchWhithImplicitWait.SearchProduct_Keyboard_ShouldAddToCart","DisplayName":"SearchProduct_Keyboard_ShouldAddToCart","ExecutorUri":"executor://NUnit3TestExecutor","Source":"C:\\Users\\PC\\source\\repos\\ExerciseSeleniumWaits\\ExerciseSeleniumWaits\\bin\\Debug\\net6.0\\fine-code-coverage\\build-output\\SearchWithImplicitWait.dll","CodeFilePath":null,"LineNumber":0,"Properties":[{"Key":{"Id":"NUnit.Seed","Label":"Seed","Category":"","Description":"","Attributes":0,"ValueType":"System.String"},"Value":"681656230"}]}]}}
TpTrace Verbose: 0 : 19580, 11, 2024/07/19, 00:14:42.741, 2705681154403, vstest.console.dll, TestRunRequest:SendTestRunStatsChange: Starting.
TpTrace Verbose: 0 : 19580, 11, 2024/07/19, 00:14:42.741, 2705681156695, vstest.console.dll, InProgress is SearchProduct_Keyboard_ShouldAddToCart
TpTrace Verbose: 0 : 19580, 11, 2024/07/19, 00:14:42.742, 2705681158274, vstest.console.dll, MulticastDelegateUtilities.SafeInvoke: TestRun.RunStatsChanged: Invoking callbacks was skipped because there are no subscribers.
TpTrace Information: 0 : 19580, 11, 2024/07/19, 00:14:42.742, 2705681158879, vstest.console.dll, TestRunRequest:SendTestRunStatsChange: Completed.
TpTrace Verbose: 0 : 19580, 11, 2024/07/19, 00:14:42.742, 2705681159657, vstest.console.dll, MulticastDelegateUtilities.SafeInvoke: LengthPrefixCommunicationChannel: MessageReceived: Invoking callback 1/1 for Microsoft.VisualStudio.TestPlatform.CommunicationUtilities.TestRequestSender+<>c__DisplayClass34_0., took 39 ms.
TpTrace Verbose: 0 : 19580, 11, 2024/07/19, 00:14:42.742, 2705681160280, vstest.console.dll, TcpClientExtensions.MessageLoopAsync: Polling on remoteEndPoint: 127.0.0.1:54562 localEndPoint: 127.0.0.1:54561 after 138 ms
TpTrace Verbose: 0 : 19580, 11, 2024/07/19, 00:14:43.751, 2705691248433, vstest.console.dll, TcpClientExtensions.MessageLoopAsync: Polling on remoteEndPoint: 127.0.0.1:54562 localEndPoint: 127.0.0.1:54561 after 1008 ms
TpTrace Verbose: 0 : 19580, 11, 2024/07/19, 00:14:44.758, 2705701318629, vstest.console.dll, TcpClientExtensions.MessageLoopAsync: Polling on remoteEndPoint: 127.0.0.1:54562 localEndPoint: 127.0.0.1:54561 after 1006 ms
TpTrace Verbose: 0 : 19580, 11, 2024/07/19, 00:14:45.767, 2705711415570, vstest.console.dll, TcpClientExtensions.MessageLoopAsync: Polling on remoteEndPoint: 127.0.0.1:54562 localEndPoint: 127.0.0.1:54561 after 1009 ms
TpTrace Verbose: 0 : 19580, 11, 2024/07/19, 00:14:46.782, 2705721568068, vstest.console.dll, TcpClientExtensions.MessageLoopAsync: Polling on remoteEndPoint: 127.0.0.1:54562 localEndPoint: 127.0.0.1:54561 after 1014 ms
TpTrace Verbose: 0 : 19580, 11, 2024/07/19, 00:14:47.795, 2705731689910, vstest.console.dll, TcpClientExtensions.MessageLoopAsync: Polling on remoteEndPoint: 127.0.0.1:54562 localEndPoint: 127.0.0.1:54561 after 1012 ms
TpTrace Verbose: 0 : 19580, 11, 2024/07/19, 00:14:48.505, 2705738791112, vstest.console.dll, TcpClientExtensions.MessageLoopAsync: NotifyDataAvailable remoteEndPoint: 127.0.0.1:54562 localEndPoint: 127.0.0.1:54561
TpTrace Verbose: 0 : 19580, 11, 2024/07/19, 00:14:48.505, 2705738793438, vstest.console.dll, TestRequestSender.OnExecutionMessageReceived: Received message: {"Version":5,"MessageType":"TestSession.Message","Payload":{"MessageLevel":1,"Message":"Scenario completed\r\n"}}
TpTrace Verbose: 0 : 19580, 11, 2024/07/19, 00:14:48.505, 2705738795956, vstest.console.dll, TestRunRequest:SendTestRunMessage: Starting.
TpTrace Verbose: 0 : 19580, 11, 2024/07/19, 00:14:48.505, 2705738797365, vstest.console.dll, MulticastDelegateUtilities.SafeInvoke: TestRun.LogMessages: Invoking callback 1/1 for Microsoft.VisualStudio.TestPlatform.CommandLine.TestRunResultAggregator., took 0 ms.
TpTrace Information: 0 : 19580, 11, 2024/07/19, 00:14:48.506, 2705738798206, vstest.console.dll, TestRunRequest:SendTestRunMessage: Completed.
TpTrace Verbose: 0 : 19580, 11, 2024/07/19, 00:14:48.506, 2705738799072, vstest.console.dll, MulticastDelegateUtilities.SafeInvoke: LengthPrefixCommunicationChannel: MessageReceived: Invoking callback 1/1 for Microsoft.VisualStudio.TestPlatform.CommunicationUtilities.TestRequestSender+<>c__DisplayClass34_0., took 0 ms.
TpTrace Verbose: 0 : 19580, 11, 2024/07/19, 00:14:48.506, 2705738800197, vstest.console.dll, TcpClientExtensions.MessageLoopAsync: Polling on remoteEndPoint: 127.0.0.1:54562 localEndPoint: 127.0.0.1:54561 after 710 ms
TpTrace Verbose: 0 : 19580, 4, 2024/07/19, 00:14:48.506, 2705738804555, vstest.console.dll, MulticastDelegateUtilities.SafeInvoke: InternalTestLoggerEvents.SendTestRunMessage: Invoking callback 1/1 for Microsoft.VisualStudio.TestPlatform.CommandLine.Internal.ConsoleLogger., took 0 ms.
TpTrace Verbose: 0 : 19580, 11, 2024/07/19, 00:14:48.577, 2705739510014, vstest.console.dll, TcpClientExtensions.MessageLoopAsync: NotifyDataAvailable remoteEndPoint: 127.0.0.1:54562 localEndPoint: 127.0.0.1:54561
TpTrace Verbose: 0 : 19580, 11, 2024/07/19, 00:14:48.577, 2705739513670, vstest.console.dll, TestRequestSender.OnExecutionMessageReceived: Received message: {"Version":5,"MessageType":"TestExecution.StatsChange","Payload":{"NewTestResults":[{"TestCase":{"Id":"78f1e971-705d-263d-4ae9-5191f0da7a01","FullyQualifiedName":"SearchWhithImplicitWait.TestsSearchWhithImplicitWait.SearchProduct_Keyboard_ShouldAddToCart","DisplayName":"SearchProduct_Keyboard_ShouldAddToCart","ExecutorUri":"executor://NUnit3TestExecutor","Source":"C:\\Users\\PC\\source\\repos\\ExerciseSeleniumWaits\\ExerciseSeleniumWaits\\bin\\Debug\\net6.0\\fine-code-coverage\\build-output\\SearchWithImplicitWait.dll","CodeFilePath":null,"LineNumber":0,"Properties":[{"Key":{"Id":"NUnit.Seed","Label":"Seed","Category":"","Description":"","Attributes":0,"ValueType":"System.String"},"Value":"681656230"}]},"Attachments":[],"Outcome":1,"ErrorMessage":null,"ErrorStackTrace":null,"DisplayName":"SearchProduct_Keyboard_ShouldAddToCart","Messages":[{"Category":"StdOutMsgs","Text":"Scenario completed\r\n"}],"ComputerName":"DESKTOP-78QNQ9Q","Duration":"00:00:06.8291980","StartTime":"2024-07-18T21:14:41.6509241+00:00","EndTime":"2024-07-18T21:14:48.4799404+00:00","Properties":[{"Key":{"Id":"NUnit.Seed","Label":"Seed","Category":"","Description":"","Attributes":0,"ValueType":"System.String"},"Value":"681656230"}]}],"TestRunStatistics":{"ExecutedTests":1,"Stats":{"Passed":1}},"ActiveTests":[{"Id":"a88e9d56-4375-e1b7-162e-6e9386b2ed52","FullyQualifiedName":"SearchWhithImplicitWait.TestsSearchWhithImplicitWait.SearchProduct_Junc_ShouldThrowNoSuchElementExeption","DisplayName":"SearchProduct_Junc_ShouldThrowNoSuchElementExeption","ExecutorUri":"executor://NUnit3TestExecutor","Source":"C:\\Users\\PC\\source\\repos\\ExerciseSeleniumWaits\\ExerciseSeleniumWaits\\bin\\Debug\\net6.0\\fine-code-coverage\\build-output\\SearchWithImplicitWait.dll","CodeFilePath":null,"LineNumber":0,"Properties":[{"Key":{"Id":"NUnit.Seed","Label":"Seed","Category":"","Description":"","Attributes":0,"ValueType":"System.String"},"Value":"1674514429"}]}]}}
TpTrace Verbose: 0 : 19580, 11, 2024/07/19, 00:14:48.595, 2705739692159, vstest.console.dll, TestRunRequest:SendTestRunStatsChange: Starting.
TpTrace Verbose: 0 : 19580, 11, 2024/07/19, 00:14:48.595, 2705739694153, vstest.console.dll, InProgress is SearchProduct_Junc_ShouldThrowNoSuchElementExeption
TpTrace Verbose: 0 : 19580, 11, 2024/07/19, 00:14:48.596, 2705739699775, vstest.console.dll, MulticastDelegateUtilities.SafeInvoke: TestRun.RunStatsChanged: Invoking callbacks was skipped because there are no subscribers.
TpTrace Information: 0 : 19580, 11, 2024/07/19, 00:14:48.596, 2705739700956, vstest.console.dll, TestRunRequest:SendTestRunStatsChange: Completed.
TpTrace Verbose: 0 : 19580, 11, 2024/07/19, 00:14:48.596, 2705739701973, vstest.console.dll, MulticastDelegateUtilities.SafeInvoke: LengthPrefixCommunicationChannel: MessageReceived: Invoking callback 1/1 for Microsoft.VisualStudio.TestPlatform.CommunicationUtilities.TestRequestSender+<>c__DisplayClass34_0., took 18 ms.
TpTrace Verbose: 0 : 19580, 11, 2024/07/19, 00:14:48.596, 2705739702849, vstest.console.dll, TcpClientExtensions.MessageLoopAsync: Polling on remoteEndPoint: 127.0.0.1:54562 localEndPoint: 127.0.0.1:54561 after 90 ms
TpTrace Verbose: 0 : 19580, 4, 2024/07/19, 00:14:48.601, 2705739748692, vstest.console.dll, MulticastDelegateUtilities.SafeInvoke: InternalTestLoggerEvents.SendTestResult: Invoking callback 1/1 for Microsoft.VisualStudio.TestPlatform.CommandLine.Internal.ConsoleLogger., took 4 ms.
TpTrace Verbose: 0 : 19580, 11, 2024/07/19, 00:14:49.606, 2705749804256, vstest.console.dll, TcpClientExtensions.MessageLoopAsync: Polling on remoteEndPoint: 127.0.0.1:54562 localEndPoint: 127.0.0.1:54561 after 1010 ms
TpTrace Verbose: 0 : 19580, 11, 2024/07/19, 00:14:50.613, 2705759874186, vstest.console.dll, TcpClientExtensions.MessageLoopAsync: Polling on remoteEndPoint: 127.0.0.1:54562 localEndPoint: 127.0.0.1:54561 after 1006 ms
TpTrace Verbose: 0 : 19580, 11, 2024/07/19, 00:14:51.626, 2705770006721, vstest.console.dll, TcpClientExtensions.MessageLoopAsync: Polling on remoteEndPoint: 127.0.0.1:54562 localEndPoint: 127.0.0.1:54561 after 1013 ms
TpTrace Verbose: 0 : 19580, 11, 2024/07/19, 00:14:52.632, 2705780060148, vstest.console.dll, TcpClientExtensions.MessageLoopAsync: Polling on remoteEndPoint: 127.0.0.1:54562 localEndPoint: 127.0.0.1:54561 after 1005 ms
TpTrace Verbose: 0 : 19580, 11, 2024/07/19, 00:14:53.647, 2705790209420, vstest.console.dll, TcpClientExtensions.MessageLoopAsync: Polling on remoteEndPoint: 127.0.0.1:54562 localEndPoint: 127.0.0.1:54561 after 1014 ms
TpTrace Verbose: 0 : 19580, 11, 2024/07/19, 00:14:54.656, 2705800307925, vstest.console.dll, TcpClientExtensions.MessageLoopAsync: Polling on remoteEndPoint: 127.0.0.1:54562 localEndPoint: 127.0.0.1:54561 after 1009 ms
TpTrace Verbose: 0 : 19580, 11, 2024/07/19, 00:14:55.667, 2705810415208, vstest.console.dll, TcpClientExtensions.MessageLoopAsync: Polling on remoteEndPoint: 127.0.0.1:54562 localEndPoint: 127.0.0.1:54561 after 1010 ms
TpTrace Verbose: 0 : 19580, 11, 2024/07/19, 00:14:56.672, 2705820463064, vstest.console.dll, TcpClientExtensions.MessageLoopAsync: Polling on remoteEndPoint: 127.0.0.1:54562 localEndPoint: 127.0.0.1:54561 after 1004 ms
TpTrace Verbose: 0 : 19580, 11, 2024/07/19, 00:14:57.678, 2705830526447, vstest.console.dll, TcpClientExtensions.MessageLoopAsync: Polling on remoteEndPoint: 127.0.0.1:54562 localEndPoint: 127.0.0.1:54561 after 1006 ms
TpTrace Verbose: 0 : 19580, 11, 2024/07/19, 00:14:58.693, 2705840672305, vstest.console.dll, TcpClientExtensions.MessageLoopAsync: Polling on remoteEndPoint: 127.0.0.1:54562 localEndPoint: 127.0.0.1:54561 after 1014 ms
TpTrace Verbose: 0 : 19580, 11, 2024/07/19, 00:14:59.707, 2705850813328, vstest.console.dll, TcpClientExtensions.MessageLoopAsync: Polling on remoteEndPoint: 127.0.0.1:54562 localEndPoint: 127.0.0.1:54561 after 1013 ms
TpTrace Verbose: 0 : 19580, 11, 2024/07/19, 00:15:00.714, 2705860885278, vstest.console.dll, TcpClientExtensions.MessageLoopAsync: Polling on remoteEndPoint: 127.0.0.1:54562 localEndPoint: 127.0.0.1:54561 after 1006 ms
